2026-04-14T17:35:44.009249643-04:00 INF recording and preview managers already bound to serve runtime context event=runtime.context.bind
2026-04-14T17:35:44.009331466-04:00 INF telemetry manager starting event=runtime.telemetry.start
2026-04-14T17:35:44.009398011-04:00 INF telemetry manager run loop starting event=telemetry.run.start
2026-04-14T17:35:44.009332711-04:00 INF web server starting addr=:7830 event=runtime.http.start initial_dsl_path= preview_limit=4 shutdown_timeout=5000 static_dir=
2026-04-14T17:35:44.009421791-04:00 INF audio telemetry loop starting event=telemetry.audio.start interval=500
2026-04-14T17:35:44.009413918-04:00 INF disk telemetry loop starting event=telemetry.disk.start interval=2000
2026-04-14T17:35:44.997622461-04:00 INF http request duration=0.141971 method=GET path=/api/healthz
2026-04-14T17:35:45.070139361-04:00 INF preview ensure requested dsl_bytes=748 event=preview.ensure.requested source_id=desktop-1
2026-04-14T17:35:45.070518086-04:00 INF created preview worker event=preview.ensure.created preview_id=preview-909758a3cc65 source_id=desktop-1 source_name="Full Desktop" source_type=display
2026-04-14T17:35:45.081954705-04:00 INF created shared gstreamer video source event=capture.gst.shared.acquire.created signature=type=display|display=:0|device=|window=|size=|cursor=true|mirror=false source_id=desktop-1 source_type=display
2026-04-14T17:35:45.084768508-04:00 INF started shared gstreamer video source pipeline event=capture.gst.shared.start signature=type=display|display=:0|device=|window=|size=|cursor=true|mirror=false source_id=desktop-1 source_type=display
2026-04-14T17:35:45.084817736-04:00 INF attached shared preview consumer consumer_count=1 consumer_id=preview-type-display-display--0--1 event=capture.gst.shared.preview.attach ref_count=1 signature=type=display|display=:0|device=|window=|size=|cursor=true|mirror=false source_id=desktop-1
2026-04-14T17:35:45.08483671-04:00 INF started gstreamer preview session on shared source event=preview.gst.start shared_signature=type=display|display=:0|device=|window=|size=|cursor=true|mirror=false source_id=desktop-1 source_name="Full Desktop" source_type=display
2026-04-14T17:35:45.084915591-04:00 INF http request duration=14.936005 method=POST path=/api/previews/ensure
2026-04-14T17:35:45.084953706-04:00 INF preview session waiting event=preview.run.begin preview_id=preview-909758a3cc65 source_id=desktop-1
2026-04-14T17:35:45.154940703-04:00 INF http request duration=0.07326 method=GET path=/api/previews/preview-909758a3cc65/screenshot
2026-04-14T17:35:45.411738772-04:00 INF http request duration=0.247454 method=GET path=/api/previews/preview-909758a3cc65/screenshot
2026-04-14T17:35:45.426595115-04:00 INF http request duration=0.203578 method=GET path=/metrics
2026-04-14T17:35:45.500585151-04:00 INF http request duration=0.124226 method=GET path=/metrics
2026-04-14T17:35:46.425736222-04:00 INF recording session starting event=recording.session.start grace_period=0 max_duration=6000 output_count=1 session_id=browser-preview-mjpeg-ws-ablation warning_count=0
2026-04-14T17:35:46.426114441-04:00 INF http request duration=1.005162 method=POST path=/api/recordings/start
2026-04-14T17:35:46.426215881-04:00 INF recording session worker running event=recording.session.run.begin session_id=browser-preview-mjpeg-ws-ablation
2026-04-14T17:35:46.426372841-04:00 INF reused shared gstreamer video source event=capture.gst.shared.acquire.reused ref_count=2 signature=type=display|display=:0|device=|window=|size=|cursor=true|mirror=false source_id=desktop-1 source_type=display
2026-04-14T17:35:46.440442565-04:00 INF attached shared raw consumer consumer_id=raw-type-display-display--0--2 event=capture.gst.shared.raw.attach raw_consumer_count=1 ref_count=2 signature=type=display|display=:0|device=|window=|size=|cursor=true|mirror=false source_id=desktop-1
2026-04-14T17:35:46.440511554-04:00 INF started experimental shared video recording bridge event=capture.gst.shared.recording_bridge.start fps=24 output_path="/home/manuel/code/wesen/2026-04-09--screencast-studio/ttmp/2026/04/14/SCS-0015--investigate-browser-preview-streaming-pipeline-and-web-ui-performance-matrix/scripts/12-desktop-preview-recording-mjpeg-ws-ablation-matrix/results/20260414-173541/mjpeg-only/output/Full Desktop.mov" signature=type=display|display=:0|device=|window=|size=|cursor=true|mirror=false source_id=desktop-1
2026-04-14T17:35:46.440540151-04:00 INF started gstreamer recording pipeline event=recording.gst.start output_path="/home/manuel/code/wesen/2026-04-09--screencast-studio/ttmp/2026/04/14/SCS-0015--investigate-browser-preview-streaming-pipeline-and-web-ui-performance-matrix/scripts/12-desktop-preview-recording-mjpeg-ws-ablation-matrix/results/20260414-173541/mjpeg-only/output/Full Desktop.mov" process_label="Full Desktop" recording_mode=shared-source-bridge source_type=display
2026-04-14T17:35:46.440567155-04:00 INF recording session state updated active=true event=recording.session.state reason="gstreamer recording session created" session_id=browser-preview-mjpeg-ws-ablation state=starting
2026-04-14T17:35:46.440605429-04:00 INF recording subprocess started event received event=recording.process.started output_path="/home/manuel/code/wesen/2026-04-09--screencast-studio/ttmp/2026/04/14/SCS-0015--investigate-browser-preview-streaming-pipeline-and-web-ui-performance-matrix/scripts/12-desktop-preview-recording-mjpeg-ws-ablation-matrix/results/20260414-173541/mjpeg-only/output/Full Desktop.mov" process_label="Full Desktop" session_id=browser-preview-mjpeg-ws-ablation
2026-04-14T17:35:46.440619996-04:00 INF recording session state updated active=true event=recording.session.state reason="all gstreamer recording pipelines started" session_id=browser-preview-mjpeg-ws-ablation state=running
2026-04-14T17:35:46.509123052-04:00 INF http request duration=0.141123 method=GET path=/metrics
2026-04-14T17:35:46.516170764-04:00 INF http request duration=0.12791 method=GET path=/api/recordings/current
2026-04-14T17:35:46.575484093-04:00 INF started experimental shared bridge recorder pipeline caps="video/x-raw, width=(int)2880, height=(int)1920, framerate=(fraction)24/1, pixel-aspect-ratio=(fraction)1/1, format=(string)I420" event=capture.gst.shared.bridge_recorder.start fps=24 output_path="/home/manuel/code/wesen/2026-04-09--screencast-studio/ttmp/2026/04/14/SCS-0015--investigate-browser-preview-streaming-pipeline-and-web-ui-performance-matrix/scripts/12-desktop-preview-recording-mjpeg-ws-ablation-matrix/results/20260414-173541/mjpeg-only/output/Full Desktop.mov"
2026-04-14T17:35:46.575591131-04:00 INF pushed buffer into experimental shared bridge recorder buffer_count=1 duration=41.666666 event=capture.gst.shared.bridge_recorder.push pts=0
2026-04-14T17:35:46.575676748-04:00 WRN dropping shared bridge recorder sample because the async queue is full or closed event=capture.gst.shared.bridge_recorder.drop output_path="/home/manuel/code/wesen/2026-04-09--screencast-studio/ttmp/2026/04/14/SCS-0015--investigate-browser-preview-streaming-pipeline-and-web-ui-performance-matrix/scripts/12-desktop-preview-recording-mjpeg-ws-ablation-matrix/results/20260414-173541/mjpeg-only/output/Full Desktop.mov"
2026-04-14T17:35:46.575695562-04:00 WRN dropping shared bridge recorder sample because the async queue is full or closed event=capture.gst.shared.bridge_recorder.drop output_path="/home/manuel/code/wesen/2026-04-09--screencast-studio/ttmp/2026/04/14/SCS-0015--investigate-browser-preview-streaming-pipeline-and-web-ui-performance-matrix/scripts/12-desktop-preview-recording-mjpeg-ws-ablation-matrix/results/20260414-173541/mjpeg-only/output/Full Desktop.mov"
2026-04-14T17:35:46.575712256-04:00 WRN dropping shared bridge recorder sample because the async queue is full or closed event=capture.gst.shared.bridge_recorder.drop output_path="/home/manuel/code/wesen/2026-04-09--screencast-studio/ttmp/2026/04/14/SCS-0015--investigate-browser-preview-streaming-pipeline-and-web-ui-performance-matrix/scripts/12-desktop-preview-recording-mjpeg-ws-ablation-matrix/results/20260414-173541/mjpeg-only/output/Full Desktop.mov"
2026-04-14T17:35:46.575726523-04:00 WRN dropping shared bridge recorder sample because the async queue is full or closed event=capture.gst.shared.bridge_recorder.drop output_path="/home/manuel/code/wesen/2026-04-09--screencast-studio/ttmp/2026/04/14/SCS-0015--investigate-browser-preview-streaming-pipeline-and-web-ui-performance-matrix/scripts/12-desktop-preview-recording-mjpeg-ws-ablation-matrix/results/20260414-173541/mjpeg-only/output/Full Desktop.mov"
2026-04-14T17:35:46.575747625-04:00 WRN dropping shared bridge recorder sample because the async queue is full or closed event=capture.gst.shared.bridge_recorder.drop output_path="/home/manuel/code/wesen/2026-04-09--screencast-studio/ttmp/2026/04/14/SCS-0015--investigate-browser-preview-streaming-pipeline-and-web-ui-performance-matrix/scripts/12-desktop-preview-recording-mjpeg-ws-ablation-matrix/results/20260414-173541/mjpeg-only/output/Full Desktop.mov"
2026-04-14T17:35:46.57576588-04:00 WRN dropping shared bridge recorder sample because the async queue is full or closed event=capture.gst.shared.bridge_recorder.drop output_path="/home/manuel/code/wesen/2026-04-09--screencast-studio/ttmp/2026/04/14/SCS-0015--investigate-browser-preview-streaming-pipeline-and-web-ui-performance-matrix/scripts/12-desktop-preview-recording-mjpeg-ws-ablation-matrix/results/20260414-173541/mjpeg-only/output/Full Desktop.mov"
2026-04-14T17:35:46.575780395-04:00 WRN dropping shared bridge recorder sample because the async queue is full or closed event=capture.gst.shared.bridge_recorder.drop output_path="/home/manuel/code/wesen/2026-04-09--screencast-studio/ttmp/2026/04/14/SCS-0015--investigate-browser-preview-streaming-pipeline-and-web-ui-performance-matrix/scripts/12-desktop-preview-recording-mjpeg-ws-ablation-matrix/results/20260414-173541/mjpeg-only/output/Full Desktop.mov"
2026-04-14T17:35:46.575794137-04:00 WRN dropping shared bridge recorder sample because the async queue is full or closed event=capture.gst.shared.bridge_recorder.drop output_path="/home/manuel/code/wesen/2026-04-09--screencast-studio/ttmp/2026/04/14/SCS-0015--investigate-browser-preview-streaming-pipeline-and-web-ui-performance-matrix/scripts/12-desktop-preview-recording-mjpeg-ws-ablation-matrix/results/20260414-173541/mjpeg-only/output/Full Desktop.mov"
2026-04-14T17:35:46.575809936-04:00 WRN dropping shared bridge recorder sample because the async queue is full or closed event=capture.gst.shared.bridge_recorder.drop output_path="/home/manuel/code/wesen/2026-04-09--screencast-studio/ttmp/2026/04/14/SCS-0015--investigate-browser-preview-streaming-pipeline-and-web-ui-performance-matrix/scripts/12-desktop-preview-recording-mjpeg-ws-ablation-matrix/results/20260414-173541/mjpeg-only/output/Full Desktop.mov"
2026-04-14T17:35:46.575824028-04:00 WRN dropping shared bridge recorder sample because the async queue is full or closed event=capture.gst.shared.bridge_recorder.drop output_path="/home/manuel/code/wesen/2026-04-09--screencast-studio/ttmp/2026/04/14/SCS-0015--investigate-browser-preview-streaming-pipeline-and-web-ui-performance-matrix/scripts/12-desktop-preview-recording-mjpeg-ws-ablation-matrix/results/20260414-173541/mjpeg-only/output/Full Desktop.mov"
2026-04-14T17:35:46.575837632-04:00 WRN dropping shared bridge recorder sample because the async queue is full or closed event=capture.gst.shared.bridge_recorder.drop output_path="/home/manuel/code/wesen/2026-04-09--screencast-studio/ttmp/2026/04/14/SCS-0015--investigate-browser-preview-streaming-pipeline-and-web-ui-performance-matrix/scripts/12-desktop-preview-recording-mjpeg-ws-ablation-matrix/results/20260414-173541/mjpeg-only/output/Full Desktop.mov"
2026-04-14T17:35:46.575854251-04:00 WRN dropping shared bridge recorder sample because the async queue is full or closed event=capture.gst.shared.bridge_recorder.drop output_path="/home/manuel/code/wesen/2026-04-09--screencast-studio/ttmp/2026/04/14/SCS-0015--investigate-browser-preview-streaming-pipeline-and-web-ui-performance-matrix/scripts/12-desktop-preview-recording-mjpeg-ws-ablation-matrix/results/20260414-173541/mjpeg-only/output/Full Desktop.mov"
2026-04-14T17:35:46.575874121-04:00 WRN dropping shared bridge recorder sample because the async queue is full or closed event=capture.gst.shared.bridge_recorder.drop output_path="/home/manuel/code/wesen/2026-04-09--screencast-studio/ttmp/2026/04/14/SCS-0015--investigate-browser-preview-streaming-pipeline-and-web-ui-performance-matrix/scripts/12-desktop-preview-recording-mjpeg-ws-ablation-matrix/results/20260414-173541/mjpeg-only/output/Full Desktop.mov"
2026-04-14T17:35:46.575891643-04:00 WRN dropping shared bridge recorder sample because the async queue is full or closed event=capture.gst.shared.bridge_recorder.drop output_path="/home/manuel/code/wesen/2026-04-09--screencast-studio/ttmp/2026/04/14/SCS-0015--investigate-browser-preview-streaming-pipeline-and-web-ui-performance-matrix/scripts/12-desktop-preview-recording-mjpeg-ws-ablation-matrix/results/20260414-173541/mjpeg-only/output/Full Desktop.mov"
2026-04-14T17:35:46.575905828-04:00 WRN dropping shared bridge recorder sample because the async queue is full or closed event=capture.gst.shared.bridge_recorder.drop output_path="/home/manuel/code/wesen/2026-04-09--screencast-studio/ttmp/2026/04/14/SCS-0015--investigate-browser-preview-streaming-pipeline-and-web-ui-performance-matrix/scripts/12-desktop-preview-recording-mjpeg-ws-ablation-matrix/results/20260414-173541/mjpeg-only/output/Full Desktop.mov"
2026-04-14T17:35:46.57592483-04:00 WRN dropping shared bridge recorder sample because the async queue is full or closed event=capture.gst.shared.bridge_recorder.drop output_path="/home/manuel/code/wesen/2026-04-09--screencast-studio/ttmp/2026/04/14/SCS-0015--investigate-browser-preview-streaming-pipeline-and-web-ui-performance-matrix/scripts/12-desktop-preview-recording-mjpeg-ws-ablation-matrix/results/20260414-173541/mjpeg-only/output/Full Desktop.mov"
2026-04-14T17:35:46.575939299-04:00 WRN dropping shared bridge recorder sample because the async queue is full or closed event=capture.gst.shared.bridge_recorder.drop output_path="/home/manuel/code/wesen/2026-04-09--screencast-studio/ttmp/2026/04/14/SCS-0015--investigate-browser-preview-streaming-pipeline-and-web-ui-performance-matrix/scripts/12-desktop-preview-recording-mjpeg-ws-ablation-matrix/results/20260414-173541/mjpeg-only/output/Full Desktop.mov"
2026-04-14T17:35:46.629377224-04:00 INF pushed buffer into experimental shared bridge recorder buffer_count=10 duration=41.666666 event=capture.gst.shared.bridge_recorder.push pts=374.999994
2026-04-14T17:35:46.684512443-04:00 INF pushed buffer into experimental shared bridge recorder buffer_count=20 duration=41.666666 event=capture.gst.shared.bridge_recorder.push pts=791.666654
2026-04-14T17:35:46.717021491-04:00 INF http request duration=0.074153 method=GET path=/api/recordings/current
2026-04-14T17:35:46.918356078-04:00 INF http request duration=0.110349 method=GET path=/api/recordings/current
2026-04-14T17:35:47.063276711-04:00 INF pushed buffer into experimental shared bridge recorder buffer_count=30 duration=41.666666 event=capture.gst.shared.bridge_recorder.push pts=1208.333314
2026-04-14T17:35:47.119634685-04:00 INF http request duration=0.066423 method=GET path=/api/recordings/current
2026-04-14T17:35:47.320386461-04:00 INF http request duration=0.057486 method=GET path=/api/recordings/current
2026-04-14T17:35:47.480062267-04:00 INF pushed buffer into experimental shared bridge recorder buffer_count=40 duration=41.666666 event=capture.gst.shared.bridge_recorder.push pts=1624.999974
2026-04-14T17:35:47.519305125-04:00 INF http request duration=0.104549 method=GET path=/metrics
2026-04-14T17:35:47.521354824-04:00 INF http request duration=0.071277 method=GET path=/api/recordings/current
2026-04-14T17:35:47.722351859-04:00 INF http request duration=0.053227 method=GET path=/api/recordings/current
2026-04-14T17:35:47.897241611-04:00 INF pushed buffer into experimental shared bridge recorder buffer_count=50 duration=41.666666 event=capture.gst.shared.bridge_recorder.push pts=2041.666634
2026-04-14T17:35:47.92321282-04:00 INF http request duration=0.093908 method=GET path=/api/recordings/current
2026-04-14T17:35:48.124168659-04:00 INF http request duration=0.061675 method=GET path=/api/recordings/current
2026-04-14T17:35:48.313244077-04:00 INF pushed buffer into experimental shared bridge recorder buffer_count=60 duration=41.666666 event=capture.gst.shared.bridge_recorder.push pts=2458.333294
2026-04-14T17:35:48.324984217-04:00 INF http request duration=0.067565 method=GET path=/api/recordings/current
2026-04-14T17:35:48.525797583-04:00 INF http request duration=0.05205 method=GET path=/api/recordings/current
2026-04-14T17:35:48.526729313-04:00 INF http request duration=0.082103 method=GET path=/metrics
2026-04-14T17:35:48.726565189-04:00 INF http request duration=0.053035 method=GET path=/api/recordings/current
2026-04-14T17:35:48.729896347-04:00 INF pushed buffer into experimental shared bridge recorder buffer_count=70 duration=41.666666 event=capture.gst.shared.bridge_recorder.push pts=2874.999954
2026-04-14T17:35:48.927314459-04:00 INF http request duration=0.059549 method=GET path=/api/recordings/current
2026-04-14T17:35:49.12833815-04:00 INF http request duration=0.06626 method=GET path=/api/recordings/current
2026-04-14T17:35:49.146604652-04:00 INF pushed buffer into experimental shared bridge recorder buffer_count=80 duration=41.666666 event=capture.gst.shared.bridge_recorder.push pts=3291.666614
2026-04-14T17:35:49.329261492-04:00 INF http request duration=0.054549 method=GET path=/api/recordings/current
2026-04-14T17:35:49.530045166-04:00 INF http request duration=0.051235 method=GET path=/api/recordings/current
2026-04-14T17:35:49.534477929-04:00 INF http request duration=0.107282 method=GET path=/metrics
2026-04-14T17:35:49.565085288-04:00 INF pushed buffer into experimental shared bridge recorder buffer_count=90 duration=41.666666 event=capture.gst.shared.bridge_recorder.push pts=3708.333274
2026-04-14T17:35:49.730858939-04:00 INF http request duration=0.055071 method=GET path=/api/recordings/current
2026-04-14T17:35:49.931662828-04:00 INF http request duration=0.087492 method=GET path=/api/recordings/current
2026-04-14T17:35:49.979863362-04:00 INF pushed buffer into experimental shared bridge recorder buffer_count=100 duration=41.666666 event=capture.gst.shared.bridge_recorder.push pts=4124.999934
2026-04-14T17:35:50.132809136-04:00 INF http request duration=0.099388 method=GET path=/api/recordings/current
2026-04-14T17:35:50.3337501-04:00 INF http request duration=0.051695 method=GET path=/api/recordings/current
2026-04-14T17:35:50.396603484-04:00 INF pushed buffer into experimental shared bridge recorder buffer_count=110 duration=41.666666 event=capture.gst.shared.bridge_recorder.push pts=4541.666594
2026-04-14T17:35:50.534519786-04:00 INF http request duration=0.069504 method=GET path=/api/recordings/current
2026-04-14T17:35:50.541820998-04:00 INF http request duration=0.104566 method=GET path=/metrics
2026-04-14T17:35:50.735488617-04:00 INF http request duration=0.064824 method=GET path=/api/recordings/current
2026-04-14T17:35:50.814838121-04:00 INF pushed buffer into experimental shared bridge recorder buffer_count=120 duration=41.666666 event=capture.gst.shared.bridge_recorder.push pts=4958.333254
2026-04-14T17:35:50.936298409-04:00 INF http request duration=0.05144 method=GET path=/api/recordings/current
2026-04-14T17:35:51.137082154-04:00 INF http request duration=0.056451 method=GET path=/api/recordings/current
2026-04-14T17:35:51.229902978-04:00 INF pushed buffer into experimental shared bridge recorder buffer_count=130 duration=41.666666 event=capture.gst.shared.bridge_recorder.push pts=5374.999914
2026-04-14T17:35:51.338154693-04:00 INF http request duration=0.059603 method=GET path=/api/recordings/current
2026-04-14T17:35:51.538986201-04:00 INF http request duration=0.05726 method=GET path=/api/recordings/current
2026-04-14T17:35:51.646587801-04:00 INF pushed buffer into experimental shared bridge recorder buffer_count=140 duration=41.666666 event=capture.gst.shared.bridge_recorder.push pts=5791.666574
2026-04-14T17:35:51.739796812-04:00 INF http request duration=0.08601 method=GET path=/api/recordings/current
2026-04-14T17:35:51.940734422-04:00 INF http request duration=0.090963 method=GET path=/api/recordings/current
2026-04-14T17:35:52.06324202-04:00 INF pushed buffer into experimental shared bridge recorder buffer_count=150 duration=41.666666 event=capture.gst.shared.bridge_recorder.push pts=6208.333234
2026-04-14T17:35:52.141786585-04:00 INF http request duration=0.072579 method=GET path=/api/recordings/current
2026-04-14T17:35:52.342591869-04:00 INF http request duration=0.057178 method=GET path=/api/recordings/current
2026-04-14T17:35:52.426863891-04:00 INF recording session state updated active=true event=recording.session.state reason="max duration reached after 6s" session_id=browser-preview-mjpeg-ws-ablation state=stopping
2026-04-14T17:35:52.43829315-04:00 INF detached shared raw consumer consumer_id=raw-type-display-display--0--2 event=capture.gst.shared.raw.detach raw_consumer_count=0 signature=type=display|display=:0|device=|window=|size=|cursor=true|mirror=false source_id=desktop-1
2026-04-14T17:35:52.438379748-04:00 INF stopping experimental shared bridge recorder buffer_count=158 event=capture.gst.shared.bridge_recorder.stop
2026-04-14T17:35:52.484232423-04:00 ERR preview finished with error error="shared video source pipeline error: Internal data stream error." event=preview.finish preview_id=preview-909758a3cc65 reason="shared video source pipeline error: Internal data stream error." source_id=desktop-1 state=failed
2026-04-14T17:35:52.495971154-04:00 WRN shared gstreamer video source terminated error="shared video source pipeline error: Internal data stream error." event=capture.gst.shared.fail_all signature=type=display|display=:0|device=|window=|size=|cursor=true|mirror=false source_id=desktop-1
2026-04-14T17:35:52.545176558-04:00 INF http request duration=0.095061 method=GET path=/api/recordings/current
2026-04-14T17:35:52.746325192-04:00 INF http request duration=0.092222 method=GET path=/api/recordings/current
2026-04-14T17:35:52.947314469-04:00 INF http request duration=0.059072 method=GET path=/api/recordings/current
2026-04-14T17:35:53.127644155-04:00 INF recording session state updated active=false event=recording.session.state reason="max duration reached after 6s" session_id=browser-preview-mjpeg-ws-ablation state=finished
2026-04-14T17:35:53.127710489-04:00 INF recording session finished event=recording.session.finish finished_at=2026-04-14T17:35:53.127621542-04:00 reason="max duration reached after 6s" session_id=browser-preview-mjpeg-ws-ablation started_at=2026-04-14T17:35:46.440558864-04:00 state=finished
2026-04-14T17:35:53.148108394-04:00 INF http request duration=0.049654 method=GET path=/api/recordings/current
2026-04-14T17:35:53.159450823-04:00 INF http request duration=7738.708596 method=GET path=/api/previews/preview-909758a3cc65/mjpeg
2026-04-14T17:35:54.425201982-04:00 INF http request duration=0.153149 method=GET path=/api/previews
2026-04-14T17:35:54.6141592-04:00 INF audio telemetry loop exiting event=telemetry.audio.exit reason="context canceled"
2026-04-14T17:35:54.614159222-04:00 INF disk telemetry loop exiting event=telemetry.disk.exit reason="context canceled"
2026-04-14T17:35:54.614160189-04:00 INF runtime shutdown triggered event=runtime.shutdown.begin reason="context canceled" shutdown_timeout=5000
2026-04-14T17:35:54.61423722-04:00 INF telemetry manager run loop exited event=telemetry.run.exit reason="context canceled"
2026-04-14T17:35:54.614251183-04:00 INF telemetry manager exited event=runtime.telemetry.exit reason="context canceled"
2026-04-14T17:35:54.614249143-04:00 INF http server shutdown starting event=runtime.http.shutdown.begin reason="context canceled"
2026-04-14T17:35:54.614303398-04:00 INF http server exited cleanly addr=:7830 event=runtime.http.exit
2026-04-14T17:35:54.614317993-04:00 INF http server shutdown finished event=runtime.http.shutdown.done reason="context canceled"
2026-04-14T17:35:54.614324237-04:00 INF recording manager shutdown starting event=runtime.recordings.shutdown.begin
2026-04-14T17:35:54.614331163-04:00 INF recording manager shutdown starting active=false event=recording.shutdown.begin session_id=browser-preview-mjpeg-ws-ablation state=finished
2026-04-14T17:35:54.614349833-04:00 INF recording manager shutdown finished event=recording.shutdown.done session_id=browser-preview-mjpeg-ws-ablation
2026-04-14T17:35:54.614356101-04:00 INF recording manager shutdown finished event=runtime.recordings.shutdown.done
2026-04-14T17:35:54.614361089-04:00 INF preview manager shutdown starting event=runtime.previews.shutdown.begin
2026-04-14T17:35:54.614367184-04:00 INF preview manager shutdown starting event=preview.shutdown.begin preview_count=1
2026-04-14T17:35:54.614377488-04:00 INF preview manager requested preview cancellation event=preview.shutdown.cancel preview_id=preview-909758a3cc65 source_id=desktop-1
2026-04-14T17:35:54.614385339-04:00 INF preview shutdown wait completed event=preview.shutdown.wait.done preview_id=preview-909758a3cc65 remaining=0 source_id=desktop-1
2026-04-14T17:35:54.614393434-04:00 INF preview manager shutdown finished event=preview.shutdown.done preview_count=1
2026-04-14T17:35:54.614401869-04:00 INF preview manager shutdown finished event=runtime.previews.shutdown.done
2026-04-14T17:35:54.614406744-04:00 INF waiting for runtime participant to exit event=runtime.participant.wait.begin participant="http server goroutine"
2026-04-14T17:35:54.614412653-04:00 INF runtime participant exited event=runtime.participant.wait.done participant="http server goroutine"
2026-04-14T17:35:54.614418878-04:00 INF waiting for telemetry goroutine to exit event=runtime.telemetry.wait.begin
2026-04-14T17:35:54.614423475-04:00 INF waiting for runtime participant to exit event=runtime.participant.wait.begin participant="telemetry goroutine"
2026-04-14T17:35:54.61442902-04:00 INF runtime participant exited event=runtime.participant.wait.done participant="telemetry goroutine"
2026-04-14T17:35:54.614434693-04:00 INF telemetry goroutine exited event=runtime.telemetry.wait.done
2026-04-14T17:35:54.614440541-04:00 INF runtime shutdown component summary event=runtime.shutdown.components recording_active=false recording_session_id=browser-preview-mjpeg-ws-ablation remaining_previews=1
2026-04-14T17:35:54.614452734-04:00 INF server runtime exited cleanly event=runtime.shutdown.summary
