2026-04-14T16:31:56.983779653-04:00 INF recording and preview managers already bound to serve runtime context event=runtime.context.bind
2026-04-14T16:31:56.983950716-04:00 INF web server starting addr=:7810 event=runtime.http.start initial_dsl_path= preview_limit=4 shutdown_timeout=5000 static_dir=
2026-04-14T16:31:56.984130237-04:00 INF telemetry manager starting event=runtime.telemetry.start
2026-04-14T16:31:56.984267563-04:00 INF telemetry manager run loop starting event=telemetry.run.start
2026-04-14T16:31:56.984304289-04:00 INF audio telemetry loop starting event=telemetry.audio.start interval=500
2026-04-14T16:31:56.984304796-04:00 INF disk telemetry loop starting event=telemetry.disk.start interval=2000
2026-04-14T16:31:57.973953822-04:00 INF http request duration=0.241332 method=GET path=/api/healthz
2026-04-14T16:31:58.042158583-04:00 INF preview ensure requested dsl_bytes=755 event=preview.ensure.requested source_id=desktop-1
2026-04-14T16:31:58.042344674-04:00 INF created preview worker event=preview.ensure.created preview_id=preview-909758a3cc65 source_id=desktop-1 source_name="Full Desktop" source_type=display
2026-04-14T16:31:58.055158397-04:00 INF created shared gstreamer video source event=capture.gst.shared.acquire.created signature=type=display|display=:0|device=|window=|size=|cursor=true|mirror=false source_id=desktop-1 source_type=display
2026-04-14T16:31:58.058241481-04:00 INF started shared gstreamer video source pipeline event=capture.gst.shared.start signature=type=display|display=:0|device=|window=|size=|cursor=true|mirror=false source_id=desktop-1 source_type=display
2026-04-14T16:31:58.058296031-04:00 INF attached shared preview consumer consumer_count=1 consumer_id=preview-type-display-display--0--1 event=capture.gst.shared.preview.attach ref_count=1 signature=type=display|display=:0|device=|window=|size=|cursor=true|mirror=false source_id=desktop-1
2026-04-14T16:31:58.058316212-04:00 INF started gstreamer preview session on shared source event=preview.gst.start shared_signature=type=display|display=:0|device=|window=|size=|cursor=true|mirror=false source_id=desktop-1 source_name="Full Desktop" source_type=display
2026-04-14T16:31:58.058411618-04:00 INF http request duration=16.331034 method=POST path=/api/previews/ensure
2026-04-14T16:31:58.058436496-04:00 INF preview session waiting event=preview.run.begin preview_id=preview-909758a3cc65 source_id=desktop-1
2026-04-14T16:31:58.127157072-04:00 INF http request duration=0.069296 method=GET path=/api/previews/preview-909758a3cc65/screenshot
2026-04-14T16:31:58.383213107-04:00 INF http request duration=0.13943 method=GET path=/api/previews/preview-909758a3cc65/screenshot
2026-04-14T16:31:58.391834058-04:00 INF http request duration=0.063654 method=GET path=/metrics
2026-04-14T16:31:58.489551231-04:00 INF http request duration=0.066366 method=GET path=/metrics
2026-04-14T16:31:59.505106989-04:00 INF http request duration=0.082927 method=GET path=/metrics
2026-04-14T16:32:00.513245552-04:00 INF http request duration=0.056208 method=GET path=/metrics
2026-04-14T16:32:01.530607454-04:00 INF http request duration=0.160358 method=GET path=/metrics
2026-04-14T16:32:02.549685854-04:00 INF http request duration=0.12135 method=GET path=/metrics
2026-04-14T16:32:03.568861304-04:00 INF http request duration=0.117735 method=GET path=/metrics
2026-04-14T16:32:07.396295605-04:00 INF http request duration=0.19336 method=GET path=/api/previews/preview-909758a3cc65/screenshot
2026-04-14T16:32:07.401942866-04:00 INF http request duration=0.089108 method=GET path=/api/previews
2026-04-14T16:32:07.409823569-04:00 INF runtime shutdown triggered event=runtime.shutdown.begin reason="context canceled" shutdown_timeout=5000
2026-04-14T16:32:07.409878635-04:00 INF http server shutdown starting event=runtime.http.shutdown.begin reason="context canceled"
2026-04-14T16:32:07.409864885-04:00 INF audio telemetry loop exiting event=telemetry.audio.exit reason="context canceled"
2026-04-14T16:32:07.40987744-04:00 INF disk telemetry loop exiting event=telemetry.disk.exit reason="context canceled"
2026-04-14T16:32:07.409927741-04:00 INF http server exited cleanly addr=:7810 event=runtime.http.exit
2026-04-14T16:32:07.409925081-04:00 INF telemetry manager run loop exited event=telemetry.run.exit reason="context canceled"
2026-04-14T16:32:07.409946702-04:00 INF http server shutdown finished event=runtime.http.shutdown.done reason="context canceled"
2026-04-14T16:32:07.409957956-04:00 INF recording manager shutdown starting event=runtime.recordings.shutdown.begin
2026-04-14T16:32:07.409966415-04:00 INF recording manager shutdown requested with no session event=recording.shutdown.noop
2026-04-14T16:32:07.409973018-04:00 INF recording manager shutdown finished event=runtime.recordings.shutdown.done
2026-04-14T16:32:07.409978455-04:00 INF preview manager shutdown starting event=runtime.previews.shutdown.begin
2026-04-14T16:32:07.409984907-04:00 INF preview manager shutdown starting event=preview.shutdown.begin preview_count=1
2026-04-14T16:32:07.409993412-04:00 INF preview manager requested preview cancellation event=preview.shutdown.cancel preview_id=preview-909758a3cc65 source_id=desktop-1
2026-04-14T16:32:07.409946713-04:00 INF telemetry manager exited event=runtime.telemetry.exit reason="context canceled"
2026-04-14T16:32:07.410114326-04:00 INF detached shared preview consumer consumer_count=0 consumer_id=preview-type-display-display--0--1 event=capture.gst.shared.preview.detach signature=type=display|display=:0|device=|window=|size=|cursor=true|mirror=false source_id=desktop-1
2026-04-14T16:32:07.410169526-04:00 INF preview finished event=preview.finish preview_id=preview-909758a3cc65 reason="shutdown requested" source_id=desktop-1 state=finished
2026-04-14T16:32:07.410193165-04:00 INF removing preview from manager maps event=preview.cleanup preview_id=preview-909758a3cc65 signature=909758a3cc65bd0e39a108375a740be6a0bc4bd5
2026-04-14T16:32:07.410203526-04:00 INF preview shutdown wait completed event=preview.shutdown.wait.done preview_id=preview-909758a3cc65 remaining=0 source_id=desktop-1
2026-04-14T16:32:07.410212602-04:00 INF preview manager shutdown finished event=preview.shutdown.done preview_count=1
2026-04-14T16:32:07.410219078-04:00 INF preview manager shutdown finished event=runtime.previews.shutdown.done
2026-04-14T16:32:07.410224147-04:00 INF waiting for runtime participant to exit event=runtime.participant.wait.begin participant="http server goroutine"
2026-04-14T16:32:07.410231044-04:00 INF runtime participant exited event=runtime.participant.wait.done participant="http server goroutine"
2026-04-14T16:32:07.410240995-04:00 INF waiting for telemetry goroutine to exit event=runtime.telemetry.wait.begin
2026-04-14T16:32:07.41024643-04:00 INF waiting for runtime participant to exit event=runtime.participant.wait.begin participant="telemetry goroutine"
2026-04-14T16:32:07.410252482-04:00 INF runtime participant exited event=runtime.participant.wait.done participant="telemetry goroutine"
2026-04-14T16:32:07.410261671-04:00 INF telemetry goroutine exited event=runtime.telemetry.wait.done
2026-04-14T16:32:07.410268209-04:00 INF runtime shutdown component summary event=runtime.shutdown.components recording_active=false recording_session_id= remaining_previews=0
2026-04-14T16:32:07.410285379-04:00 INF server runtime exited cleanly event=runtime.shutdown.summary
