2026-04-14T14:32:29.520091927-04:00 INF recording and preview managers already bound to serve runtime context event=runtime.context.bind
2026-04-14T14:32:29.52022577-04:00 INF telemetry manager starting event=runtime.telemetry.start
2026-04-14T14:32:29.520290256-04:00 INF telemetry manager run loop starting event=telemetry.run.start
2026-04-14T14:32:29.520226213-04:00 INF web server starting addr=:7785 event=runtime.http.start initial_dsl_path= preview_limit=4 shutdown_timeout=5000 static_dir=
2026-04-14T14:32:29.520323188-04:00 INF audio telemetry loop starting event=telemetry.audio.start interval=500
2026-04-14T14:32:29.520313847-04:00 INF disk telemetry loop starting event=telemetry.disk.start interval=2000
2026-04-14T14:32:29.520406241-04:00 INF browser open scheduled delay=500 event=runtime.browser.open.begin
2026-04-14T14:32:30.020959533-04:00 INF opened browser event=runtime.browser.open.done pid=93889 url=http://localhost:7785
2026-04-14T14:32:30.469190573-04:00 INF http request duration=2.911266 method=GET path=/
2026-04-14T14:32:30.501974272-04:00 INF http request duration=0.296391 method=GET path=/api/healthz
2026-04-14T14:32:30.543765035-04:00 INF http request duration=1.044928 method=GET path=/assets/index-ImqmwJvO.css
2026-04-14T14:32:30.546395231-04:00 INF http request duration=5.196114 method=GET path=/assets/index-B-jq6573.js
2026-04-14T14:32:30.641084287-04:00 INF preview ensure requested dsl_bytes=936 event=preview.ensure.requested source_id=edp-1-bottom-half
2026-04-14T14:32:30.641594401-04:00 INF created preview worker event=preview.ensure.created preview_id=preview-bb149fdf80ab source_id=edp-1-bottom-half source_name="eDP-1 bottom half" source_type=region
2026-04-14T14:32:30.669507566-04:00 INF configured videocrop for preview source crop_bottom=0 crop_left=0 crop_right=0 crop_top=960 event=preview.gst.crop.configure rect_h=960 rect_w=2880 rect_x=0 rect_y=960 root_height=1920 root_width=2880 source_id=edp-1-bottom-half source_type=region
2026-04-14T14:32:30.673821438-04:00 INF created shared gstreamer video source event=capture.gst.shared.acquire.created signature=type=region|display=:0.0|device=|window=|size=|cursor=true|mirror=false|rect=0,960,2880,960 source_id=edp-1-bottom-half source_type=region
2026-04-14T14:32:30.680971324-04:00 INF started shared gstreamer video source pipeline event=capture.gst.shared.start signature=type=region|display=:0.0|device=|window=|size=|cursor=true|mirror=false|rect=0,960,2880,960 source_id=edp-1-bottom-half source_type=region
2026-04-14T14:32:30.68112831-04:00 INF attached shared preview consumer consumer_count=1 consumer_id=preview-type-region-display--0-0-1 event=capture.gst.shared.preview.attach ref_count=1 signature=type=region|display=:0.0|device=|window=|size=|cursor=true|mirror=false|rect=0,960,2880,960 source_id=edp-1-bottom-half
2026-04-14T14:32:30.68118485-04:00 INF started gstreamer preview session on shared source event=preview.gst.start shared_signature=type=region|display=:0.0|device=|window=|size=|cursor=true|mirror=false|rect=0,960,2880,960 source_id=edp-1-bottom-half source_name="eDP-1 bottom half" source_type=region
2026-04-14T14:32:30.681333843-04:00 INF preview session waiting event=preview.run.begin preview_id=preview-bb149fdf80ab source_id=edp-1-bottom-half
2026-04-14T14:32:30.681365249-04:00 INF http request duration=40.425835 method=POST path=/api/previews/ensure
2026-04-14T14:32:30.825810321-04:00 INF http request duration=0.268698 method=GET path=/api/previews/preview-bb149fdf80ab/screenshot
2026-04-14T14:32:30.84275125-04:00 INF http request duration=0.037232 method=GET path=/api/healthz
2026-04-14T14:32:30.843398903-04:00 INF http request duration=0.080356 method=GET path=/api/recordings/current
2026-04-14T14:32:30.958429106-04:00 INF http request duration=115.488568 method=GET path=/api/discovery
2026-04-14T14:32:31.018131225-04:00 INF http request duration=0.081296 method=GET path=/api/previews
2026-04-14T14:32:31.316540724-04:00 INF http request duration=1.144424 method=POST path=/api/setup/compile
2026-04-14T14:32:31.318481371-04:00 INF http request duration=3.243694 method=POST path=/api/setup/normalize
2026-04-14T14:32:31.350620677-04:00 INF preview ensure requested dsl_bytes=877 event=preview.ensure.requested source_id=desktop-1
2026-04-14T14:32:31.350852331-04:00 INF created preview worker event=preview.ensure.created preview_id=preview-18daabfb09b6 source_id=desktop-1 source_name="Full Desktop" source_type=display
2026-04-14T14:32:31.353060086-04:00 INF created shared gstreamer video source event=capture.gst.shared.acquire.created signature=type=display|display=:0.0|device=|window=|size=|cursor=true|mirror=false source_id=desktop-1 source_type=display
2026-04-14T14:32:31.369283264-04:00 INF started shared gstreamer video source pipeline event=capture.gst.shared.start signature=type=display|display=:0.0|device=|window=|size=|cursor=true|mirror=false source_id=desktop-1 source_type=display
2026-04-14T14:32:31.369660356-04:00 INF attached shared preview consumer consumer_count=1 consumer_id=preview-type-display-display--0--1 event=capture.gst.shared.preview.attach ref_count=1 signature=type=display|display=:0.0|device=|window=|size=|cursor=true|mirror=false source_id=desktop-1
2026-04-14T14:32:31.369736987-04:00 INF started gstreamer preview session on shared source event=preview.gst.start shared_signature=type=display|display=:0.0|device=|window=|size=|cursor=true|mirror=false source_id=desktop-1 source_name="Full Desktop" source_type=display
2026-04-14T14:32:31.369878467-04:00 INF http request duration=19.2976 method=POST path=/api/previews/ensure
2026-04-14T14:32:31.369885147-04:00 INF preview session waiting event=preview.run.begin preview_id=preview-18daabfb09b6 source_id=desktop-1
2026-04-14T14:32:31.520991605-04:00 INF starting audio telemetry runner device_id=default event=telemetry.audio.runner.start
2026-04-14T14:32:31.521104358-04:00 INF starting parec audio telemetry process argv=["parec","--device=default","--format=s16le","--rate=16000","--channels=2","--raw"] device_id=default event=telemetry.process.start.requested
2026-04-14T14:32:31.521717979-04:00 INF parec audio telemetry process started device_id=default event=telemetry.process.start.done pid=94386
2026-04-14T14:32:32.041802522-04:00 INF http request duration=0.139498 method=GET path=/api/previews/preview-bb149fdf80ab/screenshot
2026-04-14T14:32:32.191314011-04:00 INF http request duration=0.095009 method=GET path=/api/previews
2026-04-14T14:32:33.212719996-04:00 INF http request duration=0.273863 method=GET path=/api/previews/preview-bb149fdf80ab/screenshot
2026-04-14T14:32:33.340925781-04:00 INF http request duration=0.061059 method=GET path=/api/previews
2026-04-14T14:32:34.356066074-04:00 INF recording session starting event=recording.session.start grace_period=0 max_duration=0 output_count=2 session_id=freeze-test warning_count=0
2026-04-14T14:32:34.356191253-04:00 INF http request duration=0.603648 method=POST path=/api/recordings/start
2026-04-14T14:32:34.356244404-04:00 INF recording session worker running event=recording.session.run.begin session_id=freeze-test
2026-04-14T14:32:34.3563336-04:00 INF reused shared gstreamer video source event=capture.gst.shared.acquire.reused ref_count=2 signature=type=region|display=:0.0|device=|window=|size=|cursor=true|mirror=false|rect=0,960,2880,960 source_id=edp-1-bottom-half source_type=region
2026-04-14T14:32:34.366111817-04:00 INF http request duration=0.161515 method=GET path=/api/previews/preview-bb149fdf80ab/screenshot
2026-04-14T14:32:34.379578452-04:00 INF attached shared raw consumer consumer_id=raw-type-region-display--0-0-2 event=capture.gst.shared.raw.attach raw_consumer_count=1 ref_count=2 signature=type=region|display=:0.0|device=|window=|size=|cursor=true|mirror=false|rect=0,960,2880,960 source_id=edp-1-bottom-half
2026-04-14T14:32:34.379666575-04:00 INF started experimental shared video recording bridge event=capture.gst.shared.recording_bridge.start fps=24 output_path="recordings/freeze-test/eDP-1 bottom half.mov" signature=type=region|display=:0.0|device=|window=|size=|cursor=true|mirror=false|rect=0,960,2880,960 source_id=edp-1-bottom-half
2026-04-14T14:32:34.379708644-04:00 INF started gstreamer recording pipeline event=recording.gst.start output_path="recordings/freeze-test/eDP-1 bottom half.mov" process_label="eDP-1 bottom half" recording_mode=shared-source-bridge source_type=region
2026-04-14T14:32:34.398421632-04:00 INF started gstreamer audio recording pipeline event=recording.gst.start output_path=recordings/freeze-test/audio-mix.wav process_label=audio-mix source_count=1
2026-04-14T14:32:34.398557561-04:00 INF recording session state updated active=true event=recording.session.state reason="gstreamer recording session created" session_id=freeze-test state=starting
2026-04-14T14:32:34.398617188-04:00 INF recording subprocess started event received event=recording.process.started output_path="recordings/freeze-test/eDP-1 bottom half.mov" process_label="eDP-1 bottom half" session_id=freeze-test
2026-04-14T14:32:34.398648188-04:00 INF recording subprocess started event received event=recording.process.started output_path=recordings/freeze-test/audio-mix.wav process_label=audio-mix session_id=freeze-test
2026-04-14T14:32:34.398673943-04:00 INF recording session state updated active=true event=recording.session.state reason="all gstreamer recording pipelines started" session_id=freeze-test state=running
2026-04-14T14:32:34.495407158-04:00 INF failed to parse audio level message event=recording.gst.audio_level.parse.failed rms="marshaling error: json: unsupported type: unsafe.Pointer" rms_type=unsafe.Pointer structure=level values="marshaling error: json: unsupported type: unsafe.Pointer"
2026-04-14T14:32:34.507080053-04:00 INF started experimental shared bridge recorder pipeline caps="video/x-raw, width=(int)2880, height=(int)960, framerate=(fraction)24/1, pixel-aspect-ratio=(fraction)1/1, format=(string)I420" event=capture.gst.shared.bridge_recorder.start fps=24 output_path="recordings/freeze-test/eDP-1 bottom half.mov"
2026-04-14T14:32:34.507271692-04:00 INF pushed buffer into experimental shared bridge recorder buffer_count=1 duration=41.666666 event=capture.gst.shared.bridge_recorder.push pts=0
2026-04-14T14:32:34.507434427-04:00 WRN dropping shared bridge recorder sample because the async queue is full or closed event=capture.gst.shared.bridge_recorder.drop output_path="recordings/freeze-test/eDP-1 bottom half.mov"
2026-04-14T14:32:34.507530651-04:00 WRN dropping shared bridge recorder sample because the async queue is full or closed event=capture.gst.shared.bridge_recorder.drop output_path="recordings/freeze-test/eDP-1 bottom half.mov"
2026-04-14T14:32:34.507565562-04:00 WRN dropping shared bridge recorder sample because the async queue is full or closed event=capture.gst.shared.bridge_recorder.drop output_path="recordings/freeze-test/eDP-1 bottom half.mov"
2026-04-14T14:32:34.507603353-04:00 WRN dropping shared bridge recorder sample because the async queue is full or closed event=capture.gst.shared.bridge_recorder.drop output_path="recordings/freeze-test/eDP-1 bottom half.mov"
2026-04-14T14:32:34.507637553-04:00 WRN dropping shared bridge recorder sample because the async queue is full or closed event=capture.gst.shared.bridge_recorder.drop output_path="recordings/freeze-test/eDP-1 bottom half.mov"
2026-04-14T14:32:34.507665646-04:00 WRN dropping shared bridge recorder sample because the async queue is full or closed event=capture.gst.shared.bridge_recorder.drop output_path="recordings/freeze-test/eDP-1 bottom half.mov"
2026-04-14T14:32:34.507705832-04:00 WRN dropping shared bridge recorder sample because the async queue is full or closed event=capture.gst.shared.bridge_recorder.drop output_path="recordings/freeze-test/eDP-1 bottom half.mov"
2026-04-14T14:32:34.507736241-04:00 WRN dropping shared bridge recorder sample because the async queue is full or closed event=capture.gst.shared.bridge_recorder.drop output_path="recordings/freeze-test/eDP-1 bottom half.mov"
2026-04-14T14:32:34.507771342-04:00 WRN dropping shared bridge recorder sample because the async queue is full or closed event=capture.gst.shared.bridge_recorder.drop output_path="recordings/freeze-test/eDP-1 bottom half.mov"
2026-04-14T14:32:34.507810624-04:00 WRN dropping shared bridge recorder sample because the async queue is full or closed event=capture.gst.shared.bridge_recorder.drop output_path="recordings/freeze-test/eDP-1 bottom half.mov"
2026-04-14T14:32:34.507838875-04:00 WRN dropping shared bridge recorder sample because the async queue is full or closed event=capture.gst.shared.bridge_recorder.drop output_path="recordings/freeze-test/eDP-1 bottom half.mov"
2026-04-14T14:32:34.507878124-04:00 WRN dropping shared bridge recorder sample because the async queue is full or closed event=capture.gst.shared.bridge_recorder.drop output_path="recordings/freeze-test/eDP-1 bottom half.mov"
2026-04-14T14:32:34.507909359-04:00 WRN dropping shared bridge recorder sample because the async queue is full or closed event=capture.gst.shared.bridge_recorder.drop output_path="recordings/freeze-test/eDP-1 bottom half.mov"
2026-04-14T14:32:34.507943953-04:00 WRN dropping shared bridge recorder sample because the async queue is full or closed event=capture.gst.shared.bridge_recorder.drop output_path="recordings/freeze-test/eDP-1 bottom half.mov"
2026-04-14T14:32:34.507970944-04:00 WRN dropping shared bridge recorder sample because the async queue is full or closed event=capture.gst.shared.bridge_recorder.drop output_path="recordings/freeze-test/eDP-1 bottom half.mov"
2026-04-14T14:32:34.50800273-04:00 WRN dropping shared bridge recorder sample because the async queue is full or closed event=capture.gst.shared.bridge_recorder.drop output_path="recordings/freeze-test/eDP-1 bottom half.mov"
2026-04-14T14:32:34.508043979-04:00 WRN dropping shared bridge recorder sample because the async queue is full or closed event=capture.gst.shared.bridge_recorder.drop output_path="recordings/freeze-test/eDP-1 bottom half.mov"
2026-04-14T14:32:34.50807727-04:00 WRN dropping shared bridge recorder sample because the async queue is full or closed event=capture.gst.shared.bridge_recorder.drop output_path="recordings/freeze-test/eDP-1 bottom half.mov"
2026-04-14T14:32:34.508106642-04:00 WRN dropping shared bridge recorder sample because the async queue is full or closed event=capture.gst.shared.bridge_recorder.drop output_path="recordings/freeze-test/eDP-1 bottom half.mov"
2026-04-14T14:32:34.508147425-04:00 WRN dropping shared bridge recorder sample because the async queue is full or closed event=capture.gst.shared.bridge_recorder.drop output_path="recordings/freeze-test/eDP-1 bottom half.mov"
2026-04-14T14:32:34.508179906-04:00 WRN dropping shared bridge recorder sample because the async queue is full or closed event=capture.gst.shared.bridge_recorder.drop output_path="recordings/freeze-test/eDP-1 bottom half.mov"
2026-04-14T14:32:34.508208809-04:00 WRN dropping shared bridge recorder sample because the async queue is full or closed event=capture.gst.shared.bridge_recorder.drop output_path="recordings/freeze-test/eDP-1 bottom half.mov"
2026-04-14T14:32:34.508248614-04:00 WRN dropping shared bridge recorder sample because the async queue is full or closed event=capture.gst.shared.bridge_recorder.drop output_path="recordings/freeze-test/eDP-1 bottom half.mov"
2026-04-14T14:32:34.508279156-04:00 WRN dropping shared bridge recorder sample because the async queue is full or closed event=capture.gst.shared.bridge_recorder.drop output_path="recordings/freeze-test/eDP-1 bottom half.mov"
2026-04-14T14:32:34.508318005-04:00 WRN dropping shared bridge recorder sample because the async queue is full or closed event=capture.gst.shared.bridge_recorder.drop output_path="recordings/freeze-test/eDP-1 bottom half.mov"
2026-04-14T14:32:34.508350996-04:00 WRN dropping shared bridge recorder sample because the async queue is full or closed event=capture.gst.shared.bridge_recorder.drop output_path="recordings/freeze-test/eDP-1 bottom half.mov"
2026-04-14T14:32:34.50838201-04:00 WRN dropping shared bridge recorder sample because the async queue is full or closed event=capture.gst.shared.bridge_recorder.drop output_path="recordings/freeze-test/eDP-1 bottom half.mov"
2026-04-14T14:32:34.508424931-04:00 WRN dropping shared bridge recorder sample because the async queue is full or closed event=capture.gst.shared.bridge_recorder.drop output_path="recordings/freeze-test/eDP-1 bottom half.mov"
2026-04-14T14:32:34.508461576-04:00 WRN dropping shared bridge recorder sample because the async queue is full or closed event=capture.gst.shared.bridge_recorder.drop output_path="recordings/freeze-test/eDP-1 bottom half.mov"
2026-04-14T14:32:34.508498289-04:00 WRN dropping shared bridge recorder sample because the async queue is full or closed event=capture.gst.shared.bridge_recorder.drop output_path="recordings/freeze-test/eDP-1 bottom half.mov"
2026-04-14T14:32:34.508534181-04:00 WRN dropping shared bridge recorder sample because the async queue is full or closed event=capture.gst.shared.bridge_recorder.drop output_path="recordings/freeze-test/eDP-1 bottom half.mov"
2026-04-14T14:32:34.508566244-04:00 WRN dropping shared bridge recorder sample because the async queue is full or closed event=capture.gst.shared.bridge_recorder.drop output_path="recordings/freeze-test/eDP-1 bottom half.mov"
2026-04-14T14:32:34.508593634-04:00 WRN dropping shared bridge recorder sample because the async queue is full or closed event=capture.gst.shared.bridge_recorder.drop output_path="recordings/freeze-test/eDP-1 bottom half.mov"
2026-04-14T14:32:34.508626136-04:00 WRN dropping shared bridge recorder sample because the async queue is full or closed event=capture.gst.shared.bridge_recorder.drop output_path="recordings/freeze-test/eDP-1 bottom half.mov"
2026-04-14T14:32:34.508658218-04:00 WRN dropping shared bridge recorder sample because the async queue is full or closed event=capture.gst.shared.bridge_recorder.drop output_path="recordings/freeze-test/eDP-1 bottom half.mov"
2026-04-14T14:32:34.508688874-04:00 WRN dropping shared bridge recorder sample because the async queue is full or closed event=capture.gst.shared.bridge_recorder.drop output_path="recordings/freeze-test/eDP-1 bottom half.mov"
2026-04-14T14:32:34.508726006-04:00 WRN dropping shared bridge recorder sample because the async queue is full or closed event=capture.gst.shared.bridge_recorder.drop output_path="recordings/freeze-test/eDP-1 bottom half.mov"
2026-04-14T14:32:34.508755763-04:00 WRN dropping shared bridge recorder sample because the async queue is full or closed event=capture.gst.shared.bridge_recorder.drop output_path="recordings/freeze-test/eDP-1 bottom half.mov"
2026-04-14T14:32:34.508782961-04:00 WRN dropping shared bridge recorder sample because the async queue is full or closed event=capture.gst.shared.bridge_recorder.drop output_path="recordings/freeze-test/eDP-1 bottom half.mov"
2026-04-14T14:32:34.508813691-04:00 WRN dropping shared bridge recorder sample because the async queue is full or closed event=capture.gst.shared.bridge_recorder.drop output_path="recordings/freeze-test/eDP-1 bottom half.mov"
2026-04-14T14:32:34.508839432-04:00 WRN dropping shared bridge recorder sample because the async queue is full or closed event=capture.gst.shared.bridge_recorder.drop output_path="recordings/freeze-test/eDP-1 bottom half.mov"
2026-04-14T14:32:34.508872075-04:00 WRN dropping shared bridge recorder sample because the async queue is full or closed event=capture.gst.shared.bridge_recorder.drop output_path="recordings/freeze-test/eDP-1 bottom half.mov"
2026-04-14T14:32:34.508907627-04:00 WRN dropping shared bridge recorder sample because the async queue is full or closed event=capture.gst.shared.bridge_recorder.drop output_path="recordings/freeze-test/eDP-1 bottom half.mov"
2026-04-14T14:32:34.508937593-04:00 WRN dropping shared bridge recorder sample because the async queue is full or closed event=capture.gst.shared.bridge_recorder.drop output_path="recordings/freeze-test/eDP-1 bottom half.mov"
2026-04-14T14:32:34.508973868-04:00 WRN dropping shared bridge recorder sample because the async queue is full or closed event=capture.gst.shared.bridge_recorder.drop output_path="recordings/freeze-test/eDP-1 bottom half.mov"
2026-04-14T14:32:34.509007133-04:00 WRN dropping shared bridge recorder sample because the async queue is full or closed event=capture.gst.shared.bridge_recorder.drop output_path="recordings/freeze-test/eDP-1 bottom half.mov"
2026-04-14T14:32:34.509040133-04:00 WRN dropping shared bridge recorder sample because the async queue is full or closed event=capture.gst.shared.bridge_recorder.drop output_path="recordings/freeze-test/eDP-1 bottom half.mov"
2026-04-14T14:32:34.509074063-04:00 WRN dropping shared bridge recorder sample because the async queue is full or closed event=capture.gst.shared.bridge_recorder.drop output_path="recordings/freeze-test/eDP-1 bottom half.mov"
2026-04-14T14:32:34.509104087-04:00 WRN dropping shared bridge recorder sample because the async queue is full or closed event=capture.gst.shared.bridge_recorder.drop output_path="recordings/freeze-test/eDP-1 bottom half.mov"
2026-04-14T14:32:34.509321017-04:00 WRN dropping shared bridge recorder sample because the async queue is full or closed event=capture.gst.shared.bridge_recorder.drop output_path="recordings/freeze-test/eDP-1 bottom half.mov"
2026-04-14T14:32:34.509358671-04:00 WRN dropping shared bridge recorder sample because the async queue is full or closed event=capture.gst.shared.bridge_recorder.drop output_path="recordings/freeze-test/eDP-1 bottom half.mov"
2026-04-14T14:32:34.509398533-04:00 WRN dropping shared bridge recorder sample because the async queue is full or closed event=capture.gst.shared.bridge_recorder.drop output_path="recordings/freeze-test/eDP-1 bottom half.mov"
2026-04-14T14:32:34.509433773-04:00 WRN dropping shared bridge recorder sample because the async queue is full or closed event=capture.gst.shared.bridge_recorder.drop output_path="recordings/freeze-test/eDP-1 bottom half.mov"
2026-04-14T14:32:34.509473023-04:00 WRN dropping shared bridge recorder sample because the async queue is full or closed event=capture.gst.shared.bridge_recorder.drop output_path="recordings/freeze-test/eDP-1 bottom half.mov"
2026-04-14T14:32:34.509513176-04:00 WRN dropping shared bridge recorder sample because the async queue is full or closed event=capture.gst.shared.bridge_recorder.drop output_path="recordings/freeze-test/eDP-1 bottom half.mov"
2026-04-14T14:32:34.509542433-04:00 WRN dropping shared bridge recorder sample because the async queue is full or closed event=capture.gst.shared.bridge_recorder.drop output_path="recordings/freeze-test/eDP-1 bottom half.mov"
2026-04-14T14:32:34.509577264-04:00 WRN dropping shared bridge recorder sample because the async queue is full or closed event=capture.gst.shared.bridge_recorder.drop output_path="recordings/freeze-test/eDP-1 bottom half.mov"
2026-04-14T14:32:34.509605721-04:00 WRN dropping shared bridge recorder sample because the async queue is full or closed event=capture.gst.shared.bridge_recorder.drop output_path="recordings/freeze-test/eDP-1 bottom half.mov"
2026-04-14T14:32:34.509632699-04:00 WRN dropping shared bridge recorder sample because the async queue is full or closed event=capture.gst.shared.bridge_recorder.drop output_path="recordings/freeze-test/eDP-1 bottom half.mov"
2026-04-14T14:32:34.509671191-04:00 WRN dropping shared bridge recorder sample because the async queue is full or closed event=capture.gst.shared.bridge_recorder.drop output_path="recordings/freeze-test/eDP-1 bottom half.mov"
2026-04-14T14:32:34.509703572-04:00 WRN dropping shared bridge recorder sample because the async queue is full or closed event=capture.gst.shared.bridge_recorder.drop output_path="recordings/freeze-test/eDP-1 bottom half.mov"
2026-04-14T14:32:34.509734912-04:00 WRN dropping shared bridge recorder sample because the async queue is full or closed event=capture.gst.shared.bridge_recorder.drop output_path="recordings/freeze-test/eDP-1 bottom half.mov"
2026-04-14T14:32:34.5098099-04:00 WRN dropping shared bridge recorder sample because the async queue is full or closed event=capture.gst.shared.bridge_recorder.drop output_path="recordings/freeze-test/eDP-1 bottom half.mov"
2026-04-14T14:32:34.509849421-04:00 WRN dropping shared bridge recorder sample because the async queue is full or closed event=capture.gst.shared.bridge_recorder.drop output_path="recordings/freeze-test/eDP-1 bottom half.mov"
2026-04-14T14:32:34.509887922-04:00 WRN dropping shared bridge recorder sample because the async queue is full or closed event=capture.gst.shared.bridge_recorder.drop output_path="recordings/freeze-test/eDP-1 bottom half.mov"
2026-04-14T14:32:34.509923275-04:00 WRN dropping shared bridge recorder sample because the async queue is full or closed event=capture.gst.shared.bridge_recorder.drop output_path="recordings/freeze-test/eDP-1 bottom half.mov"
2026-04-14T14:32:34.509957152-04:00 WRN dropping shared bridge recorder sample because the async queue is full or closed event=capture.gst.shared.bridge_recorder.drop output_path="recordings/freeze-test/eDP-1 bottom half.mov"
2026-04-14T14:32:34.509991302-04:00 WRN dropping shared bridge recorder sample because the async queue is full or closed event=capture.gst.shared.bridge_recorder.drop output_path="recordings/freeze-test/eDP-1 bottom half.mov"
2026-04-14T14:32:34.510027113-04:00 WRN dropping shared bridge recorder sample because the async queue is full or closed event=capture.gst.shared.bridge_recorder.drop output_path="recordings/freeze-test/eDP-1 bottom half.mov"
2026-04-14T14:32:34.510056133-04:00 WRN dropping shared bridge recorder sample because the async queue is full or closed event=capture.gst.shared.bridge_recorder.drop output_path="recordings/freeze-test/eDP-1 bottom half.mov"
2026-04-14T14:32:34.510088024-04:00 WRN dropping shared bridge recorder sample because the async queue is full or closed event=capture.gst.shared.bridge_recorder.drop output_path="recordings/freeze-test/eDP-1 bottom half.mov"
2026-04-14T14:32:34.510123919-04:00 WRN dropping shared bridge recorder sample because the async queue is full or closed event=capture.gst.shared.bridge_recorder.drop output_path="recordings/freeze-test/eDP-1 bottom half.mov"
2026-04-14T14:32:34.51015551-04:00 WRN dropping shared bridge recorder sample because the async queue is full or closed event=capture.gst.shared.bridge_recorder.drop output_path="recordings/freeze-test/eDP-1 bottom half.mov"
2026-04-14T14:32:34.540985434-04:00 INF failed to parse audio level message event=recording.gst.audio_level.parse.failed rms="marshaling error: json: unsupported type: unsafe.Pointer" rms_type=unsafe.Pointer structure=level values="marshaling error: json: unsupported type: unsafe.Pointer"
2026-04-14T14:32:34.559850098-04:00 INF pushed buffer into experimental shared bridge recorder buffer_count=10 duration=41.666666 event=capture.gst.shared.bridge_recorder.push pts=374.999994
2026-04-14T14:32:34.587363744-04:00 INF http request duration=0.118452 method=GET path=/api/previews
2026-04-14T14:32:34.592544606-04:00 INF failed to parse audio level message event=recording.gst.audio_level.parse.failed rms="marshaling error: json: unsupported type: unsafe.Pointer" rms_type=unsafe.Pointer structure=level values="marshaling error: json: unsupported type: unsafe.Pointer"
2026-04-14T14:32:34.605887894-04:00 INF pushed buffer into experimental shared bridge recorder buffer_count=20 duration=41.666666 event=capture.gst.shared.bridge_recorder.push pts=791.666654
2026-04-14T14:32:34.638602345-04:00 INF failed to parse audio level message event=recording.gst.audio_level.parse.failed rms="marshaling error: json: unsupported type: unsafe.Pointer" rms_type=unsafe.Pointer structure=level values="marshaling error: json: unsupported type: unsafe.Pointer"
2026-04-14T14:32:34.685120347-04:00 INF failed to parse audio level message event=recording.gst.audio_level.parse.failed rms="marshaling error: json: unsupported type: unsafe.Pointer" rms_type=unsafe.Pointer structure=level values="marshaling error: json: unsupported type: unsafe.Pointer"
2026-04-14T14:32:34.736492324-04:00 INF failed to parse audio level message event=recording.gst.audio_level.parse.failed rms="marshaling error: json: unsupported type: unsafe.Pointer" rms_type=unsafe.Pointer structure=level values="marshaling error: json: unsupported type: unsafe.Pointer"
2026-04-14T14:32:34.782653097-04:00 INF failed to parse audio level message event=recording.gst.audio_level.parse.failed rms="marshaling error: json: unsupported type: unsafe.Pointer" rms_type=unsafe.Pointer structure=level values="marshaling error: json: unsupported type: unsafe.Pointer"
2026-04-14T14:32:34.828789161-04:00 INF failed to parse audio level message event=recording.gst.audio_level.parse.failed rms="marshaling error: json: unsupported type: unsafe.Pointer" rms_type=unsafe.Pointer structure=level values="marshaling error: json: unsupported type: unsafe.Pointer"
2026-04-14T14:32:34.87995-04:00 INF failed to parse audio level message event=recording.gst.audio_level.parse.failed rms="marshaling error: json: unsupported type: unsafe.Pointer" rms_type=unsafe.Pointer structure=level values="marshaling error: json: unsupported type: unsafe.Pointer"
2026-04-14T14:32:34.926153144-04:00 INF failed to parse audio level message event=recording.gst.audio_level.parse.failed rms="marshaling error: json: unsupported type: unsafe.Pointer" rms_type=unsafe.Pointer structure=level values="marshaling error: json: unsupported type: unsafe.Pointer"
2026-04-14T14:32:34.977238278-04:00 INF failed to parse audio level message event=recording.gst.audio_level.parse.failed rms="marshaling error: json: unsupported type: unsafe.Pointer" rms_type=unsafe.Pointer structure=level values="marshaling error: json: unsupported type: unsafe.Pointer"
2026-04-14T14:32:34.993920183-04:00 INF pushed buffer into experimental shared bridge recorder buffer_count=30 duration=41.666666 event=capture.gst.shared.bridge_recorder.push pts=1208.333314
2026-04-14T14:32:35.022973219-04:00 INF failed to parse audio level message event=recording.gst.audio_level.parse.failed rms="marshaling error: json: unsupported type: unsafe.Pointer" rms_type=unsafe.Pointer structure=level values="marshaling error: json: unsupported type: unsafe.Pointer"
2026-04-14T14:32:35.071564331-04:00 INF failed to parse audio level message event=recording.gst.audio_level.parse.failed rms="marshaling error: json: unsupported type: unsafe.Pointer" rms_type=unsafe.Pointer structure=level values="marshaling error: json: unsupported type: unsafe.Pointer"
2026-04-14T14:32:35.119777789-04:00 INF failed to parse audio level message event=recording.gst.audio_level.parse.failed rms="marshaling error: json: unsupported type: unsafe.Pointer" rms_type=unsafe.Pointer structure=level values="marshaling error: json: unsupported type: unsafe.Pointer"
2026-04-14T14:32:35.165386687-04:00 INF failed to parse audio level message event=recording.gst.audio_level.parse.failed rms="marshaling error: json: unsupported type: unsafe.Pointer" rms_type=unsafe.Pointer structure=level values="marshaling error: json: unsupported type: unsafe.Pointer"
2026-04-14T14:32:35.211232746-04:00 INF failed to parse audio level message event=recording.gst.audio_level.parse.failed rms="marshaling error: json: unsupported type: unsafe.Pointer" rms_type=unsafe.Pointer structure=level values="marshaling error: json: unsupported type: unsafe.Pointer"
2026-04-14T14:32:35.261871116-04:00 INF failed to parse audio level message event=recording.gst.audio_level.parse.failed rms="marshaling error: json: unsupported type: unsafe.Pointer" rms_type=unsafe.Pointer structure=level values="marshaling error: json: unsupported type: unsafe.Pointer"
2026-04-14T14:32:35.308295082-04:00 INF failed to parse audio level message event=recording.gst.audio_level.parse.failed rms="marshaling error: json: unsupported type: unsafe.Pointer" rms_type=unsafe.Pointer structure=level values="marshaling error: json: unsupported type: unsafe.Pointer"
2026-04-14T14:32:35.360624158-04:00 INF failed to parse audio level message event=recording.gst.audio_level.parse.failed rms="marshaling error: json: unsupported type: unsafe.Pointer" rms_type=unsafe.Pointer structure=level values="marshaling error: json: unsupported type: unsafe.Pointer"
2026-04-14T14:32:35.408629905-04:00 INF failed to parse audio level message event=recording.gst.audio_level.parse.failed rms="marshaling error: json: unsupported type: unsafe.Pointer" rms_type=unsafe.Pointer structure=level values="marshaling error: json: unsupported type: unsafe.Pointer"
2026-04-14T14:32:35.411731286-04:00 INF pushed buffer into experimental shared bridge recorder buffer_count=40 duration=41.666666 event=capture.gst.shared.bridge_recorder.push pts=1624.999974
2026-04-14T14:32:35.456209113-04:00 INF failed to parse audio level message event=recording.gst.audio_level.parse.failed rms="marshaling error: json: unsupported type: unsafe.Pointer" rms_type=unsafe.Pointer structure=level values="marshaling error: json: unsupported type: unsafe.Pointer"
2026-04-14T14:32:35.511374378-04:00 INF failed to parse audio level message event=recording.gst.audio_level.parse.failed rms="marshaling error: json: unsupported type: unsafe.Pointer" rms_type=unsafe.Pointer structure=level values="marshaling error: json: unsupported type: unsafe.Pointer"
2026-04-14T14:32:35.558091278-04:00 INF failed to parse audio level message event=recording.gst.audio_level.parse.failed rms="marshaling error: json: unsupported type: unsafe.Pointer" rms_type=unsafe.Pointer structure=level values="marshaling error: json: unsupported type: unsafe.Pointer"
2026-04-14T14:32:35.606065008-04:00 INF failed to parse audio level message event=recording.gst.audio_level.parse.failed rms="marshaling error: json: unsupported type: unsafe.Pointer" rms_type=unsafe.Pointer structure=level values="marshaling error: json: unsupported type: unsafe.Pointer"
2026-04-14T14:32:35.613104678-04:00 INF http request duration=0.140242 method=GET path=/api/previews/preview-bb149fdf80ab/screenshot
2026-04-14T14:32:35.660438765-04:00 INF failed to parse audio level message event=recording.gst.audio_level.parse.failed rms="marshaling error: json: unsupported type: unsafe.Pointer" rms_type=unsafe.Pointer structure=level values="marshaling error: json: unsupported type: unsafe.Pointer"
2026-04-14T14:32:35.71372095-04:00 INF failed to parse audio level message event=recording.gst.audio_level.parse.failed rms="marshaling error: json: unsupported type: unsafe.Pointer" rms_type=unsafe.Pointer structure=level values="marshaling error: json: unsupported type: unsafe.Pointer"
2026-04-14T14:32:35.761213388-04:00 INF failed to parse audio level message event=recording.gst.audio_level.parse.failed rms="marshaling error: json: unsupported type: unsafe.Pointer" rms_type=unsafe.Pointer structure=level values="marshaling error: json: unsupported type: unsafe.Pointer"
2026-04-14T14:32:35.813246038-04:00 INF failed to parse audio level message event=recording.gst.audio_level.parse.failed rms="marshaling error: json: unsupported type: unsafe.Pointer" rms_type=unsafe.Pointer structure=level values="marshaling error: json: unsupported type: unsafe.Pointer"
2026-04-14T14:32:35.839585526-04:00 INF pushed buffer into experimental shared bridge recorder buffer_count=50 duration=41.666666 event=capture.gst.shared.bridge_recorder.push pts=2041.666634
2026-04-14T14:32:35.862608772-04:00 INF failed to parse audio level message event=recording.gst.audio_level.parse.failed rms="marshaling error: json: unsupported type: unsafe.Pointer" rms_type=unsafe.Pointer structure=level values="marshaling error: json: unsupported type: unsafe.Pointer"
2026-04-14T14:32:35.879406521-04:00 INF http request duration=0.109601 method=GET path=/api/previews
2026-04-14T14:32:35.910415409-04:00 INF failed to parse audio level message event=recording.gst.audio_level.parse.failed rms="marshaling error: json: unsupported type: unsafe.Pointer" rms_type=unsafe.Pointer structure=level values="marshaling error: json: unsupported type: unsafe.Pointer"
2026-04-14T14:32:35.958299454-04:00 INF failed to parse audio level message event=recording.gst.audio_level.parse.failed rms="marshaling error: json: unsupported type: unsafe.Pointer" rms_type=unsafe.Pointer structure=level values="marshaling error: json: unsupported type: unsafe.Pointer"
2026-04-14T14:32:36.006077985-04:00 INF failed to parse audio level message event=recording.gst.audio_level.parse.failed rms="marshaling error: json: unsupported type: unsafe.Pointer" rms_type=unsafe.Pointer structure=level values="marshaling error: json: unsupported type: unsafe.Pointer"
2026-04-14T14:32:36.06870976-04:00 INF failed to parse audio level message event=recording.gst.audio_level.parse.failed rms="marshaling error: json: unsupported type: unsafe.Pointer" rms_type=unsafe.Pointer structure=level values="marshaling error: json: unsupported type: unsafe.Pointer"
2026-04-14T14:32:36.109593005-04:00 INF failed to parse audio level message event=recording.gst.audio_level.parse.failed rms="marshaling error: json: unsupported type: unsafe.Pointer" rms_type=unsafe.Pointer structure=level values="marshaling error: json: unsupported type: unsafe.Pointer"
2026-04-14T14:32:36.162794323-04:00 INF failed to parse audio level message event=recording.gst.audio_level.parse.failed rms="marshaling error: json: unsupported type: unsafe.Pointer" rms_type=unsafe.Pointer structure=level values="marshaling error: json: unsupported type: unsafe.Pointer"
2026-04-14T14:32:36.208759656-04:00 INF failed to parse audio level message event=recording.gst.audio_level.parse.failed rms="marshaling error: json: unsupported type: unsafe.Pointer" rms_type=unsafe.Pointer structure=level values="marshaling error: json: unsupported type: unsafe.Pointer"
2026-04-14T14:32:36.244514603-04:00 INF pushed buffer into experimental shared bridge recorder buffer_count=60 duration=41.666666 event=capture.gst.shared.bridge_recorder.push pts=2458.333294
2026-04-14T14:32:36.256638639-04:00 INF failed to parse audio level message event=recording.gst.audio_level.parse.failed rms="marshaling error: json: unsupported type: unsafe.Pointer" rms_type=unsafe.Pointer structure=level values="marshaling error: json: unsupported type: unsafe.Pointer"
2026-04-14T14:32:36.309936612-04:00 INF failed to parse audio level message event=recording.gst.audio_level.parse.failed rms="marshaling error: json: unsupported type: unsafe.Pointer" rms_type=unsafe.Pointer structure=level values="marshaling error: json: unsupported type: unsafe.Pointer"
2026-04-14T14:32:36.357852432-04:00 INF failed to parse audio level message event=recording.gst.audio_level.parse.failed rms="marshaling error: json: unsupported type: unsafe.Pointer" rms_type=unsafe.Pointer structure=level values="marshaling error: json: unsupported type: unsafe.Pointer"
2026-04-14T14:32:36.407364221-04:00 INF failed to parse audio level message event=recording.gst.audio_level.parse.failed rms="marshaling error: json: unsupported type: unsafe.Pointer" rms_type=unsafe.Pointer structure=level values="marshaling error: json: unsupported type: unsafe.Pointer"
2026-04-14T14:32:36.459508043-04:00 INF failed to parse audio level message event=recording.gst.audio_level.parse.failed rms="marshaling error: json: unsupported type: unsafe.Pointer" rms_type=unsafe.Pointer structure=level values="marshaling error: json: unsupported type: unsafe.Pointer"
2026-04-14T14:32:36.50732549-04:00 INF failed to parse audio level message event=recording.gst.audio_level.parse.failed rms="marshaling error: json: unsupported type: unsafe.Pointer" rms_type=unsafe.Pointer structure=level values="marshaling error: json: unsupported type: unsafe.Pointer"
2026-04-14T14:32:36.561065958-04:00 INF failed to parse audio level message event=recording.gst.audio_level.parse.failed rms="marshaling error: json: unsupported type: unsafe.Pointer" rms_type=unsafe.Pointer structure=level values="marshaling error: json: unsupported type: unsafe.Pointer"
2026-04-14T14:32:36.60881201-04:00 INF failed to parse audio level message event=recording.gst.audio_level.parse.failed rms="marshaling error: json: unsupported type: unsafe.Pointer" rms_type=unsafe.Pointer structure=level values="marshaling error: json: unsupported type: unsafe.Pointer"
2026-04-14T14:32:36.656584564-04:00 INF failed to parse audio level message event=recording.gst.audio_level.parse.failed rms="marshaling error: json: unsupported type: unsafe.Pointer" rms_type=unsafe.Pointer structure=level values="marshaling error: json: unsupported type: unsafe.Pointer"
2026-04-14T14:32:36.662551514-04:00 INF pushed buffer into experimental shared bridge recorder buffer_count=70 duration=41.666666 event=capture.gst.shared.bridge_recorder.push pts=2874.999954
2026-04-14T14:32:36.710050285-04:00 INF failed to parse audio level message event=recording.gst.audio_level.parse.failed rms="marshaling error: json: unsupported type: unsafe.Pointer" rms_type=unsafe.Pointer structure=level values="marshaling error: json: unsupported type: unsafe.Pointer"
2026-04-14T14:32:36.758181819-04:00 INF failed to parse audio level message event=recording.gst.audio_level.parse.failed rms="marshaling error: json: unsupported type: unsafe.Pointer" rms_type=unsafe.Pointer structure=level values="marshaling error: json: unsupported type: unsafe.Pointer"
2026-04-14T14:32:36.80559994-04:00 INF failed to parse audio level message event=recording.gst.audio_level.parse.failed rms="marshaling error: json: unsupported type: unsafe.Pointer" rms_type=unsafe.Pointer structure=level values="marshaling error: json: unsupported type: unsafe.Pointer"
2026-04-14T14:32:36.85925051-04:00 INF failed to parse audio level message event=recording.gst.audio_level.parse.failed rms="marshaling error: json: unsupported type: unsafe.Pointer" rms_type=unsafe.Pointer structure=level values="marshaling error: json: unsupported type: unsafe.Pointer"
2026-04-14T14:32:36.907359228-04:00 INF failed to parse audio level message event=recording.gst.audio_level.parse.failed rms="marshaling error: json: unsupported type: unsafe.Pointer" rms_type=unsafe.Pointer structure=level values="marshaling error: json: unsupported type: unsafe.Pointer"
2026-04-14T14:32:36.927568076-04:00 INF http request duration=0.144874 method=GET path=/api/previews/preview-bb149fdf80ab/screenshot
2026-04-14T14:32:36.960987935-04:00 INF failed to parse audio level message event=recording.gst.audio_level.parse.failed rms="marshaling error: json: unsupported type: unsafe.Pointer" rms_type=unsafe.Pointer structure=level values="marshaling error: json: unsupported type: unsafe.Pointer"
2026-04-14T14:32:37.004733331-04:00 INF failed to parse audio level message event=recording.gst.audio_level.parse.failed rms="marshaling error: json: unsupported type: unsafe.Pointer" rms_type=unsafe.Pointer structure=level values="marshaling error: json: unsupported type: unsafe.Pointer"
2026-04-14T14:32:37.05396577-04:00 INF failed to parse audio level message event=recording.gst.audio_level.parse.failed rms="marshaling error: json: unsupported type: unsafe.Pointer" rms_type=unsafe.Pointer structure=level values="marshaling error: json: unsupported type: unsafe.Pointer"
2026-04-14T14:32:37.082340539-04:00 INF pushed buffer into experimental shared bridge recorder buffer_count=80 duration=41.666666 event=capture.gst.shared.bridge_recorder.push pts=3291.666614
2026-04-14T14:32:37.102923789-04:00 INF failed to parse audio level message event=recording.gst.audio_level.parse.failed rms="marshaling error: json: unsupported type: unsafe.Pointer" rms_type=unsafe.Pointer structure=level values="marshaling error: json: unsupported type: unsafe.Pointer"
2026-04-14T14:32:37.13377339-04:00 INF http request duration=0.131694 method=GET path=/api/previews
2026-04-14T14:32:37.156737153-04:00 INF failed to parse audio level message event=recording.gst.audio_level.parse.failed rms="marshaling error: json: unsupported type: unsafe.Pointer" rms_type=unsafe.Pointer structure=level values="marshaling error: json: unsupported type: unsafe.Pointer"
2026-04-14T14:32:37.201432549-04:00 INF failed to parse audio level message event=recording.gst.audio_level.parse.failed rms="marshaling error: json: unsupported type: unsafe.Pointer" rms_type=unsafe.Pointer structure=level values="marshaling error: json: unsupported type: unsafe.Pointer"
2026-04-14T14:32:37.250427178-04:00 INF failed to parse audio level message event=recording.gst.audio_level.parse.failed rms="marshaling error: json: unsupported type: unsafe.Pointer" rms_type=unsafe.Pointer structure=level values="marshaling error: json: unsupported type: unsafe.Pointer"
2026-04-14T14:32:37.299501449-04:00 INF failed to parse audio level message event=recording.gst.audio_level.parse.failed rms="marshaling error: json: unsupported type: unsafe.Pointer" rms_type=unsafe.Pointer structure=level values="marshaling error: json: unsupported type: unsafe.Pointer"
2026-04-14T14:32:37.348734378-04:00 INF failed to parse audio level message event=recording.gst.audio_level.parse.failed rms="marshaling error: json: unsupported type: unsafe.Pointer" rms_type=unsafe.Pointer structure=level values="marshaling error: json: unsupported type: unsafe.Pointer"
2026-04-14T14:32:37.408666319-04:00 INF failed to parse audio level message event=recording.gst.audio_level.parse.failed rms="marshaling error: json: unsupported type: unsafe.Pointer" rms_type=unsafe.Pointer structure=level values="marshaling error: json: unsupported type: unsafe.Pointer"
2026-04-14T14:32:37.44688364-04:00 INF failed to parse audio level message event=recording.gst.audio_level.parse.failed rms="marshaling error: json: unsupported type: unsafe.Pointer" rms_type=unsafe.Pointer structure=level values="marshaling error: json: unsupported type: unsafe.Pointer"
2026-04-14T14:32:37.496482505-04:00 INF failed to parse audio level message event=recording.gst.audio_level.parse.failed rms="marshaling error: json: unsupported type: unsafe.Pointer" rms_type=unsafe.Pointer structure=level values="marshaling error: json: unsupported type: unsafe.Pointer"
2026-04-14T14:32:37.500104244-04:00 INF pushed buffer into experimental shared bridge recorder buffer_count=90 duration=41.666666 event=capture.gst.shared.bridge_recorder.push pts=3708.333274
2026-04-14T14:32:37.545366273-04:00 INF failed to parse audio level message event=recording.gst.audio_level.parse.failed rms="marshaling error: json: unsupported type: unsafe.Pointer" rms_type=unsafe.Pointer structure=level values="marshaling error: json: unsupported type: unsafe.Pointer"
2026-04-14T14:32:37.594352619-04:00 INF failed to parse audio level message event=recording.gst.audio_level.parse.failed rms="marshaling error: json: unsupported type: unsafe.Pointer" rms_type=unsafe.Pointer structure=level values="marshaling error: json: unsupported type: unsafe.Pointer"
2026-04-14T14:32:37.643539494-04:00 INF failed to parse audio level message event=recording.gst.audio_level.parse.failed rms="marshaling error: json: unsupported type: unsafe.Pointer" rms_type=unsafe.Pointer structure=level values="marshaling error: json: unsupported type: unsafe.Pointer"
2026-04-14T14:32:37.693025317-04:00 INF failed to parse audio level message event=recording.gst.audio_level.parse.failed rms="marshaling error: json: unsupported type: unsafe.Pointer" rms_type=unsafe.Pointer structure=level values="marshaling error: json: unsupported type: unsafe.Pointer"
2026-04-14T14:32:37.741807918-04:00 INF failed to parse audio level message event=recording.gst.audio_level.parse.failed rms="marshaling error: json: unsupported type: unsafe.Pointer" rms_type=unsafe.Pointer structure=level values="marshaling error: json: unsupported type: unsafe.Pointer"
2026-04-14T14:32:37.79088331-04:00 INF failed to parse audio level message event=recording.gst.audio_level.parse.failed rms="marshaling error: json: unsupported type: unsafe.Pointer" rms_type=unsafe.Pointer structure=level values="marshaling error: json: unsupported type: unsafe.Pointer"
2026-04-14T14:32:37.840153905-04:00 INF failed to parse audio level message event=recording.gst.audio_level.parse.failed rms="marshaling error: json: unsupported type: unsafe.Pointer" rms_type=unsafe.Pointer structure=level values="marshaling error: json: unsupported type: unsafe.Pointer"
2026-04-14T14:32:37.889214183-04:00 INF failed to parse audio level message event=recording.gst.audio_level.parse.failed rms="marshaling error: json: unsupported type: unsafe.Pointer" rms_type=unsafe.Pointer structure=level values="marshaling error: json: unsupported type: unsafe.Pointer"
2026-04-14T14:32:37.916307635-04:00 INF pushed buffer into experimental shared bridge recorder buffer_count=100 duration=41.666666 event=capture.gst.shared.bridge_recorder.push pts=4124.999934
2026-04-14T14:32:37.938259662-04:00 INF failed to parse audio level message event=recording.gst.audio_level.parse.failed rms="marshaling error: json: unsupported type: unsafe.Pointer" rms_type=unsafe.Pointer structure=level values="marshaling error: json: unsupported type: unsafe.Pointer"
2026-04-14T14:32:37.987566868-04:00 INF failed to parse audio level message event=recording.gst.audio_level.parse.failed rms="marshaling error: json: unsupported type: unsafe.Pointer" rms_type=unsafe.Pointer structure=level values="marshaling error: json: unsupported type: unsafe.Pointer"
2026-04-14T14:32:38.03673971-04:00 INF failed to parse audio level message event=recording.gst.audio_level.parse.failed rms="marshaling error: json: unsupported type: unsafe.Pointer" rms_type=unsafe.Pointer structure=level values="marshaling error: json: unsupported type: unsafe.Pointer"
2026-04-14T14:32:38.085818146-04:00 INF failed to parse audio level message event=recording.gst.audio_level.parse.failed rms="marshaling error: json: unsupported type: unsafe.Pointer" rms_type=unsafe.Pointer structure=level values="marshaling error: json: unsupported type: unsafe.Pointer"
2026-04-14T14:32:38.134935049-04:00 INF failed to parse audio level message event=recording.gst.audio_level.parse.failed rms="marshaling error: json: unsupported type: unsafe.Pointer" rms_type=unsafe.Pointer structure=level values="marshaling error: json: unsupported type: unsafe.Pointer"
2026-04-14T14:32:38.158916028-04:00 INF http request duration=0.114508 method=GET path=/api/previews/preview-bb149fdf80ab/screenshot
2026-04-14T14:32:38.184208766-04:00 INF failed to parse audio level message event=recording.gst.audio_level.parse.failed rms="marshaling error: json: unsupported type: unsafe.Pointer" rms_type=unsafe.Pointer structure=level values="marshaling error: json: unsupported type: unsafe.Pointer"
2026-04-14T14:32:38.250677009-04:00 INF failed to parse audio level message event=recording.gst.audio_level.parse.failed rms="marshaling error: json: unsupported type: unsafe.Pointer" rms_type=unsafe.Pointer structure=level values="marshaling error: json: unsupported type: unsafe.Pointer"
2026-04-14T14:32:38.283099567-04:00 INF failed to parse audio level message event=recording.gst.audio_level.parse.failed rms="marshaling error: json: unsupported type: unsafe.Pointer" rms_type=unsafe.Pointer structure=level values="marshaling error: json: unsupported type: unsafe.Pointer"
2026-04-14T14:32:38.331635919-04:00 INF failed to parse audio level message event=recording.gst.audio_level.parse.failed rms="marshaling error: json: unsupported type: unsafe.Pointer" rms_type=unsafe.Pointer structure=level values="marshaling error: json: unsupported type: unsafe.Pointer"
2026-04-14T14:32:38.332021473-04:00 INF pushed buffer into experimental shared bridge recorder buffer_count=110 duration=41.666666 event=capture.gst.shared.bridge_recorder.push pts=4541.666594
2026-04-14T14:32:38.372589897-04:00 INF http request duration=0.074175 method=GET path=/api/previews
2026-04-14T14:32:38.38063829-04:00 INF failed to parse audio level message event=recording.gst.audio_level.parse.failed rms="marshaling error: json: unsupported type: unsafe.Pointer" rms_type=unsafe.Pointer structure=level values="marshaling error: json: unsupported type: unsafe.Pointer"
2026-04-14T14:32:38.429911274-04:00 INF failed to parse audio level message event=recording.gst.audio_level.parse.failed rms="marshaling error: json: unsupported type: unsafe.Pointer" rms_type=unsafe.Pointer structure=level values="marshaling error: json: unsupported type: unsafe.Pointer"
2026-04-14T14:32:38.479138544-04:00 INF failed to parse audio level message event=recording.gst.audio_level.parse.failed rms="marshaling error: json: unsupported type: unsafe.Pointer" rms_type=unsafe.Pointer structure=level values="marshaling error: json: unsupported type: unsafe.Pointer"
2026-04-14T14:32:38.53569543-04:00 INF failed to parse audio level message event=recording.gst.audio_level.parse.failed rms="marshaling error: json: unsupported type: unsafe.Pointer" rms_type=unsafe.Pointer structure=level values="marshaling error: json: unsupported type: unsafe.Pointer"
2026-04-14T14:32:38.585000297-04:00 INF failed to parse audio level message event=recording.gst.audio_level.parse.failed rms="marshaling error: json: unsupported type: unsafe.Pointer" rms_type=unsafe.Pointer structure=level values="marshaling error: json: unsupported type: unsafe.Pointer"
2026-04-14T14:32:38.633952379-04:00 INF failed to parse audio level message event=recording.gst.audio_level.parse.failed rms="marshaling error: json: unsupported type: unsafe.Pointer" rms_type=unsafe.Pointer structure=level values="marshaling error: json: unsupported type: unsafe.Pointer"
2026-04-14T14:32:38.683409303-04:00 INF failed to parse audio level message event=recording.gst.audio_level.parse.failed rms="marshaling error: json: unsupported type: unsafe.Pointer" rms_type=unsafe.Pointer structure=level values="marshaling error: json: unsupported type: unsafe.Pointer"
2026-04-14T14:32:38.732572794-04:00 INF failed to parse audio level message event=recording.gst.audio_level.parse.failed rms="marshaling error: json: unsupported type: unsafe.Pointer" rms_type=unsafe.Pointer structure=level values="marshaling error: json: unsupported type: unsafe.Pointer"
2026-04-14T14:32:38.744917289-04:00 INF pushed buffer into experimental shared bridge recorder buffer_count=120 duration=41.666666 event=capture.gst.shared.bridge_recorder.push pts=4958.333254
2026-04-14T14:32:38.783811484-04:00 INF failed to parse audio level message event=recording.gst.audio_level.parse.failed rms="marshaling error: json: unsupported type: unsafe.Pointer" rms_type=unsafe.Pointer structure=level values="marshaling error: json: unsupported type: unsafe.Pointer"
2026-04-14T14:32:38.831025908-04:00 INF failed to parse audio level message event=recording.gst.audio_level.parse.failed rms="marshaling error: json: unsupported type: unsafe.Pointer" rms_type=unsafe.Pointer structure=level values="marshaling error: json: unsupported type: unsafe.Pointer"
2026-04-14T14:32:38.880549068-04:00 INF failed to parse audio level message event=recording.gst.audio_level.parse.failed rms="marshaling error: json: unsupported type: unsafe.Pointer" rms_type=unsafe.Pointer structure=level values="marshaling error: json: unsupported type: unsafe.Pointer"
2026-04-14T14:32:38.929390975-04:00 INF failed to parse audio level message event=recording.gst.audio_level.parse.failed rms="marshaling error: json: unsupported type: unsafe.Pointer" rms_type=unsafe.Pointer structure=level values="marshaling error: json: unsupported type: unsafe.Pointer"
2026-04-14T14:32:38.980213665-04:00 INF failed to parse audio level message event=recording.gst.audio_level.parse.failed rms="marshaling error: json: unsupported type: unsafe.Pointer" rms_type=unsafe.Pointer structure=level values="marshaling error: json: unsupported type: unsafe.Pointer"
2026-04-14T14:32:39.028008412-04:00 INF failed to parse audio level message event=recording.gst.audio_level.parse.failed rms="marshaling error: json: unsupported type: unsafe.Pointer" rms_type=unsafe.Pointer structure=level values="marshaling error: json: unsupported type: unsafe.Pointer"
2026-04-14T14:32:39.082344074-04:00 INF failed to parse audio level message event=recording.gst.audio_level.parse.failed rms="marshaling error: json: unsupported type: unsafe.Pointer" rms_type=unsafe.Pointer structure=level values="marshaling error: json: unsupported type: unsafe.Pointer"
2026-04-14T14:32:39.126292821-04:00 INF failed to parse audio level message event=recording.gst.audio_level.parse.failed rms="marshaling error: json: unsupported type: unsafe.Pointer" rms_type=unsafe.Pointer structure=level values="marshaling error: json: unsupported type: unsafe.Pointer"
2026-04-14T14:32:39.159727729-04:00 INF pushed buffer into experimental shared bridge recorder buffer_count=130 duration=41.666666 event=capture.gst.shared.bridge_recorder.push pts=5374.999914
2026-04-14T14:32:39.176770823-04:00 INF failed to parse audio level message event=recording.gst.audio_level.parse.failed rms="marshaling error: json: unsupported type: unsafe.Pointer" rms_type=unsafe.Pointer structure=level values="marshaling error: json: unsupported type: unsafe.Pointer"
2026-04-14T14:32:39.224968558-04:00 INF failed to parse audio level message event=recording.gst.audio_level.parse.failed rms="marshaling error: json: unsupported type: unsafe.Pointer" rms_type=unsafe.Pointer structure=level values="marshaling error: json: unsupported type: unsafe.Pointer"
2026-04-14T14:32:39.274480004-04:00 INF failed to parse audio level message event=recording.gst.audio_level.parse.failed rms="marshaling error: json: unsupported type: unsafe.Pointer" rms_type=unsafe.Pointer structure=level values="marshaling error: json: unsupported type: unsafe.Pointer"
2026-04-14T14:32:39.32586516-04:00 INF failed to parse audio level message event=recording.gst.audio_level.parse.failed rms="marshaling error: json: unsupported type: unsafe.Pointer" rms_type=unsafe.Pointer structure=level values="marshaling error: json: unsupported type: unsafe.Pointer"
2026-04-14T14:32:39.372511901-04:00 INF failed to parse audio level message event=recording.gst.audio_level.parse.failed rms="marshaling error: json: unsupported type: unsafe.Pointer" rms_type=unsafe.Pointer structure=level values="marshaling error: json: unsupported type: unsafe.Pointer"
2026-04-14T14:32:39.399248115-04:00 INF recording stop requested event=recording.session.stop.requested session_id=freeze-test state=running
2026-04-14T14:32:39.39940904-04:00 INF http request duration=0.168648 method=POST path=/api/recordings/stop
2026-04-14T14:32:39.399592626-04:00 INF recording session state updated active=true event=recording.session.state reason="context canceled" session_id=freeze-test state=stopping
2026-04-14T14:32:39.401277805-04:00 INF detached shared raw consumer consumer_id=raw-type-region-display--0-0-2 event=capture.gst.shared.raw.detach raw_consumer_count=0 signature=type=region|display=:0.0|device=|window=|size=|cursor=true|mirror=false|rect=0,960,2880,960 source_id=edp-1-bottom-half
2026-04-14T14:32:39.401350783-04:00 INF stopping experimental shared bridge recorder buffer_count=135 event=capture.gst.shared.bridge_recorder.stop
2026-04-14T14:32:39.410956598-04:00 INF failed to parse audio level message event=recording.gst.audio_level.parse.failed rms="marshaling error: json: unsupported type: unsafe.Pointer" rms_type=unsafe.Pointer structure=level values="marshaling error: json: unsupported type: unsafe.Pointer"
2026-04-14T14:32:40.268551213-04:00 INF recording session state updated active=false event=recording.session.state reason="context canceled" session_id=freeze-test state=finished
2026-04-14T14:32:40.268673699-04:00 INF recording session finished event=recording.session.finish finished_at=2026-04-14T14:32:40.268501348-04:00 reason="context canceled" session_id=freeze-test started_at=2026-04-14T14:32:34.398541012-04:00 state=finished
2026-04-14T14:32:41.411040988-04:00 INF http request duration=0.138697 method=GET path=/api/previews/preview-bb149fdf80ab/screenshot
2026-04-14T14:32:41.533196955-04:00 INF http request duration=0.062533 method=GET path=/api/previews
2026-04-14T14:32:42.548684993-04:00 INF http request duration=0.142309 method=GET path=/api/previews/preview-bb149fdf80ab/screenshot
2026-04-14T14:32:42.678505949-04:00 INF http request duration=0.077827 method=GET path=/api/previews
2026-04-14T14:32:43.706939327-04:00 INF http request duration=0.248915 method=GET path=/api/previews/preview-bb149fdf80ab/screenshot
2026-04-14T14:32:43.849519812-04:00 INF http request duration=0.080154 method=GET path=/api/previews
2026-04-14T14:32:44.862567208-04:00 INF cancelling audio telemetry runner during loop teardown device_id=default event=telemetry.audio.runner.cancel
2026-04-14T14:32:44.86255803-04:00 INF runtime shutdown triggered event=runtime.shutdown.begin reason="context canceled" shutdown_timeout=5000
2026-04-14T14:32:44.862560028-04:00 INF disk telemetry loop exiting event=telemetry.disk.exit reason="context canceled"
2026-04-14T14:32:44.862646615-04:00 INF http server shutdown starting event=runtime.http.shutdown.begin reason="context canceled"
2026-04-14T14:32:44.862712581-04:00 INF http server exited cleanly addr=:7785 event=runtime.http.exit
2026-04-14T14:32:44.862902254-04:00 INF detached shared preview consumer consumer_count=0 consumer_id=preview-type-display-display--0--1 event=capture.gst.shared.preview.detach signature=type=display|display=:0.0|device=|window=|size=|cursor=true|mirror=false source_id=desktop-1
2026-04-14T14:32:44.862923432-04:00 INF detached shared preview consumer consumer_count=0 consumer_id=preview-type-region-display--0-0-1 event=capture.gst.shared.preview.detach signature=type=region|display=:0.0|device=|window=|size=|cursor=true|mirror=false|rect=0,960,2880,960 source_id=edp-1-bottom-half
2026-04-14T14:32:44.862976568-04:00 INF preview finished event=preview.finish preview_id=preview-18daabfb09b6 reason="preview finished" source_id=desktop-1 state=finished
2026-04-14T14:32:44.86302606-04:00 INF removing preview from manager maps event=preview.cleanup preview_id=preview-18daabfb09b6 signature=18daabfb09b614b82fd3143976d062c588be9bf6
2026-04-14T14:32:44.863045464-04:00 INF preview finished event=preview.finish preview_id=preview-bb149fdf80ab reason="preview finished" source_id=edp-1-bottom-half state=finished
2026-04-14T14:32:44.8630707-04:00 INF removing preview from manager maps event=preview.cleanup preview_id=preview-bb149fdf80ab signature=bb149fdf80abba71207f79cb0153f85175ebb094
2026-04-14T14:32:44.863256699-04:00 INF parec read loop exiting after context cancellation device_id=default event=telemetry.process.read.exit reason="context canceled"
2026-04-14T14:32:44.863289716-04:00 INF waiting for parec audio telemetry process to exit device_id=default event=telemetry.process.wait.begin pid=94386
2026-04-14T14:32:44.863339224-04:00 INF parec audio telemetry process exited device_id=default event=telemetry.process.wait.done pid=94386 reason="context canceled"
2026-04-14T14:32:44.863358198-04:00 INF audio telemetry runner exited device_id=default event=telemetry.audio.runner.exit reason="context canceled"
2026-04-14T14:32:44.863377284-04:00 INF audio telemetry loop exiting event=telemetry.audio.exit reason="context canceled"
2026-04-14T14:32:44.863394237-04:00 INF telemetry manager run loop exited event=telemetry.run.exit reason="context canceled"
2026-04-14T14:32:44.863416869-04:00 INF telemetry manager exited event=runtime.telemetry.exit reason="context canceled"
2026-04-14T14:32:44.873383099-04:00 INF shutdown shared gstreamer video source event=capture.gst.shared.shutdown signature=type=region|display=:0.0|device=|window=|size=|cursor=true|mirror=false|rect=0,960,2880,960 source_id=edp-1-bottom-half
2026-04-14T14:32:44.87924814-04:00 INF shutdown shared gstreamer video source event=capture.gst.shared.shutdown signature=type=display|display=:0.0|device=|window=|size=|cursor=true|mirror=false source_id=desktop-1
2026-04-14T14:32:44.881570852-04:00 INF http request duration=13500.99553 method=GET path=/api/previews/preview-18daabfb09b6/mjpeg
2026-04-14T14:32:44.898717003-04:00 INF http server shutdown finished event=runtime.http.shutdown.done reason="context canceled"
2026-04-14T14:32:44.898785555-04:00 INF recording manager shutdown starting event=runtime.recordings.shutdown.begin
2026-04-14T14:32:44.898796831-04:00 INF recording manager shutdown starting active=false event=recording.shutdown.begin session_id=freeze-test state=finished
2026-04-14T14:32:44.898821157-04:00 INF recording manager shutdown finished event=recording.shutdown.done session_id=freeze-test
2026-04-14T14:32:44.898830824-04:00 INF recording manager shutdown finished event=runtime.recordings.shutdown.done
2026-04-14T14:32:44.898840296-04:00 INF preview manager shutdown starting event=runtime.previews.shutdown.begin
2026-04-14T14:32:44.898847295-04:00 INF preview manager shutdown requested with no active previews event=preview.shutdown.noop
2026-04-14T14:32:44.898853775-04:00 INF preview manager shutdown finished event=runtime.previews.shutdown.done
2026-04-14T14:32:44.898908679-04:00 INF waiting for runtime participant to exit event=runtime.participant.wait.begin participant="http server goroutine"
2026-04-14T14:32:44.898942667-04:00 INF runtime participant exited event=runtime.participant.wait.done participant="http server goroutine"
2026-04-14T14:32:44.898949917-04:00 INF waiting for telemetry goroutine to exit event=runtime.telemetry.wait.begin
2026-04-14T14:32:44.898956095-04:00 INF waiting for runtime participant to exit event=runtime.participant.wait.begin participant="telemetry goroutine"
2026-04-14T14:32:44.898964293-04:00 INF runtime participant exited event=runtime.participant.wait.done participant="telemetry goroutine"
2026-04-14T14:32:44.898975647-04:00 INF telemetry goroutine exited event=runtime.telemetry.wait.done
2026-04-14T14:32:44.898990956-04:00 INF runtime shutdown component summary event=runtime.shutdown.components recording_active=false recording_session_id=freeze-test remaining_previews=0
2026-04-14T14:32:44.899017025-04:00 INF server runtime exited cleanly event=runtime.shutdown.summary
