2026-04-14T14:28:11.714734383-04:00 INF recording and preview managers already bound to serve runtime context event=runtime.context.bind
2026-04-14T14:28:11.71481971-04:00 INF telemetry manager starting event=runtime.telemetry.start
2026-04-14T14:28:11.714875753-04:00 INF telemetry manager run loop starting event=telemetry.run.start
2026-04-14T14:28:11.7148213-04:00 INF web server starting addr=:7783 event=runtime.http.start initial_dsl_path= preview_limit=4 shutdown_timeout=5000 static_dir=
2026-04-14T14:28:11.714916596-04:00 INF audio telemetry loop starting event=telemetry.audio.start interval=500
2026-04-14T14:28:11.714916834-04:00 INF disk telemetry loop starting event=telemetry.disk.start interval=2000
2026-04-14T14:28:11.71495925-04:00 INF browser open scheduled delay=500 event=runtime.browser.open.begin
2026-04-14T14:28:12.215533286-04:00 INF opened browser event=runtime.browser.open.done pid=68177 url=http://localhost:7783
2026-04-14T14:28:12.700869404-04:00 INF http request duration=4.825123 method=GET path=/
2026-04-14T14:28:12.711178237-04:00 INF http request duration=1.903782 method=GET path=/api/healthz
2026-04-14T14:28:12.723337459-04:00 INF preview ensure requested dsl_bytes=1333 event=preview.ensure.requested source_id=measure-region
2026-04-14T14:28:12.723878353-04:00 INF created preview worker event=preview.ensure.created preview_id=preview-e7444805eb17 source_id=measure-region source_name="Measure Region" source_type=region
2026-04-14T14:28:12.747315683-04:00 INF configured videocrop for preview source crop_bottom=0 crop_left=0 crop_right=0 crop_top=960 event=preview.gst.crop.configure rect_h=960 rect_w=2880 rect_x=0 rect_y=960 root_height=1920 root_width=2880 source_id=measure-region source_type=region
2026-04-14T14:28:12.750904914-04:00 INF created shared gstreamer video source event=capture.gst.shared.acquire.created signature=type=region|display=:0|device=|window=|size=|cursor=true|mirror=false|rect=0,960,2880,960 source_id=measure-region source_type=region
2026-04-14T14:28:12.757519447-04:00 INF started shared gstreamer video source pipeline event=capture.gst.shared.start signature=type=region|display=:0|device=|window=|size=|cursor=true|mirror=false|rect=0,960,2880,960 source_id=measure-region source_type=region
2026-04-14T14:28:12.757634921-04:00 INF attached shared preview consumer consumer_count=1 consumer_id=preview-type-region-display--0-d-1 event=capture.gst.shared.preview.attach ref_count=1 signature=type=region|display=:0|device=|window=|size=|cursor=true|mirror=false|rect=0,960,2880,960 source_id=measure-region
2026-04-14T14:28:12.757680958-04:00 INF started gstreamer preview session on shared source event=preview.gst.start shared_signature=type=region|display=:0|device=|window=|size=|cursor=true|mirror=false|rect=0,960,2880,960 source_id=measure-region source_name="Measure Region" source_type=region
2026-04-14T14:28:12.757798693-04:00 INF http request duration=34.603604 method=POST path=/api/previews/ensure
2026-04-14T14:28:12.757822528-04:00 INF preview session waiting event=preview.run.begin preview_id=preview-e7444805eb17 source_id=measure-region
2026-04-14T14:28:12.845148512-04:00 INF http request duration=0.474441 method=GET path=/assets/index-ImqmwJvO.css
2026-04-14T14:28:12.847692452-04:00 INF http request duration=0.608496 method=GET path=/assets/index-B-jq6573.js
2026-04-14T14:28:13.01093688-04:00 INF http request duration=0.330954 method=GET path=/api/previews/preview-e7444805eb17/screenshot
2026-04-14T14:28:13.023740984-04:00 INF recording session starting event=recording.session.start grace_period=0 max_duration=8000 output_count=2 session_id=adaptive-preview-measure-after-current warning_count=0
2026-04-14T14:28:13.023914806-04:00 INF recording session worker running event=recording.session.run.begin session_id=adaptive-preview-measure-after-current
2026-04-14T14:28:13.024014879-04:00 INF http request duration=0.895269 method=POST path=/api/recordings/start
2026-04-14T14:28:13.02410072-04:00 INF reused shared gstreamer video source event=capture.gst.shared.acquire.reused ref_count=2 signature=type=region|display=:0|device=|window=|size=|cursor=true|mirror=false|rect=0,960,2880,960 source_id=measure-region source_type=region
2026-04-14T14:28:13.040232513-04:00 INF http request duration=0.341974 method=GET path=/api/previews/preview-e7444805eb17/screenshot
2026-04-14T14:28:13.052689981-04:00 INF attached shared raw consumer consumer_id=raw-type-region-display--0-d-2 event=capture.gst.shared.raw.attach raw_consumer_count=1 ref_count=2 signature=type=region|display=:0|device=|window=|size=|cursor=true|mirror=false|rect=0,960,2880,960 source_id=measure-region
2026-04-14T14:28:13.052764674-04:00 INF started experimental shared video recording bridge event=capture.gst.shared.recording_bridge.start fps=24 output_path="/home/manuel/code/wesen/2026-04-09--screencast-studio/ttmp/2026/04/13/SCS-0014--fix-preview-regressions-in-screencast-studio-web-ui/scripts/19-live-app-preview-recording-cpu-measure/results/20260414-142808/output/Measure Region.mov" signature=type=region|display=:0|device=|window=|size=|cursor=true|mirror=false|rect=0,960,2880,960 source_id=measure-region
2026-04-14T14:28:13.052804596-04:00 INF started gstreamer recording pipeline event=recording.gst.start output_path="/home/manuel/code/wesen/2026-04-09--screencast-studio/ttmp/2026/04/13/SCS-0014--fix-preview-regressions-in-screencast-studio-web-ui/scripts/19-live-app-preview-recording-cpu-measure/results/20260414-142808/output/Measure Region.mov" process_label="Measure Region" recording_mode=shared-source-bridge source_type=region
2026-04-14T14:28:13.066721238-04:00 INF started gstreamer audio recording pipeline event=recording.gst.start output_path=/home/manuel/code/wesen/2026-04-09--screencast-studio/ttmp/2026/04/13/SCS-0014--fix-preview-regressions-in-screencast-studio-web-ui/scripts/19-live-app-preview-recording-cpu-measure/results/20260414-142808/output/audio-mix.wav process_label=audio-mix source_count=1
2026-04-14T14:28:13.066835908-04:00 INF recording session state updated active=true event=recording.session.state reason="gstreamer recording session created" session_id=adaptive-preview-measure-after-current state=starting
2026-04-14T14:28:13.06688847-04:00 INF recording subprocess started event received event=recording.process.started output_path="/home/manuel/code/wesen/2026-04-09--screencast-studio/ttmp/2026/04/13/SCS-0014--fix-preview-regressions-in-screencast-studio-web-ui/scripts/19-live-app-preview-recording-cpu-measure/results/20260414-142808/output/Measure Region.mov" process_label="Measure Region" session_id=adaptive-preview-measure-after-current
2026-04-14T14:28:13.066915538-04:00 INF recording subprocess started event received event=recording.process.started output_path=/home/manuel/code/wesen/2026-04-09--screencast-studio/ttmp/2026/04/13/SCS-0014--fix-preview-regressions-in-screencast-studio-web-ui/scripts/19-live-app-preview-recording-cpu-measure/results/20260414-142808/output/audio-mix.wav process_label=audio-mix session_id=adaptive-preview-measure-after-current
2026-04-14T14:28:13.066936459-04:00 INF recording session state updated active=true event=recording.session.state reason="all gstreamer recording pipelines started" session_id=adaptive-preview-measure-after-current state=running
2026-04-14T14:28:13.171163906-04:00 INF started experimental shared bridge recorder pipeline caps="video/x-raw, width=(int)2880, height=(int)960, framerate=(fraction)24/1, pixel-aspect-ratio=(fraction)1/1, format=(string)I420" event=capture.gst.shared.bridge_recorder.start fps=24 output_path="/home/manuel/code/wesen/2026-04-09--screencast-studio/ttmp/2026/04/13/SCS-0014--fix-preview-regressions-in-screencast-studio-web-ui/scripts/19-live-app-preview-recording-cpu-measure/results/20260414-142808/output/Measure Region.mov"
2026-04-14T14:28:13.171542854-04:00 INF pushed buffer into experimental shared bridge recorder buffer_count=1 duration=41.666666 event=capture.gst.shared.bridge_recorder.push pts=0
2026-04-14T14:28:13.178552991-04:00 INF failed to parse audio level message event=recording.gst.audio_level.parse.failed rms="marshaling error: json: unsupported type: unsafe.Pointer" rms_type=unsafe.Pointer structure=level values="marshaling error: json: unsupported type: unsafe.Pointer"
2026-04-14T14:28:13.22651654-04:00 INF failed to parse audio level message event=recording.gst.audio_level.parse.failed rms="marshaling error: json: unsupported type: unsafe.Pointer" rms_type=unsafe.Pointer structure=level values="marshaling error: json: unsupported type: unsafe.Pointer"
2026-04-14T14:28:13.230692702-04:00 INF pushed buffer into experimental shared bridge recorder buffer_count=10 duration=41.666666 event=capture.gst.shared.bridge_recorder.push pts=374.999994
2026-04-14T14:28:13.277760093-04:00 INF failed to parse audio level message event=recording.gst.audio_level.parse.failed rms="marshaling error: json: unsupported type: unsafe.Pointer" rms_type=unsafe.Pointer structure=level values="marshaling error: json: unsupported type: unsafe.Pointer"
2026-04-14T14:28:13.286407266-04:00 INF http request duration=0.159084 method=GET path=/api/recordings/current
2026-04-14T14:28:13.323851539-04:00 INF failed to parse audio level message event=recording.gst.audio_level.parse.failed rms="marshaling error: json: unsupported type: unsafe.Pointer" rms_type=unsafe.Pointer structure=level values="marshaling error: json: unsupported type: unsafe.Pointer"
2026-04-14T14:28:13.370196417-04:00 INF failed to parse audio level message event=recording.gst.audio_level.parse.failed rms="marshaling error: json: unsupported type: unsafe.Pointer" rms_type=unsafe.Pointer structure=level values="marshaling error: json: unsupported type: unsafe.Pointer"
2026-04-14T14:28:13.380851572-04:00 INF http request duration=0.111007 method=GET path=/vite.svg
2026-04-14T14:28:13.421917029-04:00 INF failed to parse audio level message event=recording.gst.audio_level.parse.failed rms="marshaling error: json: unsupported type: unsafe.Pointer" rms_type=unsafe.Pointer structure=level values="marshaling error: json: unsupported type: unsafe.Pointer"
2026-04-14T14:28:13.453342783-04:00 INF http request duration=0.052108 method=GET path=/api/healthz
2026-04-14T14:28:13.453829385-04:00 INF http request duration=0.073195 method=GET path=/api/recordings/current
2026-04-14T14:28:13.468607817-04:00 INF failed to parse audio level message event=recording.gst.audio_level.parse.failed rms="marshaling error: json: unsupported type: unsafe.Pointer" rms_type=unsafe.Pointer structure=level values="marshaling error: json: unsupported type: unsafe.Pointer"
2026-04-14T14:28:13.488043058-04:00 INF http request duration=0.166784 method=GET path=/api/recordings/current
2026-04-14T14:28:13.519365938-04:00 INF failed to parse audio level message event=recording.gst.audio_level.parse.failed rms="marshaling error: json: unsupported type: unsafe.Pointer" rms_type=unsafe.Pointer structure=level values="marshaling error: json: unsupported type: unsafe.Pointer"
2026-04-14T14:28:13.566924113-04:00 INF failed to parse audio level message event=recording.gst.audio_level.parse.failed rms="marshaling error: json: unsupported type: unsafe.Pointer" rms_type=unsafe.Pointer structure=level values="marshaling error: json: unsupported type: unsafe.Pointer"
2026-04-14T14:28:13.614703165-04:00 INF failed to parse audio level message event=recording.gst.audio_level.parse.failed rms="marshaling error: json: unsupported type: unsafe.Pointer" rms_type=unsafe.Pointer structure=level values="marshaling error: json: unsupported type: unsafe.Pointer"
2026-04-14T14:28:13.626134582-04:00 INF pushed buffer into experimental shared bridge recorder buffer_count=20 duration=41.666666 event=capture.gst.shared.bridge_recorder.push pts=791.666654
2026-04-14T14:28:13.635044173-04:00 INF http request duration=181.66163 method=GET path=/api/discovery
2026-04-14T14:28:13.664305993-04:00 INF failed to parse audio level message event=recording.gst.audio_level.parse.failed rms="marshaling error: json: unsupported type: unsafe.Pointer" rms_type=unsafe.Pointer structure=level values="marshaling error: json: unsupported type: unsafe.Pointer"
2026-04-14T14:28:13.693435699-04:00 INF http request duration=0.127581 method=GET path=/api/recordings/current
2026-04-14T14:28:13.710604535-04:00 INF failed to parse audio level message event=recording.gst.audio_level.parse.failed rms="marshaling error: json: unsupported type: unsafe.Pointer" rms_type=unsafe.Pointer structure=level values="marshaling error: json: unsupported type: unsafe.Pointer"
2026-04-14T14:28:13.757171661-04:00 INF failed to parse audio level message event=recording.gst.audio_level.parse.failed rms="marshaling error: json: unsupported type: unsafe.Pointer" rms_type=unsafe.Pointer structure=level values="marshaling error: json: unsupported type: unsafe.Pointer"
2026-04-14T14:28:13.807814349-04:00 INF failed to parse audio level message event=recording.gst.audio_level.parse.failed rms="marshaling error: json: unsupported type: unsafe.Pointer" rms_type=unsafe.Pointer structure=level values="marshaling error: json: unsupported type: unsafe.Pointer"
2026-04-14T14:28:13.853785212-04:00 INF failed to parse audio level message event=recording.gst.audio_level.parse.failed rms="marshaling error: json: unsupported type: unsafe.Pointer" rms_type=unsafe.Pointer structure=level values="marshaling error: json: unsupported type: unsafe.Pointer"
2026-04-14T14:28:13.894994085-04:00 INF http request duration=0.111926 method=GET path=/api/recordings/current
2026-04-14T14:28:13.899675458-04:00 INF failed to parse audio level message event=recording.gst.audio_level.parse.failed rms="marshaling error: json: unsupported type: unsafe.Pointer" rms_type=unsafe.Pointer structure=level values="marshaling error: json: unsupported type: unsafe.Pointer"
2026-04-14T14:28:13.921807583-04:00 INF http request duration=0.664062 method=POST path=/api/setup/normalize
2026-04-14T14:28:13.922421684-04:00 INF http request duration=0.433989 method=POST path=/api/setup/compile
2026-04-14T14:28:13.948930603-04:00 INF preview ensure requested dsl_bytes=877 event=preview.ensure.requested source_id=desktop-1
2026-04-14T14:28:13.94933327-04:00 INF created preview worker event=preview.ensure.created preview_id=preview-18daabfb09b6 source_id=desktop-1 source_name="Full Desktop" source_type=display
2026-04-14T14:28:13.9506697-04:00 INF failed to parse audio level message event=recording.gst.audio_level.parse.failed rms="marshaling error: json: unsupported type: unsafe.Pointer" rms_type=unsafe.Pointer structure=level values="marshaling error: json: unsupported type: unsafe.Pointer"
2026-04-14T14:28:13.952214736-04:00 INF created shared gstreamer video source event=capture.gst.shared.acquire.created signature=type=display|display=:0.0|device=|window=|size=|cursor=true|mirror=false source_id=desktop-1 source_type=display
2026-04-14T14:28:13.970763111-04:00 INF started shared gstreamer video source pipeline event=capture.gst.shared.start signature=type=display|display=:0.0|device=|window=|size=|cursor=true|mirror=false source_id=desktop-1 source_type=display
2026-04-14T14:28:13.970942194-04:00 INF attached shared preview consumer consumer_count=1 consumer_id=preview-type-display-display--0--1 event=capture.gst.shared.preview.attach ref_count=1 signature=type=display|display=:0.0|device=|window=|size=|cursor=true|mirror=false source_id=desktop-1
2026-04-14T14:28:13.970995192-04:00 INF started gstreamer preview session on shared source event=preview.gst.start shared_signature=type=display|display=:0.0|device=|window=|size=|cursor=true|mirror=false source_id=desktop-1 source_name="Full Desktop" source_type=display
2026-04-14T14:28:13.971075803-04:00 INF http request duration=22.198611 method=POST path=/api/previews/ensure
2026-04-14T14:28:13.971133788-04:00 INF preview session waiting event=preview.run.begin preview_id=preview-18daabfb09b6 source_id=desktop-1
2026-04-14T14:28:13.996496863-04:00 INF failed to parse audio level message event=recording.gst.audio_level.parse.failed rms="marshaling error: json: unsupported type: unsafe.Pointer" rms_type=unsafe.Pointer structure=level values="marshaling error: json: unsupported type: unsafe.Pointer"
2026-04-14T14:28:14.038118041-04:00 INF pushed buffer into experimental shared bridge recorder buffer_count=30 duration=41.666666 event=capture.gst.shared.bridge_recorder.push pts=1208.333314
2026-04-14T14:28:14.047565766-04:00 INF failed to parse audio level message event=recording.gst.audio_level.parse.failed rms="marshaling error: json: unsupported type: unsafe.Pointer" rms_type=unsafe.Pointer structure=level values="marshaling error: json: unsupported type: unsafe.Pointer"
2026-04-14T14:28:14.096351682-04:00 INF failed to parse audio level message event=recording.gst.audio_level.parse.failed rms="marshaling error: json: unsupported type: unsafe.Pointer" rms_type=unsafe.Pointer structure=level values="marshaling error: json: unsupported type: unsafe.Pointer"
2026-04-14T14:28:14.097092372-04:00 INF http request duration=0.086547 method=GET path=/api/recordings/current
2026-04-14T14:28:14.140022836-04:00 INF failed to parse audio level message event=recording.gst.audio_level.parse.failed rms="marshaling error: json: unsupported type: unsafe.Pointer" rms_type=unsafe.Pointer structure=level values="marshaling error: json: unsupported type: unsafe.Pointer"
2026-04-14T14:28:14.193174018-04:00 INF failed to parse audio level message event=recording.gst.audio_level.parse.failed rms="marshaling error: json: unsupported type: unsafe.Pointer" rms_type=unsafe.Pointer structure=level values="marshaling error: json: unsupported type: unsafe.Pointer"
2026-04-14T14:28:14.215133133-04:00 INF starting audio telemetry runner device_id=default event=telemetry.audio.runner.start
2026-04-14T14:28:14.215242627-04:00 INF starting parec audio telemetry process argv=["parec","--device=default","--format=s16le","--rate=16000","--channels=2","--raw"] device_id=default event=telemetry.process.start.requested
2026-04-14T14:28:14.215787084-04:00 INF parec audio telemetry process started device_id=default event=telemetry.process.start.done pid=68734
2026-04-14T14:28:14.246649682-04:00 INF failed to parse audio level message event=recording.gst.audio_level.parse.failed rms="marshaling error: json: unsupported type: unsafe.Pointer" rms_type=unsafe.Pointer structure=level values="marshaling error: json: unsupported type: unsafe.Pointer"
2026-04-14T14:28:14.289500754-04:00 INF failed to parse audio level message event=recording.gst.audio_level.parse.failed rms="marshaling error: json: unsupported type: unsafe.Pointer" rms_type=unsafe.Pointer structure=level values="marshaling error: json: unsupported type: unsafe.Pointer"
2026-04-14T14:28:14.29826184-04:00 INF http request duration=0.090069 method=GET path=/api/recordings/current
2026-04-14T14:28:14.342868374-04:00 INF failed to parse audio level message event=recording.gst.audio_level.parse.failed rms="marshaling error: json: unsupported type: unsafe.Pointer" rms_type=unsafe.Pointer structure=level values="marshaling error: json: unsupported type: unsafe.Pointer"
2026-04-14T14:28:14.394705601-04:00 INF failed to parse audio level message event=recording.gst.audio_level.parse.failed rms="marshaling error: json: unsupported type: unsafe.Pointer" rms_type=unsafe.Pointer structure=level values="marshaling error: json: unsupported type: unsafe.Pointer"
2026-04-14T14:28:14.444130886-04:00 INF failed to parse audio level message event=recording.gst.audio_level.parse.failed rms="marshaling error: json: unsupported type: unsafe.Pointer" rms_type=unsafe.Pointer structure=level values="marshaling error: json: unsupported type: unsafe.Pointer"
2026-04-14T14:28:14.451922146-04:00 INF pushed buffer into experimental shared bridge recorder buffer_count=40 duration=41.666666 event=capture.gst.shared.bridge_recorder.push pts=1624.999974
2026-04-14T14:28:14.493352925-04:00 INF failed to parse audio level message event=recording.gst.audio_level.parse.failed rms="marshaling error: json: unsupported type: unsafe.Pointer" rms_type=unsafe.Pointer structure=level values="marshaling error: json: unsupported type: unsafe.Pointer"
2026-04-14T14:28:14.499591811-04:00 INF http request duration=0.121189 method=GET path=/api/recordings/current
2026-04-14T14:28:14.53996578-04:00 INF failed to parse audio level message event=recording.gst.audio_level.parse.failed rms="marshaling error: json: unsupported type: unsafe.Pointer" rms_type=unsafe.Pointer structure=level values="marshaling error: json: unsupported type: unsafe.Pointer"
2026-04-14T14:28:14.593432312-04:00 INF failed to parse audio level message event=recording.gst.audio_level.parse.failed rms="marshaling error: json: unsupported type: unsafe.Pointer" rms_type=unsafe.Pointer structure=level values="marshaling error: json: unsupported type: unsafe.Pointer"
2026-04-14T14:28:14.64192438-04:00 INF failed to parse audio level message event=recording.gst.audio_level.parse.failed rms="marshaling error: json: unsupported type: unsafe.Pointer" rms_type=unsafe.Pointer structure=level values="marshaling error: json: unsupported type: unsafe.Pointer"
2026-04-14T14:28:14.68915706-04:00 INF failed to parse audio level message event=recording.gst.audio_level.parse.failed rms="marshaling error: json: unsupported type: unsafe.Pointer" rms_type=unsafe.Pointer structure=level values="marshaling error: json: unsupported type: unsafe.Pointer"
2026-04-14T14:28:14.700919066-04:00 INF http request duration=0.102779 method=GET path=/api/recordings/current
2026-04-14T14:28:14.746989299-04:00 INF failed to parse audio level message event=recording.gst.audio_level.parse.failed rms="marshaling error: json: unsupported type: unsafe.Pointer" rms_type=unsafe.Pointer structure=level values="marshaling error: json: unsupported type: unsafe.Pointer"
2026-04-14T14:28:14.794708627-04:00 INF failed to parse audio level message event=recording.gst.audio_level.parse.failed rms="marshaling error: json: unsupported type: unsafe.Pointer" rms_type=unsafe.Pointer structure=level values="marshaling error: json: unsupported type: unsafe.Pointer"
2026-04-14T14:28:14.844397942-04:00 INF failed to parse audio level message event=recording.gst.audio_level.parse.failed rms="marshaling error: json: unsupported type: unsafe.Pointer" rms_type=unsafe.Pointer structure=level values="marshaling error: json: unsupported type: unsafe.Pointer"
2026-04-14T14:28:14.861442736-04:00 INF pushed buffer into experimental shared bridge recorder buffer_count=50 duration=41.666666 event=capture.gst.shared.bridge_recorder.push pts=2041.666634
2026-04-14T14:28:14.892189165-04:00 INF failed to parse audio level message event=recording.gst.audio_level.parse.failed rms="marshaling error: json: unsupported type: unsafe.Pointer" rms_type=unsafe.Pointer structure=level values="marshaling error: json: unsupported type: unsafe.Pointer"
2026-04-14T14:28:14.902387432-04:00 INF http request duration=0.105841 method=GET path=/api/recordings/current
2026-04-14T14:28:14.940054757-04:00 INF failed to parse audio level message event=recording.gst.audio_level.parse.failed rms="marshaling error: json: unsupported type: unsafe.Pointer" rms_type=unsafe.Pointer structure=level values="marshaling error: json: unsupported type: unsafe.Pointer"
2026-04-14T14:28:14.993771846-04:00 INF failed to parse audio level message event=recording.gst.audio_level.parse.failed rms="marshaling error: json: unsupported type: unsafe.Pointer" rms_type=unsafe.Pointer structure=level values="marshaling error: json: unsupported type: unsafe.Pointer"
2026-04-14T14:28:15.041419098-04:00 INF failed to parse audio level message event=recording.gst.audio_level.parse.failed rms="marshaling error: json: unsupported type: unsafe.Pointer" rms_type=unsafe.Pointer structure=level values="marshaling error: json: unsupported type: unsafe.Pointer"
2026-04-14T14:28:15.089512597-04:00 INF failed to parse audio level message event=recording.gst.audio_level.parse.failed rms="marshaling error: json: unsupported type: unsafe.Pointer" rms_type=unsafe.Pointer structure=level values="marshaling error: json: unsupported type: unsafe.Pointer"
2026-04-14T14:28:15.106302554-04:00 INF http request duration=0.124783 method=GET path=/api/recordings/current
2026-04-14T14:28:15.146803313-04:00 INF failed to parse audio level message event=recording.gst.audio_level.parse.failed rms="marshaling error: json: unsupported type: unsafe.Pointer" rms_type=unsafe.Pointer structure=level values="marshaling error: json: unsupported type: unsafe.Pointer"
2026-04-14T14:28:15.195817898-04:00 INF failed to parse audio level message event=recording.gst.audio_level.parse.failed rms="marshaling error: json: unsupported type: unsafe.Pointer" rms_type=unsafe.Pointer structure=level values="marshaling error: json: unsupported type: unsafe.Pointer"
2026-04-14T14:28:15.248791952-04:00 INF failed to parse audio level message event=recording.gst.audio_level.parse.failed rms="marshaling error: json: unsupported type: unsafe.Pointer" rms_type=unsafe.Pointer structure=level values="marshaling error: json: unsupported type: unsafe.Pointer"
2026-04-14T14:28:15.286958438-04:00 INF pushed buffer into experimental shared bridge recorder buffer_count=60 duration=41.666666 event=capture.gst.shared.bridge_recorder.push pts=2458.333294
2026-04-14T14:28:15.292662295-04:00 INF failed to parse audio level message event=recording.gst.audio_level.parse.failed rms="marshaling error: json: unsupported type: unsafe.Pointer" rms_type=unsafe.Pointer structure=level values="marshaling error: json: unsupported type: unsafe.Pointer"
2026-04-14T14:28:15.307783371-04:00 INF http request duration=0.13677 method=GET path=/api/recordings/current
2026-04-14T14:28:15.340184584-04:00 INF failed to parse audio level message event=recording.gst.audio_level.parse.failed rms="marshaling error: json: unsupported type: unsafe.Pointer" rms_type=unsafe.Pointer structure=level values="marshaling error: json: unsupported type: unsafe.Pointer"
2026-04-14T14:28:15.393528914-04:00 INF failed to parse audio level message event=recording.gst.audio_level.parse.failed rms="marshaling error: json: unsupported type: unsafe.Pointer" rms_type=unsafe.Pointer structure=level values="marshaling error: json: unsupported type: unsafe.Pointer"
2026-04-14T14:28:15.448241985-04:00 INF failed to parse audio level message event=recording.gst.audio_level.parse.failed rms="marshaling error: json: unsupported type: unsafe.Pointer" rms_type=unsafe.Pointer structure=level values="marshaling error: json: unsupported type: unsafe.Pointer"
2026-04-14T14:28:15.489543196-04:00 INF failed to parse audio level message event=recording.gst.audio_level.parse.failed rms="marshaling error: json: unsupported type: unsafe.Pointer" rms_type=unsafe.Pointer structure=level values="marshaling error: json: unsupported type: unsafe.Pointer"
2026-04-14T14:28:15.509107073-04:00 INF http request duration=0.106417 method=GET path=/api/recordings/current
2026-04-14T14:28:15.543165756-04:00 INF failed to parse audio level message event=recording.gst.audio_level.parse.failed rms="marshaling error: json: unsupported type: unsafe.Pointer" rms_type=unsafe.Pointer structure=level values="marshaling error: json: unsupported type: unsafe.Pointer"
2026-04-14T14:28:15.5908028-04:00 INF failed to parse audio level message event=recording.gst.audio_level.parse.failed rms="marshaling error: json: unsupported type: unsafe.Pointer" rms_type=unsafe.Pointer structure=level values="marshaling error: json: unsupported type: unsafe.Pointer"
2026-04-14T14:28:15.644283344-04:00 INF failed to parse audio level message event=recording.gst.audio_level.parse.failed rms="marshaling error: json: unsupported type: unsafe.Pointer" rms_type=unsafe.Pointer structure=level values="marshaling error: json: unsupported type: unsafe.Pointer"
2026-04-14T14:28:15.691938648-04:00 INF failed to parse audio level message event=recording.gst.audio_level.parse.failed rms="marshaling error: json: unsupported type: unsafe.Pointer" rms_type=unsafe.Pointer structure=level values="marshaling error: json: unsupported type: unsafe.Pointer"
2026-04-14T14:28:15.694187636-04:00 INF pushed buffer into experimental shared bridge recorder buffer_count=70 duration=41.666666 event=capture.gst.shared.bridge_recorder.push pts=2874.999954
2026-04-14T14:28:15.71055326-04:00 INF http request duration=0.137856 method=GET path=/api/recordings/current
2026-04-14T14:28:15.741094923-04:00 INF failed to parse audio level message event=recording.gst.audio_level.parse.failed rms="marshaling error: json: unsupported type: unsafe.Pointer" rms_type=unsafe.Pointer structure=level values="marshaling error: json: unsupported type: unsafe.Pointer"
2026-04-14T14:28:15.791968516-04:00 INF failed to parse audio level message event=recording.gst.audio_level.parse.failed rms="marshaling error: json: unsupported type: unsafe.Pointer" rms_type=unsafe.Pointer structure=level values="marshaling error: json: unsupported type: unsafe.Pointer"
2026-04-14T14:28:15.844918432-04:00 INF failed to parse audio level message event=recording.gst.audio_level.parse.failed rms="marshaling error: json: unsupported type: unsafe.Pointer" rms_type=unsafe.Pointer structure=level values="marshaling error: json: unsupported type: unsafe.Pointer"
2026-04-14T14:28:15.890566067-04:00 INF failed to parse audio level message event=recording.gst.audio_level.parse.failed rms="marshaling error: json: unsupported type: unsafe.Pointer" rms_type=unsafe.Pointer structure=level values="marshaling error: json: unsupported type: unsafe.Pointer"
2026-04-14T14:28:15.912098152-04:00 INF http request duration=0.090739 method=GET path=/api/recordings/current
2026-04-14T14:28:15.941204522-04:00 INF failed to parse audio level message event=recording.gst.audio_level.parse.failed rms="marshaling error: json: unsupported type: unsafe.Pointer" rms_type=unsafe.Pointer structure=level values="marshaling error: json: unsupported type: unsafe.Pointer"
2026-04-14T14:28:15.989073044-04:00 INF failed to parse audio level message event=recording.gst.audio_level.parse.failed rms="marshaling error: json: unsupported type: unsafe.Pointer" rms_type=unsafe.Pointer structure=level values="marshaling error: json: unsupported type: unsafe.Pointer"
2026-04-14T14:28:16.040800203-04:00 INF failed to parse audio level message event=recording.gst.audio_level.parse.failed rms="marshaling error: json: unsupported type: unsafe.Pointer" rms_type=unsafe.Pointer structure=level values="marshaling error: json: unsupported type: unsafe.Pointer"
2026-04-14T14:28:16.100307869-04:00 INF failed to parse audio level message event=recording.gst.audio_level.parse.failed rms="marshaling error: json: unsupported type: unsafe.Pointer" rms_type=unsafe.Pointer structure=level values="marshaling error: json: unsupported type: unsafe.Pointer"
2026-04-14T14:28:16.114537333-04:00 INF http request duration=0.127541 method=GET path=/api/recordings/current
2026-04-14T14:28:16.132814984-04:00 INF pushed buffer into experimental shared bridge recorder buffer_count=80 duration=41.666666 event=capture.gst.shared.bridge_recorder.push pts=3291.666614
2026-04-14T14:28:16.143089136-04:00 INF failed to parse audio level message event=recording.gst.audio_level.parse.failed rms="marshaling error: json: unsupported type: unsafe.Pointer" rms_type=unsafe.Pointer structure=level values="marshaling error: json: unsupported type: unsafe.Pointer"
2026-04-14T14:28:16.186138736-04:00 INF failed to parse audio level message event=recording.gst.audio_level.parse.failed rms="marshaling error: json: unsupported type: unsafe.Pointer" rms_type=unsafe.Pointer structure=level values="marshaling error: json: unsupported type: unsafe.Pointer"
2026-04-14T14:28:16.235819251-04:00 INF failed to parse audio level message event=recording.gst.audio_level.parse.failed rms="marshaling error: json: unsupported type: unsafe.Pointer" rms_type=unsafe.Pointer structure=level values="marshaling error: json: unsupported type: unsafe.Pointer"
2026-04-14T14:28:16.289388636-04:00 INF failed to parse audio level message event=recording.gst.audio_level.parse.failed rms="marshaling error: json: unsupported type: unsafe.Pointer" rms_type=unsafe.Pointer structure=level values="marshaling error: json: unsupported type: unsafe.Pointer"
2026-04-14T14:28:16.320428658-04:00 INF http request duration=0.197127 method=GET path=/api/recordings/current
2026-04-14T14:28:16.33406852-04:00 INF failed to parse audio level message event=recording.gst.audio_level.parse.failed rms="marshaling error: json: unsupported type: unsafe.Pointer" rms_type=unsafe.Pointer structure=level values="marshaling error: json: unsupported type: unsafe.Pointer"
2026-04-14T14:28:16.38729987-04:00 INF failed to parse audio level message event=recording.gst.audio_level.parse.failed rms="marshaling error: json: unsupported type: unsafe.Pointer" rms_type=unsafe.Pointer structure=level values="marshaling error: json: unsupported type: unsafe.Pointer"
2026-04-14T14:28:16.432543797-04:00 INF failed to parse audio level message event=recording.gst.audio_level.parse.failed rms="marshaling error: json: unsupported type: unsafe.Pointer" rms_type=unsafe.Pointer structure=level values="marshaling error: json: unsupported type: unsafe.Pointer"
2026-04-14T14:28:16.481600227-04:00 INF failed to parse audio level message event=recording.gst.audio_level.parse.failed rms="marshaling error: json: unsupported type: unsafe.Pointer" rms_type=unsafe.Pointer structure=level values="marshaling error: json: unsupported type: unsafe.Pointer"
2026-04-14T14:28:16.526451937-04:00 INF http request duration=0.115092 method=GET path=/api/recordings/current
2026-04-14T14:28:16.53306565-04:00 INF pushed buffer into experimental shared bridge recorder buffer_count=90 duration=41.666666 event=capture.gst.shared.bridge_recorder.push pts=3708.333274
2026-04-14T14:28:16.533752598-04:00 INF failed to parse audio level message event=recording.gst.audio_level.parse.failed rms="marshaling error: json: unsupported type: unsafe.Pointer" rms_type=unsafe.Pointer structure=level values="marshaling error: json: unsupported type: unsafe.Pointer"
2026-04-14T14:28:16.58199367-04:00 INF failed to parse audio level message event=recording.gst.audio_level.parse.failed rms="marshaling error: json: unsupported type: unsafe.Pointer" rms_type=unsafe.Pointer structure=level values="marshaling error: json: unsupported type: unsafe.Pointer"
2026-04-14T14:28:16.62967943-04:00 INF failed to parse audio level message event=recording.gst.audio_level.parse.failed rms="marshaling error: json: unsupported type: unsafe.Pointer" rms_type=unsafe.Pointer structure=level values="marshaling error: json: unsupported type: unsafe.Pointer"
2026-04-14T14:28:16.678791636-04:00 INF failed to parse audio level message event=recording.gst.audio_level.parse.failed rms="marshaling error: json: unsupported type: unsafe.Pointer" rms_type=unsafe.Pointer structure=level values="marshaling error: json: unsupported type: unsafe.Pointer"
2026-04-14T14:28:16.728682809-04:00 INF http request duration=0.119672 method=GET path=/api/recordings/current
2026-04-14T14:28:16.730803419-04:00 INF failed to parse audio level message event=recording.gst.audio_level.parse.failed rms="marshaling error: json: unsupported type: unsafe.Pointer" rms_type=unsafe.Pointer structure=level values="marshaling error: json: unsupported type: unsafe.Pointer"
2026-04-14T14:28:16.777380762-04:00 INF failed to parse audio level message event=recording.gst.audio_level.parse.failed rms="marshaling error: json: unsupported type: unsafe.Pointer" rms_type=unsafe.Pointer structure=level values="marshaling error: json: unsupported type: unsafe.Pointer"
2026-04-14T14:28:16.826501887-04:00 INF failed to parse audio level message event=recording.gst.audio_level.parse.failed rms="marshaling error: json: unsupported type: unsafe.Pointer" rms_type=unsafe.Pointer structure=level values="marshaling error: json: unsupported type: unsafe.Pointer"
2026-04-14T14:28:16.875695896-04:00 INF failed to parse audio level message event=recording.gst.audio_level.parse.failed rms="marshaling error: json: unsupported type: unsafe.Pointer" rms_type=unsafe.Pointer structure=level values="marshaling error: json: unsupported type: unsafe.Pointer"
2026-04-14T14:28:16.925515044-04:00 INF failed to parse audio level message event=recording.gst.audio_level.parse.failed rms="marshaling error: json: unsupported type: unsafe.Pointer" rms_type=unsafe.Pointer structure=level values="marshaling error: json: unsupported type: unsafe.Pointer"
2026-04-14T14:28:16.938297055-04:00 INF http request duration=0.11632 method=GET path=/api/recordings/current
2026-04-14T14:28:16.945871115-04:00 INF pushed buffer into experimental shared bridge recorder buffer_count=100 duration=41.666666 event=capture.gst.shared.bridge_recorder.push pts=4124.999934
2026-04-14T14:28:16.974220344-04:00 INF failed to parse audio level message event=recording.gst.audio_level.parse.failed rms="marshaling error: json: unsupported type: unsafe.Pointer" rms_type=unsafe.Pointer structure=level values="marshaling error: json: unsupported type: unsafe.Pointer"
2026-04-14T14:28:17.023563408-04:00 INF failed to parse audio level message event=recording.gst.audio_level.parse.failed rms="marshaling error: json: unsupported type: unsafe.Pointer" rms_type=unsafe.Pointer structure=level values="marshaling error: json: unsupported type: unsafe.Pointer"
2026-04-14T14:28:17.072955102-04:00 INF failed to parse audio level message event=recording.gst.audio_level.parse.failed rms="marshaling error: json: unsupported type: unsafe.Pointer" rms_type=unsafe.Pointer structure=level values="marshaling error: json: unsupported type: unsafe.Pointer"
2026-04-14T14:28:17.122083348-04:00 INF failed to parse audio level message event=recording.gst.audio_level.parse.failed rms="marshaling error: json: unsupported type: unsafe.Pointer" rms_type=unsafe.Pointer structure=level values="marshaling error: json: unsupported type: unsafe.Pointer"
2026-04-14T14:28:17.140607046-04:00 INF http request duration=0.165414 method=GET path=/api/recordings/current
2026-04-14T14:28:17.175097386-04:00 INF failed to parse audio level message event=recording.gst.audio_level.parse.failed rms="marshaling error: json: unsupported type: unsafe.Pointer" rms_type=unsafe.Pointer structure=level values="marshaling error: json: unsupported type: unsafe.Pointer"
2026-04-14T14:28:17.225112482-04:00 INF failed to parse audio level message event=recording.gst.audio_level.parse.failed rms="marshaling error: json: unsupported type: unsafe.Pointer" rms_type=unsafe.Pointer structure=level values="marshaling error: json: unsupported type: unsafe.Pointer"
2026-04-14T14:28:17.274168799-04:00 INF failed to parse audio level message event=recording.gst.audio_level.parse.failed rms="marshaling error: json: unsupported type: unsafe.Pointer" rms_type=unsafe.Pointer structure=level values="marshaling error: json: unsupported type: unsafe.Pointer"
2026-04-14T14:28:17.324900317-04:00 INF failed to parse audio level message event=recording.gst.audio_level.parse.failed rms="marshaling error: json: unsupported type: unsafe.Pointer" rms_type=unsafe.Pointer structure=level values="marshaling error: json: unsupported type: unsafe.Pointer"
2026-04-14T14:28:17.343338465-04:00 INF http request duration=0.297579 method=GET path=/api/recordings/current
2026-04-14T14:28:17.371569802-04:00 INF pushed buffer into experimental shared bridge recorder buffer_count=110 duration=41.666666 event=capture.gst.shared.bridge_recorder.push pts=4541.666594
2026-04-14T14:28:17.372706959-04:00 INF failed to parse audio level message event=recording.gst.audio_level.parse.failed rms="marshaling error: json: unsupported type: unsafe.Pointer" rms_type=unsafe.Pointer structure=level values="marshaling error: json: unsupported type: unsafe.Pointer"
2026-04-14T14:28:17.421484063-04:00 INF failed to parse audio level message event=recording.gst.audio_level.parse.failed rms="marshaling error: json: unsupported type: unsafe.Pointer" rms_type=unsafe.Pointer structure=level values="marshaling error: json: unsupported type: unsafe.Pointer"
2026-04-14T14:28:17.472933928-04:00 INF failed to parse audio level message event=recording.gst.audio_level.parse.failed rms="marshaling error: json: unsupported type: unsafe.Pointer" rms_type=unsafe.Pointer structure=level values="marshaling error: json: unsupported type: unsafe.Pointer"
2026-04-14T14:28:17.520441663-04:00 INF failed to parse audio level message event=recording.gst.audio_level.parse.failed rms="marshaling error: json: unsupported type: unsafe.Pointer" rms_type=unsafe.Pointer structure=level values="marshaling error: json: unsupported type: unsafe.Pointer"
2026-04-14T14:28:17.544825459-04:00 INF http request duration=0.194045 method=GET path=/api/recordings/current
2026-04-14T14:28:17.57010419-04:00 INF failed to parse audio level message event=recording.gst.audio_level.parse.failed rms="marshaling error: json: unsupported type: unsafe.Pointer" rms_type=unsafe.Pointer structure=level values="marshaling error: json: unsupported type: unsafe.Pointer"
2026-04-14T14:28:17.619098879-04:00 INF failed to parse audio level message event=recording.gst.audio_level.parse.failed rms="marshaling error: json: unsupported type: unsafe.Pointer" rms_type=unsafe.Pointer structure=level values="marshaling error: json: unsupported type: unsafe.Pointer"
2026-04-14T14:28:17.668107113-04:00 INF failed to parse audio level message event=recording.gst.audio_level.parse.failed rms="marshaling error: json: unsupported type: unsafe.Pointer" rms_type=unsafe.Pointer structure=level values="marshaling error: json: unsupported type: unsafe.Pointer"
2026-04-14T14:28:17.717433284-04:00 INF failed to parse audio level message event=recording.gst.audio_level.parse.failed rms="marshaling error: json: unsupported type: unsafe.Pointer" rms_type=unsafe.Pointer structure=level values="marshaling error: json: unsupported type: unsafe.Pointer"
2026-04-14T14:28:17.746753371-04:00 INF http request duration=0.095182 method=GET path=/api/recordings/current
2026-04-14T14:28:17.766789257-04:00 INF failed to parse audio level message event=recording.gst.audio_level.parse.failed rms="marshaling error: json: unsupported type: unsafe.Pointer" rms_type=unsafe.Pointer structure=level values="marshaling error: json: unsupported type: unsafe.Pointer"
2026-04-14T14:28:17.77754109-04:00 INF pushed buffer into experimental shared bridge recorder buffer_count=120 duration=41.666666 event=capture.gst.shared.bridge_recorder.push pts=4958.333254
2026-04-14T14:28:17.816062098-04:00 INF failed to parse audio level message event=recording.gst.audio_level.parse.failed rms="marshaling error: json: unsupported type: unsafe.Pointer" rms_type=unsafe.Pointer structure=level values="marshaling error: json: unsupported type: unsafe.Pointer"
2026-04-14T14:28:17.865335606-04:00 INF failed to parse audio level message event=recording.gst.audio_level.parse.failed rms="marshaling error: json: unsupported type: unsafe.Pointer" rms_type=unsafe.Pointer structure=level values="marshaling error: json: unsupported type: unsafe.Pointer"
2026-04-14T14:28:17.914600988-04:00 INF failed to parse audio level message event=recording.gst.audio_level.parse.failed rms="marshaling error: json: unsupported type: unsafe.Pointer" rms_type=unsafe.Pointer structure=level values="marshaling error: json: unsupported type: unsafe.Pointer"
2026-04-14T14:28:17.94814115-04:00 INF http request duration=0.116619 method=GET path=/api/recordings/current
2026-04-14T14:28:17.963758882-04:00 INF failed to parse audio level message event=recording.gst.audio_level.parse.failed rms="marshaling error: json: unsupported type: unsafe.Pointer" rms_type=unsafe.Pointer structure=level values="marshaling error: json: unsupported type: unsafe.Pointer"
2026-04-14T14:28:18.014718385-04:00 INF failed to parse audio level message event=recording.gst.audio_level.parse.failed rms="marshaling error: json: unsupported type: unsafe.Pointer" rms_type=unsafe.Pointer structure=level values="marshaling error: json: unsupported type: unsafe.Pointer"
2026-04-14T14:28:18.065770622-04:00 INF failed to parse audio level message event=recording.gst.audio_level.parse.failed rms="marshaling error: json: unsupported type: unsafe.Pointer" rms_type=unsafe.Pointer structure=level values="marshaling error: json: unsupported type: unsafe.Pointer"
2026-04-14T14:28:18.112017035-04:00 INF failed to parse audio level message event=recording.gst.audio_level.parse.failed rms="marshaling error: json: unsupported type: unsafe.Pointer" rms_type=unsafe.Pointer structure=level values="marshaling error: json: unsupported type: unsafe.Pointer"
2026-04-14T14:28:18.149607606-04:00 INF http request duration=0.080925 method=GET path=/api/recordings/current
2026-04-14T14:28:18.161497791-04:00 INF failed to parse audio level message event=recording.gst.audio_level.parse.failed rms="marshaling error: json: unsupported type: unsafe.Pointer" rms_type=unsafe.Pointer structure=level values="marshaling error: json: unsupported type: unsafe.Pointer"
2026-04-14T14:28:18.194201278-04:00 INF pushed buffer into experimental shared bridge recorder buffer_count=130 duration=41.666666 event=capture.gst.shared.bridge_recorder.push pts=5374.999914
2026-04-14T14:28:18.211895851-04:00 INF failed to parse audio level message event=recording.gst.audio_level.parse.failed rms="marshaling error: json: unsupported type: unsafe.Pointer" rms_type=unsafe.Pointer structure=level values="marshaling error: json: unsupported type: unsafe.Pointer"
2026-04-14T14:28:18.259870473-04:00 INF failed to parse audio level message event=recording.gst.audio_level.parse.failed rms="marshaling error: json: unsupported type: unsafe.Pointer" rms_type=unsafe.Pointer structure=level values="marshaling error: json: unsupported type: unsafe.Pointer"
2026-04-14T14:28:18.309190577-04:00 INF failed to parse audio level message event=recording.gst.audio_level.parse.failed rms="marshaling error: json: unsupported type: unsafe.Pointer" rms_type=unsafe.Pointer structure=level values="marshaling error: json: unsupported type: unsafe.Pointer"
2026-04-14T14:28:18.350661919-04:00 INF http request duration=0.084176 method=GET path=/api/recordings/current
2026-04-14T14:28:18.358412779-04:00 INF failed to parse audio level message event=recording.gst.audio_level.parse.failed rms="marshaling error: json: unsupported type: unsafe.Pointer" rms_type=unsafe.Pointer structure=level values="marshaling error: json: unsupported type: unsafe.Pointer"
2026-04-14T14:28:18.40776879-04:00 INF failed to parse audio level message event=recording.gst.audio_level.parse.failed rms="marshaling error: json: unsupported type: unsafe.Pointer" rms_type=unsafe.Pointer structure=level values="marshaling error: json: unsupported type: unsafe.Pointer"
2026-04-14T14:28:18.460612493-04:00 INF failed to parse audio level message event=recording.gst.audio_level.parse.failed rms="marshaling error: json: unsupported type: unsafe.Pointer" rms_type=unsafe.Pointer structure=level values="marshaling error: json: unsupported type: unsafe.Pointer"
2026-04-14T14:28:18.5094005-04:00 INF failed to parse audio level message event=recording.gst.audio_level.parse.failed rms="marshaling error: json: unsupported type: unsafe.Pointer" rms_type=unsafe.Pointer structure=level values="marshaling error: json: unsupported type: unsafe.Pointer"
2026-04-14T14:28:18.551931068-04:00 INF http request duration=0.101535 method=GET path=/api/recordings/current
2026-04-14T14:28:18.555824007-04:00 INF failed to parse audio level message event=recording.gst.audio_level.parse.failed rms="marshaling error: json: unsupported type: unsafe.Pointer" rms_type=unsafe.Pointer structure=level values="marshaling error: json: unsupported type: unsafe.Pointer"
2026-04-14T14:28:18.604767138-04:00 INF failed to parse audio level message event=recording.gst.audio_level.parse.failed rms="marshaling error: json: unsupported type: unsafe.Pointer" rms_type=unsafe.Pointer structure=level values="marshaling error: json: unsupported type: unsafe.Pointer"
2026-04-14T14:28:18.613172451-04:00 INF pushed buffer into experimental shared bridge recorder buffer_count=140 duration=41.666666 event=capture.gst.shared.bridge_recorder.push pts=5791.666574
2026-04-14T14:28:18.654486607-04:00 INF failed to parse audio level message event=recording.gst.audio_level.parse.failed rms="marshaling error: json: unsupported type: unsafe.Pointer" rms_type=unsafe.Pointer structure=level values="marshaling error: json: unsupported type: unsafe.Pointer"
2026-04-14T14:28:18.724657957-04:00 INF failed to parse audio level message event=recording.gst.audio_level.parse.failed rms="marshaling error: json: unsupported type: unsafe.Pointer" rms_type=unsafe.Pointer structure=level values="marshaling error: json: unsupported type: unsafe.Pointer"
2026-04-14T14:28:18.753436771-04:00 INF http request duration=0.096719 method=GET path=/api/recordings/current
2026-04-14T14:28:18.773863387-04:00 INF failed to parse audio level message event=recording.gst.audio_level.parse.failed rms="marshaling error: json: unsupported type: unsafe.Pointer" rms_type=unsafe.Pointer structure=level values="marshaling error: json: unsupported type: unsafe.Pointer"
2026-04-14T14:28:18.823238394-04:00 INF failed to parse audio level message event=recording.gst.audio_level.parse.failed rms="marshaling error: json: unsupported type: unsafe.Pointer" rms_type=unsafe.Pointer structure=level values="marshaling error: json: unsupported type: unsafe.Pointer"
2026-04-14T14:28:18.873887388-04:00 INF failed to parse audio level message event=recording.gst.audio_level.parse.failed rms="marshaling error: json: unsupported type: unsafe.Pointer" rms_type=unsafe.Pointer structure=level values="marshaling error: json: unsupported type: unsafe.Pointer"
2026-04-14T14:28:18.922149125-04:00 INF failed to parse audio level message event=recording.gst.audio_level.parse.failed rms="marshaling error: json: unsupported type: unsafe.Pointer" rms_type=unsafe.Pointer structure=level values="marshaling error: json: unsupported type: unsafe.Pointer"
2026-04-14T14:28:18.954655611-04:00 INF http request duration=0.078596 method=GET path=/api/recordings/current
2026-04-14T14:28:18.971662488-04:00 INF failed to parse audio level message event=recording.gst.audio_level.parse.failed rms="marshaling error: json: unsupported type: unsafe.Pointer" rms_type=unsafe.Pointer structure=level values="marshaling error: json: unsupported type: unsafe.Pointer"
2026-04-14T14:28:19.021104157-04:00 INF failed to parse audio level message event=recording.gst.audio_level.parse.failed rms="marshaling error: json: unsupported type: unsafe.Pointer" rms_type=unsafe.Pointer structure=level values="marshaling error: json: unsupported type: unsafe.Pointer"
2026-04-14T14:28:19.030341004-04:00 INF pushed buffer into experimental shared bridge recorder buffer_count=150 duration=41.666666 event=capture.gst.shared.bridge_recorder.push pts=6208.333234
2026-04-14T14:28:19.07047069-04:00 INF failed to parse audio level message event=recording.gst.audio_level.parse.failed rms="marshaling error: json: unsupported type: unsafe.Pointer" rms_type=unsafe.Pointer structure=level values="marshaling error: json: unsupported type: unsafe.Pointer"
2026-04-14T14:28:19.121685303-04:00 INF failed to parse audio level message event=recording.gst.audio_level.parse.failed rms="marshaling error: json: unsupported type: unsafe.Pointer" rms_type=unsafe.Pointer structure=level values="marshaling error: json: unsupported type: unsafe.Pointer"
2026-04-14T14:28:19.156563353-04:00 INF http request duration=0.135977 method=GET path=/api/recordings/current
2026-04-14T14:28:19.169425261-04:00 INF failed to parse audio level message event=recording.gst.audio_level.parse.failed rms="marshaling error: json: unsupported type: unsafe.Pointer" rms_type=unsafe.Pointer structure=level values="marshaling error: json: unsupported type: unsafe.Pointer"
2026-04-14T14:28:19.221793817-04:00 INF failed to parse audio level message event=recording.gst.audio_level.parse.failed rms="marshaling error: json: unsupported type: unsafe.Pointer" rms_type=unsafe.Pointer structure=level values="marshaling error: json: unsupported type: unsafe.Pointer"
2026-04-14T14:28:19.26817928-04:00 INF failed to parse audio level message event=recording.gst.audio_level.parse.failed rms="marshaling error: json: unsupported type: unsafe.Pointer" rms_type=unsafe.Pointer structure=level values="marshaling error: json: unsupported type: unsafe.Pointer"
2026-04-14T14:28:19.317515216-04:00 INF failed to parse audio level message event=recording.gst.audio_level.parse.failed rms="marshaling error: json: unsupported type: unsafe.Pointer" rms_type=unsafe.Pointer structure=level values="marshaling error: json: unsupported type: unsafe.Pointer"
2026-04-14T14:28:19.357811392-04:00 INF http request duration=0.095505 method=GET path=/api/recordings/current
2026-04-14T14:28:19.36697519-04:00 INF failed to parse audio level message event=recording.gst.audio_level.parse.failed rms="marshaling error: json: unsupported type: unsafe.Pointer" rms_type=unsafe.Pointer structure=level values="marshaling error: json: unsupported type: unsafe.Pointer"
2026-04-14T14:28:19.41643056-04:00 INF failed to parse audio level message event=recording.gst.audio_level.parse.failed rms="marshaling error: json: unsupported type: unsafe.Pointer" rms_type=unsafe.Pointer structure=level values="marshaling error: json: unsupported type: unsafe.Pointer"
2026-04-14T14:28:19.453153268-04:00 INF pushed buffer into experimental shared bridge recorder buffer_count=160 duration=41.666666 event=capture.gst.shared.bridge_recorder.push pts=6624.999894
2026-04-14T14:28:19.465748322-04:00 INF failed to parse audio level message event=recording.gst.audio_level.parse.failed rms="marshaling error: json: unsupported type: unsafe.Pointer" rms_type=unsafe.Pointer structure=level values="marshaling error: json: unsupported type: unsafe.Pointer"
2026-04-14T14:28:19.515469366-04:00 INF failed to parse audio level message event=recording.gst.audio_level.parse.failed rms="marshaling error: json: unsupported type: unsafe.Pointer" rms_type=unsafe.Pointer structure=level values="marshaling error: json: unsupported type: unsafe.Pointer"
2026-04-14T14:28:19.561759768-04:00 INF http request duration=0.132371 method=GET path=/api/recordings/current
2026-04-14T14:28:19.567779987-04:00 INF failed to parse audio level message event=recording.gst.audio_level.parse.failed rms="marshaling error: json: unsupported type: unsafe.Pointer" rms_type=unsafe.Pointer structure=level values="marshaling error: json: unsupported type: unsafe.Pointer"
2026-04-14T14:28:19.613988699-04:00 INF failed to parse audio level message event=recording.gst.audio_level.parse.failed rms="marshaling error: json: unsupported type: unsafe.Pointer" rms_type=unsafe.Pointer structure=level values="marshaling error: json: unsupported type: unsafe.Pointer"
2026-04-14T14:28:19.664725663-04:00 INF failed to parse audio level message event=recording.gst.audio_level.parse.failed rms="marshaling error: json: unsupported type: unsafe.Pointer" rms_type=unsafe.Pointer structure=level values="marshaling error: json: unsupported type: unsafe.Pointer"
2026-04-14T14:28:19.713428202-04:00 INF failed to parse audio level message event=recording.gst.audio_level.parse.failed rms="marshaling error: json: unsupported type: unsafe.Pointer" rms_type=unsafe.Pointer structure=level values="marshaling error: json: unsupported type: unsafe.Pointer"
2026-04-14T14:28:19.763389397-04:00 INF http request duration=0.111102 method=GET path=/api/recordings/current
2026-04-14T14:28:19.767659064-04:00 INF failed to parse audio level message event=recording.gst.audio_level.parse.failed rms="marshaling error: json: unsupported type: unsafe.Pointer" rms_type=unsafe.Pointer structure=level values="marshaling error: json: unsupported type: unsafe.Pointer"
2026-04-14T14:28:19.811804929-04:00 INF failed to parse audio level message event=recording.gst.audio_level.parse.failed rms="marshaling error: json: unsupported type: unsafe.Pointer" rms_type=unsafe.Pointer structure=level values="marshaling error: json: unsupported type: unsafe.Pointer"
2026-04-14T14:28:19.861248257-04:00 INF failed to parse audio level message event=recording.gst.audio_level.parse.failed rms="marshaling error: json: unsupported type: unsafe.Pointer" rms_type=unsafe.Pointer structure=level values="marshaling error: json: unsupported type: unsafe.Pointer"
2026-04-14T14:28:19.861894371-04:00 INF pushed buffer into experimental shared bridge recorder buffer_count=170 duration=41.666666 event=capture.gst.shared.bridge_recorder.push pts=7041.666554
2026-04-14T14:28:19.911809371-04:00 INF failed to parse audio level message event=recording.gst.audio_level.parse.failed rms="marshaling error: json: unsupported type: unsafe.Pointer" rms_type=unsafe.Pointer structure=level values="marshaling error: json: unsupported type: unsafe.Pointer"
2026-04-14T14:28:19.960123691-04:00 INF failed to parse audio level message event=recording.gst.audio_level.parse.failed rms="marshaling error: json: unsupported type: unsafe.Pointer" rms_type=unsafe.Pointer structure=level values="marshaling error: json: unsupported type: unsafe.Pointer"
2026-04-14T14:28:19.964853423-04:00 INF http request duration=0.07701 method=GET path=/api/recordings/current
2026-04-14T14:28:20.009617044-04:00 INF failed to parse audio level message event=recording.gst.audio_level.parse.failed rms="marshaling error: json: unsupported type: unsafe.Pointer" rms_type=unsafe.Pointer structure=level values="marshaling error: json: unsupported type: unsafe.Pointer"
2026-04-14T14:28:20.058984083-04:00 INF failed to parse audio level message event=recording.gst.audio_level.parse.failed rms="marshaling error: json: unsupported type: unsafe.Pointer" rms_type=unsafe.Pointer structure=level values="marshaling error: json: unsupported type: unsafe.Pointer"
2026-04-14T14:28:20.108409652-04:00 INF failed to parse audio level message event=recording.gst.audio_level.parse.failed rms="marshaling error: json: unsupported type: unsafe.Pointer" rms_type=unsafe.Pointer structure=level values="marshaling error: json: unsupported type: unsafe.Pointer"
2026-04-14T14:28:20.16597386-04:00 INF http request duration=0.156418 method=GET path=/api/recordings/current
2026-04-14T14:28:20.180324483-04:00 INF failed to parse audio level message event=recording.gst.audio_level.parse.failed rms="marshaling error: json: unsupported type: unsafe.Pointer" rms_type=unsafe.Pointer structure=level values="marshaling error: json: unsupported type: unsafe.Pointer"
2026-04-14T14:28:20.228272226-04:00 INF failed to parse audio level message event=recording.gst.audio_level.parse.failed rms="marshaling error: json: unsupported type: unsafe.Pointer" rms_type=unsafe.Pointer structure=level values="marshaling error: json: unsupported type: unsafe.Pointer"
2026-04-14T14:28:20.277762834-04:00 INF failed to parse audio level message event=recording.gst.audio_level.parse.failed rms="marshaling error: json: unsupported type: unsafe.Pointer" rms_type=unsafe.Pointer structure=level values="marshaling error: json: unsupported type: unsafe.Pointer"
2026-04-14T14:28:20.286629147-04:00 INF pushed buffer into experimental shared bridge recorder buffer_count=180 duration=41.666666 event=capture.gst.shared.bridge_recorder.push pts=7458.333214
2026-04-14T14:28:20.327423111-04:00 INF failed to parse audio level message event=recording.gst.audio_level.parse.failed rms="marshaling error: json: unsupported type: unsafe.Pointer" rms_type=unsafe.Pointer structure=level values="marshaling error: json: unsupported type: unsafe.Pointer"
2026-04-14T14:28:20.369368108-04:00 INF http request duration=0.086405 method=GET path=/api/recordings/current
2026-04-14T14:28:20.377075112-04:00 INF failed to parse audio level message event=recording.gst.audio_level.parse.failed rms="marshaling error: json: unsupported type: unsafe.Pointer" rms_type=unsafe.Pointer structure=level values="marshaling error: json: unsupported type: unsafe.Pointer"
2026-04-14T14:28:20.426441047-04:00 INF failed to parse audio level message event=recording.gst.audio_level.parse.failed rms="marshaling error: json: unsupported type: unsafe.Pointer" rms_type=unsafe.Pointer structure=level values="marshaling error: json: unsupported type: unsafe.Pointer"
2026-04-14T14:28:20.476844948-04:00 INF failed to parse audio level message event=recording.gst.audio_level.parse.failed rms="marshaling error: json: unsupported type: unsafe.Pointer" rms_type=unsafe.Pointer structure=level values="marshaling error: json: unsupported type: unsafe.Pointer"
2026-04-14T14:28:20.525529102-04:00 INF failed to parse audio level message event=recording.gst.audio_level.parse.failed rms="marshaling error: json: unsupported type: unsafe.Pointer" rms_type=unsafe.Pointer structure=level values="marshaling error: json: unsupported type: unsafe.Pointer"
2026-04-14T14:28:20.570495668-04:00 INF http request duration=0.104332 method=GET path=/api/recordings/current
2026-04-14T14:28:20.575087736-04:00 INF failed to parse audio level message event=recording.gst.audio_level.parse.failed rms="marshaling error: json: unsupported type: unsafe.Pointer" rms_type=unsafe.Pointer structure=level values="marshaling error: json: unsupported type: unsafe.Pointer"
2026-04-14T14:28:20.627929698-04:00 INF failed to parse audio level message event=recording.gst.audio_level.parse.failed rms="marshaling error: json: unsupported type: unsafe.Pointer" rms_type=unsafe.Pointer structure=level values="marshaling error: json: unsupported type: unsafe.Pointer"
2026-04-14T14:28:20.67595913-04:00 INF failed to parse audio level message event=recording.gst.audio_level.parse.failed rms="marshaling error: json: unsupported type: unsafe.Pointer" rms_type=unsafe.Pointer structure=level values="marshaling error: json: unsupported type: unsafe.Pointer"
2026-04-14T14:28:20.694262133-04:00 INF pushed buffer into experimental shared bridge recorder buffer_count=190 duration=41.666666 event=capture.gst.shared.bridge_recorder.push pts=7874.999874
2026-04-14T14:28:20.724749286-04:00 INF failed to parse audio level message event=recording.gst.audio_level.parse.failed rms="marshaling error: json: unsupported type: unsafe.Pointer" rms_type=unsafe.Pointer structure=level values="marshaling error: json: unsupported type: unsafe.Pointer"
2026-04-14T14:28:20.771868148-04:00 INF http request duration=0.110291 method=GET path=/api/recordings/current
2026-04-14T14:28:20.773274335-04:00 INF failed to parse audio level message event=recording.gst.audio_level.parse.failed rms="marshaling error: json: unsupported type: unsafe.Pointer" rms_type=unsafe.Pointer structure=level values="marshaling error: json: unsupported type: unsafe.Pointer"
2026-04-14T14:28:20.822978298-04:00 INF failed to parse audio level message event=recording.gst.audio_level.parse.failed rms="marshaling error: json: unsupported type: unsafe.Pointer" rms_type=unsafe.Pointer structure=level values="marshaling error: json: unsupported type: unsafe.Pointer"
2026-04-14T14:28:20.874576891-04:00 INF failed to parse audio level message event=recording.gst.audio_level.parse.failed rms="marshaling error: json: unsupported type: unsafe.Pointer" rms_type=unsafe.Pointer structure=level values="marshaling error: json: unsupported type: unsafe.Pointer"
2026-04-14T14:28:20.921981499-04:00 INF failed to parse audio level message event=recording.gst.audio_level.parse.failed rms="marshaling error: json: unsupported type: unsafe.Pointer" rms_type=unsafe.Pointer structure=level values="marshaling error: json: unsupported type: unsafe.Pointer"
2026-04-14T14:28:20.973175084-04:00 INF http request duration=0.109494 method=GET path=/api/recordings/current
2026-04-14T14:28:20.97348727-04:00 INF failed to parse audio level message event=recording.gst.audio_level.parse.failed rms="marshaling error: json: unsupported type: unsafe.Pointer" rms_type=unsafe.Pointer structure=level values="marshaling error: json: unsupported type: unsafe.Pointer"
2026-04-14T14:28:21.021042591-04:00 INF failed to parse audio level message event=recording.gst.audio_level.parse.failed rms="marshaling error: json: unsupported type: unsafe.Pointer" rms_type=unsafe.Pointer structure=level values="marshaling error: json: unsupported type: unsafe.Pointer"
2026-04-14T14:28:21.024727387-04:00 INF recording session state updated active=true event=recording.session.state reason="max duration reached after 8s" session_id=adaptive-preview-measure-after-current state=stopping
2026-04-14T14:28:21.0279973-04:00 INF detached shared raw consumer consumer_id=raw-type-region-display--0-d-2 event=capture.gst.shared.raw.detach raw_consumer_count=0 signature=type=region|display=:0|device=|window=|size=|cursor=true|mirror=false|rect=0,960,2880,960 source_id=measure-region
2026-04-14T14:28:21.028123437-04:00 INF stopping experimental shared bridge recorder buffer_count=197 event=capture.gst.shared.bridge_recorder.stop
2026-04-14T14:28:21.035904878-04:00 INF failed to parse audio level message event=recording.gst.audio_level.parse.failed rms="marshaling error: json: unsupported type: unsafe.Pointer" rms_type=unsafe.Pointer structure=level values="marshaling error: json: unsupported type: unsafe.Pointer"
2026-04-14T14:28:21.181846285-04:00 INF http request duration=0.138467 method=GET path=/api/recordings/current
2026-04-14T14:28:21.390494886-04:00 INF http request duration=0.134917 method=GET path=/api/recordings/current
2026-04-14T14:28:21.59565508-04:00 INF http request duration=0.15006 method=GET path=/api/recordings/current
2026-04-14T14:28:21.799415178-04:00 INF http request duration=0.168681 method=GET path=/api/recordings/current
2026-04-14T14:28:21.973318868-04:00 INF recording session state updated active=false event=recording.session.state reason="max duration reached after 8s" session_id=adaptive-preview-measure-after-current state=finished
2026-04-14T14:28:21.973495241-04:00 INF recording session finished event=recording.session.finish finished_at=2026-04-14T14:28:21.973260005-04:00 reason="max duration reached after 8s" session_id=adaptive-preview-measure-after-current started_at=2026-04-14T14:28:13.066821605-04:00 state=finished
2026-04-14T14:28:22.001118587-04:00 INF http request duration=0.125711 method=GET path=/api/recordings/current
2026-04-14T14:28:24.038436818-04:00 INF http request duration=0.13301 method=GET path=/api/previews/preview-e7444805eb17/screenshot
2026-04-14T14:28:24.045450761-04:00 INF http request duration=0.08185 method=GET path=/api/previews
2026-04-14T14:28:24.336838892-04:00 INF cancelling audio telemetry runner during loop teardown device_id=default event=telemetry.audio.runner.cancel
2026-04-14T14:28:24.336899343-04:00 INF runtime shutdown triggered event=runtime.shutdown.begin reason="context canceled" shutdown_timeout=5000
2026-04-14T14:28:24.3368423-04:00 INF disk telemetry loop exiting event=telemetry.disk.exit reason="context canceled"
2026-04-14T14:28:24.33696307-04:00 INF http server shutdown starting event=runtime.http.shutdown.begin reason="context canceled"
2026-04-14T14:28:24.337025681-04:00 INF http server exited cleanly addr=:7783 event=runtime.http.exit
2026-04-14T14:28:24.337176181-04:00 INF detached shared preview consumer consumer_count=0 consumer_id=preview-type-display-display--0--1 event=capture.gst.shared.preview.detach signature=type=display|display=:0.0|device=|window=|size=|cursor=true|mirror=false source_id=desktop-1
2026-04-14T14:28:24.337259129-04:00 INF preview finished event=preview.finish preview_id=preview-18daabfb09b6 reason="preview finished" source_id=desktop-1 state=finished
2026-04-14T14:28:24.337295152-04:00 INF removing preview from manager maps event=preview.cleanup preview_id=preview-18daabfb09b6 signature=18daabfb09b614b82fd3143976d062c588be9bf6
2026-04-14T14:28:24.337252284-04:00 INF detached shared preview consumer consumer_count=0 consumer_id=preview-type-region-display--0-d-1 event=capture.gst.shared.preview.detach signature=type=region|display=:0|device=|window=|size=|cursor=true|mirror=false|rect=0,960,2880,960 source_id=measure-region
2026-04-14T14:28:24.337343197-04:00 INF preview finished event=preview.finish preview_id=preview-e7444805eb17 reason="preview finished" source_id=measure-region state=finished
2026-04-14T14:28:24.337400503-04:00 INF removing preview from manager maps event=preview.cleanup preview_id=preview-e7444805eb17 signature=e7444805eb17370f1f4e0de93eb9621696d9ca94
2026-04-14T14:28:24.337425912-04:00 INF parec read loop exiting after context cancellation device_id=default event=telemetry.process.read.exit reason="context canceled"
2026-04-14T14:28:24.337578917-04:00 INF waiting for parec audio telemetry process to exit device_id=default event=telemetry.process.wait.begin pid=68734
2026-04-14T14:28:24.33770162-04:00 INF parec audio telemetry process exited device_id=default event=telemetry.process.wait.done pid=68734 reason="context canceled"
2026-04-14T14:28:24.337734696-04:00 INF audio telemetry runner exited device_id=default event=telemetry.audio.runner.exit reason="context canceled"
2026-04-14T14:28:24.337763056-04:00 INF audio telemetry loop exiting event=telemetry.audio.exit reason="context canceled"
2026-04-14T14:28:24.33778216-04:00 INF telemetry manager run loop exited event=telemetry.run.exit reason="context canceled"
2026-04-14T14:28:24.337808048-04:00 INF telemetry manager exited event=runtime.telemetry.exit reason="context canceled"
2026-04-14T14:28:24.343119752-04:00 INF shutdown shared gstreamer video source event=capture.gst.shared.shutdown signature=type=region|display=:0|device=|window=|size=|cursor=true|mirror=false|rect=0,960,2880,960 source_id=measure-region
2026-04-14T14:28:24.352186341-04:00 INF shutdown shared gstreamer video source event=capture.gst.shared.shutdown signature=type=display|display=:0.0|device=|window=|size=|cursor=true|mirror=false source_id=desktop-1
2026-04-14T14:28:24.354962702-04:00 INF http request duration=10300.241163 method=GET path=/api/previews/preview-18daabfb09b6/mjpeg
2026-04-14T14:28:24.357111862-04:00 INF http server shutdown finished event=runtime.http.shutdown.done reason="context canceled"
2026-04-14T14:28:24.357176237-04:00 INF recording manager shutdown starting event=runtime.recordings.shutdown.begin
2026-04-14T14:28:24.357197351-04:00 INF recording manager shutdown starting active=false event=recording.shutdown.begin session_id=adaptive-preview-measure-after-current state=finished
2026-04-14T14:28:24.357231434-04:00 INF recording manager shutdown finished event=recording.shutdown.done session_id=adaptive-preview-measure-after-current
2026-04-14T14:28:24.35724654-04:00 INF recording manager shutdown finished event=runtime.recordings.shutdown.done
2026-04-14T14:28:24.357259062-04:00 INF preview manager shutdown starting event=runtime.previews.shutdown.begin
2026-04-14T14:28:24.35727312-04:00 INF preview manager shutdown requested with no active previews event=preview.shutdown.noop
2026-04-14T14:28:24.357286436-04:00 INF preview manager shutdown finished event=runtime.previews.shutdown.done
2026-04-14T14:28:24.357299158-04:00 INF waiting for runtime participant to exit event=runtime.participant.wait.begin participant="http server goroutine"
2026-04-14T14:28:24.357320798-04:00 INF runtime participant exited event=runtime.participant.wait.done participant="http server goroutine"
2026-04-14T14:28:24.357335503-04:00 INF waiting for telemetry goroutine to exit event=runtime.telemetry.wait.begin
2026-04-14T14:28:24.357349268-04:00 INF waiting for runtime participant to exit event=runtime.participant.wait.begin participant="telemetry goroutine"
2026-04-14T14:28:24.357364536-04:00 INF runtime participant exited event=runtime.participant.wait.done participant="telemetry goroutine"
2026-04-14T14:28:24.357379102-04:00 INF telemetry goroutine exited event=runtime.telemetry.wait.done
2026-04-14T14:28:24.35739292-04:00 INF runtime shutdown component summary event=runtime.shutdown.components recording_active=false recording_session_id=adaptive-preview-measure-after-current remaining_previews=0
2026-04-14T14:28:24.357429541-04:00 INF server runtime exited cleanly event=runtime.shutdown.summary
