2026-04-14T14:27:20.250275235-04:00 INF recording and preview managers already bound to serve runtime context event=runtime.context.bind
2026-04-14T14:27:20.250337363-04:00 INF web server starting addr=:7781 event=runtime.http.start initial_dsl_path= preview_limit=4 shutdown_timeout=5000 static_dir=
2026-04-14T14:27:20.250345787-04:00 INF telemetry manager starting event=runtime.telemetry.start
2026-04-14T14:27:20.250426116-04:00 INF telemetry manager run loop starting event=telemetry.run.start
2026-04-14T14:27:20.250463946-04:00 INF browser open scheduled delay=500 event=runtime.browser.open.begin
2026-04-14T14:27:20.25047299-04:00 INF audio telemetry loop starting event=telemetry.audio.start interval=500
2026-04-14T14:27:20.250528527-04:00 INF disk telemetry loop starting event=telemetry.disk.start interval=2000
2026-04-14T14:27:20.7509702-04:00 INF opened browser event=runtime.browser.open.done pid=63252 url=http://localhost:7781
2026-04-14T14:27:21.062590706-04:00 INF http request duration=0.154045 method=GET path=/api/healthz
2026-04-14T14:27:21.067284745-04:00 INF preview ensure requested dsl_bytes=1327 event=preview.ensure.requested source_id=measure-region
2026-04-14T14:27:21.067528754-04:00 INF created preview worker event=preview.ensure.created preview_id=preview-e7444805eb17 source_id=measure-region source_name="Measure Region" source_type=region
2026-04-14T14:27:21.079720688-04:00 INF configured videocrop for preview source crop_bottom=0 crop_left=0 crop_right=0 crop_top=960 event=preview.gst.crop.configure rect_h=960 rect_w=2880 rect_x=0 rect_y=960 root_height=1920 root_width=2880 source_id=measure-region source_type=region
2026-04-14T14:27:21.08262589-04:00 INF created shared gstreamer video source event=capture.gst.shared.acquire.created signature=type=region|display=:0|device=|window=|size=|cursor=true|mirror=false|rect=0,960,2880,960 source_id=measure-region source_type=region
2026-04-14T14:27:21.087221947-04:00 INF started shared gstreamer video source pipeline event=capture.gst.shared.start signature=type=region|display=:0|device=|window=|size=|cursor=true|mirror=false|rect=0,960,2880,960 source_id=measure-region source_type=region
2026-04-14T14:27:21.087389855-04:00 INF attached shared preview consumer consumer_count=1 consumer_id=preview-type-region-display--0-d-1 event=capture.gst.shared.preview.attach ref_count=1 signature=type=region|display=:0|device=|window=|size=|cursor=true|mirror=false|rect=0,960,2880,960 source_id=measure-region
2026-04-14T14:27:21.087429011-04:00 INF started gstreamer preview session on shared source event=preview.gst.start shared_signature=type=region|display=:0|device=|window=|size=|cursor=true|mirror=false|rect=0,960,2880,960 source_id=measure-region source_name="Measure Region" source_type=region
2026-04-14T14:27:21.087533843-04:00 INF preview session waiting event=preview.run.begin preview_id=preview-e7444805eb17 source_id=measure-region
2026-04-14T14:27:21.087575949-04:00 INF http request duration=20.37208 method=POST path=/api/previews/ensure
2026-04-14T14:27:21.132818619-04:00 INF http request duration=3.126017 method=GET path=/
2026-04-14T14:27:21.22116058-04:00 INF http request duration=0.356348 method=GET path=/assets/index-B-jq6573.js
2026-04-14T14:27:21.222848008-04:00 INF http request duration=0.120422 method=GET path=/assets/index-ImqmwJvO.css
2026-04-14T14:27:21.256603768-04:00 INF http request duration=0.153786 method=GET path=/api/previews/preview-e7444805eb17/screenshot
2026-04-14T14:27:21.268810127-04:00 INF recording session starting event=recording.session.start grace_period=0 max_duration=8000 output_count=2 session_id=adaptive-preview-measure-current warning_count=0
2026-04-14T14:27:21.269070481-04:00 INF http request duration=1.850195 method=POST path=/api/recordings/start
2026-04-14T14:27:21.269060008-04:00 INF recording session worker running event=recording.session.run.begin session_id=adaptive-preview-measure-current
2026-04-14T14:27:21.269253044-04:00 INF reused shared gstreamer video source event=capture.gst.shared.acquire.reused ref_count=2 signature=type=region|display=:0|device=|window=|size=|cursor=true|mirror=false|rect=0,960,2880,960 source_id=measure-region source_type=region
2026-04-14T14:27:21.282420788-04:00 INF http request duration=0.166234 method=GET path=/api/previews/preview-e7444805eb17/screenshot
2026-04-14T14:27:21.294742881-04:00 INF attached shared raw consumer consumer_id=raw-type-region-display--0-d-2 event=capture.gst.shared.raw.attach raw_consumer_count=1 ref_count=2 signature=type=region|display=:0|device=|window=|size=|cursor=true|mirror=false|rect=0,960,2880,960 source_id=measure-region
2026-04-14T14:27:21.294829108-04:00 INF started experimental shared video recording bridge event=capture.gst.shared.recording_bridge.start fps=24 output_path="/home/manuel/code/wesen/2026-04-09--screencast-studio/ttmp/2026/04/13/SCS-0014--fix-preview-regressions-in-screencast-studio-web-ui/scripts/19-live-app-preview-recording-cpu-measure/results/20260414-142718/output/Measure Region.mov" signature=type=region|display=:0|device=|window=|size=|cursor=true|mirror=false|rect=0,960,2880,960 source_id=measure-region
2026-04-14T14:27:21.294862794-04:00 INF started gstreamer recording pipeline event=recording.gst.start output_path="/home/manuel/code/wesen/2026-04-09--screencast-studio/ttmp/2026/04/13/SCS-0014--fix-preview-regressions-in-screencast-studio-web-ui/scripts/19-live-app-preview-recording-cpu-measure/results/20260414-142718/output/Measure Region.mov" process_label="Measure Region" recording_mode=shared-source-bridge source_type=region
2026-04-14T14:27:21.306039645-04:00 INF started gstreamer audio recording pipeline event=recording.gst.start output_path=/home/manuel/code/wesen/2026-04-09--screencast-studio/ttmp/2026/04/13/SCS-0014--fix-preview-regressions-in-screencast-studio-web-ui/scripts/19-live-app-preview-recording-cpu-measure/results/20260414-142718/output/audio-mix.wav process_label=audio-mix source_count=1
2026-04-14T14:27:21.306108645-04:00 INF recording session state updated active=true event=recording.session.state reason="gstreamer recording session created" session_id=adaptive-preview-measure-current state=starting
2026-04-14T14:27:21.306143659-04:00 INF recording subprocess started event received event=recording.process.started output_path="/home/manuel/code/wesen/2026-04-09--screencast-studio/ttmp/2026/04/13/SCS-0014--fix-preview-regressions-in-screencast-studio-web-ui/scripts/19-live-app-preview-recording-cpu-measure/results/20260414-142718/output/Measure Region.mov" process_label="Measure Region" session_id=adaptive-preview-measure-current
2026-04-14T14:27:21.306158244-04:00 INF recording subprocess started event received event=recording.process.started output_path=/home/manuel/code/wesen/2026-04-09--screencast-studio/ttmp/2026/04/13/SCS-0014--fix-preview-regressions-in-screencast-studio-web-ui/scripts/19-live-app-preview-recording-cpu-measure/results/20260414-142718/output/audio-mix.wav process_label=audio-mix session_id=adaptive-preview-measure-current
2026-04-14T14:27:21.306169577-04:00 INF recording session state updated active=true event=recording.session.state reason="all gstreamer recording pipelines started" session_id=adaptive-preview-measure-current state=running
2026-04-14T14:27:21.377665254-04:00 INF failed to parse audio level message event=recording.gst.audio_level.parse.failed rms="marshaling error: json: unsupported type: unsafe.Pointer" rms_type=unsafe.Pointer structure=level values="marshaling error: json: unsupported type: unsafe.Pointer"
2026-04-14T14:27:21.398529635-04:00 INF http request duration=0.153646 method=GET path=/api/recordings/current
2026-04-14T14:27:21.425810109-04:00 INF failed to parse audio level message event=recording.gst.audio_level.parse.failed rms="marshaling error: json: unsupported type: unsafe.Pointer" rms_type=unsafe.Pointer structure=level values="marshaling error: json: unsupported type: unsafe.Pointer"
2026-04-14T14:27:21.452197585-04:00 INF started experimental shared bridge recorder pipeline caps="video/x-raw, width=(int)2880, height=(int)960, framerate=(fraction)24/1, pixel-aspect-ratio=(fraction)1/1, format=(string)I420" event=capture.gst.shared.bridge_recorder.start fps=24 output_path="/home/manuel/code/wesen/2026-04-09--screencast-studio/ttmp/2026/04/13/SCS-0014--fix-preview-regressions-in-screencast-studio-web-ui/scripts/19-live-app-preview-recording-cpu-measure/results/20260414-142718/output/Measure Region.mov"
2026-04-14T14:27:21.45382865-04:00 INF pushed buffer into experimental shared bridge recorder buffer_count=1 duration=41.666666 event=capture.gst.shared.bridge_recorder.push pts=0
2026-04-14T14:27:21.478135097-04:00 INF failed to parse audio level message event=recording.gst.audio_level.parse.failed rms="marshaling error: json: unsupported type: unsafe.Pointer" rms_type=unsafe.Pointer structure=level values="marshaling error: json: unsupported type: unsafe.Pointer"
2026-04-14T14:27:21.523976487-04:00 INF pushed buffer into experimental shared bridge recorder buffer_count=10 duration=41.666666 event=capture.gst.shared.bridge_recorder.push pts=374.999994
2026-04-14T14:27:21.525523417-04:00 INF failed to parse audio level message event=recording.gst.audio_level.parse.failed rms="marshaling error: json: unsupported type: unsafe.Pointer" rms_type=unsafe.Pointer structure=level values="marshaling error: json: unsupported type: unsafe.Pointer"
2026-04-14T14:27:21.552331643-04:00 INF http request duration=0.113427 method=GET path=/vite.svg
2026-04-14T14:27:21.572971517-04:00 INF failed to parse audio level message event=recording.gst.audio_level.parse.failed rms="marshaling error: json: unsupported type: unsafe.Pointer" rms_type=unsafe.Pointer structure=level values="marshaling error: json: unsupported type: unsafe.Pointer"
2026-04-14T14:27:21.599566736-04:00 INF http request duration=0.116818 method=GET path=/api/recordings/current
2026-04-14T14:27:21.610902841-04:00 INF http request duration=0.045788 method=GET path=/api/healthz
2026-04-14T14:27:21.611442348-04:00 INF http request duration=0.069753 method=GET path=/api/recordings/current
2026-04-14T14:27:21.625698635-04:00 INF failed to parse audio level message event=recording.gst.audio_level.parse.failed rms="marshaling error: json: unsupported type: unsafe.Pointer" rms_type=unsafe.Pointer structure=level values="marshaling error: json: unsupported type: unsafe.Pointer"
2026-04-14T14:27:21.672924963-04:00 INF failed to parse audio level message event=recording.gst.audio_level.parse.failed rms="marshaling error: json: unsupported type: unsafe.Pointer" rms_type=unsafe.Pointer structure=level values="marshaling error: json: unsupported type: unsafe.Pointer"
2026-04-14T14:27:21.701607741-04:00 INF http request duration=90.362433 method=GET path=/api/discovery
2026-04-14T14:27:21.72021348-04:00 INF failed to parse audio level message event=recording.gst.audio_level.parse.failed rms="marshaling error: json: unsupported type: unsafe.Pointer" rms_type=unsafe.Pointer structure=level values="marshaling error: json: unsupported type: unsafe.Pointer"
2026-04-14T14:27:21.772588009-04:00 INF failed to parse audio level message event=recording.gst.audio_level.parse.failed rms="marshaling error: json: unsupported type: unsafe.Pointer" rms_type=unsafe.Pointer structure=level values="marshaling error: json: unsupported type: unsafe.Pointer"
2026-04-14T14:27:21.800760207-04:00 INF http request duration=0.073397 method=GET path=/api/recordings/current
2026-04-14T14:27:21.819718565-04:00 INF failed to parse audio level message event=recording.gst.audio_level.parse.failed rms="marshaling error: json: unsupported type: unsafe.Pointer" rms_type=unsafe.Pointer structure=level values="marshaling error: json: unsupported type: unsafe.Pointer"
2026-04-14T14:27:21.872208588-04:00 INF failed to parse audio level message event=recording.gst.audio_level.parse.failed rms="marshaling error: json: unsupported type: unsafe.Pointer" rms_type=unsafe.Pointer structure=level values="marshaling error: json: unsupported type: unsafe.Pointer"
2026-04-14T14:27:21.918818899-04:00 INF failed to parse audio level message event=recording.gst.audio_level.parse.failed rms="marshaling error: json: unsupported type: unsafe.Pointer" rms_type=unsafe.Pointer structure=level values="marshaling error: json: unsupported type: unsafe.Pointer"
2026-04-14T14:27:21.940862559-04:00 INF pushed buffer into experimental shared bridge recorder buffer_count=20 duration=41.666666 event=capture.gst.shared.bridge_recorder.push pts=791.666654
2026-04-14T14:27:21.965766782-04:00 INF failed to parse audio level message event=recording.gst.audio_level.parse.failed rms="marshaling error: json: unsupported type: unsafe.Pointer" rms_type=unsafe.Pointer structure=level values="marshaling error: json: unsupported type: unsafe.Pointer"
2026-04-14T14:27:22.001842601-04:00 INF http request duration=0.137409 method=GET path=/api/recordings/current
2026-04-14T14:27:22.01780021-04:00 INF failed to parse audio level message event=recording.gst.audio_level.parse.failed rms="marshaling error: json: unsupported type: unsafe.Pointer" rms_type=unsafe.Pointer structure=level values="marshaling error: json: unsupported type: unsafe.Pointer"
2026-04-14T14:27:22.024423042-04:00 INF http request duration=1.484002 method=POST path=/api/setup/normalize
2026-04-14T14:27:22.025945178-04:00 INF http request duration=0.913391 method=POST path=/api/setup/compile
2026-04-14T14:27:22.045536671-04:00 INF preview ensure requested dsl_bytes=877 event=preview.ensure.requested source_id=desktop-1
2026-04-14T14:27:22.045765314-04:00 INF created preview worker event=preview.ensure.created preview_id=preview-18daabfb09b6 source_id=desktop-1 source_name="Full Desktop" source_type=display
2026-04-14T14:27:22.04959928-04:00 INF created shared gstreamer video source event=capture.gst.shared.acquire.created signature=type=display|display=:0.0|device=|window=|size=|cursor=true|mirror=false source_id=desktop-1 source_type=display
2026-04-14T14:27:22.053342667-04:00 INF started shared gstreamer video source pipeline event=capture.gst.shared.start signature=type=display|display=:0.0|device=|window=|size=|cursor=true|mirror=false source_id=desktop-1 source_type=display
2026-04-14T14:27:22.053431551-04:00 INF attached shared preview consumer consumer_count=1 consumer_id=preview-type-display-display--0--1 event=capture.gst.shared.preview.attach ref_count=1 signature=type=display|display=:0.0|device=|window=|size=|cursor=true|mirror=false source_id=desktop-1
2026-04-14T14:27:22.053468656-04:00 INF started gstreamer preview session on shared source event=preview.gst.start shared_signature=type=display|display=:0.0|device=|window=|size=|cursor=true|mirror=false source_id=desktop-1 source_name="Full Desktop" source_type=display
2026-04-14T14:27:22.053517836-04:00 INF http request duration=8.023751 method=POST path=/api/previews/ensure
2026-04-14T14:27:22.053604835-04:00 INF preview session waiting event=preview.run.begin preview_id=preview-18daabfb09b6 source_id=desktop-1
2026-04-14T14:27:22.064584053-04:00 INF failed to parse audio level message event=recording.gst.audio_level.parse.failed rms="marshaling error: json: unsupported type: unsafe.Pointer" rms_type=unsafe.Pointer structure=level values="marshaling error: json: unsupported type: unsafe.Pointer"
2026-04-14T14:27:22.111329953-04:00 INF failed to parse audio level message event=recording.gst.audio_level.parse.failed rms="marshaling error: json: unsupported type: unsafe.Pointer" rms_type=unsafe.Pointer structure=level values="marshaling error: json: unsupported type: unsafe.Pointer"
2026-04-14T14:27:22.16312612-04:00 INF failed to parse audio level message event=recording.gst.audio_level.parse.failed rms="marshaling error: json: unsupported type: unsafe.Pointer" rms_type=unsafe.Pointer structure=level values="marshaling error: json: unsupported type: unsafe.Pointer"
2026-04-14T14:27:22.202761896-04:00 INF http request duration=0.080974 method=GET path=/api/recordings/current
2026-04-14T14:27:22.209715133-04:00 INF failed to parse audio level message event=recording.gst.audio_level.parse.failed rms="marshaling error: json: unsupported type: unsafe.Pointer" rms_type=unsafe.Pointer structure=level values="marshaling error: json: unsupported type: unsafe.Pointer"
2026-04-14T14:27:22.250647393-04:00 INF starting audio telemetry runner device_id=default event=telemetry.audio.runner.start
2026-04-14T14:27:22.250746562-04:00 INF starting parec audio telemetry process argv=["parec","--device=default","--format=s16le","--rate=16000","--channels=2","--raw"] device_id=default event=telemetry.process.start.requested
2026-04-14T14:27:22.251280878-04:00 INF parec audio telemetry process started device_id=default event=telemetry.process.start.done pid=63786
2026-04-14T14:27:22.263659613-04:00 INF failed to parse audio level message event=recording.gst.audio_level.parse.failed rms="marshaling error: json: unsupported type: unsafe.Pointer" rms_type=unsafe.Pointer structure=level values="marshaling error: json: unsupported type: unsafe.Pointer"
2026-04-14T14:27:22.309909407-04:00 INF failed to parse audio level message event=recording.gst.audio_level.parse.failed rms="marshaling error: json: unsupported type: unsafe.Pointer" rms_type=unsafe.Pointer structure=level values="marshaling error: json: unsupported type: unsafe.Pointer"
2026-04-14T14:27:22.354401326-04:00 INF failed to parse audio level message event=recording.gst.audio_level.parse.failed rms="marshaling error: json: unsupported type: unsafe.Pointer" rms_type=unsafe.Pointer structure=level values="marshaling error: json: unsupported type: unsafe.Pointer"
2026-04-14T14:27:22.357323086-04:00 INF pushed buffer into experimental shared bridge recorder buffer_count=30 duration=41.666666 event=capture.gst.shared.bridge_recorder.push pts=1208.333314
2026-04-14T14:27:22.403924812-04:00 INF http request duration=0.083871 method=GET path=/api/recordings/current
2026-04-14T14:27:22.405851364-04:00 INF failed to parse audio level message event=recording.gst.audio_level.parse.failed rms="marshaling error: json: unsupported type: unsafe.Pointer" rms_type=unsafe.Pointer structure=level values="marshaling error: json: unsupported type: unsafe.Pointer"
2026-04-14T14:27:22.451996815-04:00 INF failed to parse audio level message event=recording.gst.audio_level.parse.failed rms="marshaling error: json: unsupported type: unsafe.Pointer" rms_type=unsafe.Pointer structure=level values="marshaling error: json: unsupported type: unsafe.Pointer"
2026-04-14T14:27:22.49821908-04:00 INF failed to parse audio level message event=recording.gst.audio_level.parse.failed rms="marshaling error: json: unsupported type: unsafe.Pointer" rms_type=unsafe.Pointer structure=level values="marshaling error: json: unsupported type: unsafe.Pointer"
2026-04-14T14:27:22.549556739-04:00 INF failed to parse audio level message event=recording.gst.audio_level.parse.failed rms="marshaling error: json: unsupported type: unsafe.Pointer" rms_type=unsafe.Pointer structure=level values="marshaling error: json: unsupported type: unsafe.Pointer"
2026-04-14T14:27:22.595872944-04:00 INF failed to parse audio level message event=recording.gst.audio_level.parse.failed rms="marshaling error: json: unsupported type: unsafe.Pointer" rms_type=unsafe.Pointer structure=level values="marshaling error: json: unsupported type: unsafe.Pointer"
2026-04-14T14:27:22.604828249-04:00 INF http request duration=0.095733 method=GET path=/api/recordings/current
2026-04-14T14:27:22.646869076-04:00 INF failed to parse audio level message event=recording.gst.audio_level.parse.failed rms="marshaling error: json: unsupported type: unsafe.Pointer" rms_type=unsafe.Pointer structure=level values="marshaling error: json: unsupported type: unsafe.Pointer"
2026-04-14T14:27:22.692787948-04:00 INF failed to parse audio level message event=recording.gst.audio_level.parse.failed rms="marshaling error: json: unsupported type: unsafe.Pointer" rms_type=unsafe.Pointer structure=level values="marshaling error: json: unsupported type: unsafe.Pointer"
2026-04-14T14:27:22.738980469-04:00 INF failed to parse audio level message event=recording.gst.audio_level.parse.failed rms="marshaling error: json: unsupported type: unsafe.Pointer" rms_type=unsafe.Pointer structure=level values="marshaling error: json: unsupported type: unsafe.Pointer"
2026-04-14T14:27:22.774425418-04:00 INF pushed buffer into experimental shared bridge recorder buffer_count=40 duration=41.666666 event=capture.gst.shared.bridge_recorder.push pts=1624.999974
2026-04-14T14:27:22.790937233-04:00 INF failed to parse audio level message event=recording.gst.audio_level.parse.failed rms="marshaling error: json: unsupported type: unsafe.Pointer" rms_type=unsafe.Pointer structure=level values="marshaling error: json: unsupported type: unsafe.Pointer"
2026-04-14T14:27:22.805768238-04:00 INF http request duration=0.074588 method=GET path=/api/recordings/current
2026-04-14T14:27:22.838914052-04:00 INF failed to parse audio level message event=recording.gst.audio_level.parse.failed rms="marshaling error: json: unsupported type: unsafe.Pointer" rms_type=unsafe.Pointer structure=level values="marshaling error: json: unsupported type: unsafe.Pointer"
2026-04-14T14:27:22.886966839-04:00 INF failed to parse audio level message event=recording.gst.audio_level.parse.failed rms="marshaling error: json: unsupported type: unsafe.Pointer" rms_type=unsafe.Pointer structure=level values="marshaling error: json: unsupported type: unsafe.Pointer"
2026-04-14T14:27:22.940034973-04:00 INF failed to parse audio level message event=recording.gst.audio_level.parse.failed rms="marshaling error: json: unsupported type: unsafe.Pointer" rms_type=unsafe.Pointer structure=level values="marshaling error: json: unsupported type: unsafe.Pointer"
2026-04-14T14:27:22.988713597-04:00 INF failed to parse audio level message event=recording.gst.audio_level.parse.failed rms="marshaling error: json: unsupported type: unsafe.Pointer" rms_type=unsafe.Pointer structure=level values="marshaling error: json: unsupported type: unsafe.Pointer"
2026-04-14T14:27:23.006826714-04:00 INF http request duration=0.1169 method=GET path=/api/recordings/current
2026-04-14T14:27:23.041592739-04:00 INF failed to parse audio level message event=recording.gst.audio_level.parse.failed rms="marshaling error: json: unsupported type: unsafe.Pointer" rms_type=unsafe.Pointer structure=level values="marshaling error: json: unsupported type: unsafe.Pointer"
2026-04-14T14:27:23.089646798-04:00 INF failed to parse audio level message event=recording.gst.audio_level.parse.failed rms="marshaling error: json: unsupported type: unsafe.Pointer" rms_type=unsafe.Pointer structure=level values="marshaling error: json: unsupported type: unsafe.Pointer"
2026-04-14T14:27:23.137709578-04:00 INF failed to parse audio level message event=recording.gst.audio_level.parse.failed rms="marshaling error: json: unsupported type: unsafe.Pointer" rms_type=unsafe.Pointer structure=level values="marshaling error: json: unsupported type: unsafe.Pointer"
2026-04-14T14:27:23.190649117-04:00 INF pushed buffer into experimental shared bridge recorder buffer_count=50 duration=41.666666 event=capture.gst.shared.bridge_recorder.push pts=2041.666634
2026-04-14T14:27:23.190986911-04:00 INF failed to parse audio level message event=recording.gst.audio_level.parse.failed rms="marshaling error: json: unsupported type: unsafe.Pointer" rms_type=unsafe.Pointer structure=level values="marshaling error: json: unsupported type: unsafe.Pointer"
2026-04-14T14:27:23.207970334-04:00 INF http request duration=0.077955 method=GET path=/api/recordings/current
2026-04-14T14:27:23.238955613-04:00 INF failed to parse audio level message event=recording.gst.audio_level.parse.failed rms="marshaling error: json: unsupported type: unsafe.Pointer" rms_type=unsafe.Pointer structure=level values="marshaling error: json: unsupported type: unsafe.Pointer"
2026-04-14T14:27:23.287194175-04:00 INF failed to parse audio level message event=recording.gst.audio_level.parse.failed rms="marshaling error: json: unsupported type: unsafe.Pointer" rms_type=unsafe.Pointer structure=level values="marshaling error: json: unsupported type: unsafe.Pointer"
2026-04-14T14:27:23.340614213-04:00 INF failed to parse audio level message event=recording.gst.audio_level.parse.failed rms="marshaling error: json: unsupported type: unsafe.Pointer" rms_type=unsafe.Pointer structure=level values="marshaling error: json: unsupported type: unsafe.Pointer"
2026-04-14T14:27:23.388514342-04:00 INF failed to parse audio level message event=recording.gst.audio_level.parse.failed rms="marshaling error: json: unsupported type: unsafe.Pointer" rms_type=unsafe.Pointer structure=level values="marshaling error: json: unsupported type: unsafe.Pointer"
2026-04-14T14:27:23.409639986-04:00 INF http request duration=0.123859 method=GET path=/api/recordings/current
2026-04-14T14:27:23.442812706-04:00 INF failed to parse audio level message event=recording.gst.audio_level.parse.failed rms="marshaling error: json: unsupported type: unsafe.Pointer" rms_type=unsafe.Pointer structure=level values="marshaling error: json: unsupported type: unsafe.Pointer"
2026-04-14T14:27:23.489851258-04:00 INF failed to parse audio level message event=recording.gst.audio_level.parse.failed rms="marshaling error: json: unsupported type: unsafe.Pointer" rms_type=unsafe.Pointer structure=level values="marshaling error: json: unsupported type: unsafe.Pointer"
2026-04-14T14:27:23.537747762-04:00 INF failed to parse audio level message event=recording.gst.audio_level.parse.failed rms="marshaling error: json: unsupported type: unsafe.Pointer" rms_type=unsafe.Pointer structure=level values="marshaling error: json: unsupported type: unsafe.Pointer"
2026-04-14T14:27:23.591231874-04:00 INF failed to parse audio level message event=recording.gst.audio_level.parse.failed rms="marshaling error: json: unsupported type: unsafe.Pointer" rms_type=unsafe.Pointer structure=level values="marshaling error: json: unsupported type: unsafe.Pointer"
2026-04-14T14:27:23.61080427-04:00 INF http request duration=0.080575 method=GET path=/api/recordings/current
2026-04-14T14:27:23.616138141-04:00 INF pushed buffer into experimental shared bridge recorder buffer_count=60 duration=41.666666 event=capture.gst.shared.bridge_recorder.push pts=2458.333294
2026-04-14T14:27:23.638979025-04:00 INF failed to parse audio level message event=recording.gst.audio_level.parse.failed rms="marshaling error: json: unsupported type: unsafe.Pointer" rms_type=unsafe.Pointer structure=level values="marshaling error: json: unsupported type: unsafe.Pointer"
2026-04-14T14:27:23.687026164-04:00 INF failed to parse audio level message event=recording.gst.audio_level.parse.failed rms="marshaling error: json: unsupported type: unsafe.Pointer" rms_type=unsafe.Pointer structure=level values="marshaling error: json: unsupported type: unsafe.Pointer"
2026-04-14T14:27:23.740227552-04:00 INF failed to parse audio level message event=recording.gst.audio_level.parse.failed rms="marshaling error: json: unsupported type: unsafe.Pointer" rms_type=unsafe.Pointer structure=level values="marshaling error: json: unsupported type: unsafe.Pointer"
2026-04-14T14:27:23.788227284-04:00 INF failed to parse audio level message event=recording.gst.audio_level.parse.failed rms="marshaling error: json: unsupported type: unsafe.Pointer" rms_type=unsafe.Pointer structure=level values="marshaling error: json: unsupported type: unsafe.Pointer"
2026-04-14T14:27:23.811848401-04:00 INF http request duration=0.113568 method=GET path=/api/recordings/current
2026-04-14T14:27:23.841863206-04:00 INF failed to parse audio level message event=recording.gst.audio_level.parse.failed rms="marshaling error: json: unsupported type: unsafe.Pointer" rms_type=unsafe.Pointer structure=level values="marshaling error: json: unsupported type: unsafe.Pointer"
2026-04-14T14:27:23.889868959-04:00 INF failed to parse audio level message event=recording.gst.audio_level.parse.failed rms="marshaling error: json: unsupported type: unsafe.Pointer" rms_type=unsafe.Pointer structure=level values="marshaling error: json: unsupported type: unsafe.Pointer"
2026-04-14T14:27:23.937867115-04:00 INF failed to parse audio level message event=recording.gst.audio_level.parse.failed rms="marshaling error: json: unsupported type: unsafe.Pointer" rms_type=unsafe.Pointer structure=level values="marshaling error: json: unsupported type: unsafe.Pointer"
2026-04-14T14:27:23.990834369-04:00 INF failed to parse audio level message event=recording.gst.audio_level.parse.failed rms="marshaling error: json: unsupported type: unsafe.Pointer" rms_type=unsafe.Pointer structure=level values="marshaling error: json: unsupported type: unsafe.Pointer"
2026-04-14T14:27:24.013134842-04:00 INF http request duration=0.136163 method=GET path=/api/recordings/current
2026-04-14T14:27:24.030384762-04:00 INF pushed buffer into experimental shared bridge recorder buffer_count=70 duration=41.666666 event=capture.gst.shared.bridge_recorder.push pts=2874.999954
2026-04-14T14:27:24.038461729-04:00 INF failed to parse audio level message event=recording.gst.audio_level.parse.failed rms="marshaling error: json: unsupported type: unsafe.Pointer" rms_type=unsafe.Pointer structure=level values="marshaling error: json: unsupported type: unsafe.Pointer"
2026-04-14T14:27:24.087023963-04:00 INF failed to parse audio level message event=recording.gst.audio_level.parse.failed rms="marshaling error: json: unsupported type: unsafe.Pointer" rms_type=unsafe.Pointer structure=level values="marshaling error: json: unsupported type: unsafe.Pointer"
2026-04-14T14:27:24.141847228-04:00 INF failed to parse audio level message event=recording.gst.audio_level.parse.failed rms="marshaling error: json: unsupported type: unsafe.Pointer" rms_type=unsafe.Pointer structure=level values="marshaling error: json: unsupported type: unsafe.Pointer"
2026-04-14T14:27:24.188411791-04:00 INF failed to parse audio level message event=recording.gst.audio_level.parse.failed rms="marshaling error: json: unsupported type: unsafe.Pointer" rms_type=unsafe.Pointer structure=level values="marshaling error: json: unsupported type: unsafe.Pointer"
2026-04-14T14:27:24.214478959-04:00 INF http request duration=0.157645 method=GET path=/api/recordings/current
2026-04-14T14:27:24.241693475-04:00 INF failed to parse audio level message event=recording.gst.audio_level.parse.failed rms="marshaling error: json: unsupported type: unsafe.Pointer" rms_type=unsafe.Pointer structure=level values="marshaling error: json: unsupported type: unsafe.Pointer"
2026-04-14T14:27:24.289717511-04:00 INF failed to parse audio level message event=recording.gst.audio_level.parse.failed rms="marshaling error: json: unsupported type: unsafe.Pointer" rms_type=unsafe.Pointer structure=level values="marshaling error: json: unsupported type: unsafe.Pointer"
2026-04-14T14:27:24.337715469-04:00 INF failed to parse audio level message event=recording.gst.audio_level.parse.failed rms="marshaling error: json: unsupported type: unsafe.Pointer" rms_type=unsafe.Pointer structure=level values="marshaling error: json: unsupported type: unsafe.Pointer"
2026-04-14T14:27:24.391088902-04:00 INF failed to parse audio level message event=recording.gst.audio_level.parse.failed rms="marshaling error: json: unsupported type: unsafe.Pointer" rms_type=unsafe.Pointer structure=level values="marshaling error: json: unsupported type: unsafe.Pointer"
2026-04-14T14:27:24.416666524-04:00 INF http request duration=0.089185 method=GET path=/api/recordings/current
2026-04-14T14:27:24.441793544-04:00 INF failed to parse audio level message event=recording.gst.audio_level.parse.failed rms="marshaling error: json: unsupported type: unsafe.Pointer" rms_type=unsafe.Pointer structure=level values="marshaling error: json: unsupported type: unsafe.Pointer"
2026-04-14T14:27:24.447381981-04:00 INF pushed buffer into experimental shared bridge recorder buffer_count=80 duration=41.666666 event=capture.gst.shared.bridge_recorder.push pts=3291.666614
2026-04-14T14:27:24.486851879-04:00 INF failed to parse audio level message event=recording.gst.audio_level.parse.failed rms="marshaling error: json: unsupported type: unsafe.Pointer" rms_type=unsafe.Pointer structure=level values="marshaling error: json: unsupported type: unsafe.Pointer"
2026-04-14T14:27:24.539388813-04:00 INF failed to parse audio level message event=recording.gst.audio_level.parse.failed rms="marshaling error: json: unsupported type: unsafe.Pointer" rms_type=unsafe.Pointer structure=level values="marshaling error: json: unsupported type: unsafe.Pointer"
2026-04-14T14:27:24.588130145-04:00 INF failed to parse audio level message event=recording.gst.audio_level.parse.failed rms="marshaling error: json: unsupported type: unsafe.Pointer" rms_type=unsafe.Pointer structure=level values="marshaling error: json: unsupported type: unsafe.Pointer"
2026-04-14T14:27:24.617762074-04:00 INF http request duration=0.097781 method=GET path=/api/recordings/current
2026-04-14T14:27:24.638063243-04:00 INF failed to parse audio level message event=recording.gst.audio_level.parse.failed rms="marshaling error: json: unsupported type: unsafe.Pointer" rms_type=unsafe.Pointer structure=level values="marshaling error: json: unsupported type: unsafe.Pointer"
2026-04-14T14:27:24.687259227-04:00 INF failed to parse audio level message event=recording.gst.audio_level.parse.failed rms="marshaling error: json: unsupported type: unsafe.Pointer" rms_type=unsafe.Pointer structure=level values="marshaling error: json: unsupported type: unsafe.Pointer"
2026-04-14T14:27:24.736700803-04:00 INF failed to parse audio level message event=recording.gst.audio_level.parse.failed rms="marshaling error: json: unsupported type: unsafe.Pointer" rms_type=unsafe.Pointer structure=level values="marshaling error: json: unsupported type: unsafe.Pointer"
2026-04-14T14:27:24.785907239-04:00 INF failed to parse audio level message event=recording.gst.audio_level.parse.failed rms="marshaling error: json: unsupported type: unsafe.Pointer" rms_type=unsafe.Pointer structure=level values="marshaling error: json: unsupported type: unsafe.Pointer"
2026-04-14T14:27:24.818829695-04:00 INF http request duration=0.102819 method=GET path=/api/recordings/current
2026-04-14T14:27:24.835293138-04:00 INF failed to parse audio level message event=recording.gst.audio_level.parse.failed rms="marshaling error: json: unsupported type: unsafe.Pointer" rms_type=unsafe.Pointer structure=level values="marshaling error: json: unsupported type: unsafe.Pointer"
2026-04-14T14:27:24.85738086-04:00 INF pushed buffer into experimental shared bridge recorder buffer_count=90 duration=41.666666 event=capture.gst.shared.bridge_recorder.push pts=3708.333274
2026-04-14T14:27:24.8844755-04:00 INF failed to parse audio level message event=recording.gst.audio_level.parse.failed rms="marshaling error: json: unsupported type: unsafe.Pointer" rms_type=unsafe.Pointer structure=level values="marshaling error: json: unsupported type: unsafe.Pointer"
2026-04-14T14:27:24.933950014-04:00 INF failed to parse audio level message event=recording.gst.audio_level.parse.failed rms="marshaling error: json: unsupported type: unsafe.Pointer" rms_type=unsafe.Pointer structure=level values="marshaling error: json: unsupported type: unsafe.Pointer"
2026-04-14T14:27:24.985090692-04:00 INF failed to parse audio level message event=recording.gst.audio_level.parse.failed rms="marshaling error: json: unsupported type: unsafe.Pointer" rms_type=unsafe.Pointer structure=level values="marshaling error: json: unsupported type: unsafe.Pointer"
2026-04-14T14:27:25.020117986-04:00 INF http request duration=0.247773 method=GET path=/api/recordings/current
2026-04-14T14:27:25.033859569-04:00 INF failed to parse audio level message event=recording.gst.audio_level.parse.failed rms="marshaling error: json: unsupported type: unsafe.Pointer" rms_type=unsafe.Pointer structure=level values="marshaling error: json: unsupported type: unsafe.Pointer"
2026-04-14T14:27:25.081760602-04:00 INF failed to parse audio level message event=recording.gst.audio_level.parse.failed rms="marshaling error: json: unsupported type: unsafe.Pointer" rms_type=unsafe.Pointer structure=level values="marshaling error: json: unsupported type: unsafe.Pointer"
2026-04-14T14:27:25.131061839-04:00 INF failed to parse audio level message event=recording.gst.audio_level.parse.failed rms="marshaling error: json: unsupported type: unsafe.Pointer" rms_type=unsafe.Pointer structure=level values="marshaling error: json: unsupported type: unsafe.Pointer"
2026-04-14T14:27:25.180221353-04:00 INF failed to parse audio level message event=recording.gst.audio_level.parse.failed rms="marshaling error: json: unsupported type: unsafe.Pointer" rms_type=unsafe.Pointer structure=level values="marshaling error: json: unsupported type: unsafe.Pointer"
2026-04-14T14:27:25.22166379-04:00 INF http request duration=0.134111 method=GET path=/api/recordings/current
2026-04-14T14:27:25.229767796-04:00 INF failed to parse audio level message event=recording.gst.audio_level.parse.failed rms="marshaling error: json: unsupported type: unsafe.Pointer" rms_type=unsafe.Pointer structure=level values="marshaling error: json: unsupported type: unsafe.Pointer"
2026-04-14T14:27:25.276521358-04:00 INF pushed buffer into experimental shared bridge recorder buffer_count=100 duration=41.666666 event=capture.gst.shared.bridge_recorder.push pts=4124.999934
2026-04-14T14:27:25.279256763-04:00 INF failed to parse audio level message event=recording.gst.audio_level.parse.failed rms="marshaling error: json: unsupported type: unsafe.Pointer" rms_type=unsafe.Pointer structure=level values="marshaling error: json: unsupported type: unsafe.Pointer"
2026-04-14T14:27:25.328508299-04:00 INF failed to parse audio level message event=recording.gst.audio_level.parse.failed rms="marshaling error: json: unsupported type: unsafe.Pointer" rms_type=unsafe.Pointer structure=level values="marshaling error: json: unsupported type: unsafe.Pointer"
2026-04-14T14:27:25.382439036-04:00 INF failed to parse audio level message event=recording.gst.audio_level.parse.failed rms="marshaling error: json: unsupported type: unsafe.Pointer" rms_type=unsafe.Pointer structure=level values="marshaling error: json: unsupported type: unsafe.Pointer"
2026-04-14T14:27:25.42295216-04:00 INF http request duration=0.133891 method=GET path=/api/recordings/current
2026-04-14T14:27:25.42783706-04:00 INF failed to parse audio level message event=recording.gst.audio_level.parse.failed rms="marshaling error: json: unsupported type: unsafe.Pointer" rms_type=unsafe.Pointer structure=level values="marshaling error: json: unsupported type: unsafe.Pointer"
2026-04-14T14:27:25.480658118-04:00 INF failed to parse audio level message event=recording.gst.audio_level.parse.failed rms="marshaling error: json: unsupported type: unsafe.Pointer" rms_type=unsafe.Pointer structure=level values="marshaling error: json: unsupported type: unsafe.Pointer"
2026-04-14T14:27:25.529591266-04:00 INF failed to parse audio level message event=recording.gst.audio_level.parse.failed rms="marshaling error: json: unsupported type: unsafe.Pointer" rms_type=unsafe.Pointer structure=level values="marshaling error: json: unsupported type: unsafe.Pointer"
2026-04-14T14:27:25.577884494-04:00 INF failed to parse audio level message event=recording.gst.audio_level.parse.failed rms="marshaling error: json: unsupported type: unsafe.Pointer" rms_type=unsafe.Pointer structure=level values="marshaling error: json: unsupported type: unsafe.Pointer"
2026-04-14T14:27:25.624528133-04:00 INF http request duration=0.127891 method=GET path=/api/recordings/current
2026-04-14T14:27:25.628235964-04:00 INF failed to parse audio level message event=recording.gst.audio_level.parse.failed rms="marshaling error: json: unsupported type: unsafe.Pointer" rms_type=unsafe.Pointer structure=level values="marshaling error: json: unsupported type: unsafe.Pointer"
2026-04-14T14:27:25.675218407-04:00 INF failed to parse audio level message event=recording.gst.audio_level.parse.failed rms="marshaling error: json: unsupported type: unsafe.Pointer" rms_type=unsafe.Pointer structure=level values="marshaling error: json: unsupported type: unsafe.Pointer"
2026-04-14T14:27:25.690639374-04:00 INF pushed buffer into experimental shared bridge recorder buffer_count=110 duration=41.666666 event=capture.gst.shared.bridge_recorder.push pts=4541.666594
2026-04-14T14:27:25.72401619-04:00 INF failed to parse audio level message event=recording.gst.audio_level.parse.failed rms="marshaling error: json: unsupported type: unsafe.Pointer" rms_type=unsafe.Pointer structure=level values="marshaling error: json: unsupported type: unsafe.Pointer"
2026-04-14T14:27:25.773127247-04:00 INF failed to parse audio level message event=recording.gst.audio_level.parse.failed rms="marshaling error: json: unsupported type: unsafe.Pointer" rms_type=unsafe.Pointer structure=level values="marshaling error: json: unsupported type: unsafe.Pointer"
2026-04-14T14:27:25.822406241-04:00 INF failed to parse audio level message event=recording.gst.audio_level.parse.failed rms="marshaling error: json: unsupported type: unsafe.Pointer" rms_type=unsafe.Pointer structure=level values="marshaling error: json: unsupported type: unsafe.Pointer"
2026-04-14T14:27:25.825830791-04:00 INF http request duration=0.096774 method=GET path=/api/recordings/current
2026-04-14T14:27:25.871750148-04:00 INF failed to parse audio level message event=recording.gst.audio_level.parse.failed rms="marshaling error: json: unsupported type: unsafe.Pointer" rms_type=unsafe.Pointer structure=level values="marshaling error: json: unsupported type: unsafe.Pointer"
2026-04-14T14:27:25.921618301-04:00 INF failed to parse audio level message event=recording.gst.audio_level.parse.failed rms="marshaling error: json: unsupported type: unsafe.Pointer" rms_type=unsafe.Pointer structure=level values="marshaling error: json: unsupported type: unsafe.Pointer"
2026-04-14T14:27:25.970324642-04:00 INF failed to parse audio level message event=recording.gst.audio_level.parse.failed rms="marshaling error: json: unsupported type: unsafe.Pointer" rms_type=unsafe.Pointer structure=level values="marshaling error: json: unsupported type: unsafe.Pointer"
2026-04-14T14:27:26.019697039-04:00 INF failed to parse audio level message event=recording.gst.audio_level.parse.failed rms="marshaling error: json: unsupported type: unsafe.Pointer" rms_type=unsafe.Pointer structure=level values="marshaling error: json: unsupported type: unsafe.Pointer"
2026-04-14T14:27:26.027083893-04:00 INF http request duration=0.117802 method=GET path=/api/recordings/current
2026-04-14T14:27:26.069174429-04:00 INF failed to parse audio level message event=recording.gst.audio_level.parse.failed rms="marshaling error: json: unsupported type: unsafe.Pointer" rms_type=unsafe.Pointer structure=level values="marshaling error: json: unsupported type: unsafe.Pointer"
2026-04-14T14:27:26.110891319-04:00 INF pushed buffer into experimental shared bridge recorder buffer_count=120 duration=41.666666 event=capture.gst.shared.bridge_recorder.push pts=4958.333254
2026-04-14T14:27:26.1184532-04:00 INF failed to parse audio level message event=recording.gst.audio_level.parse.failed rms="marshaling error: json: unsupported type: unsafe.Pointer" rms_type=unsafe.Pointer structure=level values="marshaling error: json: unsupported type: unsafe.Pointer"
2026-04-14T14:27:26.167715372-04:00 INF failed to parse audio level message event=recording.gst.audio_level.parse.failed rms="marshaling error: json: unsupported type: unsafe.Pointer" rms_type=unsafe.Pointer structure=level values="marshaling error: json: unsupported type: unsafe.Pointer"
2026-04-14T14:27:26.217169033-04:00 INF failed to parse audio level message event=recording.gst.audio_level.parse.failed rms="marshaling error: json: unsupported type: unsafe.Pointer" rms_type=unsafe.Pointer structure=level values="marshaling error: json: unsupported type: unsafe.Pointer"
2026-04-14T14:27:26.228480677-04:00 INF http request duration=0.127056 method=GET path=/api/recordings/current
2026-04-14T14:27:26.266452552-04:00 INF failed to parse audio level message event=recording.gst.audio_level.parse.failed rms="marshaling error: json: unsupported type: unsafe.Pointer" rms_type=unsafe.Pointer structure=level values="marshaling error: json: unsupported type: unsafe.Pointer"
2026-04-14T14:27:26.315762906-04:00 INF failed to parse audio level message event=recording.gst.audio_level.parse.failed rms="marshaling error: json: unsupported type: unsafe.Pointer" rms_type=unsafe.Pointer structure=level values="marshaling error: json: unsupported type: unsafe.Pointer"
2026-04-14T14:27:26.364960535-04:00 INF failed to parse audio level message event=recording.gst.audio_level.parse.failed rms="marshaling error: json: unsupported type: unsafe.Pointer" rms_type=unsafe.Pointer structure=level values="marshaling error: json: unsupported type: unsafe.Pointer"
2026-04-14T14:27:26.414724956-04:00 INF failed to parse audio level message event=recording.gst.audio_level.parse.failed rms="marshaling error: json: unsupported type: unsafe.Pointer" rms_type=unsafe.Pointer structure=level values="marshaling error: json: unsupported type: unsafe.Pointer"
2026-04-14T14:27:26.429833902-04:00 INF http request duration=0.139703 method=GET path=/api/recordings/current
2026-04-14T14:27:26.463679518-04:00 INF failed to parse audio level message event=recording.gst.audio_level.parse.failed rms="marshaling error: json: unsupported type: unsafe.Pointer" rms_type=unsafe.Pointer structure=level values="marshaling error: json: unsupported type: unsafe.Pointer"
2026-04-14T14:27:26.512950407-04:00 INF failed to parse audio level message event=recording.gst.audio_level.parse.failed rms="marshaling error: json: unsupported type: unsafe.Pointer" rms_type=unsafe.Pointer structure=level values="marshaling error: json: unsupported type: unsafe.Pointer"
2026-04-14T14:27:26.53420436-04:00 INF pushed buffer into experimental shared bridge recorder buffer_count=130 duration=41.666666 event=capture.gst.shared.bridge_recorder.push pts=5374.999914
2026-04-14T14:27:26.562199456-04:00 INF failed to parse audio level message event=recording.gst.audio_level.parse.failed rms="marshaling error: json: unsupported type: unsafe.Pointer" rms_type=unsafe.Pointer structure=level values="marshaling error: json: unsupported type: unsafe.Pointer"
2026-04-14T14:27:26.611731315-04:00 INF failed to parse audio level message event=recording.gst.audio_level.parse.failed rms="marshaling error: json: unsupported type: unsafe.Pointer" rms_type=unsafe.Pointer structure=level values="marshaling error: json: unsupported type: unsafe.Pointer"
2026-04-14T14:27:26.631010274-04:00 INF http request duration=0.082831 method=GET path=/api/recordings/current
2026-04-14T14:27:26.660908244-04:00 INF failed to parse audio level message event=recording.gst.audio_level.parse.failed rms="marshaling error: json: unsupported type: unsafe.Pointer" rms_type=unsafe.Pointer structure=level values="marshaling error: json: unsupported type: unsafe.Pointer"
2026-04-14T14:27:26.71202211-04:00 INF failed to parse audio level message event=recording.gst.audio_level.parse.failed rms="marshaling error: json: unsupported type: unsafe.Pointer" rms_type=unsafe.Pointer structure=level values="marshaling error: json: unsupported type: unsafe.Pointer"
2026-04-14T14:27:26.760572212-04:00 INF failed to parse audio level message event=recording.gst.audio_level.parse.failed rms="marshaling error: json: unsupported type: unsafe.Pointer" rms_type=unsafe.Pointer structure=level values="marshaling error: json: unsupported type: unsafe.Pointer"
2026-04-14T14:27:26.808876645-04:00 INF failed to parse audio level message event=recording.gst.audio_level.parse.failed rms="marshaling error: json: unsupported type: unsafe.Pointer" rms_type=unsafe.Pointer structure=level values="marshaling error: json: unsupported type: unsafe.Pointer"
2026-04-14T14:27:26.832135114-04:00 INF http request duration=0.088637 method=GET path=/api/recordings/current
2026-04-14T14:27:26.858286409-04:00 INF failed to parse audio level message event=recording.gst.audio_level.parse.failed rms="marshaling error: json: unsupported type: unsafe.Pointer" rms_type=unsafe.Pointer structure=level values="marshaling error: json: unsupported type: unsafe.Pointer"
2026-04-14T14:27:26.925059426-04:00 INF failed to parse audio level message event=recording.gst.audio_level.parse.failed rms="marshaling error: json: unsupported type: unsafe.Pointer" rms_type=unsafe.Pointer structure=level values="marshaling error: json: unsupported type: unsafe.Pointer"
2026-04-14T14:27:26.940621179-04:00 INF pushed buffer into experimental shared bridge recorder buffer_count=140 duration=41.666666 event=capture.gst.shared.bridge_recorder.push pts=5791.666574
2026-04-14T14:27:26.975760942-04:00 INF failed to parse audio level message event=recording.gst.audio_level.parse.failed rms="marshaling error: json: unsupported type: unsafe.Pointer" rms_type=unsafe.Pointer structure=level values="marshaling error: json: unsupported type: unsafe.Pointer"
2026-04-14T14:27:27.023831371-04:00 INF failed to parse audio level message event=recording.gst.audio_level.parse.failed rms="marshaling error: json: unsupported type: unsafe.Pointer" rms_type=unsafe.Pointer structure=level values="marshaling error: json: unsupported type: unsafe.Pointer"
2026-04-14T14:27:27.033058013-04:00 INF http request duration=0.080674 method=GET path=/api/recordings/current
2026-04-14T14:27:27.073265536-04:00 INF failed to parse audio level message event=recording.gst.audio_level.parse.failed rms="marshaling error: json: unsupported type: unsafe.Pointer" rms_type=unsafe.Pointer structure=level values="marshaling error: json: unsupported type: unsafe.Pointer"
2026-04-14T14:27:27.122670297-04:00 INF failed to parse audio level message event=recording.gst.audio_level.parse.failed rms="marshaling error: json: unsupported type: unsafe.Pointer" rms_type=unsafe.Pointer structure=level values="marshaling error: json: unsupported type: unsafe.Pointer"
2026-04-14T14:27:27.172025438-04:00 INF failed to parse audio level message event=recording.gst.audio_level.parse.failed rms="marshaling error: json: unsupported type: unsafe.Pointer" rms_type=unsafe.Pointer structure=level values="marshaling error: json: unsupported type: unsafe.Pointer"
2026-04-14T14:27:27.221478927-04:00 INF failed to parse audio level message event=recording.gst.audio_level.parse.failed rms="marshaling error: json: unsupported type: unsafe.Pointer" rms_type=unsafe.Pointer structure=level values="marshaling error: json: unsupported type: unsafe.Pointer"
2026-04-14T14:27:27.23396464-04:00 INF http request duration=0.070439 method=GET path=/api/recordings/current
2026-04-14T14:27:27.27093327-04:00 INF failed to parse audio level message event=recording.gst.audio_level.parse.failed rms="marshaling error: json: unsupported type: unsafe.Pointer" rms_type=unsafe.Pointer structure=level values="marshaling error: json: unsupported type: unsafe.Pointer"
2026-04-14T14:27:27.320218868-04:00 INF failed to parse audio level message event=recording.gst.audio_level.parse.failed rms="marshaling error: json: unsupported type: unsafe.Pointer" rms_type=unsafe.Pointer structure=level values="marshaling error: json: unsupported type: unsafe.Pointer"
2026-04-14T14:27:27.357293961-04:00 INF pushed buffer into experimental shared bridge recorder buffer_count=150 duration=41.666666 event=capture.gst.shared.bridge_recorder.push pts=6208.333234
2026-04-14T14:27:27.369797673-04:00 INF failed to parse audio level message event=recording.gst.audio_level.parse.failed rms="marshaling error: json: unsupported type: unsafe.Pointer" rms_type=unsafe.Pointer structure=level values="marshaling error: json: unsupported type: unsafe.Pointer"
2026-04-14T14:27:27.419366352-04:00 INF failed to parse audio level message event=recording.gst.audio_level.parse.failed rms="marshaling error: json: unsupported type: unsafe.Pointer" rms_type=unsafe.Pointer structure=level values="marshaling error: json: unsupported type: unsafe.Pointer"
2026-04-14T14:27:27.43510582-04:00 INF http request duration=0.087362 method=GET path=/api/recordings/current
2026-04-14T14:27:27.468556498-04:00 INF failed to parse audio level message event=recording.gst.audio_level.parse.failed rms="marshaling error: json: unsupported type: unsafe.Pointer" rms_type=unsafe.Pointer structure=level values="marshaling error: json: unsupported type: unsafe.Pointer"
2026-04-14T14:27:27.517977442-04:00 INF failed to parse audio level message event=recording.gst.audio_level.parse.failed rms="marshaling error: json: unsupported type: unsafe.Pointer" rms_type=unsafe.Pointer structure=level values="marshaling error: json: unsupported type: unsafe.Pointer"
2026-04-14T14:27:27.567579895-04:00 INF failed to parse audio level message event=recording.gst.audio_level.parse.failed rms="marshaling error: json: unsupported type: unsafe.Pointer" rms_type=unsafe.Pointer structure=level values="marshaling error: json: unsupported type: unsafe.Pointer"
2026-04-14T14:27:27.616864496-04:00 INF failed to parse audio level message event=recording.gst.audio_level.parse.failed rms="marshaling error: json: unsupported type: unsafe.Pointer" rms_type=unsafe.Pointer structure=level values="marshaling error: json: unsupported type: unsafe.Pointer"
2026-04-14T14:27:27.63599257-04:00 INF http request duration=0.070664 method=GET path=/api/recordings/current
2026-04-14T14:27:27.666290863-04:00 INF failed to parse audio level message event=recording.gst.audio_level.parse.failed rms="marshaling error: json: unsupported type: unsafe.Pointer" rms_type=unsafe.Pointer structure=level values="marshaling error: json: unsupported type: unsafe.Pointer"
2026-04-14T14:27:27.715802673-04:00 INF failed to parse audio level message event=recording.gst.audio_level.parse.failed rms="marshaling error: json: unsupported type: unsafe.Pointer" rms_type=unsafe.Pointer structure=level values="marshaling error: json: unsupported type: unsafe.Pointer"
2026-04-14T14:27:27.765038971-04:00 INF failed to parse audio level message event=recording.gst.audio_level.parse.failed rms="marshaling error: json: unsupported type: unsafe.Pointer" rms_type=unsafe.Pointer structure=level values="marshaling error: json: unsupported type: unsafe.Pointer"
2026-04-14T14:27:27.774001593-04:00 INF pushed buffer into experimental shared bridge recorder buffer_count=160 duration=41.666666 event=capture.gst.shared.bridge_recorder.push pts=6624.999894
2026-04-14T14:27:27.814527027-04:00 INF failed to parse audio level message event=recording.gst.audio_level.parse.failed rms="marshaling error: json: unsupported type: unsafe.Pointer" rms_type=unsafe.Pointer structure=level values="marshaling error: json: unsupported type: unsafe.Pointer"
2026-04-14T14:27:27.837009025-04:00 INF http request duration=0.074469 method=GET path=/api/recordings/current
2026-04-14T14:27:27.863946198-04:00 INF failed to parse audio level message event=recording.gst.audio_level.parse.failed rms="marshaling error: json: unsupported type: unsafe.Pointer" rms_type=unsafe.Pointer structure=level values="marshaling error: json: unsupported type: unsafe.Pointer"
2026-04-14T14:27:27.91355761-04:00 INF failed to parse audio level message event=recording.gst.audio_level.parse.failed rms="marshaling error: json: unsupported type: unsafe.Pointer" rms_type=unsafe.Pointer structure=level values="marshaling error: json: unsupported type: unsafe.Pointer"
2026-04-14T14:27:27.96301242-04:00 INF failed to parse audio level message event=recording.gst.audio_level.parse.failed rms="marshaling error: json: unsupported type: unsafe.Pointer" rms_type=unsafe.Pointer structure=level values="marshaling error: json: unsupported type: unsafe.Pointer"
2026-04-14T14:27:28.012247002-04:00 INF failed to parse audio level message event=recording.gst.audio_level.parse.failed rms="marshaling error: json: unsupported type: unsafe.Pointer" rms_type=unsafe.Pointer structure=level values="marshaling error: json: unsupported type: unsafe.Pointer"
2026-04-14T14:27:28.038029231-04:00 INF http request duration=0.083638 method=GET path=/api/recordings/current
2026-04-14T14:27:28.061575249-04:00 INF failed to parse audio level message event=recording.gst.audio_level.parse.failed rms="marshaling error: json: unsupported type: unsafe.Pointer" rms_type=unsafe.Pointer structure=level values="marshaling error: json: unsupported type: unsafe.Pointer"
2026-04-14T14:27:28.113000706-04:00 INF failed to parse audio level message event=recording.gst.audio_level.parse.failed rms="marshaling error: json: unsupported type: unsafe.Pointer" rms_type=unsafe.Pointer structure=level values="marshaling error: json: unsupported type: unsafe.Pointer"
2026-04-14T14:27:28.160539664-04:00 INF failed to parse audio level message event=recording.gst.audio_level.parse.failed rms="marshaling error: json: unsupported type: unsafe.Pointer" rms_type=unsafe.Pointer structure=level values="marshaling error: json: unsupported type: unsafe.Pointer"
2026-04-14T14:27:28.19075455-04:00 INF pushed buffer into experimental shared bridge recorder buffer_count=170 duration=41.666666 event=capture.gst.shared.bridge_recorder.push pts=7041.666554
2026-04-14T14:27:28.210153285-04:00 INF failed to parse audio level message event=recording.gst.audio_level.parse.failed rms="marshaling error: json: unsupported type: unsafe.Pointer" rms_type=unsafe.Pointer structure=level values="marshaling error: json: unsupported type: unsafe.Pointer"
2026-04-14T14:27:28.239187092-04:00 INF http request duration=0.1003 method=GET path=/api/recordings/current
2026-04-14T14:27:28.259331738-04:00 INF failed to parse audio level message event=recording.gst.audio_level.parse.failed rms="marshaling error: json: unsupported type: unsafe.Pointer" rms_type=unsafe.Pointer structure=level values="marshaling error: json: unsupported type: unsafe.Pointer"
2026-04-14T14:27:28.308923769-04:00 INF failed to parse audio level message event=recording.gst.audio_level.parse.failed rms="marshaling error: json: unsupported type: unsafe.Pointer" rms_type=unsafe.Pointer structure=level values="marshaling error: json: unsupported type: unsafe.Pointer"
2026-04-14T14:27:28.359097731-04:00 INF failed to parse audio level message event=recording.gst.audio_level.parse.failed rms="marshaling error: json: unsupported type: unsafe.Pointer" rms_type=unsafe.Pointer structure=level values="marshaling error: json: unsupported type: unsafe.Pointer"
2026-04-14T14:27:28.427708414-04:00 INF failed to parse audio level message event=recording.gst.audio_level.parse.failed rms="marshaling error: json: unsupported type: unsafe.Pointer" rms_type=unsafe.Pointer structure=level values="marshaling error: json: unsupported type: unsafe.Pointer"
2026-04-14T14:27:28.44022208-04:00 INF http request duration=0.076332 method=GET path=/api/recordings/current
2026-04-14T14:27:28.47684421-04:00 INF failed to parse audio level message event=recording.gst.audio_level.parse.failed rms="marshaling error: json: unsupported type: unsafe.Pointer" rms_type=unsafe.Pointer structure=level values="marshaling error: json: unsupported type: unsafe.Pointer"
2026-04-14T14:27:28.526425526-04:00 INF failed to parse audio level message event=recording.gst.audio_level.parse.failed rms="marshaling error: json: unsupported type: unsafe.Pointer" rms_type=unsafe.Pointer structure=level values="marshaling error: json: unsupported type: unsafe.Pointer"
2026-04-14T14:27:28.576012155-04:00 INF failed to parse audio level message event=recording.gst.audio_level.parse.failed rms="marshaling error: json: unsupported type: unsafe.Pointer" rms_type=unsafe.Pointer structure=level values="marshaling error: json: unsupported type: unsafe.Pointer"
2026-04-14T14:27:28.607277833-04:00 INF pushed buffer into experimental shared bridge recorder buffer_count=180 duration=41.666666 event=capture.gst.shared.bridge_recorder.push pts=7458.333214
2026-04-14T14:27:28.625631843-04:00 INF failed to parse audio level message event=recording.gst.audio_level.parse.failed rms="marshaling error: json: unsupported type: unsafe.Pointer" rms_type=unsafe.Pointer structure=level values="marshaling error: json: unsupported type: unsafe.Pointer"
2026-04-14T14:27:28.641579995-04:00 INF http request duration=0.125952 method=GET path=/api/recordings/current
2026-04-14T14:27:28.675116237-04:00 INF failed to parse audio level message event=recording.gst.audio_level.parse.failed rms="marshaling error: json: unsupported type: unsafe.Pointer" rms_type=unsafe.Pointer structure=level values="marshaling error: json: unsupported type: unsafe.Pointer"
2026-04-14T14:27:28.724820185-04:00 INF failed to parse audio level message event=recording.gst.audio_level.parse.failed rms="marshaling error: json: unsupported type: unsafe.Pointer" rms_type=unsafe.Pointer structure=level values="marshaling error: json: unsupported type: unsafe.Pointer"
2026-04-14T14:27:28.774120329-04:00 INF failed to parse audio level message event=recording.gst.audio_level.parse.failed rms="marshaling error: json: unsupported type: unsafe.Pointer" rms_type=unsafe.Pointer structure=level values="marshaling error: json: unsupported type: unsafe.Pointer"
2026-04-14T14:27:28.824797905-04:00 INF failed to parse audio level message event=recording.gst.audio_level.parse.failed rms="marshaling error: json: unsupported type: unsafe.Pointer" rms_type=unsafe.Pointer structure=level values="marshaling error: json: unsupported type: unsafe.Pointer"
2026-04-14T14:27:28.843128546-04:00 INF http request duration=0.115675 method=GET path=/api/recordings/current
2026-04-14T14:27:28.873143931-04:00 INF failed to parse audio level message event=recording.gst.audio_level.parse.failed rms="marshaling error: json: unsupported type: unsafe.Pointer" rms_type=unsafe.Pointer structure=level values="marshaling error: json: unsupported type: unsafe.Pointer"
2026-04-14T14:27:28.922737891-04:00 INF failed to parse audio level message event=recording.gst.audio_level.parse.failed rms="marshaling error: json: unsupported type: unsafe.Pointer" rms_type=unsafe.Pointer structure=level values="marshaling error: json: unsupported type: unsafe.Pointer"
2026-04-14T14:27:28.972561017-04:00 INF failed to parse audio level message event=recording.gst.audio_level.parse.failed rms="marshaling error: json: unsupported type: unsafe.Pointer" rms_type=unsafe.Pointer structure=level values="marshaling error: json: unsupported type: unsafe.Pointer"
2026-04-14T14:27:29.021813435-04:00 INF failed to parse audio level message event=recording.gst.audio_level.parse.failed rms="marshaling error: json: unsupported type: unsafe.Pointer" rms_type=unsafe.Pointer structure=level values="marshaling error: json: unsupported type: unsafe.Pointer"
2026-04-14T14:27:29.025702789-04:00 INF pushed buffer into experimental shared bridge recorder buffer_count=190 duration=41.666666 event=capture.gst.shared.bridge_recorder.push pts=7874.999874
2026-04-14T14:27:29.044307621-04:00 INF http request duration=0.121985 method=GET path=/api/recordings/current
2026-04-14T14:27:29.071343566-04:00 INF failed to parse audio level message event=recording.gst.audio_level.parse.failed rms="marshaling error: json: unsupported type: unsafe.Pointer" rms_type=unsafe.Pointer structure=level values="marshaling error: json: unsupported type: unsafe.Pointer"
2026-04-14T14:27:29.121013241-04:00 INF failed to parse audio level message event=recording.gst.audio_level.parse.failed rms="marshaling error: json: unsupported type: unsafe.Pointer" rms_type=unsafe.Pointer structure=level values="marshaling error: json: unsupported type: unsafe.Pointer"
2026-04-14T14:27:29.170472629-04:00 INF failed to parse audio level message event=recording.gst.audio_level.parse.failed rms="marshaling error: json: unsupported type: unsafe.Pointer" rms_type=unsafe.Pointer structure=level values="marshaling error: json: unsupported type: unsafe.Pointer"
2026-04-14T14:27:29.222787287-04:00 INF failed to parse audio level message event=recording.gst.audio_level.parse.failed rms="marshaling error: json: unsupported type: unsafe.Pointer" rms_type=unsafe.Pointer structure=level values="marshaling error: json: unsupported type: unsafe.Pointer"
2026-04-14T14:27:29.245612847-04:00 INF http request duration=0.114154 method=GET path=/api/recordings/current
2026-04-14T14:27:29.269598699-04:00 INF failed to parse audio level message event=recording.gst.audio_level.parse.failed rms="marshaling error: json: unsupported type: unsafe.Pointer" rms_type=unsafe.Pointer structure=level values="marshaling error: json: unsupported type: unsafe.Pointer"
2026-04-14T14:27:29.269669552-04:00 INF recording session state updated active=true event=recording.session.state reason="max duration reached after 8s" session_id=adaptive-preview-measure-current state=stopping
2026-04-14T14:27:29.2721879-04:00 INF failed to parse audio level message event=recording.gst.audio_level.parse.failed rms="marshaling error: json: unsupported type: unsafe.Pointer" rms_type=unsafe.Pointer structure=level values="marshaling error: json: unsupported type: unsafe.Pointer"
2026-04-14T14:27:29.275291836-04:00 INF detached shared raw consumer consumer_id=raw-type-region-display--0-d-2 event=capture.gst.shared.raw.detach raw_consumer_count=0 signature=type=region|display=:0|device=|window=|size=|cursor=true|mirror=false|rect=0,960,2880,960 source_id=measure-region
2026-04-14T14:27:29.275370316-04:00 INF stopping experimental shared bridge recorder buffer_count=195 event=capture.gst.shared.bridge_recorder.stop
2026-04-14T14:27:29.453161352-04:00 INF http request duration=0.122079 method=GET path=/api/recordings/current
2026-04-14T14:27:29.6678004-04:00 INF http request duration=0.138236 method=GET path=/api/recordings/current
2026-04-14T14:27:29.875815246-04:00 INF http request duration=0.140094 method=GET path=/api/recordings/current
2026-04-14T14:27:30.062205289-04:00 INF recording session state updated active=false event=recording.session.state reason="max duration reached after 8s" session_id=adaptive-preview-measure-current state=finished
2026-04-14T14:27:30.062365969-04:00 INF recording session finished event=recording.session.finish finished_at=2026-04-14T14:27:30.062145774-04:00 reason="max duration reached after 8s" session_id=adaptive-preview-measure-current started_at=2026-04-14T14:27:21.306099779-04:00 state=finished
2026-04-14T14:27:30.077764775-04:00 INF http request duration=0.085611 method=GET path=/api/recordings/current
2026-04-14T14:27:32.283110718-04:00 INF http request duration=0.173925 method=GET path=/api/previews/preview-e7444805eb17/screenshot
2026-04-14T14:27:32.291431537-04:00 INF http request duration=0.093184 method=GET path=/api/previews
