{"level":"info","event":"preview.gst.crop.configure","source_id":"perf-bench-source","source_type":"region","root_width":2880,"root_height":1920,"rect_x":0,"rect_y":960,"rect_w":2880,"rect_h":960,"crop_left":0,"crop_top":960,"crop_right":0,"crop_bottom":0,"time":"2026-04-13T23:37:32-04:00","message":"configured videocrop for preview source"}
{"level":"info","event":"capture.gst.shared.acquire.created","signature":"type=region|display=:0|device=|window=|size=|cursor=true|mirror=false|rect=0,960,2880,960","source_id":"perf-bench-source","source_type":"region","time":"2026-04-13T23:37:32-04:00","message":"created shared gstreamer video source"}
{"level":"info","event":"capture.gst.shared.start","signature":"type=region|display=:0|device=|window=|size=|cursor=true|mirror=false|rect=0,960,2880,960","source_id":"perf-bench-source","source_type":"region","time":"2026-04-13T23:37:32-04:00","message":"started shared gstreamer video source pipeline"}
{"level":"info","event":"capture.gst.shared.preview.attach","signature":"type=region|display=:0|device=|window=|size=|cursor=true|mirror=false|rect=0,960,2880,960","consumer_id":"preview-type-region-display--0-d-1","source_id":"perf-bench-source","consumer_count":1,"ref_count":1,"time":"2026-04-13T23:37:32-04:00","message":"attached shared preview consumer"}
{"level":"info","event":"preview.gst.start","source_id":"perf-bench-source","source_name":"Performance Bench Source","source_type":"region","shared_signature":"type=region|display=:0|device=|window=|size=|cursor=true|mirror=false|rect=0,960,2880,960","time":"2026-04-13T23:37:32-04:00","message":"started gstreamer preview session on shared source"}
{"level":"info","event":"capture.gst.shared.acquire.reused","signature":"type=region|display=:0|device=|window=|size=|cursor=true|mirror=false|rect=0,960,2880,960","source_id":"perf-bench-source","source_type":"region","ref_count":2,"time":"2026-04-13T23:37:32-04:00","message":"reused shared gstreamer video source"}
{"level":"info","event":"capture.gst.shared.raw.attach","signature":"type=region|display=:0|device=|window=|size=|cursor=true|mirror=false|rect=0,960,2880,960","consumer_id":"raw-type-region-display--0-d-2","source_id":"perf-bench-source","raw_consumer_count":1,"ref_count":2,"time":"2026-04-13T23:37:32-04:00","message":"attached shared raw consumer"}
{"level":"info","event":"capture.gst.shared.recording_bridge.start","signature":"type=region|display=:0|device=|window=|size=|cursor=true|mirror=false|rect=0,960,2880,960","source_id":"perf-bench-source","output_path":"/home/manuel/code/wesen/2026-04-09--screencast-studio/ttmp/2026/04/13/SCS-0014--fix-preview-regressions-in-screencast-studio-web-ui/scripts/07-go-shared-recording-performance-matrix/results/20260413-233717/preview-plus-recorder.mp4","fps":24,"time":"2026-04-13T23:37:32-04:00","message":"started experimental shared video recording bridge"}
{"level":"info","event":"capture.gst.shared.bridge_recorder.start","output_path":"/home/manuel/code/wesen/2026-04-09--screencast-studio/ttmp/2026/04/13/SCS-0014--fix-preview-regressions-in-screencast-studio-web-ui/scripts/07-go-shared-recording-performance-matrix/results/20260413-233717/preview-plus-recorder.mp4","caps":"video/x-raw, width=(int)2880, height=(int)960, framerate=(fraction)24/1, pixel-aspect-ratio=(fraction)1/1, format=(string)I420","fps":24,"time":"2026-04-13T23:37:32-04:00","message":"started experimental shared bridge recorder pipeline"}
{"level":"info","event":"capture.gst.shared.bridge_recorder.push","buffer_count":1,"pts":0,"duration":41.666666,"time":"2026-04-13T23:37:32-04:00","message":"pushed buffer into experimental shared bridge recorder"}
{"level":"info","event":"capture.gst.shared.bridge_recorder.push","buffer_count":10,"pts":374.999994,"duration":41.666666,"time":"2026-04-13T23:37:32-04:00","message":"pushed buffer into experimental shared bridge recorder"}
{"level":"info","event":"capture.gst.shared.bridge_recorder.push","buffer_count":20,"pts":791.666654,"duration":41.666666,"time":"2026-04-13T23:37:33-04:00","message":"pushed buffer into experimental shared bridge recorder"}
{"level":"info","event":"capture.gst.shared.bridge_recorder.push","buffer_count":30,"pts":1208.333314,"duration":41.666666,"time":"2026-04-13T23:37:33-04:00","message":"pushed buffer into experimental shared bridge recorder"}
{"level":"info","event":"capture.gst.shared.bridge_recorder.push","buffer_count":40,"pts":1624.999974,"duration":41.666666,"time":"2026-04-13T23:37:33-04:00","message":"pushed buffer into experimental shared bridge recorder"}
{"level":"info","event":"capture.gst.shared.bridge_recorder.push","buffer_count":50,"pts":2041.666634,"duration":41.666666,"time":"2026-04-13T23:37:34-04:00","message":"pushed buffer into experimental shared bridge recorder"}
{"level":"info","event":"capture.gst.shared.bridge_recorder.push","buffer_count":60,"pts":2458.333294,"duration":41.666666,"time":"2026-04-13T23:37:34-04:00","message":"pushed buffer into experimental shared bridge recorder"}
{"level":"info","event":"capture.gst.shared.bridge_recorder.push","buffer_count":70,"pts":2874.999954,"duration":41.666666,"time":"2026-04-13T23:37:35-04:00","message":"pushed buffer into experimental shared bridge recorder"}
{"level":"info","event":"capture.gst.shared.bridge_recorder.push","buffer_count":80,"pts":3291.666614,"duration":41.666666,"time":"2026-04-13T23:37:35-04:00","message":"pushed buffer into experimental shared bridge recorder"}
{"level":"info","event":"capture.gst.shared.bridge_recorder.push","buffer_count":90,"pts":3708.333274,"duration":41.666666,"time":"2026-04-13T23:37:36-04:00","message":"pushed buffer into experimental shared bridge recorder"}
{"level":"info","event":"capture.gst.shared.bridge_recorder.push","buffer_count":100,"pts":4124.999934,"duration":41.666666,"time":"2026-04-13T23:37:36-04:00","message":"pushed buffer into experimental shared bridge recorder"}
{"level":"info","event":"capture.gst.shared.bridge_recorder.push","buffer_count":110,"pts":4541.666594,"duration":41.666666,"time":"2026-04-13T23:37:36-04:00","message":"pushed buffer into experimental shared bridge recorder"}
{"level":"info","event":"capture.gst.shared.bridge_recorder.push","buffer_count":120,"pts":4958.333254,"duration":41.666666,"time":"2026-04-13T23:37:37-04:00","message":"pushed buffer into experimental shared bridge recorder"}
{"level":"info","event":"capture.gst.shared.bridge_recorder.push","buffer_count":130,"pts":5374.999914,"duration":41.666666,"time":"2026-04-13T23:37:37-04:00","message":"pushed buffer into experimental shared bridge recorder"}
{"level":"info","event":"capture.gst.shared.bridge_recorder.push","buffer_count":140,"pts":5791.666574,"duration":41.666666,"time":"2026-04-13T23:37:38-04:00","message":"pushed buffer into experimental shared bridge recorder"}
{"level":"info","event":"capture.gst.shared.bridge_recorder.push","buffer_count":150,"pts":6208.333234,"duration":41.666666,"time":"2026-04-13T23:37:38-04:00","message":"pushed buffer into experimental shared bridge recorder"}
{"level":"info","event":"capture.gst.shared.raw.detach","signature":"type=region|display=:0|device=|window=|size=|cursor=true|mirror=false|rect=0,960,2880,960","consumer_id":"raw-type-region-display--0-d-2","source_id":"perf-bench-source","raw_consumer_count":0,"time":"2026-04-13T23:37:38-04:00","message":"detached shared raw consumer"}
{"level":"info","event":"capture.gst.shared.bridge_recorder.stop","buffer_count":151,"time":"2026-04-13T23:37:38-04:00","message":"stopping experimental shared bridge recorder"}
{"level":"info","event":"capture.gst.shared.preview.detach","signature":"type=region|display=:0|device=|window=|size=|cursor=true|mirror=false|rect=0,960,2880,960","consumer_id":"preview-type-region-display--0-d-1","source_id":"perf-bench-source","consumer_count":0,"time":"2026-04-13T23:37:41-04:00","message":"detached shared preview consumer"}
