2026-04-14T17:34:01.491617909-04:00 INF recording and preview managers already bound to serve runtime context event=runtime.context.bind
2026-04-14T17:34:01.491757126-04:00 INF telemetry manager starting event=runtime.telemetry.start
2026-04-14T17:34:01.491811869-04:00 INF telemetry manager run loop starting event=telemetry.run.start
2026-04-14T17:34:01.491847912-04:00 INF audio telemetry loop starting event=telemetry.audio.start interval=500
2026-04-14T17:34:01.491807173-04:00 INF web server starting addr=:7830 event=runtime.http.start initial_dsl_path= preview_limit=4 shutdown_timeout=5000 static_dir=
2026-04-14T17:34:01.491856649-04:00 INF disk telemetry loop starting event=telemetry.disk.start interval=2000
2026-04-14T17:34:02.481983489-04:00 INF http request duration=0.140667 method=GET path=/api/healthz
2026-04-14T17:34:02.563166222-04:00 INF preview ensure requested dsl_bytes=748 event=preview.ensure.requested source_id=desktop-1
2026-04-14T17:34:02.56337729-04:00 INF created preview worker event=preview.ensure.created preview_id=preview-909758a3cc65 source_id=desktop-1 source_name="Full Desktop" source_type=display
2026-04-14T17:34:02.574897537-04:00 INF created shared gstreamer video source event=capture.gst.shared.acquire.created signature=type=display|display=:0|device=|window=|size=|cursor=true|mirror=false source_id=desktop-1 source_type=display
2026-04-14T17:34:02.57787269-04:00 INF started shared gstreamer video source pipeline event=capture.gst.shared.start signature=type=display|display=:0|device=|window=|size=|cursor=true|mirror=false source_id=desktop-1 source_type=display
2026-04-14T17:34:02.577933027-04:00 INF attached shared preview consumer consumer_count=1 consumer_id=preview-type-display-display--0--1 event=capture.gst.shared.preview.attach ref_count=1 signature=type=display|display=:0|device=|window=|size=|cursor=true|mirror=false source_id=desktop-1
2026-04-14T17:34:02.577960474-04:00 INF started gstreamer preview session on shared source event=preview.gst.start shared_signature=type=display|display=:0|device=|window=|size=|cursor=true|mirror=false source_id=desktop-1 source_name="Full Desktop" source_type=display
2026-04-14T17:34:02.578052013-04:00 INF http request duration=14.960753 method=POST path=/api/previews/ensure
2026-04-14T17:34:02.578081171-04:00 INF preview session waiting event=preview.run.begin preview_id=preview-909758a3cc65 source_id=desktop-1
2026-04-14T17:34:02.645537909-04:00 INF recording session starting event=recording.session.start grace_period=0 max_duration=6000 output_count=1 session_id=browser-preview-mjpeg-ws-ablation warning_count=0
2026-04-14T17:34:02.645653346-04:00 INF http request duration=0.332684 method=POST path=/api/recordings/start
2026-04-14T17:34:02.645646331-04:00 INF recording session worker running event=recording.session.run.begin session_id=browser-preview-mjpeg-ws-ablation
2026-04-14T17:34:02.645715933-04:00 INF reused shared gstreamer video source event=capture.gst.shared.acquire.reused ref_count=2 signature=type=display|display=:0|device=|window=|size=|cursor=true|mirror=false source_id=desktop-1 source_type=display
2026-04-14T17:34:02.64856837-04:00 INF http request duration=0.074974 method=GET path=/metrics
2026-04-14T17:34:02.661408944-04:00 INF attached shared raw consumer consumer_id=raw-type-display-display--0--2 event=capture.gst.shared.raw.attach raw_consumer_count=1 ref_count=2 signature=type=display|display=:0|device=|window=|size=|cursor=true|mirror=false source_id=desktop-1
2026-04-14T17:34:02.661497865-04:00 INF started experimental shared video recording bridge event=capture.gst.shared.recording_bridge.start fps=24 output_path="/home/manuel/code/wesen/2026-04-09--screencast-studio/ttmp/2026/04/14/SCS-0015--investigate-browser-preview-streaming-pipeline-and-web-ui-performance-matrix/scripts/12-desktop-preview-recording-mjpeg-ws-ablation-matrix/results/20260414-173359/mjpeg-only/output/Full Desktop.mov" signature=type=display|display=:0|device=|window=|size=|cursor=true|mirror=false source_id=desktop-1
2026-04-14T17:34:02.661519367-04:00 INF started gstreamer recording pipeline event=recording.gst.start output_path="/home/manuel/code/wesen/2026-04-09--screencast-studio/ttmp/2026/04/14/SCS-0015--investigate-browser-preview-streaming-pipeline-and-web-ui-performance-matrix/scripts/12-desktop-preview-recording-mjpeg-ws-ablation-matrix/results/20260414-173359/mjpeg-only/output/Full Desktop.mov" process_label="Full Desktop" recording_mode=shared-source-bridge source_type=display
2026-04-14T17:34:02.66156105-04:00 INF recording session state updated active=true event=recording.session.state reason="gstreamer recording session created" session_id=browser-preview-mjpeg-ws-ablation state=starting
2026-04-14T17:34:02.66159729-04:00 INF recording subprocess started event received event=recording.process.started output_path="/home/manuel/code/wesen/2026-04-09--screencast-studio/ttmp/2026/04/14/SCS-0015--investigate-browser-preview-streaming-pipeline-and-web-ui-performance-matrix/scripts/12-desktop-preview-recording-mjpeg-ws-ablation-matrix/results/20260414-173359/mjpeg-only/output/Full Desktop.mov" process_label="Full Desktop" session_id=browser-preview-mjpeg-ws-ablation
2026-04-14T17:34:02.661616705-04:00 INF recording session state updated active=true event=recording.session.state reason="all gstreamer recording pipelines started" session_id=browser-preview-mjpeg-ws-ablation state=running
2026-04-14T17:34:02.729120524-04:00 INF http request duration=0.179509 method=GET path=/metrics
2026-04-14T17:34:02.742502463-04:00 INF http request duration=0.112911 method=GET path=/api/recordings/current
2026-04-14T17:34:02.944104612-04:00 INF http request duration=0.141251 method=GET path=/api/recordings/current
2026-04-14T17:34:03.145977747-04:00 INF http request duration=0.097389 method=GET path=/api/recordings/current
2026-04-14T17:34:03.347120823-04:00 INF http request duration=0.080151 method=GET path=/api/recordings/current
2026-04-14T17:34:03.548296687-04:00 INF http request duration=0.086769 method=GET path=/api/recordings/current
2026-04-14T17:34:03.746906579-04:00 INF http request duration=0.362683 method=GET path=/metrics
2026-04-14T17:34:03.749553609-04:00 INF http request duration=0.0717 method=GET path=/api/recordings/current
2026-04-14T17:34:03.950780675-04:00 INF http request duration=0.095145 method=GET path=/api/recordings/current
2026-04-14T17:34:04.152425627-04:00 INF http request duration=0.115029 method=GET path=/api/recordings/current
2026-04-14T17:34:04.353861715-04:00 INF http request duration=0.092149 method=GET path=/api/recordings/current
2026-04-14T17:34:04.555515826-04:00 INF http request duration=0.174933 method=GET path=/api/recordings/current
2026-04-14T17:34:04.756898571-04:00 INF http request duration=0.098773 method=GET path=/api/recordings/current
2026-04-14T17:34:04.761755115-04:00 INF http request duration=0.116585 method=GET path=/metrics
2026-04-14T17:34:04.958440835-04:00 INF http request duration=0.113127 method=GET path=/api/recordings/current
2026-04-14T17:34:05.159937152-04:00 INF http request duration=0.083325 method=GET path=/api/recordings/current
2026-04-14T17:34:05.361441471-04:00 INF http request duration=0.140228 method=GET path=/api/recordings/current
2026-04-14T17:34:05.562627485-04:00 INF http request duration=0.058417 method=GET path=/api/recordings/current
2026-04-14T17:34:05.764032376-04:00 INF http request duration=0.132988 method=GET path=/api/recordings/current
2026-04-14T17:34:05.778962169-04:00 INF http request duration=0.175193 method=GET path=/metrics
2026-04-14T17:34:05.965720528-04:00 INF http request duration=0.130217 method=GET path=/api/recordings/current
2026-04-14T17:34:06.167276828-04:00 INF http request duration=0.116315 method=GET path=/api/recordings/current
2026-04-14T17:34:06.368847466-04:00 INF http request duration=0.122837 method=GET path=/api/recordings/current
2026-04-14T17:34:06.570414142-04:00 INF http request duration=0.097953 method=GET path=/api/recordings/current
2026-04-14T17:34:06.771558279-04:00 INF http request duration=0.048837 method=GET path=/api/recordings/current
2026-04-14T17:34:06.787745903-04:00 INF http request duration=0.087138 method=GET path=/metrics
2026-04-14T17:34:06.972715418-04:00 INF http request duration=0.100114 method=GET path=/api/recordings/current
2026-04-14T17:34:07.174238802-04:00 INF http request duration=0.072104 method=GET path=/api/recordings/current
2026-04-14T17:34:07.375824557-04:00 INF http request duration=0.103627 method=GET path=/api/recordings/current
2026-04-14T17:34:07.576969218-04:00 INF http request duration=0.065681 method=GET path=/api/recordings/current
2026-04-14T17:34:07.777865696-04:00 INF http request duration=0.070787 method=GET path=/api/recordings/current
2026-04-14T17:34:07.795615993-04:00 INF http request duration=0.123934 method=GET path=/metrics
2026-04-14T17:34:07.978664791-04:00 INF http request duration=0.057789 method=GET path=/api/recordings/current
2026-04-14T17:34:08.179778567-04:00 INF http request duration=0.087969 method=GET path=/api/recordings/current
2026-04-14T17:34:08.381025976-04:00 INF http request duration=0.064271 method=GET path=/api/recordings/current
2026-04-14T17:34:08.581971015-04:00 INF http request duration=0.072268 method=GET path=/api/recordings/current
2026-04-14T17:34:08.646502845-04:00 INF recording session state updated active=true event=recording.session.state reason="max duration reached after 6s" session_id=browser-preview-mjpeg-ws-ablation state=stopping
2026-04-14T17:34:08.647342075-04:00 INF detached shared raw consumer consumer_id=raw-type-display-display--0--2 event=capture.gst.shared.raw.detach raw_consumer_count=0 signature=type=display|display=:0|device=|window=|size=|cursor=true|mirror=false source_id=desktop-1
2026-04-14T17:34:08.647537631-04:00 INF recording session state updated active=false event=recording.session.state reason="max duration reached after 6s" session_id=browser-preview-mjpeg-ws-ablation state=finished
2026-04-14T17:34:08.647618688-04:00 INF recording session finished event=recording.session.finish finished_at=2026-04-14T17:34:08.647534736-04:00 reason="max duration reached after 6s" session_id=browser-preview-mjpeg-ws-ablation started_at=2026-04-14T17:34:02.661549252-04:00 state=finished
2026-04-14T17:34:08.782937181-04:00 INF http request duration=0.086595 method=GET path=/api/recordings/current
2026-04-14T17:34:08.790740569-04:00 INF http request duration=6145.415348 method=GET path=/api/previews/preview-909758a3cc65/mjpeg
2026-04-14T17:34:11.648425567-04:00 INF http request duration=0.08663 method=GET path=/api/previews
2026-04-14T17:34:11.724181355-04:00 INF audio telemetry loop exiting event=telemetry.audio.exit reason="context canceled"
2026-04-14T17:34:11.724173239-04:00 INF disk telemetry loop exiting event=telemetry.disk.exit reason="context canceled"
2026-04-14T17:34:11.724173224-04:00 INF runtime shutdown triggered event=runtime.shutdown.begin reason="context canceled" shutdown_timeout=5000
2026-04-14T17:34:11.724240286-04:00 INF telemetry manager run loop exited event=telemetry.run.exit reason="context canceled"
2026-04-14T17:34:11.724246788-04:00 INF http server shutdown starting event=runtime.http.shutdown.begin reason="context canceled"
2026-04-14T17:34:11.724254102-04:00 INF telemetry manager exited event=runtime.telemetry.exit reason="context canceled"
2026-04-14T17:34:11.72428137-04:00 INF http server exited cleanly addr=:7830 event=runtime.http.exit
2026-04-14T17:34:11.724295505-04:00 INF http server shutdown finished event=runtime.http.shutdown.done reason="context canceled"
2026-04-14T17:34:11.724301857-04:00 INF recording manager shutdown starting event=runtime.recordings.shutdown.begin
2026-04-14T17:34:11.724308722-04:00 INF recording manager shutdown starting active=false event=recording.shutdown.begin session_id=browser-preview-mjpeg-ws-ablation state=finished
2026-04-14T17:34:11.724323196-04:00 INF recording manager shutdown finished event=recording.shutdown.done session_id=browser-preview-mjpeg-ws-ablation
2026-04-14T17:34:11.72432928-04:00 INF recording manager shutdown finished event=runtime.recordings.shutdown.done
2026-04-14T17:34:11.72433427-04:00 INF preview manager shutdown starting event=runtime.previews.shutdown.begin
2026-04-14T17:34:11.724344576-04:00 INF preview manager shutdown starting event=preview.shutdown.begin preview_count=1
2026-04-14T17:34:11.724353918-04:00 INF preview manager requested preview cancellation event=preview.shutdown.cancel preview_id=preview-909758a3cc65 source_id=desktop-1
2026-04-14T17:34:11.748720724-04:00 INF detached shared preview consumer consumer_count=0 consumer_id=preview-type-display-display--0--1 event=capture.gst.shared.preview.detach signature=type=display|display=:0|device=|window=|size=|cursor=true|mirror=false source_id=desktop-1
2026-04-14T17:34:11.748861232-04:00 INF preview finished event=preview.finish preview_id=preview-909758a3cc65 reason="shutdown requested" source_id=desktop-1 state=finished
2026-04-14T17:34:11.748979149-04:00 INF removing preview from manager maps event=preview.cleanup preview_id=preview-909758a3cc65 signature=909758a3cc65bd0e39a108375a740be6a0bc4bd5
2026-04-14T17:34:11.749063852-04:00 INF preview shutdown wait completed event=preview.shutdown.wait.done preview_id=preview-909758a3cc65 remaining=0 source_id=desktop-1
2026-04-14T17:34:11.749248961-04:00 INF preview manager shutdown finished event=preview.shutdown.done preview_count=1
2026-04-14T17:34:11.749271212-04:00 INF preview manager shutdown finished event=runtime.previews.shutdown.done
2026-04-14T17:34:11.749288744-04:00 INF waiting for runtime participant to exit event=runtime.participant.wait.begin participant="http server goroutine"
2026-04-14T17:34:11.749310359-04:00 INF runtime participant exited event=runtime.participant.wait.done participant="http server goroutine"
2026-04-14T17:34:11.749328527-04:00 INF waiting for telemetry goroutine to exit event=runtime.telemetry.wait.begin
2026-04-14T17:34:11.749344034-04:00 INF waiting for runtime participant to exit event=runtime.participant.wait.begin participant="telemetry goroutine"
2026-04-14T17:34:11.749363065-04:00 INF runtime participant exited event=runtime.participant.wait.done participant="telemetry goroutine"
2026-04-14T17:34:11.749379377-04:00 INF telemetry goroutine exited event=runtime.telemetry.wait.done
2026-04-14T17:34:11.749398115-04:00 INF runtime shutdown component summary event=runtime.shutdown.components recording_active=false recording_session_id=browser-preview-mjpeg-ws-ablation remaining_previews=0
2026-04-14T17:34:11.74943767-04:00 INF server runtime exited cleanly event=runtime.shutdown.summary
