2026-04-14T17:35:54.663901293-04:00 INF recording and preview managers already bound to serve runtime context event=runtime.context.bind
2026-04-14T17:35:54.664112491-04:00 INF web server starting addr=:7831 event=runtime.http.start initial_dsl_path= preview_limit=4 shutdown_timeout=5000 static_dir=
2026-04-14T17:35:54.66434862-04:00 INF telemetry manager starting event=runtime.telemetry.start
2026-04-14T17:35:54.664382926-04:00 INF telemetry manager run loop starting event=telemetry.run.start
2026-04-14T17:35:54.664464951-04:00 INF disk telemetry loop starting event=telemetry.disk.start interval=2000
2026-04-14T17:35:54.664470789-04:00 INF audio telemetry loop starting event=telemetry.audio.start interval=500
2026-04-14T17:35:55.655908556-04:00 INF http request duration=0.165941 method=GET path=/api/healthz
2026-04-14T17:35:55.737149891-04:00 INF preview ensure requested dsl_bytes=751 event=preview.ensure.requested source_id=desktop-1
2026-04-14T17:35:55.737345654-04:00 INF created preview worker event=preview.ensure.created preview_id=preview-909758a3cc65 source_id=desktop-1 source_name="Full Desktop" source_type=display
2026-04-14T17:35:55.748711898-04:00 INF created shared gstreamer video source event=capture.gst.shared.acquire.created signature=type=display|display=:0|device=|window=|size=|cursor=true|mirror=false source_id=desktop-1 source_type=display
2026-04-14T17:35:55.751707301-04:00 INF started shared gstreamer video source pipeline event=capture.gst.shared.start signature=type=display|display=:0|device=|window=|size=|cursor=true|mirror=false source_id=desktop-1 source_type=display
2026-04-14T17:35:55.751767488-04:00 INF attached shared preview consumer consumer_count=1 consumer_id=preview-type-display-display--0--1 event=capture.gst.shared.preview.attach ref_count=1 signature=type=display|display=:0|device=|window=|size=|cursor=true|mirror=false source_id=desktop-1
2026-04-14T17:35:55.751789557-04:00 INF started gstreamer preview session on shared source event=preview.gst.start shared_signature=type=display|display=:0|device=|window=|size=|cursor=true|mirror=false source_id=desktop-1 source_name="Full Desktop" source_type=display
2026-04-14T17:35:55.751872109-04:00 INF http request duration=14.804239 method=POST path=/api/previews/ensure
2026-04-14T17:35:55.75191144-04:00 INF preview session waiting event=preview.run.begin preview_id=preview-909758a3cc65 source_id=desktop-1
2026-04-14T17:35:55.82339238-04:00 INF http request duration=0.068502 method=GET path=/api/previews/preview-909758a3cc65/screenshot
2026-04-14T17:35:56.080801363-04:00 INF http request duration=0.217067 method=GET path=/api/previews/preview-909758a3cc65/screenshot
2026-04-14T17:35:56.095207082-04:00 INF http request duration=0.109041 method=GET path=/metrics
2026-04-14T17:35:56.163366689-04:00 INF http request duration=0.126145 method=GET path=/metrics
2026-04-14T17:35:57.172219205-04:00 INF http request duration=0.226368 method=GET path=/metrics
2026-04-14T17:35:58.095632205-04:00 INF recording session starting event=recording.session.start grace_period=0 max_duration=6000 output_count=1 session_id=browser-preview-mjpeg-ws-ablation warning_count=0
2026-04-14T17:35:58.095860627-04:00 INF http request duration=0.671397 method=POST path=/api/recordings/start
2026-04-14T17:35:58.095847294-04:00 INF recording session worker running event=recording.session.run.begin session_id=browser-preview-mjpeg-ws-ablation
2026-04-14T17:35:58.096066872-04:00 INF reused shared gstreamer video source event=capture.gst.shared.acquire.reused ref_count=2 signature=type=display|display=:0|device=|window=|size=|cursor=true|mirror=false source_id=desktop-1 source_type=display
2026-04-14T17:35:58.116321273-04:00 INF attached shared raw consumer consumer_id=raw-type-display-display--0--2 event=capture.gst.shared.raw.attach raw_consumer_count=1 ref_count=2 signature=type=display|display=:0|device=|window=|size=|cursor=true|mirror=false source_id=desktop-1
2026-04-14T17:35:58.116377376-04:00 INF started experimental shared video recording bridge event=capture.gst.shared.recording_bridge.start fps=24 output_path="/home/manuel/code/wesen/2026-04-09--screencast-studio/ttmp/2026/04/14/SCS-0015--investigate-browser-preview-streaming-pipeline-and-web-ui-performance-matrix/scripts/12-desktop-preview-recording-mjpeg-ws-ablation-matrix/results/20260414-173541/mjpeg-plus-ws/output/Full Desktop.mov" signature=type=display|display=:0|device=|window=|size=|cursor=true|mirror=false source_id=desktop-1
2026-04-14T17:35:58.116411439-04:00 INF started gstreamer recording pipeline event=recording.gst.start output_path="/home/manuel/code/wesen/2026-04-09--screencast-studio/ttmp/2026/04/14/SCS-0015--investigate-browser-preview-streaming-pipeline-and-web-ui-performance-matrix/scripts/12-desktop-preview-recording-mjpeg-ws-ablation-matrix/results/20260414-173541/mjpeg-plus-ws/output/Full Desktop.mov" process_label="Full Desktop" recording_mode=shared-source-bridge source_type=display
2026-04-14T17:35:58.116437933-04:00 INF recording session state updated active=true event=recording.session.state reason="gstreamer recording session created" session_id=browser-preview-mjpeg-ws-ablation state=starting
2026-04-14T17:35:58.116485423-04:00 INF recording subprocess started event received event=recording.process.started output_path="/home/manuel/code/wesen/2026-04-09--screencast-studio/ttmp/2026/04/14/SCS-0015--investigate-browser-preview-streaming-pipeline-and-web-ui-performance-matrix/scripts/12-desktop-preview-recording-mjpeg-ws-ablation-matrix/results/20260414-173541/mjpeg-plus-ws/output/Full Desktop.mov" process_label="Full Desktop" session_id=browser-preview-mjpeg-ws-ablation
2026-04-14T17:35:58.11650257-04:00 INF recording session state updated active=true event=recording.session.state reason="all gstreamer recording pipelines started" session_id=browser-preview-mjpeg-ws-ablation state=running
2026-04-14T17:35:58.180903855-04:00 INF http request duration=0.120122 method=GET path=/metrics
2026-04-14T17:35:58.189808197-04:00 INF http request duration=0.077177 method=GET path=/api/recordings/current
2026-04-14T17:35:58.225990838-04:00 INF started experimental shared bridge recorder pipeline caps="video/x-raw, width=(int)2880, height=(int)1920, framerate=(fraction)24/1, pixel-aspect-ratio=(fraction)1/1, format=(string)I420" event=capture.gst.shared.bridge_recorder.start fps=24 output_path="/home/manuel/code/wesen/2026-04-09--screencast-studio/ttmp/2026/04/14/SCS-0015--investigate-browser-preview-streaming-pipeline-and-web-ui-performance-matrix/scripts/12-desktop-preview-recording-mjpeg-ws-ablation-matrix/results/20260414-173541/mjpeg-plus-ws/output/Full Desktop.mov"
2026-04-14T17:35:58.226088107-04:00 INF pushed buffer into experimental shared bridge recorder buffer_count=1 duration=41.666666 event=capture.gst.shared.bridge_recorder.push pts=0
2026-04-14T17:35:58.226178961-04:00 WRN dropping shared bridge recorder sample because the async queue is full or closed event=capture.gst.shared.bridge_recorder.drop output_path="/home/manuel/code/wesen/2026-04-09--screencast-studio/ttmp/2026/04/14/SCS-0015--investigate-browser-preview-streaming-pipeline-and-web-ui-performance-matrix/scripts/12-desktop-preview-recording-mjpeg-ws-ablation-matrix/results/20260414-173541/mjpeg-plus-ws/output/Full Desktop.mov"
2026-04-14T17:35:58.226198652-04:00 WRN dropping shared bridge recorder sample because the async queue is full or closed event=capture.gst.shared.bridge_recorder.drop output_path="/home/manuel/code/wesen/2026-04-09--screencast-studio/ttmp/2026/04/14/SCS-0015--investigate-browser-preview-streaming-pipeline-and-web-ui-performance-matrix/scripts/12-desktop-preview-recording-mjpeg-ws-ablation-matrix/results/20260414-173541/mjpeg-plus-ws/output/Full Desktop.mov"
2026-04-14T17:35:58.226215536-04:00 WRN dropping shared bridge recorder sample because the async queue is full or closed event=capture.gst.shared.bridge_recorder.drop output_path="/home/manuel/code/wesen/2026-04-09--screencast-studio/ttmp/2026/04/14/SCS-0015--investigate-browser-preview-streaming-pipeline-and-web-ui-performance-matrix/scripts/12-desktop-preview-recording-mjpeg-ws-ablation-matrix/results/20260414-173541/mjpeg-plus-ws/output/Full Desktop.mov"
2026-04-14T17:35:58.226235975-04:00 WRN dropping shared bridge recorder sample because the async queue is full or closed event=capture.gst.shared.bridge_recorder.drop output_path="/home/manuel/code/wesen/2026-04-09--screencast-studio/ttmp/2026/04/14/SCS-0015--investigate-browser-preview-streaming-pipeline-and-web-ui-performance-matrix/scripts/12-desktop-preview-recording-mjpeg-ws-ablation-matrix/results/20260414-173541/mjpeg-plus-ws/output/Full Desktop.mov"
2026-04-14T17:35:58.226251744-04:00 WRN dropping shared bridge recorder sample because the async queue is full or closed event=capture.gst.shared.bridge_recorder.drop output_path="/home/manuel/code/wesen/2026-04-09--screencast-studio/ttmp/2026/04/14/SCS-0015--investigate-browser-preview-streaming-pipeline-and-web-ui-performance-matrix/scripts/12-desktop-preview-recording-mjpeg-ws-ablation-matrix/results/20260414-173541/mjpeg-plus-ws/output/Full Desktop.mov"
2026-04-14T17:35:58.226269229-04:00 WRN dropping shared bridge recorder sample because the async queue is full or closed event=capture.gst.shared.bridge_recorder.drop output_path="/home/manuel/code/wesen/2026-04-09--screencast-studio/ttmp/2026/04/14/SCS-0015--investigate-browser-preview-streaming-pipeline-and-web-ui-performance-matrix/scripts/12-desktop-preview-recording-mjpeg-ws-ablation-matrix/results/20260414-173541/mjpeg-plus-ws/output/Full Desktop.mov"
2026-04-14T17:35:58.226285831-04:00 WRN dropping shared bridge recorder sample because the async queue is full or closed event=capture.gst.shared.bridge_recorder.drop output_path="/home/manuel/code/wesen/2026-04-09--screencast-studio/ttmp/2026/04/14/SCS-0015--investigate-browser-preview-streaming-pipeline-and-web-ui-performance-matrix/scripts/12-desktop-preview-recording-mjpeg-ws-ablation-matrix/results/20260414-173541/mjpeg-plus-ws/output/Full Desktop.mov"
2026-04-14T17:35:58.226304006-04:00 WRN dropping shared bridge recorder sample because the async queue is full or closed event=capture.gst.shared.bridge_recorder.drop output_path="/home/manuel/code/wesen/2026-04-09--screencast-studio/ttmp/2026/04/14/SCS-0015--investigate-browser-preview-streaming-pipeline-and-web-ui-performance-matrix/scripts/12-desktop-preview-recording-mjpeg-ws-ablation-matrix/results/20260414-173541/mjpeg-plus-ws/output/Full Desktop.mov"
2026-04-14T17:35:58.226320359-04:00 WRN dropping shared bridge recorder sample because the async queue is full or closed event=capture.gst.shared.bridge_recorder.drop output_path="/home/manuel/code/wesen/2026-04-09--screencast-studio/ttmp/2026/04/14/SCS-0015--investigate-browser-preview-streaming-pipeline-and-web-ui-performance-matrix/scripts/12-desktop-preview-recording-mjpeg-ws-ablation-matrix/results/20260414-173541/mjpeg-plus-ws/output/Full Desktop.mov"
2026-04-14T17:35:58.22633867-04:00 WRN dropping shared bridge recorder sample because the async queue is full or closed event=capture.gst.shared.bridge_recorder.drop output_path="/home/manuel/code/wesen/2026-04-09--screencast-studio/ttmp/2026/04/14/SCS-0015--investigate-browser-preview-streaming-pipeline-and-web-ui-performance-matrix/scripts/12-desktop-preview-recording-mjpeg-ws-ablation-matrix/results/20260414-173541/mjpeg-plus-ws/output/Full Desktop.mov"
2026-04-14T17:35:58.226353032-04:00 WRN dropping shared bridge recorder sample because the async queue is full or closed event=capture.gst.shared.bridge_recorder.drop output_path="/home/manuel/code/wesen/2026-04-09--screencast-studio/ttmp/2026/04/14/SCS-0015--investigate-browser-preview-streaming-pipeline-and-web-ui-performance-matrix/scripts/12-desktop-preview-recording-mjpeg-ws-ablation-matrix/results/20260414-173541/mjpeg-plus-ws/output/Full Desktop.mov"
2026-04-14T17:35:58.226369474-04:00 WRN dropping shared bridge recorder sample because the async queue is full or closed event=capture.gst.shared.bridge_recorder.drop output_path="/home/manuel/code/wesen/2026-04-09--screencast-studio/ttmp/2026/04/14/SCS-0015--investigate-browser-preview-streaming-pipeline-and-web-ui-performance-matrix/scripts/12-desktop-preview-recording-mjpeg-ws-ablation-matrix/results/20260414-173541/mjpeg-plus-ws/output/Full Desktop.mov"
2026-04-14T17:35:58.226386413-04:00 WRN dropping shared bridge recorder sample because the async queue is full or closed event=capture.gst.shared.bridge_recorder.drop output_path="/home/manuel/code/wesen/2026-04-09--screencast-studio/ttmp/2026/04/14/SCS-0015--investigate-browser-preview-streaming-pipeline-and-web-ui-performance-matrix/scripts/12-desktop-preview-recording-mjpeg-ws-ablation-matrix/results/20260414-173541/mjpeg-plus-ws/output/Full Desktop.mov"
2026-04-14T17:35:58.22640264-04:00 WRN dropping shared bridge recorder sample because the async queue is full or closed event=capture.gst.shared.bridge_recorder.drop output_path="/home/manuel/code/wesen/2026-04-09--screencast-studio/ttmp/2026/04/14/SCS-0015--investigate-browser-preview-streaming-pipeline-and-web-ui-performance-matrix/scripts/12-desktop-preview-recording-mjpeg-ws-ablation-matrix/results/20260414-173541/mjpeg-plus-ws/output/Full Desktop.mov"
2026-04-14T17:35:58.226420406-04:00 WRN dropping shared bridge recorder sample because the async queue is full or closed event=capture.gst.shared.bridge_recorder.drop output_path="/home/manuel/code/wesen/2026-04-09--screencast-studio/ttmp/2026/04/14/SCS-0015--investigate-browser-preview-streaming-pipeline-and-web-ui-performance-matrix/scripts/12-desktop-preview-recording-mjpeg-ws-ablation-matrix/results/20260414-173541/mjpeg-plus-ws/output/Full Desktop.mov"
2026-04-14T17:35:58.226438727-04:00 WRN dropping shared bridge recorder sample because the async queue is full or closed event=capture.gst.shared.bridge_recorder.drop output_path="/home/manuel/code/wesen/2026-04-09--screencast-studio/ttmp/2026/04/14/SCS-0015--investigate-browser-preview-streaming-pipeline-and-web-ui-performance-matrix/scripts/12-desktop-preview-recording-mjpeg-ws-ablation-matrix/results/20260414-173541/mjpeg-plus-ws/output/Full Desktop.mov"
2026-04-14T17:35:58.226452763-04:00 WRN dropping shared bridge recorder sample because the async queue is full or closed event=capture.gst.shared.bridge_recorder.drop output_path="/home/manuel/code/wesen/2026-04-09--screencast-studio/ttmp/2026/04/14/SCS-0015--investigate-browser-preview-streaming-pipeline-and-web-ui-performance-matrix/scripts/12-desktop-preview-recording-mjpeg-ws-ablation-matrix/results/20260414-173541/mjpeg-plus-ws/output/Full Desktop.mov"
2026-04-14T17:35:58.22647865-04:00 WRN dropping shared bridge recorder sample because the async queue is full or closed event=capture.gst.shared.bridge_recorder.drop output_path="/home/manuel/code/wesen/2026-04-09--screencast-studio/ttmp/2026/04/14/SCS-0015--investigate-browser-preview-streaming-pipeline-and-web-ui-performance-matrix/scripts/12-desktop-preview-recording-mjpeg-ws-ablation-matrix/results/20260414-173541/mjpeg-plus-ws/output/Full Desktop.mov"
2026-04-14T17:35:58.226499494-04:00 WRN dropping shared bridge recorder sample because the async queue is full or closed event=capture.gst.shared.bridge_recorder.drop output_path="/home/manuel/code/wesen/2026-04-09--screencast-studio/ttmp/2026/04/14/SCS-0015--investigate-browser-preview-streaming-pipeline-and-web-ui-performance-matrix/scripts/12-desktop-preview-recording-mjpeg-ws-ablation-matrix/results/20260414-173541/mjpeg-plus-ws/output/Full Desktop.mov"
2026-04-14T17:35:58.226513692-04:00 WRN dropping shared bridge recorder sample because the async queue is full or closed event=capture.gst.shared.bridge_recorder.drop output_path="/home/manuel/code/wesen/2026-04-09--screencast-studio/ttmp/2026/04/14/SCS-0015--investigate-browser-preview-streaming-pipeline-and-web-ui-performance-matrix/scripts/12-desktop-preview-recording-mjpeg-ws-ablation-matrix/results/20260414-173541/mjpeg-plus-ws/output/Full Desktop.mov"
2026-04-14T17:35:58.226527809-04:00 WRN dropping shared bridge recorder sample because the async queue is full or closed event=capture.gst.shared.bridge_recorder.drop output_path="/home/manuel/code/wesen/2026-04-09--screencast-studio/ttmp/2026/04/14/SCS-0015--investigate-browser-preview-streaming-pipeline-and-web-ui-performance-matrix/scripts/12-desktop-preview-recording-mjpeg-ws-ablation-matrix/results/20260414-173541/mjpeg-plus-ws/output/Full Desktop.mov"
2026-04-14T17:35:58.226547818-04:00 WRN dropping shared bridge recorder sample because the async queue is full or closed event=capture.gst.shared.bridge_recorder.drop output_path="/home/manuel/code/wesen/2026-04-09--screencast-studio/ttmp/2026/04/14/SCS-0015--investigate-browser-preview-streaming-pipeline-and-web-ui-performance-matrix/scripts/12-desktop-preview-recording-mjpeg-ws-ablation-matrix/results/20260414-173541/mjpeg-plus-ws/output/Full Desktop.mov"
2026-04-14T17:35:58.226562459-04:00 WRN dropping shared bridge recorder sample because the async queue is full or closed event=capture.gst.shared.bridge_recorder.drop output_path="/home/manuel/code/wesen/2026-04-09--screencast-studio/ttmp/2026/04/14/SCS-0015--investigate-browser-preview-streaming-pipeline-and-web-ui-performance-matrix/scripts/12-desktop-preview-recording-mjpeg-ws-ablation-matrix/results/20260414-173541/mjpeg-plus-ws/output/Full Desktop.mov"
2026-04-14T17:35:58.226577178-04:00 WRN dropping shared bridge recorder sample because the async queue is full or closed event=capture.gst.shared.bridge_recorder.drop output_path="/home/manuel/code/wesen/2026-04-09--screencast-studio/ttmp/2026/04/14/SCS-0015--investigate-browser-preview-streaming-pipeline-and-web-ui-performance-matrix/scripts/12-desktop-preview-recording-mjpeg-ws-ablation-matrix/results/20260414-173541/mjpeg-plus-ws/output/Full Desktop.mov"
2026-04-14T17:35:58.22659303-04:00 WRN dropping shared bridge recorder sample because the async queue is full or closed event=capture.gst.shared.bridge_recorder.drop output_path="/home/manuel/code/wesen/2026-04-09--screencast-studio/ttmp/2026/04/14/SCS-0015--investigate-browser-preview-streaming-pipeline-and-web-ui-performance-matrix/scripts/12-desktop-preview-recording-mjpeg-ws-ablation-matrix/results/20260414-173541/mjpeg-plus-ws/output/Full Desktop.mov"
2026-04-14T17:35:58.226607071-04:00 WRN dropping shared bridge recorder sample because the async queue is full or closed event=capture.gst.shared.bridge_recorder.drop output_path="/home/manuel/code/wesen/2026-04-09--screencast-studio/ttmp/2026/04/14/SCS-0015--investigate-browser-preview-streaming-pipeline-and-web-ui-performance-matrix/scripts/12-desktop-preview-recording-mjpeg-ws-ablation-matrix/results/20260414-173541/mjpeg-plus-ws/output/Full Desktop.mov"
2026-04-14T17:35:58.226620589-04:00 WRN dropping shared bridge recorder sample because the async queue is full or closed event=capture.gst.shared.bridge_recorder.drop output_path="/home/manuel/code/wesen/2026-04-09--screencast-studio/ttmp/2026/04/14/SCS-0015--investigate-browser-preview-streaming-pipeline-and-web-ui-performance-matrix/scripts/12-desktop-preview-recording-mjpeg-ws-ablation-matrix/results/20260414-173541/mjpeg-plus-ws/output/Full Desktop.mov"
2026-04-14T17:35:58.226638016-04:00 WRN dropping shared bridge recorder sample because the async queue is full or closed event=capture.gst.shared.bridge_recorder.drop output_path="/home/manuel/code/wesen/2026-04-09--screencast-studio/ttmp/2026/04/14/SCS-0015--investigate-browser-preview-streaming-pipeline-and-web-ui-performance-matrix/scripts/12-desktop-preview-recording-mjpeg-ws-ablation-matrix/results/20260414-173541/mjpeg-plus-ws/output/Full Desktop.mov"
2026-04-14T17:35:58.2266569-04:00 WRN dropping shared bridge recorder sample because the async queue is full or closed event=capture.gst.shared.bridge_recorder.drop output_path="/home/manuel/code/wesen/2026-04-09--screencast-studio/ttmp/2026/04/14/SCS-0015--investigate-browser-preview-streaming-pipeline-and-web-ui-performance-matrix/scripts/12-desktop-preview-recording-mjpeg-ws-ablation-matrix/results/20260414-173541/mjpeg-plus-ws/output/Full Desktop.mov"
2026-04-14T17:35:58.226673087-04:00 WRN dropping shared bridge recorder sample because the async queue is full or closed event=capture.gst.shared.bridge_recorder.drop output_path="/home/manuel/code/wesen/2026-04-09--screencast-studio/ttmp/2026/04/14/SCS-0015--investigate-browser-preview-streaming-pipeline-and-web-ui-performance-matrix/scripts/12-desktop-preview-recording-mjpeg-ws-ablation-matrix/results/20260414-173541/mjpeg-plus-ws/output/Full Desktop.mov"
2026-04-14T17:35:58.226688735-04:00 WRN dropping shared bridge recorder sample because the async queue is full or closed event=capture.gst.shared.bridge_recorder.drop output_path="/home/manuel/code/wesen/2026-04-09--screencast-studio/ttmp/2026/04/14/SCS-0015--investigate-browser-preview-streaming-pipeline-and-web-ui-performance-matrix/scripts/12-desktop-preview-recording-mjpeg-ws-ablation-matrix/results/20260414-173541/mjpeg-plus-ws/output/Full Desktop.mov"
2026-04-14T17:35:58.226702302-04:00 WRN dropping shared bridge recorder sample because the async queue is full or closed event=capture.gst.shared.bridge_recorder.drop output_path="/home/manuel/code/wesen/2026-04-09--screencast-studio/ttmp/2026/04/14/SCS-0015--investigate-browser-preview-streaming-pipeline-and-web-ui-performance-matrix/scripts/12-desktop-preview-recording-mjpeg-ws-ablation-matrix/results/20260414-173541/mjpeg-plus-ws/output/Full Desktop.mov"
2026-04-14T17:35:58.226726039-04:00 WRN dropping shared bridge recorder sample because the async queue is full or closed event=capture.gst.shared.bridge_recorder.drop output_path="/home/manuel/code/wesen/2026-04-09--screencast-studio/ttmp/2026/04/14/SCS-0015--investigate-browser-preview-streaming-pipeline-and-web-ui-performance-matrix/scripts/12-desktop-preview-recording-mjpeg-ws-ablation-matrix/results/20260414-173541/mjpeg-plus-ws/output/Full Desktop.mov"
2026-04-14T17:35:58.226740407-04:00 WRN dropping shared bridge recorder sample because the async queue is full or closed event=capture.gst.shared.bridge_recorder.drop output_path="/home/manuel/code/wesen/2026-04-09--screencast-studio/ttmp/2026/04/14/SCS-0015--investigate-browser-preview-streaming-pipeline-and-web-ui-performance-matrix/scripts/12-desktop-preview-recording-mjpeg-ws-ablation-matrix/results/20260414-173541/mjpeg-plus-ws/output/Full Desktop.mov"
2026-04-14T17:35:58.226753833-04:00 WRN dropping shared bridge recorder sample because the async queue is full or closed event=capture.gst.shared.bridge_recorder.drop output_path="/home/manuel/code/wesen/2026-04-09--screencast-studio/ttmp/2026/04/14/SCS-0015--investigate-browser-preview-streaming-pipeline-and-web-ui-performance-matrix/scripts/12-desktop-preview-recording-mjpeg-ws-ablation-matrix/results/20260414-173541/mjpeg-plus-ws/output/Full Desktop.mov"
2026-04-14T17:35:58.226775119-04:00 WRN dropping shared bridge recorder sample because the async queue is full or closed event=capture.gst.shared.bridge_recorder.drop output_path="/home/manuel/code/wesen/2026-04-09--screencast-studio/ttmp/2026/04/14/SCS-0015--investigate-browser-preview-streaming-pipeline-and-web-ui-performance-matrix/scripts/12-desktop-preview-recording-mjpeg-ws-ablation-matrix/results/20260414-173541/mjpeg-plus-ws/output/Full Desktop.mov"
2026-04-14T17:35:58.226790438-04:00 WRN dropping shared bridge recorder sample because the async queue is full or closed event=capture.gst.shared.bridge_recorder.drop output_path="/home/manuel/code/wesen/2026-04-09--screencast-studio/ttmp/2026/04/14/SCS-0015--investigate-browser-preview-streaming-pipeline-and-web-ui-performance-matrix/scripts/12-desktop-preview-recording-mjpeg-ws-ablation-matrix/results/20260414-173541/mjpeg-plus-ws/output/Full Desktop.mov"
2026-04-14T17:35:58.226805693-04:00 WRN dropping shared bridge recorder sample because the async queue is full or closed event=capture.gst.shared.bridge_recorder.drop output_path="/home/manuel/code/wesen/2026-04-09--screencast-studio/ttmp/2026/04/14/SCS-0015--investigate-browser-preview-streaming-pipeline-and-web-ui-performance-matrix/scripts/12-desktop-preview-recording-mjpeg-ws-ablation-matrix/results/20260414-173541/mjpeg-plus-ws/output/Full Desktop.mov"
2026-04-14T17:35:58.226822235-04:00 WRN dropping shared bridge recorder sample because the async queue is full or closed event=capture.gst.shared.bridge_recorder.drop output_path="/home/manuel/code/wesen/2026-04-09--screencast-studio/ttmp/2026/04/14/SCS-0015--investigate-browser-preview-streaming-pipeline-and-web-ui-performance-matrix/scripts/12-desktop-preview-recording-mjpeg-ws-ablation-matrix/results/20260414-173541/mjpeg-plus-ws/output/Full Desktop.mov"
2026-04-14T17:35:58.226839121-04:00 WRN dropping shared bridge recorder sample because the async queue is full or closed event=capture.gst.shared.bridge_recorder.drop output_path="/home/manuel/code/wesen/2026-04-09--screencast-studio/ttmp/2026/04/14/SCS-0015--investigate-browser-preview-streaming-pipeline-and-web-ui-performance-matrix/scripts/12-desktop-preview-recording-mjpeg-ws-ablation-matrix/results/20260414-173541/mjpeg-plus-ws/output/Full Desktop.mov"
2026-04-14T17:35:58.230063805-04:00 WRN dropping shared bridge recorder sample because the async queue is full or closed event=capture.gst.shared.bridge_recorder.drop output_path="/home/manuel/code/wesen/2026-04-09--screencast-studio/ttmp/2026/04/14/SCS-0015--investigate-browser-preview-streaming-pipeline-and-web-ui-performance-matrix/scripts/12-desktop-preview-recording-mjpeg-ws-ablation-matrix/results/20260414-173541/mjpeg-plus-ws/output/Full Desktop.mov"
2026-04-14T17:35:58.279422548-04:00 INF pushed buffer into experimental shared bridge recorder buffer_count=10 duration=41.666666 event=capture.gst.shared.bridge_recorder.push pts=374.999994
2026-04-14T17:35:58.330864963-04:00 INF pushed buffer into experimental shared bridge recorder buffer_count=20 duration=41.666666 event=capture.gst.shared.bridge_recorder.push pts=791.666654
2026-04-14T17:35:58.390598102-04:00 INF http request duration=0.060346 method=GET path=/api/recordings/current
2026-04-14T17:35:58.59161338-04:00 INF http request duration=0.066763 method=GET path=/api/recordings/current
2026-04-14T17:35:58.744795143-04:00 INF pushed buffer into experimental shared bridge recorder buffer_count=30 duration=41.666666 event=capture.gst.shared.bridge_recorder.push pts=1208.333314
2026-04-14T17:35:58.792957497-04:00 INF http request duration=0.122523 method=GET path=/api/recordings/current
2026-04-14T17:35:58.993994421-04:00 INF http request duration=0.068455 method=GET path=/api/recordings/current
2026-04-14T17:35:59.157315947-04:00 INF pushed buffer into experimental shared bridge recorder buffer_count=40 duration=41.666666 event=capture.gst.shared.bridge_recorder.push pts=1624.999974
2026-04-14T17:35:59.188915836-04:00 INF http request duration=0.173976 method=GET path=/metrics
2026-04-14T17:35:59.194897494-04:00 INF http request duration=0.07611 method=GET path=/api/recordings/current
2026-04-14T17:35:59.395943159-04:00 INF http request duration=0.050033 method=GET path=/api/recordings/current
2026-04-14T17:35:59.567682136-04:00 INF pushed buffer into experimental shared bridge recorder buffer_count=50 duration=41.666666 event=capture.gst.shared.bridge_recorder.push pts=2041.666634
2026-04-14T17:35:59.596826599-04:00 INF http request duration=0.064545 method=GET path=/api/recordings/current
2026-04-14T17:35:59.797746816-04:00 INF http request duration=0.058859 method=GET path=/api/recordings/current
2026-04-14T17:35:59.980132398-04:00 INF pushed buffer into experimental shared bridge recorder buffer_count=60 duration=41.666666 event=capture.gst.shared.bridge_recorder.push pts=2458.333294
2026-04-14T17:35:59.998593657-04:00 INF http request duration=0.053059 method=GET path=/api/recordings/current
2026-04-14T17:36:00.197021333-04:00 INF http request duration=0.115945 method=GET path=/metrics
2026-04-14T17:36:00.199243261-04:00 INF http request duration=0.056756 method=GET path=/api/recordings/current
2026-04-14T17:36:00.396802274-04:00 INF pushed buffer into experimental shared bridge recorder buffer_count=70 duration=41.666666 event=capture.gst.shared.bridge_recorder.push pts=2874.999954
2026-04-14T17:36:00.399943046-04:00 INF http request duration=0.054744 method=GET path=/api/recordings/current
2026-04-14T17:36:00.600861672-04:00 INF http request duration=0.062517 method=GET path=/api/recordings/current
2026-04-14T17:36:00.801752014-04:00 INF http request duration=0.083393 method=GET path=/api/recordings/current
2026-04-14T17:36:00.815070021-04:00 INF pushed buffer into experimental shared bridge recorder buffer_count=80 duration=41.666666 event=capture.gst.shared.bridge_recorder.push pts=3291.666614
2026-04-14T17:36:01.002855157-04:00 INF http request duration=0.081474 method=GET path=/api/recordings/current
2026-04-14T17:36:01.203759927-04:00 INF http request duration=0.0556 method=GET path=/api/recordings/current
2026-04-14T17:36:01.204098076-04:00 INF http request duration=0.098411 method=GET path=/metrics
2026-04-14T17:36:01.230241264-04:00 INF pushed buffer into experimental shared bridge recorder buffer_count=90 duration=41.666666 event=capture.gst.shared.bridge_recorder.push pts=3708.333274
2026-04-14T17:36:01.404687313-04:00 INF http request duration=0.079188 method=GET path=/api/recordings/current
2026-04-14T17:36:01.605566306-04:00 INF http request duration=0.079832 method=GET path=/api/recordings/current
2026-04-14T17:36:01.646766238-04:00 INF pushed buffer into experimental shared bridge recorder buffer_count=100 duration=41.666666 event=capture.gst.shared.bridge_recorder.push pts=4124.999934
2026-04-14T17:36:01.806429169-04:00 INF http request duration=0.055507 method=GET path=/api/recordings/current
2026-04-14T17:36:02.007373581-04:00 INF http request duration=0.088536 method=GET path=/api/recordings/current
2026-04-14T17:36:02.063517192-04:00 INF pushed buffer into experimental shared bridge recorder buffer_count=110 duration=41.666666 event=capture.gst.shared.bridge_recorder.push pts=4541.666594
2026-04-14T17:36:02.208303961-04:00 INF http request duration=0.052087 method=GET path=/api/recordings/current
2026-04-14T17:36:02.409143526-04:00 INF http request duration=0.054939 method=GET path=/api/recordings/current
2026-04-14T17:36:02.480260096-04:00 INF pushed buffer into experimental shared bridge recorder buffer_count=120 duration=41.666666 event=capture.gst.shared.bridge_recorder.push pts=4958.333254
2026-04-14T17:36:02.610066365-04:00 INF http request duration=0.056446 method=GET path=/api/recordings/current
2026-04-14T17:36:02.810932678-04:00 INF http request duration=0.056542 method=GET path=/api/recordings/current
2026-04-14T17:36:02.898905544-04:00 INF pushed buffer into experimental shared bridge recorder buffer_count=130 duration=41.666666 event=capture.gst.shared.bridge_recorder.push pts=5374.999914
2026-04-14T17:36:03.011807306-04:00 INF http request duration=0.05399 method=GET path=/api/recordings/current
2026-04-14T17:36:03.212763213-04:00 INF http request duration=0.054461 method=GET path=/api/recordings/current
2026-04-14T17:36:03.315967289-04:00 INF pushed buffer into experimental shared bridge recorder buffer_count=140 duration=41.666666 event=capture.gst.shared.bridge_recorder.push pts=5791.666574
2026-04-14T17:36:03.413969061-04:00 INF http request duration=0.079509 method=GET path=/api/recordings/current
2026-04-14T17:36:03.614991421-04:00 INF http request duration=0.037419 method=GET path=/api/recordings/current
2026-04-14T17:36:03.730274933-04:00 INF pushed buffer into experimental shared bridge recorder buffer_count=150 duration=41.666666 event=capture.gst.shared.bridge_recorder.push pts=6208.333234
2026-04-14T17:36:03.81582316-04:00 INF http request duration=0.081063 method=GET path=/api/recordings/current
2026-04-14T17:36:04.016761137-04:00 INF http request duration=0.054194 method=GET path=/api/recordings/current
2026-04-14T17:36:04.096196195-04:00 INF recording session state updated active=true event=recording.session.state reason="max duration reached after 6s" session_id=browser-preview-mjpeg-ws-ablation state=stopping
2026-04-14T17:36:04.105208137-04:00 INF detached shared raw consumer consumer_id=raw-type-display-display--0--2 event=capture.gst.shared.raw.detach raw_consumer_count=0 signature=type=display|display=:0|device=|window=|size=|cursor=true|mirror=false source_id=desktop-1
2026-04-14T17:36:04.105283204-04:00 INF stopping experimental shared bridge recorder buffer_count=158 event=capture.gst.shared.bridge_recorder.stop
2026-04-14T17:36:04.163074319-04:00 ERR preview finished with error error="shared video source pipeline error: Internal data stream error." event=preview.finish preview_id=preview-909758a3cc65 reason="shared video source pipeline error: Internal data stream error." source_id=desktop-1 state=failed
2026-04-14T17:36:04.18077424-04:00 WRN shared gstreamer video source terminated error="shared video source pipeline error: Internal data stream error." event=capture.gst.shared.fail_all signature=type=display|display=:0|device=|window=|size=|cursor=true|mirror=false source_id=desktop-1
2026-04-14T17:36:04.221699308-04:00 INF http request duration=0.090409 method=GET path=/api/recordings/current
2026-04-14T17:36:04.423211414-04:00 INF http request duration=0.095807 method=GET path=/api/recordings/current
2026-04-14T17:36:04.624957272-04:00 INF http request duration=0.091995 method=GET path=/api/recordings/current
2026-04-14T17:36:04.797105494-04:00 INF recording session state updated active=false event=recording.session.state reason="max duration reached after 6s" session_id=browser-preview-mjpeg-ws-ablation state=finished
2026-04-14T17:36:04.797217099-04:00 INF recording session finished event=recording.session.finish finished_at=2026-04-14T17:36:04.797090331-04:00 reason="max duration reached after 6s" session_id=browser-preview-mjpeg-ws-ablation started_at=2026-04-14T17:35:58.116428961-04:00 state=finished
2026-04-14T17:36:04.826247184-04:00 INF http request duration=0.093629 method=GET path=/api/recordings/current
2026-04-14T17:36:04.847512139-04:00 INF http request duration=8758.08295 method=GET path=/api/previews/preview-909758a3cc65/mjpeg
2026-04-14T17:36:05.094906082-04:00 INF http request duration=0.145255 method=GET path=/api/previews
2026-04-14T17:36:05.293987168-04:00 INF disk telemetry loop exiting event=telemetry.disk.exit reason="context canceled"
2026-04-14T17:36:05.293999097-04:00 INF audio telemetry loop exiting event=telemetry.audio.exit reason="context canceled"
2026-04-14T17:36:05.29405403-04:00 INF telemetry manager run loop exited event=telemetry.run.exit reason="context canceled"
2026-04-14T17:36:05.29406931-04:00 INF telemetry manager exited event=runtime.telemetry.exit reason="context canceled"
2026-04-14T17:36:05.293989739-04:00 INF runtime shutdown triggered event=runtime.shutdown.begin reason="context canceled" shutdown_timeout=5000
2026-04-14T17:36:05.294081002-04:00 INF http server shutdown starting event=runtime.http.shutdown.begin reason="context canceled"
2026-04-14T17:36:05.294118753-04:00 INF http server exited cleanly addr=:7831 event=runtime.http.exit
2026-04-14T17:36:05.294137026-04:00 INF http server shutdown finished event=runtime.http.shutdown.done reason="context canceled"
2026-04-14T17:36:05.294144933-04:00 INF recording manager shutdown starting event=runtime.recordings.shutdown.begin
2026-04-14T17:36:05.294152496-04:00 INF recording manager shutdown starting active=false event=recording.shutdown.begin session_id=browser-preview-mjpeg-ws-ablation state=finished
2026-04-14T17:36:05.29416743-04:00 INF recording manager shutdown finished event=recording.shutdown.done session_id=browser-preview-mjpeg-ws-ablation
2026-04-14T17:36:05.294174694-04:00 INF recording manager shutdown finished event=runtime.recordings.shutdown.done
2026-04-14T17:36:05.294184251-04:00 INF preview manager shutdown starting event=runtime.previews.shutdown.begin
2026-04-14T17:36:05.294193056-04:00 INF preview manager shutdown starting event=preview.shutdown.begin preview_count=1
2026-04-14T17:36:05.294214866-04:00 INF preview manager requested preview cancellation event=preview.shutdown.cancel preview_id=preview-909758a3cc65 source_id=desktop-1
2026-04-14T17:36:05.294226672-04:00 INF preview shutdown wait completed event=preview.shutdown.wait.done preview_id=preview-909758a3cc65 remaining=0 source_id=desktop-1
2026-04-14T17:36:05.294236255-04:00 INF preview manager shutdown finished event=preview.shutdown.done preview_count=1
2026-04-14T17:36:05.294244021-04:00 INF preview manager shutdown finished event=runtime.previews.shutdown.done
2026-04-14T17:36:05.294256395-04:00 INF waiting for runtime participant to exit event=runtime.participant.wait.begin participant="http server goroutine"
2026-04-14T17:36:05.294264085-04:00 INF runtime participant exited event=runtime.participant.wait.done participant="http server goroutine"
2026-04-14T17:36:05.294273317-04:00 INF waiting for telemetry goroutine to exit event=runtime.telemetry.wait.begin
2026-04-14T17:36:05.294282234-04:00 INF waiting for runtime participant to exit event=runtime.participant.wait.begin participant="telemetry goroutine"
2026-04-14T17:36:05.29429217-04:00 INF runtime participant exited event=runtime.participant.wait.done participant="telemetry goroutine"
2026-04-14T17:36:05.294302147-04:00 INF telemetry goroutine exited event=runtime.telemetry.wait.done
2026-04-14T17:36:05.294312478-04:00 INF runtime shutdown component summary event=runtime.shutdown.components recording_active=false recording_session_id=browser-preview-mjpeg-ws-ablation remaining_previews=1
2026-04-14T17:36:05.294332451-04:00 INF server runtime exited cleanly event=runtime.shutdown.summary
