2026-04-14T16:32:07.444498611-04:00 INF recording and preview managers already bound to serve runtime context event=runtime.context.bind
2026-04-14T16:32:07.444566686-04:00 INF web server starting addr=:7811 event=runtime.http.start initial_dsl_path= preview_limit=4 shutdown_timeout=5000 static_dir=
2026-04-14T16:32:07.444563948-04:00 INF telemetry manager starting event=runtime.telemetry.start
2026-04-14T16:32:07.444724984-04:00 INF telemetry manager run loop starting event=telemetry.run.start
2026-04-14T16:32:07.444764872-04:00 INF audio telemetry loop starting event=telemetry.audio.start interval=500
2026-04-14T16:32:07.444804861-04:00 INF disk telemetry loop starting event=telemetry.disk.start interval=2000
2026-04-14T16:32:08.437821414-04:00 INF http request duration=0.225659 method=GET path=/api/healthz
2026-04-14T16:32:08.515377219-04:00 INF preview ensure requested dsl_bytes=756 event=preview.ensure.requested source_id=desktop-1
2026-04-14T16:32:08.515593721-04:00 INF created preview worker event=preview.ensure.created preview_id=preview-909758a3cc65 source_id=desktop-1 source_name="Full Desktop" source_type=display
2026-04-14T16:32:08.527866904-04:00 INF created shared gstreamer video source event=capture.gst.shared.acquire.created signature=type=display|display=:0|device=|window=|size=|cursor=true|mirror=false source_id=desktop-1 source_type=display
2026-04-14T16:32:08.530769968-04:00 INF started shared gstreamer video source pipeline event=capture.gst.shared.start signature=type=display|display=:0|device=|window=|size=|cursor=true|mirror=false source_id=desktop-1 source_type=display
2026-04-14T16:32:08.530825076-04:00 INF attached shared preview consumer consumer_count=1 consumer_id=preview-type-display-display--0--1 event=capture.gst.shared.preview.attach ref_count=1 signature=type=display|display=:0|device=|window=|size=|cursor=true|mirror=false source_id=desktop-1
2026-04-14T16:32:08.530847906-04:00 INF started gstreamer preview session on shared source event=preview.gst.start shared_signature=type=display|display=:0|device=|window=|size=|cursor=true|mirror=false source_id=desktop-1 source_name="Full Desktop" source_type=display
2026-04-14T16:32:08.5309365-04:00 INF http request duration=15.636214 method=POST path=/api/previews/ensure
2026-04-14T16:32:08.530972983-04:00 INF preview session waiting event=preview.run.begin preview_id=preview-909758a3cc65 source_id=desktop-1
2026-04-14T16:32:08.600057011-04:00 INF http request duration=0.070549 method=GET path=/api/previews/preview-909758a3cc65/screenshot
2026-04-14T16:32:08.85755082-04:00 INF http request duration=0.331731 method=GET path=/api/previews/preview-909758a3cc65/screenshot
2026-04-14T16:32:08.866988097-04:00 INF http request duration=0.056739 method=GET path=/metrics
2026-04-14T16:32:08.931310732-04:00 INF http request duration=0.069114 method=GET path=/metrics
2026-04-14T16:32:09.947722313-04:00 INF http request duration=0.099807 method=GET path=/metrics
2026-04-14T16:32:10.959235373-04:00 INF http request duration=0.074133 method=GET path=/metrics
2026-04-14T16:32:11.97061427-04:00 INF http request duration=0.060583 method=GET path=/metrics
2026-04-14T16:32:12.978301654-04:00 INF http request duration=0.062863 method=GET path=/metrics
2026-04-14T16:32:13.985690928-04:00 INF http request duration=0.065065 method=GET path=/metrics
2026-04-14T16:32:14.86135904-04:00 INF http request duration=5997.765786 method=GET path=/api/previews/preview-909758a3cc65/mjpeg
2026-04-14T16:32:17.868874219-04:00 INF http request duration=0.200162 method=GET path=/api/previews/preview-909758a3cc65/screenshot
2026-04-14T16:32:17.878168158-04:00 INF http request duration=0.139606 method=GET path=/api/previews
2026-04-14T16:32:17.896132476-04:00 INF disk telemetry loop exiting event=telemetry.disk.exit reason="context canceled"
2026-04-14T16:32:17.896144955-04:00 INF audio telemetry loop exiting event=telemetry.audio.exit reason="context canceled"
2026-04-14T16:32:17.896135423-04:00 INF runtime shutdown triggered event=runtime.shutdown.begin reason="context canceled" shutdown_timeout=5000
2026-04-14T16:32:17.896258363-04:00 INF telemetry manager run loop exited event=telemetry.run.exit reason="context canceled"
2026-04-14T16:32:17.896279779-04:00 INF http server shutdown starting event=runtime.http.shutdown.begin reason="context canceled"
2026-04-14T16:32:17.896290733-04:00 INF telemetry manager exited event=runtime.telemetry.exit reason="context canceled"
2026-04-14T16:32:17.896353529-04:00 INF http server exited cleanly addr=:7811 event=runtime.http.exit
2026-04-14T16:32:17.896389934-04:00 INF http server shutdown finished event=runtime.http.shutdown.done reason="context canceled"
2026-04-14T16:32:17.896417279-04:00 INF recording manager shutdown starting event=runtime.recordings.shutdown.begin
2026-04-14T16:32:17.896429735-04:00 INF recording manager shutdown requested with no session event=recording.shutdown.noop
2026-04-14T16:32:17.896442212-04:00 INF recording manager shutdown finished event=runtime.recordings.shutdown.done
2026-04-14T16:32:17.896471813-04:00 INF preview manager shutdown starting event=runtime.previews.shutdown.begin
2026-04-14T16:32:17.896485323-04:00 INF preview manager shutdown starting event=preview.shutdown.begin preview_count=1
2026-04-14T16:32:17.896503205-04:00 INF preview manager requested preview cancellation event=preview.shutdown.cancel preview_id=preview-909758a3cc65 source_id=desktop-1
2026-04-14T16:32:17.8965646-04:00 INF preview finished event=preview.finish preview_id=preview-909758a3cc65 reason="shutdown requested" source_id=desktop-1 state=finished
2026-04-14T16:32:17.896510627-04:00 INF detached shared preview consumer consumer_count=0 consumer_id=preview-type-display-display--0--1 event=capture.gst.shared.preview.detach signature=type=display|display=:0|device=|window=|size=|cursor=true|mirror=false source_id=desktop-1
2026-04-14T16:32:17.896624315-04:00 INF removing preview from manager maps event=preview.cleanup preview_id=preview-909758a3cc65 signature=909758a3cc65bd0e39a108375a740be6a0bc4bd5
2026-04-14T16:32:17.89668085-04:00 INF preview shutdown wait completed event=preview.shutdown.wait.done preview_id=preview-909758a3cc65 remaining=0 source_id=desktop-1
2026-04-14T16:32:17.896701928-04:00 INF preview manager shutdown finished event=preview.shutdown.done preview_count=1
2026-04-14T16:32:17.896725947-04:00 INF preview manager shutdown finished event=runtime.previews.shutdown.done
2026-04-14T16:32:17.896737425-04:00 INF waiting for runtime participant to exit event=runtime.participant.wait.begin participant="http server goroutine"
2026-04-14T16:32:17.896752063-04:00 INF runtime participant exited event=runtime.participant.wait.done participant="http server goroutine"
2026-04-14T16:32:17.896765048-04:00 INF waiting for telemetry goroutine to exit event=runtime.telemetry.wait.begin
2026-04-14T16:32:17.896776237-04:00 INF waiting for runtime participant to exit event=runtime.participant.wait.begin participant="telemetry goroutine"
2026-04-14T16:32:17.896790259-04:00 INF runtime participant exited event=runtime.participant.wait.done participant="telemetry goroutine"
2026-04-14T16:32:17.896802685-04:00 INF telemetry goroutine exited event=runtime.telemetry.wait.done
2026-04-14T16:32:17.896814403-04:00 INF runtime shutdown component summary event=runtime.shutdown.components recording_active=false recording_session_id= remaining_previews=0
2026-04-14T16:32:17.896848901-04:00 INF server runtime exited cleanly event=runtime.shutdown.summary
