2026-04-14T14:28:43.970564485-04:00 INF recording and preview managers already bound to serve runtime context event=runtime.context.bind
2026-04-14T14:28:43.970643624-04:00 INF telemetry manager starting event=runtime.telemetry.start
2026-04-14T14:28:43.970695991-04:00 INF telemetry manager run loop starting event=telemetry.run.start
2026-04-14T14:28:43.970650057-04:00 INF web server starting addr=:7784 event=runtime.http.start initial_dsl_path= preview_limit=4 shutdown_timeout=5000 static_dir=
2026-04-14T14:28:43.9707191-04:00 INF disk telemetry loop starting event=telemetry.disk.start interval=2000
2026-04-14T14:28:43.97071899-04:00 INF audio telemetry loop starting event=telemetry.audio.start interval=500
2026-04-14T14:28:43.970837867-04:00 INF browser open scheduled delay=500 event=runtime.browser.open.begin
2026-04-14T14:28:44.471476245-04:00 INF opened browser event=runtime.browser.open.done pid=71448 url=http://localhost:7784
2026-04-14T14:28:44.922981333-04:00 INF http request duration=3.638751 method=GET path=/
2026-04-14T14:28:44.949419212-04:00 INF http request duration=0.291006 method=GET path=/api/healthz
2026-04-14T14:28:44.956391701-04:00 INF preview ensure requested dsl_bytes=1339 event=preview.ensure.requested source_id=measure-region
2026-04-14T14:28:44.956743206-04:00 INF created preview worker event=preview.ensure.created preview_id=preview-e7444805eb17 source_id=measure-region source_name="Measure Region" source_type=region
2026-04-14T14:28:44.981231825-04:00 INF configured videocrop for preview source crop_bottom=0 crop_left=0 crop_right=0 crop_top=960 event=preview.gst.crop.configure rect_h=960 rect_w=2880 rect_x=0 rect_y=960 root_height=1920 root_width=2880 source_id=measure-region source_type=region
2026-04-14T14:28:44.987322608-04:00 INF created shared gstreamer video source event=capture.gst.shared.acquire.created signature=type=region|display=:0|device=|window=|size=|cursor=true|mirror=false|rect=0,960,2880,960 source_id=measure-region source_type=region
2026-04-14T14:28:45.001136556-04:00 INF started shared gstreamer video source pipeline event=capture.gst.shared.start signature=type=region|display=:0|device=|window=|size=|cursor=true|mirror=false|rect=0,960,2880,960 source_id=measure-region source_type=region
2026-04-14T14:28:45.001231085-04:00 INF attached shared preview consumer consumer_count=1 consumer_id=preview-type-region-display--0-d-1 event=capture.gst.shared.preview.attach ref_count=1 signature=type=region|display=:0|device=|window=|size=|cursor=true|mirror=false|rect=0,960,2880,960 source_id=measure-region
2026-04-14T14:28:45.00127842-04:00 INF started gstreamer preview session on shared source event=preview.gst.start shared_signature=type=region|display=:0|device=|window=|size=|cursor=true|mirror=false|rect=0,960,2880,960 source_id=measure-region source_name="Measure Region" source_type=region
2026-04-14T14:28:45.001405749-04:00 INF preview session waiting event=preview.run.begin preview_id=preview-e7444805eb17 source_id=measure-region
2026-04-14T14:28:45.001575141-04:00 INF http request duration=45.313087 method=POST path=/api/previews/ensure
2026-04-14T14:28:45.05692353-04:00 INF http request duration=0.60523 method=GET path=/assets/index-B-jq6573.js
2026-04-14T14:28:45.058161032-04:00 INF http request duration=0.407352 method=GET path=/assets/index-ImqmwJvO.css
2026-04-14T14:28:45.194733107-04:00 INF http request duration=0.765102 method=GET path=/api/previews/preview-e7444805eb17/screenshot
2026-04-14T14:28:45.205337084-04:00 INF recording session starting event=recording.session.start grace_period=0 max_duration=8000 output_count=2 session_id=adaptive-preview-measure-before-pre-adaptive warning_count=0
2026-04-14T14:28:45.205517536-04:00 INF http request duration=0.600212 method=POST path=/api/recordings/start
2026-04-14T14:28:45.205482299-04:00 INF recording session worker running event=recording.session.run.begin session_id=adaptive-preview-measure-before-pre-adaptive
2026-04-14T14:28:45.205641311-04:00 INF reused shared gstreamer video source event=capture.gst.shared.acquire.reused ref_count=2 signature=type=region|display=:0|device=|window=|size=|cursor=true|mirror=false|rect=0,960,2880,960 source_id=measure-region source_type=region
2026-04-14T14:28:45.217625442-04:00 INF http request duration=0.21178 method=GET path=/api/previews/preview-e7444805eb17/screenshot
2026-04-14T14:28:45.238541285-04:00 INF attached shared raw consumer consumer_id=raw-type-region-display--0-d-2 event=capture.gst.shared.raw.attach raw_consumer_count=1 ref_count=2 signature=type=region|display=:0|device=|window=|size=|cursor=true|mirror=false|rect=0,960,2880,960 source_id=measure-region
2026-04-14T14:28:45.238630931-04:00 INF started experimental shared video recording bridge event=capture.gst.shared.recording_bridge.start fps=24 output_path="/home/manuel/code/wesen/2026-04-09--screencast-studio/ttmp/2026/04/13/SCS-0014--fix-preview-regressions-in-screencast-studio-web-ui/scripts/19-live-app-preview-recording-cpu-measure/results/20260414-142838/output/Measure Region.mov" signature=type=region|display=:0|device=|window=|size=|cursor=true|mirror=false|rect=0,960,2880,960 source_id=measure-region
2026-04-14T14:28:45.238678122-04:00 INF started gstreamer recording pipeline event=recording.gst.start output_path="/home/manuel/code/wesen/2026-04-09--screencast-studio/ttmp/2026/04/13/SCS-0014--fix-preview-regressions-in-screencast-studio-web-ui/scripts/19-live-app-preview-recording-cpu-measure/results/20260414-142838/output/Measure Region.mov" process_label="Measure Region" recording_mode=shared-source-bridge source_type=region
2026-04-14T14:28:45.248772796-04:00 INF started gstreamer audio recording pipeline event=recording.gst.start output_path=/home/manuel/code/wesen/2026-04-09--screencast-studio/ttmp/2026/04/13/SCS-0014--fix-preview-regressions-in-screencast-studio-web-ui/scripts/19-live-app-preview-recording-cpu-measure/results/20260414-142838/output/audio-mix.wav process_label=audio-mix source_count=1
2026-04-14T14:28:45.248900614-04:00 INF recording session state updated active=true event=recording.session.state reason="gstreamer recording session created" session_id=adaptive-preview-measure-before-pre-adaptive state=starting
2026-04-14T14:28:45.248974341-04:00 INF recording subprocess started event received event=recording.process.started output_path="/home/manuel/code/wesen/2026-04-09--screencast-studio/ttmp/2026/04/13/SCS-0014--fix-preview-regressions-in-screencast-studio-web-ui/scripts/19-live-app-preview-recording-cpu-measure/results/20260414-142838/output/Measure Region.mov" process_label="Measure Region" session_id=adaptive-preview-measure-before-pre-adaptive
2026-04-14T14:28:45.249013249-04:00 INF recording subprocess started event received event=recording.process.started output_path=/home/manuel/code/wesen/2026-04-09--screencast-studio/ttmp/2026/04/13/SCS-0014--fix-preview-regressions-in-screencast-studio-web-ui/scripts/19-live-app-preview-recording-cpu-measure/results/20260414-142838/output/audio-mix.wav process_label=audio-mix session_id=adaptive-preview-measure-before-pre-adaptive
2026-04-14T14:28:45.249044026-04:00 INF recording session state updated active=true event=recording.session.state reason="all gstreamer recording pipelines started" session_id=adaptive-preview-measure-before-pre-adaptive state=running
2026-04-14T14:28:45.318331277-04:00 INF failed to parse audio level message event=recording.gst.audio_level.parse.failed rms="marshaling error: json: unsupported type: unsafe.Pointer" rms_type=unsafe.Pointer structure=level values="marshaling error: json: unsupported type: unsafe.Pointer"
2026-04-14T14:28:45.367093365-04:00 INF failed to parse audio level message event=recording.gst.audio_level.parse.failed rms="marshaling error: json: unsupported type: unsafe.Pointer" rms_type=unsafe.Pointer structure=level values="marshaling error: json: unsupported type: unsafe.Pointer"
2026-04-14T14:28:45.414662934-04:00 INF failed to parse audio level message event=recording.gst.audio_level.parse.failed rms="marshaling error: json: unsupported type: unsafe.Pointer" rms_type=unsafe.Pointer structure=level values="marshaling error: json: unsupported type: unsafe.Pointer"
2026-04-14T14:28:45.438844712-04:00 INF started experimental shared bridge recorder pipeline caps="video/x-raw, width=(int)2880, height=(int)960, framerate=(fraction)24/1, pixel-aspect-ratio=(fraction)1/1, format=(string)I420" event=capture.gst.shared.bridge_recorder.start fps=24 output_path="/home/manuel/code/wesen/2026-04-09--screencast-studio/ttmp/2026/04/13/SCS-0014--fix-preview-regressions-in-screencast-studio-web-ui/scripts/19-live-app-preview-recording-cpu-measure/results/20260414-142838/output/Measure Region.mov"
2026-04-14T14:28:45.439753977-04:00 INF pushed buffer into experimental shared bridge recorder buffer_count=1 duration=41.666666 event=capture.gst.shared.bridge_recorder.push pts=0
2026-04-14T14:28:45.449367948-04:00 INF http request duration=0.160531 method=GET path=/api/recordings/current
2026-04-14T14:28:45.461172887-04:00 INF failed to parse audio level message event=recording.gst.audio_level.parse.failed rms="marshaling error: json: unsupported type: unsafe.Pointer" rms_type=unsafe.Pointer structure=level values="marshaling error: json: unsupported type: unsafe.Pointer"
2026-04-14T14:28:45.484492382-04:00 INF pushed buffer into experimental shared bridge recorder buffer_count=10 duration=41.666666 event=capture.gst.shared.bridge_recorder.push pts=374.999994
2026-04-14T14:28:45.507408387-04:00 INF failed to parse audio level message event=recording.gst.audio_level.parse.failed rms="marshaling error: json: unsupported type: unsafe.Pointer" rms_type=unsafe.Pointer structure=level values="marshaling error: json: unsupported type: unsafe.Pointer"
2026-04-14T14:28:45.558770094-04:00 INF failed to parse audio level message event=recording.gst.audio_level.parse.failed rms="marshaling error: json: unsupported type: unsafe.Pointer" rms_type=unsafe.Pointer structure=level values="marshaling error: json: unsupported type: unsafe.Pointer"
2026-04-14T14:28:45.565975008-04:00 INF http request duration=0.114486 method=GET path=/vite.svg
2026-04-14T14:28:45.580271309-04:00 INF http request duration=0.041666 method=GET path=/api/healthz
2026-04-14T14:28:45.583150347-04:00 INF http request duration=0.092098 method=GET path=/api/recordings/current
2026-04-14T14:28:45.605199529-04:00 INF failed to parse audio level message event=recording.gst.audio_level.parse.failed rms="marshaling error: json: unsupported type: unsafe.Pointer" rms_type=unsafe.Pointer structure=level values="marshaling error: json: unsupported type: unsafe.Pointer"
2026-04-14T14:28:45.650575393-04:00 INF http request duration=0.123572 method=GET path=/api/recordings/current
2026-04-14T14:28:45.651265554-04:00 INF failed to parse audio level message event=recording.gst.audio_level.parse.failed rms="marshaling error: json: unsupported type: unsafe.Pointer" rms_type=unsafe.Pointer structure=level values="marshaling error: json: unsupported type: unsafe.Pointer"
2026-04-14T14:28:45.702246456-04:00 INF failed to parse audio level message event=recording.gst.audio_level.parse.failed rms="marshaling error: json: unsupported type: unsafe.Pointer" rms_type=unsafe.Pointer structure=level values="marshaling error: json: unsupported type: unsafe.Pointer"
2026-04-14T14:28:45.709867766-04:00 INF http request duration=129.425179 method=GET path=/api/discovery
2026-04-14T14:28:45.749847259-04:00 INF failed to parse audio level message event=recording.gst.audio_level.parse.failed rms="marshaling error: json: unsupported type: unsafe.Pointer" rms_type=unsafe.Pointer structure=level values="marshaling error: json: unsupported type: unsafe.Pointer"
2026-04-14T14:28:45.799409981-04:00 INF failed to parse audio level message event=recording.gst.audio_level.parse.failed rms="marshaling error: json: unsupported type: unsafe.Pointer" rms_type=unsafe.Pointer structure=level values="marshaling error: json: unsupported type: unsafe.Pointer"
2026-04-14T14:28:45.845241435-04:00 INF failed to parse audio level message event=recording.gst.audio_level.parse.failed rms="marshaling error: json: unsupported type: unsafe.Pointer" rms_type=unsafe.Pointer structure=level values="marshaling error: json: unsupported type: unsafe.Pointer"
2026-04-14T14:28:45.852576959-04:00 INF http request duration=0.093101 method=GET path=/api/recordings/current
2026-04-14T14:28:45.854318259-04:00 INF pushed buffer into experimental shared bridge recorder buffer_count=20 duration=41.666666 event=capture.gst.shared.bridge_recorder.push pts=791.666654
2026-04-14T14:28:45.894052818-04:00 INF failed to parse audio level message event=recording.gst.audio_level.parse.failed rms="marshaling error: json: unsupported type: unsafe.Pointer" rms_type=unsafe.Pointer structure=level values="marshaling error: json: unsupported type: unsafe.Pointer"
2026-04-14T14:28:45.942211032-04:00 INF failed to parse audio level message event=recording.gst.audio_level.parse.failed rms="marshaling error: json: unsupported type: unsafe.Pointer" rms_type=unsafe.Pointer structure=level values="marshaling error: json: unsupported type: unsafe.Pointer"
2026-04-14T14:28:45.987802175-04:00 INF failed to parse audio level message event=recording.gst.audio_level.parse.failed rms="marshaling error: json: unsupported type: unsafe.Pointer" rms_type=unsafe.Pointer structure=level values="marshaling error: json: unsupported type: unsafe.Pointer"
2026-04-14T14:28:46.035266628-04:00 INF failed to parse audio level message event=recording.gst.audio_level.parse.failed rms="marshaling error: json: unsupported type: unsafe.Pointer" rms_type=unsafe.Pointer structure=level values="marshaling error: json: unsupported type: unsafe.Pointer"
2026-04-14T14:28:46.053832483-04:00 INF http request duration=0.115929 method=GET path=/api/recordings/current
2026-04-14T14:28:46.084628299-04:00 INF failed to parse audio level message event=recording.gst.audio_level.parse.failed rms="marshaling error: json: unsupported type: unsafe.Pointer" rms_type=unsafe.Pointer structure=level values="marshaling error: json: unsupported type: unsafe.Pointer"
2026-04-14T14:28:46.085916197-04:00 INF http request duration=0.773025 method=POST path=/api/setup/normalize
2026-04-14T14:28:46.08604209-04:00 INF http request duration=0.609862 method=POST path=/api/setup/compile
2026-04-14T14:28:46.110104776-04:00 INF preview ensure requested dsl_bytes=877 event=preview.ensure.requested source_id=desktop-1
2026-04-14T14:28:46.111807419-04:00 INF created preview worker event=preview.ensure.created preview_id=preview-18daabfb09b6 source_id=desktop-1 source_name="Full Desktop" source_type=display
2026-04-14T14:28:46.115835644-04:00 INF created shared gstreamer video source event=capture.gst.shared.acquire.created signature=type=display|display=:0.0|device=|window=|size=|cursor=true|mirror=false source_id=desktop-1 source_type=display
2026-04-14T14:28:46.129891723-04:00 INF failed to parse audio level message event=recording.gst.audio_level.parse.failed rms="marshaling error: json: unsupported type: unsafe.Pointer" rms_type=unsafe.Pointer structure=level values="marshaling error: json: unsupported type: unsafe.Pointer"
2026-04-14T14:28:46.131721668-04:00 INF started shared gstreamer video source pipeline event=capture.gst.shared.start signature=type=display|display=:0.0|device=|window=|size=|cursor=true|mirror=false source_id=desktop-1 source_type=display
2026-04-14T14:28:46.131791671-04:00 INF attached shared preview consumer consumer_count=1 consumer_id=preview-type-display-display--0--1 event=capture.gst.shared.preview.attach ref_count=1 signature=type=display|display=:0.0|device=|window=|size=|cursor=true|mirror=false source_id=desktop-1
2026-04-14T14:28:46.131842113-04:00 INF started gstreamer preview session on shared source event=preview.gst.start shared_signature=type=display|display=:0.0|device=|window=|size=|cursor=true|mirror=false source_id=desktop-1 source_name="Full Desktop" source_type=display
2026-04-14T14:28:46.131914678-04:00 INF http request duration=21.859214 method=POST path=/api/previews/ensure
2026-04-14T14:28:46.13202433-04:00 INF preview session waiting event=preview.run.begin preview_id=preview-18daabfb09b6 source_id=desktop-1
2026-04-14T14:28:46.182704521-04:00 INF failed to parse audio level message event=recording.gst.audio_level.parse.failed rms="marshaling error: json: unsupported type: unsafe.Pointer" rms_type=unsafe.Pointer structure=level values="marshaling error: json: unsupported type: unsafe.Pointer"
2026-04-14T14:28:46.230450673-04:00 INF failed to parse audio level message event=recording.gst.audio_level.parse.failed rms="marshaling error: json: unsupported type: unsafe.Pointer" rms_type=unsafe.Pointer structure=level values="marshaling error: json: unsupported type: unsafe.Pointer"
2026-04-14T14:28:46.254918614-04:00 INF http request duration=0.090556 method=GET path=/api/recordings/current
2026-04-14T14:28:46.272946617-04:00 INF pushed buffer into experimental shared bridge recorder buffer_count=30 duration=41.666666 event=capture.gst.shared.bridge_recorder.push pts=1208.333314
2026-04-14T14:28:46.278361279-04:00 INF failed to parse audio level message event=recording.gst.audio_level.parse.failed rms="marshaling error: json: unsupported type: unsafe.Pointer" rms_type=unsafe.Pointer structure=level values="marshaling error: json: unsupported type: unsafe.Pointer"
2026-04-14T14:28:46.332148297-04:00 INF failed to parse audio level message event=recording.gst.audio_level.parse.failed rms="marshaling error: json: unsupported type: unsafe.Pointer" rms_type=unsafe.Pointer structure=level values="marshaling error: json: unsupported type: unsafe.Pointer"
2026-04-14T14:28:46.379871126-04:00 INF failed to parse audio level message event=recording.gst.audio_level.parse.failed rms="marshaling error: json: unsupported type: unsafe.Pointer" rms_type=unsafe.Pointer structure=level values="marshaling error: json: unsupported type: unsafe.Pointer"
2026-04-14T14:28:46.43278972-04:00 INF failed to parse audio level message event=recording.gst.audio_level.parse.failed rms="marshaling error: json: unsupported type: unsafe.Pointer" rms_type=unsafe.Pointer structure=level values="marshaling error: json: unsupported type: unsafe.Pointer"
2026-04-14T14:28:46.456196012-04:00 INF http request duration=0.098753 method=GET path=/api/recordings/current
2026-04-14T14:28:46.471151738-04:00 INF starting audio telemetry runner device_id=default event=telemetry.audio.runner.start
2026-04-14T14:28:46.471265667-04:00 INF starting parec audio telemetry process argv=["parec","--device=default","--format=s16le","--rate=16000","--channels=2","--raw"] device_id=default event=telemetry.process.start.requested
2026-04-14T14:28:46.47179842-04:00 INF parec audio telemetry process started device_id=default event=telemetry.process.start.done pid=72024
2026-04-14T14:28:46.481253462-04:00 INF failed to parse audio level message event=recording.gst.audio_level.parse.failed rms="marshaling error: json: unsupported type: unsafe.Pointer" rms_type=unsafe.Pointer structure=level values="marshaling error: json: unsupported type: unsafe.Pointer"
2026-04-14T14:28:46.529178505-04:00 INF failed to parse audio level message event=recording.gst.audio_level.parse.failed rms="marshaling error: json: unsupported type: unsafe.Pointer" rms_type=unsafe.Pointer structure=level values="marshaling error: json: unsupported type: unsafe.Pointer"
2026-04-14T14:28:46.582268769-04:00 INF failed to parse audio level message event=recording.gst.audio_level.parse.failed rms="marshaling error: json: unsupported type: unsafe.Pointer" rms_type=unsafe.Pointer structure=level values="marshaling error: json: unsupported type: unsafe.Pointer"
2026-04-14T14:28:46.643406082-04:00 INF failed to parse audio level message event=recording.gst.audio_level.parse.failed rms="marshaling error: json: unsupported type: unsafe.Pointer" rms_type=unsafe.Pointer structure=level values="marshaling error: json: unsupported type: unsafe.Pointer"
2026-04-14T14:28:46.658171221-04:00 INF http request duration=0.112114 method=GET path=/api/recordings/current
2026-04-14T14:28:46.678440818-04:00 INF failed to parse audio level message event=recording.gst.audio_level.parse.failed rms="marshaling error: json: unsupported type: unsafe.Pointer" rms_type=unsafe.Pointer structure=level values="marshaling error: json: unsupported type: unsafe.Pointer"
2026-04-14T14:28:46.688239258-04:00 INF pushed buffer into experimental shared bridge recorder buffer_count=40 duration=41.666666 event=capture.gst.shared.bridge_recorder.push pts=1624.999974
2026-04-14T14:28:46.734888027-04:00 INF failed to parse audio level message event=recording.gst.audio_level.parse.failed rms="marshaling error: json: unsupported type: unsafe.Pointer" rms_type=unsafe.Pointer structure=level values="marshaling error: json: unsupported type: unsafe.Pointer"
2026-04-14T14:28:46.779994274-04:00 INF failed to parse audio level message event=recording.gst.audio_level.parse.failed rms="marshaling error: json: unsupported type: unsafe.Pointer" rms_type=unsafe.Pointer structure=level values="marshaling error: json: unsupported type: unsafe.Pointer"
2026-04-14T14:28:46.827958429-04:00 INF failed to parse audio level message event=recording.gst.audio_level.parse.failed rms="marshaling error: json: unsupported type: unsafe.Pointer" rms_type=unsafe.Pointer structure=level values="marshaling error: json: unsupported type: unsafe.Pointer"
2026-04-14T14:28:46.860003654-04:00 INF http request duration=0.377813 method=GET path=/api/recordings/current
2026-04-14T14:28:46.881518949-04:00 INF failed to parse audio level message event=recording.gst.audio_level.parse.failed rms="marshaling error: json: unsupported type: unsafe.Pointer" rms_type=unsafe.Pointer structure=level values="marshaling error: json: unsupported type: unsafe.Pointer"
2026-04-14T14:28:46.93405414-04:00 INF failed to parse audio level message event=recording.gst.audio_level.parse.failed rms="marshaling error: json: unsupported type: unsafe.Pointer" rms_type=unsafe.Pointer structure=level values="marshaling error: json: unsupported type: unsafe.Pointer"
2026-04-14T14:28:46.982958534-04:00 INF failed to parse audio level message event=recording.gst.audio_level.parse.failed rms="marshaling error: json: unsupported type: unsafe.Pointer" rms_type=unsafe.Pointer structure=level values="marshaling error: json: unsupported type: unsafe.Pointer"
2026-04-14T14:28:47.036587193-04:00 INF failed to parse audio level message event=recording.gst.audio_level.parse.failed rms="marshaling error: json: unsupported type: unsafe.Pointer" rms_type=unsafe.Pointer structure=level values="marshaling error: json: unsupported type: unsafe.Pointer"
2026-04-14T14:28:47.071183252-04:00 INF http request duration=0.111046 method=GET path=/api/recordings/current
2026-04-14T14:28:47.080675961-04:00 INF failed to parse audio level message event=recording.gst.audio_level.parse.failed rms="marshaling error: json: unsupported type: unsafe.Pointer" rms_type=unsafe.Pointer structure=level values="marshaling error: json: unsupported type: unsafe.Pointer"
2026-04-14T14:28:47.123601406-04:00 INF pushed buffer into experimental shared bridge recorder buffer_count=50 duration=41.666666 event=capture.gst.shared.bridge_recorder.push pts=2041.666634
2026-04-14T14:28:47.13694477-04:00 INF failed to parse audio level message event=recording.gst.audio_level.parse.failed rms="marshaling error: json: unsupported type: unsafe.Pointer" rms_type=unsafe.Pointer structure=level values="marshaling error: json: unsupported type: unsafe.Pointer"
2026-04-14T14:28:47.180285769-04:00 INF failed to parse audio level message event=recording.gst.audio_level.parse.failed rms="marshaling error: json: unsupported type: unsafe.Pointer" rms_type=unsafe.Pointer structure=level values="marshaling error: json: unsupported type: unsafe.Pointer"
2026-04-14T14:28:47.22873889-04:00 INF failed to parse audio level message event=recording.gst.audio_level.parse.failed rms="marshaling error: json: unsupported type: unsafe.Pointer" rms_type=unsafe.Pointer structure=level values="marshaling error: json: unsupported type: unsafe.Pointer"
2026-04-14T14:28:47.276780338-04:00 INF http request duration=0.118295 method=GET path=/api/recordings/current
2026-04-14T14:28:47.281242865-04:00 INF failed to parse audio level message event=recording.gst.audio_level.parse.failed rms="marshaling error: json: unsupported type: unsafe.Pointer" rms_type=unsafe.Pointer structure=level values="marshaling error: json: unsupported type: unsafe.Pointer"
2026-04-14T14:28:47.331779235-04:00 INF failed to parse audio level message event=recording.gst.audio_level.parse.failed rms="marshaling error: json: unsupported type: unsafe.Pointer" rms_type=unsafe.Pointer structure=level values="marshaling error: json: unsupported type: unsafe.Pointer"
2026-04-14T14:28:47.382870859-04:00 INF failed to parse audio level message event=recording.gst.audio_level.parse.failed rms="marshaling error: json: unsupported type: unsafe.Pointer" rms_type=unsafe.Pointer structure=level values="marshaling error: json: unsupported type: unsafe.Pointer"
2026-04-14T14:28:47.434789383-04:00 INF failed to parse audio level message event=recording.gst.audio_level.parse.failed rms="marshaling error: json: unsupported type: unsafe.Pointer" rms_type=unsafe.Pointer structure=level values="marshaling error: json: unsupported type: unsafe.Pointer"
2026-04-14T14:28:47.478451739-04:00 INF http request duration=0.119353 method=GET path=/api/recordings/current
2026-04-14T14:28:47.481260397-04:00 INF failed to parse audio level message event=recording.gst.audio_level.parse.failed rms="marshaling error: json: unsupported type: unsafe.Pointer" rms_type=unsafe.Pointer structure=level values="marshaling error: json: unsupported type: unsafe.Pointer"
2026-04-14T14:28:47.532896232-04:00 INF pushed buffer into experimental shared bridge recorder buffer_count=60 duration=41.666666 event=capture.gst.shared.bridge_recorder.push pts=2458.333294
2026-04-14T14:28:47.533996192-04:00 INF failed to parse audio level message event=recording.gst.audio_level.parse.failed rms="marshaling error: json: unsupported type: unsafe.Pointer" rms_type=unsafe.Pointer structure=level values="marshaling error: json: unsupported type: unsafe.Pointer"
2026-04-14T14:28:47.580309655-04:00 INF failed to parse audio level message event=recording.gst.audio_level.parse.failed rms="marshaling error: json: unsupported type: unsafe.Pointer" rms_type=unsafe.Pointer structure=level values="marshaling error: json: unsupported type: unsafe.Pointer"
2026-04-14T14:28:47.628559642-04:00 INF failed to parse audio level message event=recording.gst.audio_level.parse.failed rms="marshaling error: json: unsupported type: unsafe.Pointer" rms_type=unsafe.Pointer structure=level values="marshaling error: json: unsupported type: unsafe.Pointer"
2026-04-14T14:28:47.681036114-04:00 INF failed to parse audio level message event=recording.gst.audio_level.parse.failed rms="marshaling error: json: unsupported type: unsafe.Pointer" rms_type=unsafe.Pointer structure=level values="marshaling error: json: unsupported type: unsafe.Pointer"
2026-04-14T14:28:47.681157839-04:00 INF http request duration=0.101642 method=GET path=/api/recordings/current
2026-04-14T14:28:47.729427935-04:00 INF failed to parse audio level message event=recording.gst.audio_level.parse.failed rms="marshaling error: json: unsupported type: unsafe.Pointer" rms_type=unsafe.Pointer structure=level values="marshaling error: json: unsupported type: unsafe.Pointer"
2026-04-14T14:28:47.783487718-04:00 INF failed to parse audio level message event=recording.gst.audio_level.parse.failed rms="marshaling error: json: unsupported type: unsafe.Pointer" rms_type=unsafe.Pointer structure=level values="marshaling error: json: unsupported type: unsafe.Pointer"
2026-04-14T14:28:47.828244001-04:00 INF failed to parse audio level message event=recording.gst.audio_level.parse.failed rms="marshaling error: json: unsupported type: unsafe.Pointer" rms_type=unsafe.Pointer structure=level values="marshaling error: json: unsupported type: unsafe.Pointer"
2026-04-14T14:28:47.877273802-04:00 INF failed to parse audio level message event=recording.gst.audio_level.parse.failed rms="marshaling error: json: unsupported type: unsafe.Pointer" rms_type=unsafe.Pointer structure=level values="marshaling error: json: unsupported type: unsafe.Pointer"
2026-04-14T14:28:47.882497614-04:00 INF http request duration=0.115981 method=GET path=/api/recordings/current
2026-04-14T14:28:47.926500688-04:00 INF failed to parse audio level message event=recording.gst.audio_level.parse.failed rms="marshaling error: json: unsupported type: unsafe.Pointer" rms_type=unsafe.Pointer structure=level values="marshaling error: json: unsupported type: unsafe.Pointer"
2026-04-14T14:28:47.949698431-04:00 INF pushed buffer into experimental shared bridge recorder buffer_count=70 duration=41.666666 event=capture.gst.shared.bridge_recorder.push pts=2874.999954
2026-04-14T14:28:47.975646165-04:00 INF failed to parse audio level message event=recording.gst.audio_level.parse.failed rms="marshaling error: json: unsupported type: unsafe.Pointer" rms_type=unsafe.Pointer structure=level values="marshaling error: json: unsupported type: unsafe.Pointer"
2026-04-14T14:28:48.025242168-04:00 INF failed to parse audio level message event=recording.gst.audio_level.parse.failed rms="marshaling error: json: unsupported type: unsafe.Pointer" rms_type=unsafe.Pointer structure=level values="marshaling error: json: unsupported type: unsafe.Pointer"
2026-04-14T14:28:48.074054983-04:00 INF failed to parse audio level message event=recording.gst.audio_level.parse.failed rms="marshaling error: json: unsupported type: unsafe.Pointer" rms_type=unsafe.Pointer structure=level values="marshaling error: json: unsupported type: unsafe.Pointer"
2026-04-14T14:28:48.084216611-04:00 INF http request duration=0.223557 method=GET path=/api/recordings/current
2026-04-14T14:28:48.123407903-04:00 INF failed to parse audio level message event=recording.gst.audio_level.parse.failed rms="marshaling error: json: unsupported type: unsafe.Pointer" rms_type=unsafe.Pointer structure=level values="marshaling error: json: unsupported type: unsafe.Pointer"
2026-04-14T14:28:48.172363375-04:00 INF failed to parse audio level message event=recording.gst.audio_level.parse.failed rms="marshaling error: json: unsupported type: unsafe.Pointer" rms_type=unsafe.Pointer structure=level values="marshaling error: json: unsupported type: unsafe.Pointer"
2026-04-14T14:28:48.222735662-04:00 INF failed to parse audio level message event=recording.gst.audio_level.parse.failed rms="marshaling error: json: unsupported type: unsafe.Pointer" rms_type=unsafe.Pointer structure=level values="marshaling error: json: unsupported type: unsafe.Pointer"
2026-04-14T14:28:48.271012059-04:00 INF failed to parse audio level message event=recording.gst.audio_level.parse.failed rms="marshaling error: json: unsupported type: unsafe.Pointer" rms_type=unsafe.Pointer structure=level values="marshaling error: json: unsupported type: unsafe.Pointer"
2026-04-14T14:28:48.286335735-04:00 INF http request duration=0.116579 method=GET path=/api/recordings/current
2026-04-14T14:28:48.320148937-04:00 INF failed to parse audio level message event=recording.gst.audio_level.parse.failed rms="marshaling error: json: unsupported type: unsafe.Pointer" rms_type=unsafe.Pointer structure=level values="marshaling error: json: unsupported type: unsafe.Pointer"
2026-04-14T14:28:48.369505925-04:00 INF failed to parse audio level message event=recording.gst.audio_level.parse.failed rms="marshaling error: json: unsupported type: unsafe.Pointer" rms_type=unsafe.Pointer structure=level values="marshaling error: json: unsupported type: unsafe.Pointer"
2026-04-14T14:28:48.369514319-04:00 INF pushed buffer into experimental shared bridge recorder buffer_count=80 duration=41.666666 event=capture.gst.shared.bridge_recorder.push pts=3291.666614
2026-04-14T14:28:48.418625589-04:00 INF failed to parse audio level message event=recording.gst.audio_level.parse.failed rms="marshaling error: json: unsupported type: unsafe.Pointer" rms_type=unsafe.Pointer structure=level values="marshaling error: json: unsupported type: unsafe.Pointer"
2026-04-14T14:28:48.469694421-04:00 INF failed to parse audio level message event=recording.gst.audio_level.parse.failed rms="marshaling error: json: unsupported type: unsafe.Pointer" rms_type=unsafe.Pointer structure=level values="marshaling error: json: unsupported type: unsafe.Pointer"
2026-04-14T14:28:48.488068378-04:00 INF http request duration=0.1275 method=GET path=/api/recordings/current
2026-04-14T14:28:48.5235704-04:00 INF failed to parse audio level message event=recording.gst.audio_level.parse.failed rms="marshaling error: json: unsupported type: unsafe.Pointer" rms_type=unsafe.Pointer structure=level values="marshaling error: json: unsupported type: unsafe.Pointer"
2026-04-14T14:28:48.566309904-04:00 INF failed to parse audio level message event=recording.gst.audio_level.parse.failed rms="marshaling error: json: unsupported type: unsafe.Pointer" rms_type=unsafe.Pointer structure=level values="marshaling error: json: unsupported type: unsafe.Pointer"
2026-04-14T14:28:48.61549661-04:00 INF failed to parse audio level message event=recording.gst.audio_level.parse.failed rms="marshaling error: json: unsupported type: unsafe.Pointer" rms_type=unsafe.Pointer structure=level values="marshaling error: json: unsupported type: unsafe.Pointer"
2026-04-14T14:28:48.667765774-04:00 INF failed to parse audio level message event=recording.gst.audio_level.parse.failed rms="marshaling error: json: unsupported type: unsafe.Pointer" rms_type=unsafe.Pointer structure=level values="marshaling error: json: unsupported type: unsafe.Pointer"
2026-04-14T14:28:48.689670518-04:00 INF http request duration=0.130799 method=GET path=/api/recordings/current
2026-04-14T14:28:48.717089908-04:00 INF failed to parse audio level message event=recording.gst.audio_level.parse.failed rms="marshaling error: json: unsupported type: unsafe.Pointer" rms_type=unsafe.Pointer structure=level values="marshaling error: json: unsupported type: unsafe.Pointer"
2026-04-14T14:28:48.763126179-04:00 INF failed to parse audio level message event=recording.gst.audio_level.parse.failed rms="marshaling error: json: unsupported type: unsafe.Pointer" rms_type=unsafe.Pointer structure=level values="marshaling error: json: unsupported type: unsafe.Pointer"
2026-04-14T14:28:48.779515011-04:00 INF pushed buffer into experimental shared bridge recorder buffer_count=90 duration=41.666666 event=capture.gst.shared.bridge_recorder.push pts=3708.333274
2026-04-14T14:28:48.812346959-04:00 INF failed to parse audio level message event=recording.gst.audio_level.parse.failed rms="marshaling error: json: unsupported type: unsafe.Pointer" rms_type=unsafe.Pointer structure=level values="marshaling error: json: unsupported type: unsafe.Pointer"
2026-04-14T14:28:48.86154585-04:00 INF failed to parse audio level message event=recording.gst.audio_level.parse.failed rms="marshaling error: json: unsupported type: unsafe.Pointer" rms_type=unsafe.Pointer structure=level values="marshaling error: json: unsupported type: unsafe.Pointer"
2026-04-14T14:28:48.89137877-04:00 INF http request duration=0.129819 method=GET path=/api/recordings/current
2026-04-14T14:28:48.91084281-04:00 INF failed to parse audio level message event=recording.gst.audio_level.parse.failed rms="marshaling error: json: unsupported type: unsafe.Pointer" rms_type=unsafe.Pointer structure=level values="marshaling error: json: unsupported type: unsafe.Pointer"
2026-04-14T14:28:48.960114884-04:00 INF failed to parse audio level message event=recording.gst.audio_level.parse.failed rms="marshaling error: json: unsupported type: unsafe.Pointer" rms_type=unsafe.Pointer structure=level values="marshaling error: json: unsupported type: unsafe.Pointer"
2026-04-14T14:28:49.009776693-04:00 INF failed to parse audio level message event=recording.gst.audio_level.parse.failed rms="marshaling error: json: unsupported type: unsafe.Pointer" rms_type=unsafe.Pointer structure=level values="marshaling error: json: unsupported type: unsafe.Pointer"
2026-04-14T14:28:49.058754733-04:00 INF failed to parse audio level message event=recording.gst.audio_level.parse.failed rms="marshaling error: json: unsupported type: unsafe.Pointer" rms_type=unsafe.Pointer structure=level values="marshaling error: json: unsupported type: unsafe.Pointer"
2026-04-14T14:28:49.092935147-04:00 INF http request duration=0.128084 method=GET path=/api/recordings/current
2026-04-14T14:28:49.107675373-04:00 INF failed to parse audio level message event=recording.gst.audio_level.parse.failed rms="marshaling error: json: unsupported type: unsafe.Pointer" rms_type=unsafe.Pointer structure=level values="marshaling error: json: unsupported type: unsafe.Pointer"
2026-04-14T14:28:49.15993982-04:00 INF failed to parse audio level message event=recording.gst.audio_level.parse.failed rms="marshaling error: json: unsupported type: unsafe.Pointer" rms_type=unsafe.Pointer structure=level values="marshaling error: json: unsupported type: unsafe.Pointer"
2026-04-14T14:28:49.195865106-04:00 INF pushed buffer into experimental shared bridge recorder buffer_count=100 duration=41.666666 event=capture.gst.shared.bridge_recorder.push pts=4124.999934
2026-04-14T14:28:49.206152788-04:00 INF failed to parse audio level message event=recording.gst.audio_level.parse.failed rms="marshaling error: json: unsupported type: unsafe.Pointer" rms_type=unsafe.Pointer structure=level values="marshaling error: json: unsupported type: unsafe.Pointer"
2026-04-14T14:28:49.255393516-04:00 INF failed to parse audio level message event=recording.gst.audio_level.parse.failed rms="marshaling error: json: unsupported type: unsafe.Pointer" rms_type=unsafe.Pointer structure=level values="marshaling error: json: unsupported type: unsafe.Pointer"
2026-04-14T14:28:49.295323674-04:00 INF http request duration=0.120031 method=GET path=/api/recordings/current
2026-04-14T14:28:49.304686769-04:00 INF failed to parse audio level message event=recording.gst.audio_level.parse.failed rms="marshaling error: json: unsupported type: unsafe.Pointer" rms_type=unsafe.Pointer structure=level values="marshaling error: json: unsupported type: unsafe.Pointer"
2026-04-14T14:28:49.359506123-04:00 INF failed to parse audio level message event=recording.gst.audio_level.parse.failed rms="marshaling error: json: unsupported type: unsafe.Pointer" rms_type=unsafe.Pointer structure=level values="marshaling error: json: unsupported type: unsafe.Pointer"
2026-04-14T14:28:49.408780451-04:00 INF failed to parse audio level message event=recording.gst.audio_level.parse.failed rms="marshaling error: json: unsupported type: unsafe.Pointer" rms_type=unsafe.Pointer structure=level values="marshaling error: json: unsupported type: unsafe.Pointer"
2026-04-14T14:28:49.457960089-04:00 INF failed to parse audio level message event=recording.gst.audio_level.parse.failed rms="marshaling error: json: unsupported type: unsafe.Pointer" rms_type=unsafe.Pointer structure=level values="marshaling error: json: unsupported type: unsafe.Pointer"
2026-04-14T14:28:49.497353484-04:00 INF http request duration=0.127883 method=GET path=/api/recordings/current
2026-04-14T14:28:49.507181279-04:00 INF failed to parse audio level message event=recording.gst.audio_level.parse.failed rms="marshaling error: json: unsupported type: unsafe.Pointer" rms_type=unsafe.Pointer structure=level values="marshaling error: json: unsupported type: unsafe.Pointer"
2026-04-14T14:28:49.559934726-04:00 INF failed to parse audio level message event=recording.gst.audio_level.parse.failed rms="marshaling error: json: unsupported type: unsafe.Pointer" rms_type=unsafe.Pointer structure=level values="marshaling error: json: unsupported type: unsafe.Pointer"
2026-04-14T14:28:49.605612935-04:00 INF failed to parse audio level message event=recording.gst.audio_level.parse.failed rms="marshaling error: json: unsupported type: unsafe.Pointer" rms_type=unsafe.Pointer structure=level values="marshaling error: json: unsupported type: unsafe.Pointer"
2026-04-14T14:28:49.619325838-04:00 INF pushed buffer into experimental shared bridge recorder buffer_count=110 duration=41.666666 event=capture.gst.shared.bridge_recorder.push pts=4541.666594
2026-04-14T14:28:49.656905132-04:00 INF failed to parse audio level message event=recording.gst.audio_level.parse.failed rms="marshaling error: json: unsupported type: unsafe.Pointer" rms_type=unsafe.Pointer structure=level values="marshaling error: json: unsupported type: unsafe.Pointer"
2026-04-14T14:28:49.699179701-04:00 INF http request duration=0.301391 method=GET path=/api/recordings/current
2026-04-14T14:28:49.705996356-04:00 INF failed to parse audio level message event=recording.gst.audio_level.parse.failed rms="marshaling error: json: unsupported type: unsafe.Pointer" rms_type=unsafe.Pointer structure=level values="marshaling error: json: unsupported type: unsafe.Pointer"
2026-04-14T14:28:49.754317115-04:00 INF failed to parse audio level message event=recording.gst.audio_level.parse.failed rms="marshaling error: json: unsupported type: unsafe.Pointer" rms_type=unsafe.Pointer structure=level values="marshaling error: json: unsupported type: unsafe.Pointer"
2026-04-14T14:28:49.804757195-04:00 INF failed to parse audio level message event=recording.gst.audio_level.parse.failed rms="marshaling error: json: unsupported type: unsafe.Pointer" rms_type=unsafe.Pointer structure=level values="marshaling error: json: unsupported type: unsafe.Pointer"
2026-04-14T14:28:49.857026604-04:00 INF failed to parse audio level message event=recording.gst.audio_level.parse.failed rms="marshaling error: json: unsupported type: unsafe.Pointer" rms_type=unsafe.Pointer structure=level values="marshaling error: json: unsupported type: unsafe.Pointer"
2026-04-14T14:28:49.90136179-04:00 INF failed to parse audio level message event=recording.gst.audio_level.parse.failed rms="marshaling error: json: unsupported type: unsafe.Pointer" rms_type=unsafe.Pointer structure=level values="marshaling error: json: unsupported type: unsafe.Pointer"
2026-04-14T14:28:49.904331852-04:00 INF http request duration=0.11776 method=GET path=/api/recordings/current
2026-04-14T14:28:49.952308345-04:00 INF failed to parse audio level message event=recording.gst.audio_level.parse.failed rms="marshaling error: json: unsupported type: unsafe.Pointer" rms_type=unsafe.Pointer structure=level values="marshaling error: json: unsupported type: unsafe.Pointer"
2026-04-14T14:28:50.000935041-04:00 INF failed to parse audio level message event=recording.gst.audio_level.parse.failed rms="marshaling error: json: unsupported type: unsafe.Pointer" rms_type=unsafe.Pointer structure=level values="marshaling error: json: unsupported type: unsafe.Pointer"
2026-04-14T14:28:50.030272406-04:00 INF pushed buffer into experimental shared bridge recorder buffer_count=120 duration=41.666666 event=capture.gst.shared.bridge_recorder.push pts=4958.333254
2026-04-14T14:28:50.049756144-04:00 INF failed to parse audio level message event=recording.gst.audio_level.parse.failed rms="marshaling error: json: unsupported type: unsafe.Pointer" rms_type=unsafe.Pointer structure=level values="marshaling error: json: unsupported type: unsafe.Pointer"
2026-04-14T14:28:50.098767668-04:00 INF failed to parse audio level message event=recording.gst.audio_level.parse.failed rms="marshaling error: json: unsupported type: unsafe.Pointer" rms_type=unsafe.Pointer structure=level values="marshaling error: json: unsupported type: unsafe.Pointer"
2026-04-14T14:28:50.105807453-04:00 INF http request duration=0.129871 method=GET path=/api/recordings/current
2026-04-14T14:28:50.148093175-04:00 INF failed to parse audio level message event=recording.gst.audio_level.parse.failed rms="marshaling error: json: unsupported type: unsafe.Pointer" rms_type=unsafe.Pointer structure=level values="marshaling error: json: unsupported type: unsafe.Pointer"
2026-04-14T14:28:50.197219961-04:00 INF failed to parse audio level message event=recording.gst.audio_level.parse.failed rms="marshaling error: json: unsupported type: unsafe.Pointer" rms_type=unsafe.Pointer structure=level values="marshaling error: json: unsupported type: unsafe.Pointer"
2026-04-14T14:28:50.246498074-04:00 INF failed to parse audio level message event=recording.gst.audio_level.parse.failed rms="marshaling error: json: unsupported type: unsafe.Pointer" rms_type=unsafe.Pointer structure=level values="marshaling error: json: unsupported type: unsafe.Pointer"
2026-04-14T14:28:50.297033798-04:00 INF failed to parse audio level message event=recording.gst.audio_level.parse.failed rms="marshaling error: json: unsupported type: unsafe.Pointer" rms_type=unsafe.Pointer structure=level values="marshaling error: json: unsupported type: unsafe.Pointer"
2026-04-14T14:28:50.312046386-04:00 INF http request duration=2.692533 method=GET path=/api/recordings/current
2026-04-14T14:28:50.345215175-04:00 INF failed to parse audio level message event=recording.gst.audio_level.parse.failed rms="marshaling error: json: unsupported type: unsafe.Pointer" rms_type=unsafe.Pointer structure=level values="marshaling error: json: unsupported type: unsafe.Pointer"
2026-04-14T14:28:50.395229979-04:00 INF failed to parse audio level message event=recording.gst.audio_level.parse.failed rms="marshaling error: json: unsupported type: unsafe.Pointer" rms_type=unsafe.Pointer structure=level values="marshaling error: json: unsupported type: unsafe.Pointer"
2026-04-14T14:28:50.445827713-04:00 INF pushed buffer into experimental shared bridge recorder buffer_count=130 duration=41.666666 event=capture.gst.shared.bridge_recorder.push pts=5374.999914
2026-04-14T14:28:50.445305498-04:00 INF failed to parse audio level message event=recording.gst.audio_level.parse.failed rms="marshaling error: json: unsupported type: unsafe.Pointer" rms_type=unsafe.Pointer structure=level values="marshaling error: json: unsupported type: unsafe.Pointer"
2026-04-14T14:28:50.493323554-04:00 INF failed to parse audio level message event=recording.gst.audio_level.parse.failed rms="marshaling error: json: unsupported type: unsafe.Pointer" rms_type=unsafe.Pointer structure=level values="marshaling error: json: unsupported type: unsafe.Pointer"
2026-04-14T14:28:50.520540189-04:00 INF http request duration=0.13213 method=GET path=/api/recordings/current
2026-04-14T14:28:50.542179841-04:00 INF failed to parse audio level message event=recording.gst.audio_level.parse.failed rms="marshaling error: json: unsupported type: unsafe.Pointer" rms_type=unsafe.Pointer structure=level values="marshaling error: json: unsupported type: unsafe.Pointer"
2026-04-14T14:28:50.594712087-04:00 INF failed to parse audio level message event=recording.gst.audio_level.parse.failed rms="marshaling error: json: unsupported type: unsafe.Pointer" rms_type=unsafe.Pointer structure=level values="marshaling error: json: unsupported type: unsafe.Pointer"
2026-04-14T14:28:50.643688666-04:00 INF failed to parse audio level message event=recording.gst.audio_level.parse.failed rms="marshaling error: json: unsupported type: unsafe.Pointer" rms_type=unsafe.Pointer structure=level values="marshaling error: json: unsupported type: unsafe.Pointer"
2026-04-14T14:28:50.690003403-04:00 INF failed to parse audio level message event=recording.gst.audio_level.parse.failed rms="marshaling error: json: unsupported type: unsafe.Pointer" rms_type=unsafe.Pointer structure=level values="marshaling error: json: unsupported type: unsafe.Pointer"
2026-04-14T14:28:50.723359505-04:00 INF http request duration=0.125022 method=GET path=/api/recordings/current
2026-04-14T14:28:50.746136761-04:00 INF failed to parse audio level message event=recording.gst.audio_level.parse.failed rms="marshaling error: json: unsupported type: unsafe.Pointer" rms_type=unsafe.Pointer structure=level values="marshaling error: json: unsupported type: unsafe.Pointer"
2026-04-14T14:28:50.78924872-04:00 INF failed to parse audio level message event=recording.gst.audio_level.parse.failed rms="marshaling error: json: unsupported type: unsafe.Pointer" rms_type=unsafe.Pointer structure=level values="marshaling error: json: unsupported type: unsafe.Pointer"
2026-04-14T14:28:50.858498602-04:00 INF pushed buffer into experimental shared bridge recorder buffer_count=140 duration=41.666666 event=capture.gst.shared.bridge_recorder.push pts=5791.666574
2026-04-14T14:28:50.861824007-04:00 INF failed to parse audio level message event=recording.gst.audio_level.parse.failed rms="marshaling error: json: unsupported type: unsafe.Pointer" rms_type=unsafe.Pointer structure=level values="marshaling error: json: unsupported type: unsafe.Pointer"
2026-04-14T14:28:50.911277068-04:00 INF failed to parse audio level message event=recording.gst.audio_level.parse.failed rms="marshaling error: json: unsupported type: unsafe.Pointer" rms_type=unsafe.Pointer structure=level values="marshaling error: json: unsupported type: unsafe.Pointer"
2026-04-14T14:28:50.924881716-04:00 INF http request duration=0.110353 method=GET path=/api/recordings/current
2026-04-14T14:28:50.960827713-04:00 INF failed to parse audio level message event=recording.gst.audio_level.parse.failed rms="marshaling error: json: unsupported type: unsafe.Pointer" rms_type=unsafe.Pointer structure=level values="marshaling error: json: unsupported type: unsafe.Pointer"
2026-04-14T14:28:51.010341043-04:00 INF failed to parse audio level message event=recording.gst.audio_level.parse.failed rms="marshaling error: json: unsupported type: unsafe.Pointer" rms_type=unsafe.Pointer structure=level values="marshaling error: json: unsupported type: unsafe.Pointer"
2026-04-14T14:28:51.059510138-04:00 INF failed to parse audio level message event=recording.gst.audio_level.parse.failed rms="marshaling error: json: unsupported type: unsafe.Pointer" rms_type=unsafe.Pointer structure=level values="marshaling error: json: unsupported type: unsafe.Pointer"
2026-04-14T14:28:51.109453228-04:00 INF failed to parse audio level message event=recording.gst.audio_level.parse.failed rms="marshaling error: json: unsupported type: unsafe.Pointer" rms_type=unsafe.Pointer structure=level values="marshaling error: json: unsupported type: unsafe.Pointer"
2026-04-14T14:28:51.126470363-04:00 INF http request duration=0.15427 method=GET path=/api/recordings/current
2026-04-14T14:28:51.15989348-04:00 INF failed to parse audio level message event=recording.gst.audio_level.parse.failed rms="marshaling error: json: unsupported type: unsafe.Pointer" rms_type=unsafe.Pointer structure=level values="marshaling error: json: unsupported type: unsafe.Pointer"
2026-04-14T14:28:51.207905161-04:00 INF failed to parse audio level message event=recording.gst.audio_level.parse.failed rms="marshaling error: json: unsupported type: unsafe.Pointer" rms_type=unsafe.Pointer structure=level values="marshaling error: json: unsupported type: unsafe.Pointer"
2026-04-14T14:28:51.257360423-04:00 INF failed to parse audio level message event=recording.gst.audio_level.parse.failed rms="marshaling error: json: unsupported type: unsafe.Pointer" rms_type=unsafe.Pointer structure=level values="marshaling error: json: unsupported type: unsafe.Pointer"
2026-04-14T14:28:51.277680646-04:00 INF pushed buffer into experimental shared bridge recorder buffer_count=150 duration=41.666666 event=capture.gst.shared.bridge_recorder.push pts=6208.333234
2026-04-14T14:28:51.306664334-04:00 INF failed to parse audio level message event=recording.gst.audio_level.parse.failed rms="marshaling error: json: unsupported type: unsafe.Pointer" rms_type=unsafe.Pointer structure=level values="marshaling error: json: unsupported type: unsafe.Pointer"
2026-04-14T14:28:51.327875827-04:00 INF http request duration=0.119892 method=GET path=/api/recordings/current
2026-04-14T14:28:51.356118976-04:00 INF failed to parse audio level message event=recording.gst.audio_level.parse.failed rms="marshaling error: json: unsupported type: unsafe.Pointer" rms_type=unsafe.Pointer structure=level values="marshaling error: json: unsupported type: unsafe.Pointer"
2026-04-14T14:28:51.405471181-04:00 INF failed to parse audio level message event=recording.gst.audio_level.parse.failed rms="marshaling error: json: unsupported type: unsafe.Pointer" rms_type=unsafe.Pointer structure=level values="marshaling error: json: unsupported type: unsafe.Pointer"
2026-04-14T14:28:51.454856687-04:00 INF failed to parse audio level message event=recording.gst.audio_level.parse.failed rms="marshaling error: json: unsupported type: unsafe.Pointer" rms_type=unsafe.Pointer structure=level values="marshaling error: json: unsupported type: unsafe.Pointer"
2026-04-14T14:28:51.505199878-04:00 INF failed to parse audio level message event=recording.gst.audio_level.parse.failed rms="marshaling error: json: unsupported type: unsafe.Pointer" rms_type=unsafe.Pointer structure=level values="marshaling error: json: unsupported type: unsafe.Pointer"
2026-04-14T14:28:51.530167008-04:00 INF http request duration=0.11758 method=GET path=/api/recordings/current
2026-04-14T14:28:51.554587242-04:00 INF failed to parse audio level message event=recording.gst.audio_level.parse.failed rms="marshaling error: json: unsupported type: unsafe.Pointer" rms_type=unsafe.Pointer structure=level values="marshaling error: json: unsupported type: unsafe.Pointer"
2026-04-14T14:28:51.604197579-04:00 INF failed to parse audio level message event=recording.gst.audio_level.parse.failed rms="marshaling error: json: unsupported type: unsafe.Pointer" rms_type=unsafe.Pointer structure=level values="marshaling error: json: unsupported type: unsafe.Pointer"
2026-04-14T14:28:51.653519857-04:00 INF failed to parse audio level message event=recording.gst.audio_level.parse.failed rms="marshaling error: json: unsupported type: unsafe.Pointer" rms_type=unsafe.Pointer structure=level values="marshaling error: json: unsupported type: unsafe.Pointer"
2026-04-14T14:28:51.70287416-04:00 INF failed to parse audio level message event=recording.gst.audio_level.parse.failed rms="marshaling error: json: unsupported type: unsafe.Pointer" rms_type=unsafe.Pointer structure=level values="marshaling error: json: unsupported type: unsafe.Pointer"
2026-04-14T14:28:51.704500391-04:00 INF pushed buffer into experimental shared bridge recorder buffer_count=160 duration=41.666666 event=capture.gst.shared.bridge_recorder.push pts=6624.999894
2026-04-14T14:28:51.735978634-04:00 INF http request duration=0.124966 method=GET path=/api/recordings/current
2026-04-14T14:28:51.751749736-04:00 INF failed to parse audio level message event=recording.gst.audio_level.parse.failed rms="marshaling error: json: unsupported type: unsafe.Pointer" rms_type=unsafe.Pointer structure=level values="marshaling error: json: unsupported type: unsafe.Pointer"
2026-04-14T14:28:51.802987261-04:00 INF failed to parse audio level message event=recording.gst.audio_level.parse.failed rms="marshaling error: json: unsupported type: unsafe.Pointer" rms_type=unsafe.Pointer structure=level values="marshaling error: json: unsupported type: unsafe.Pointer"
2026-04-14T14:28:51.851926984-04:00 INF failed to parse audio level message event=recording.gst.audio_level.parse.failed rms="marshaling error: json: unsupported type: unsafe.Pointer" rms_type=unsafe.Pointer structure=level values="marshaling error: json: unsupported type: unsafe.Pointer"
2026-04-14T14:28:51.907395817-04:00 INF failed to parse audio level message event=recording.gst.audio_level.parse.failed rms="marshaling error: json: unsupported type: unsafe.Pointer" rms_type=unsafe.Pointer structure=level values="marshaling error: json: unsupported type: unsafe.Pointer"
2026-04-14T14:28:51.941093563-04:00 INF http request duration=0.138975 method=GET path=/api/recordings/current
2026-04-14T14:28:51.951814159-04:00 INF failed to parse audio level message event=recording.gst.audio_level.parse.failed rms="marshaling error: json: unsupported type: unsafe.Pointer" rms_type=unsafe.Pointer structure=level values="marshaling error: json: unsupported type: unsafe.Pointer"
2026-04-14T14:28:52.000825296-04:00 INF failed to parse audio level message event=recording.gst.audio_level.parse.failed rms="marshaling error: json: unsupported type: unsafe.Pointer" rms_type=unsafe.Pointer structure=level values="marshaling error: json: unsupported type: unsafe.Pointer"
2026-04-14T14:28:52.048042546-04:00 INF failed to parse audio level message event=recording.gst.audio_level.parse.failed rms="marshaling error: json: unsupported type: unsafe.Pointer" rms_type=unsafe.Pointer structure=level values="marshaling error: json: unsupported type: unsafe.Pointer"
2026-04-14T14:28:52.097376798-04:00 INF failed to parse audio level message event=recording.gst.audio_level.parse.failed rms="marshaling error: json: unsupported type: unsafe.Pointer" rms_type=unsafe.Pointer structure=level values="marshaling error: json: unsupported type: unsafe.Pointer"
2026-04-14T14:28:52.109524512-04:00 INF pushed buffer into experimental shared bridge recorder buffer_count=170 duration=41.666666 event=capture.gst.shared.bridge_recorder.push pts=7041.666554
2026-04-14T14:28:52.146288176-04:00 INF http request duration=0.123707 method=GET path=/api/recordings/current
2026-04-14T14:28:52.147969327-04:00 INF failed to parse audio level message event=recording.gst.audio_level.parse.failed rms="marshaling error: json: unsupported type: unsafe.Pointer" rms_type=unsafe.Pointer structure=level values="marshaling error: json: unsupported type: unsafe.Pointer"
2026-04-14T14:28:52.196350136-04:00 INF failed to parse audio level message event=recording.gst.audio_level.parse.failed rms="marshaling error: json: unsupported type: unsafe.Pointer" rms_type=unsafe.Pointer structure=level values="marshaling error: json: unsupported type: unsafe.Pointer"
2026-04-14T14:28:52.245694734-04:00 INF failed to parse audio level message event=recording.gst.audio_level.parse.failed rms="marshaling error: json: unsupported type: unsafe.Pointer" rms_type=unsafe.Pointer structure=level values="marshaling error: json: unsupported type: unsafe.Pointer"
2026-04-14T14:28:52.295203545-04:00 INF failed to parse audio level message event=recording.gst.audio_level.parse.failed rms="marshaling error: json: unsupported type: unsafe.Pointer" rms_type=unsafe.Pointer structure=level values="marshaling error: json: unsupported type: unsafe.Pointer"
2026-04-14T14:28:52.347812783-04:00 INF http request duration=0.121447 method=GET path=/api/recordings/current
2026-04-14T14:28:52.364556759-04:00 INF failed to parse audio level message event=recording.gst.audio_level.parse.failed rms="marshaling error: json: unsupported type: unsafe.Pointer" rms_type=unsafe.Pointer structure=level values="marshaling error: json: unsupported type: unsafe.Pointer"
2026-04-14T14:28:52.414171489-04:00 INF failed to parse audio level message event=recording.gst.audio_level.parse.failed rms="marshaling error: json: unsupported type: unsafe.Pointer" rms_type=unsafe.Pointer structure=level values="marshaling error: json: unsupported type: unsafe.Pointer"
2026-04-14T14:28:52.463766233-04:00 INF failed to parse audio level message event=recording.gst.audio_level.parse.failed rms="marshaling error: json: unsupported type: unsafe.Pointer" rms_type=unsafe.Pointer structure=level values="marshaling error: json: unsupported type: unsafe.Pointer"
2026-04-14T14:28:52.513277392-04:00 INF failed to parse audio level message event=recording.gst.audio_level.parse.failed rms="marshaling error: json: unsupported type: unsafe.Pointer" rms_type=unsafe.Pointer structure=level values="marshaling error: json: unsupported type: unsafe.Pointer"
2026-04-14T14:28:52.536087547-04:00 INF pushed buffer into experimental shared bridge recorder buffer_count=180 duration=41.666666 event=capture.gst.shared.bridge_recorder.push pts=7458.333214
2026-04-14T14:28:52.551716204-04:00 INF http request duration=0.141475 method=GET path=/api/recordings/current
2026-04-14T14:28:52.563528876-04:00 INF failed to parse audio level message event=recording.gst.audio_level.parse.failed rms="marshaling error: json: unsupported type: unsafe.Pointer" rms_type=unsafe.Pointer structure=level values="marshaling error: json: unsupported type: unsafe.Pointer"
2026-04-14T14:28:52.613013717-04:00 INF failed to parse audio level message event=recording.gst.audio_level.parse.failed rms="marshaling error: json: unsupported type: unsafe.Pointer" rms_type=unsafe.Pointer structure=level values="marshaling error: json: unsupported type: unsafe.Pointer"
2026-04-14T14:28:52.662036761-04:00 INF failed to parse audio level message event=recording.gst.audio_level.parse.failed rms="marshaling error: json: unsupported type: unsafe.Pointer" rms_type=unsafe.Pointer structure=level values="marshaling error: json: unsupported type: unsafe.Pointer"
2026-04-14T14:28:52.711444052-04:00 INF failed to parse audio level message event=recording.gst.audio_level.parse.failed rms="marshaling error: json: unsupported type: unsafe.Pointer" rms_type=unsafe.Pointer structure=level values="marshaling error: json: unsupported type: unsafe.Pointer"
2026-04-14T14:28:52.756933532-04:00 INF http request duration=0.107197 method=GET path=/api/recordings/current
2026-04-14T14:28:52.760918019-04:00 INF failed to parse audio level message event=recording.gst.audio_level.parse.failed rms="marshaling error: json: unsupported type: unsafe.Pointer" rms_type=unsafe.Pointer structure=level values="marshaling error: json: unsupported type: unsafe.Pointer"
2026-04-14T14:28:52.812044089-04:00 INF failed to parse audio level message event=recording.gst.audio_level.parse.failed rms="marshaling error: json: unsupported type: unsafe.Pointer" rms_type=unsafe.Pointer structure=level values="marshaling error: json: unsupported type: unsafe.Pointer"
2026-04-14T14:28:52.86164857-04:00 INF failed to parse audio level message event=recording.gst.audio_level.parse.failed rms="marshaling error: json: unsupported type: unsafe.Pointer" rms_type=unsafe.Pointer structure=level values="marshaling error: json: unsupported type: unsafe.Pointer"
2026-04-14T14:28:52.909519721-04:00 INF failed to parse audio level message event=recording.gst.audio_level.parse.failed rms="marshaling error: json: unsupported type: unsafe.Pointer" rms_type=unsafe.Pointer structure=level values="marshaling error: json: unsupported type: unsafe.Pointer"
2026-04-14T14:28:52.937736842-04:00 INF pushed buffer into experimental shared bridge recorder buffer_count=190 duration=41.666666 event=capture.gst.shared.bridge_recorder.push pts=7874.999874
2026-04-14T14:28:52.959122555-04:00 INF failed to parse audio level message event=recording.gst.audio_level.parse.failed rms="marshaling error: json: unsupported type: unsafe.Pointer" rms_type=unsafe.Pointer structure=level values="marshaling error: json: unsupported type: unsafe.Pointer"
2026-04-14T14:28:52.959589774-04:00 INF http request duration=0.100862 method=GET path=/api/recordings/current
2026-04-14T14:28:53.008822877-04:00 INF failed to parse audio level message event=recording.gst.audio_level.parse.failed rms="marshaling error: json: unsupported type: unsafe.Pointer" rms_type=unsafe.Pointer structure=level values="marshaling error: json: unsupported type: unsafe.Pointer"
2026-04-14T14:28:53.058322098-04:00 INF failed to parse audio level message event=recording.gst.audio_level.parse.failed rms="marshaling error: json: unsupported type: unsafe.Pointer" rms_type=unsafe.Pointer structure=level values="marshaling error: json: unsupported type: unsafe.Pointer"
2026-04-14T14:28:53.107770929-04:00 INF failed to parse audio level message event=recording.gst.audio_level.parse.failed rms="marshaling error: json: unsupported type: unsafe.Pointer" rms_type=unsafe.Pointer structure=level values="marshaling error: json: unsupported type: unsafe.Pointer"
2026-04-14T14:28:53.157408995-04:00 INF failed to parse audio level message event=recording.gst.audio_level.parse.failed rms="marshaling error: json: unsupported type: unsafe.Pointer" rms_type=unsafe.Pointer structure=level values="marshaling error: json: unsupported type: unsafe.Pointer"
2026-04-14T14:28:53.160937228-04:00 INF http request duration=0.148732 method=GET path=/api/recordings/current
2026-04-14T14:28:53.20637576-04:00 INF recording session state updated active=true event=recording.session.state reason="max duration reached after 8s" session_id=adaptive-preview-measure-before-pre-adaptive state=stopping
2026-04-14T14:28:53.206681792-04:00 INF detached shared raw consumer consumer_id=raw-type-region-display--0-d-2 event=capture.gst.shared.raw.detach raw_consumer_count=0 signature=type=region|display=:0|device=|window=|size=|cursor=true|mirror=false|rect=0,960,2880,960 source_id=measure-region
2026-04-14T14:28:53.206752635-04:00 INF stopping experimental shared bridge recorder buffer_count=196 event=capture.gst.shared.bridge_recorder.stop
2026-04-14T14:28:53.206818481-04:00 INF failed to parse audio level message event=recording.gst.audio_level.parse.failed rms="marshaling error: json: unsupported type: unsafe.Pointer" rms_type=unsafe.Pointer structure=level values="marshaling error: json: unsupported type: unsafe.Pointer"
2026-04-14T14:28:53.216010565-04:00 INF failed to parse audio level message event=recording.gst.audio_level.parse.failed rms="marshaling error: json: unsupported type: unsafe.Pointer" rms_type=unsafe.Pointer structure=level values="marshaling error: json: unsupported type: unsafe.Pointer"
2026-04-14T14:28:53.365879355-04:00 INF http request duration=0.154385 method=GET path=/api/recordings/current
2026-04-14T14:28:53.576405032-04:00 INF http request duration=0.139591 method=GET path=/api/recordings/current
2026-04-14T14:28:53.7805701-04:00 INF http request duration=0.166569 method=GET path=/api/recordings/current
2026-04-14T14:28:53.982725835-04:00 INF http request duration=0.145839 method=GET path=/api/recordings/current
2026-04-14T14:28:54.184165141-04:00 INF http request duration=0.136633 method=GET path=/api/recordings/current
2026-04-14T14:28:54.197149105-04:00 INF recording session state updated active=false event=recording.session.state reason="max duration reached after 8s" session_id=adaptive-preview-measure-before-pre-adaptive state=finished
2026-04-14T14:28:54.197281924-04:00 INF recording session finished event=recording.session.finish finished_at=2026-04-14T14:28:54.197103893-04:00 reason="max duration reached after 8s" session_id=adaptive-preview-measure-before-pre-adaptive started_at=2026-04-14T14:28:45.248885698-04:00 state=finished
2026-04-14T14:28:54.385549046-04:00 INF http request duration=0.096372 method=GET path=/api/recordings/current
2026-04-14T14:28:56.22073343-04:00 INF http request duration=0.196665 method=GET path=/api/previews/preview-e7444805eb17/screenshot
2026-04-14T14:28:56.22897568-04:00 INF http request duration=0.060007 method=GET path=/api/previews
2026-04-14T14:28:56.504714234-04:00 INF disk telemetry loop exiting event=telemetry.disk.exit reason="context canceled"
2026-04-14T14:28:56.504843256-04:00 INF runtime shutdown triggered event=runtime.shutdown.begin reason="context canceled" shutdown_timeout=5000
2026-04-14T14:28:56.504885193-04:00 INF http server shutdown starting event=runtime.http.shutdown.begin reason="context canceled"
2026-04-14T14:28:56.504946925-04:00 INF http server exited cleanly addr=:7784 event=runtime.http.exit
2026-04-14T14:28:56.504990587-04:00 INF preview finished event=preview.finish preview_id=preview-18daabfb09b6 reason="preview finished" source_id=desktop-1 state=finished
2026-04-14T14:28:56.504930855-04:00 INF detached shared preview consumer consumer_count=0 consumer_id=preview-type-display-display--0--1 event=capture.gst.shared.preview.detach signature=type=display|display=:0.0|device=|window=|size=|cursor=true|mirror=false source_id=desktop-1
2026-04-14T14:28:56.505045472-04:00 INF removing preview from manager maps event=preview.cleanup preview_id=preview-18daabfb09b6 signature=18daabfb09b614b82fd3143976d062c588be9bf6
2026-04-14T14:28:56.505154861-04:00 INF cancelling audio telemetry runner during loop teardown device_id=default event=telemetry.audio.runner.cancel
2026-04-14T14:28:56.505559427-04:00 INF detached shared preview consumer consumer_count=0 consumer_id=preview-type-region-display--0-d-1 event=capture.gst.shared.preview.detach signature=type=region|display=:0|device=|window=|size=|cursor=true|mirror=false|rect=0,960,2880,960 source_id=measure-region
2026-04-14T14:28:56.505643995-04:00 INF preview finished event=preview.finish preview_id=preview-e7444805eb17 reason="preview finished" source_id=measure-region state=finished
2026-04-14T14:28:56.505814783-04:00 INF removing preview from manager maps event=preview.cleanup preview_id=preview-e7444805eb17 signature=e7444805eb17370f1f4e0de93eb9621696d9ca94
2026-04-14T14:28:56.507743589-04:00 INF parec read loop exiting after context cancellation device_id=default event=telemetry.process.read.exit reason="context canceled"
2026-04-14T14:28:56.507892814-04:00 INF waiting for parec audio telemetry process to exit device_id=default event=telemetry.process.wait.begin pid=72024
2026-04-14T14:28:56.507972919-04:00 INF parec audio telemetry process exited device_id=default event=telemetry.process.wait.done pid=72024 reason="context canceled"
2026-04-14T14:28:56.508007379-04:00 INF audio telemetry runner exited device_id=default event=telemetry.audio.runner.exit reason="context canceled"
2026-04-14T14:28:56.508028889-04:00 INF audio telemetry loop exiting event=telemetry.audio.exit reason="context canceled"
2026-04-14T14:28:56.508051277-04:00 INF telemetry manager run loop exited event=telemetry.run.exit reason="context canceled"
2026-04-14T14:28:56.508093983-04:00 INF telemetry manager exited event=runtime.telemetry.exit reason="context canceled"
2026-04-14T14:28:56.523255469-04:00 INF shutdown shared gstreamer video source event=capture.gst.shared.shutdown signature=type=region|display=:0|device=|window=|size=|cursor=true|mirror=false|rect=0,960,2880,960 source_id=measure-region
2026-04-14T14:28:56.527012914-04:00 INF shutdown shared gstreamer video source event=capture.gst.shared.shutdown signature=type=display|display=:0.0|device=|window=|size=|cursor=true|mirror=false source_id=desktop-1
2026-04-14T14:28:56.592492042-04:00 INF http request duration=10400.730642 method=GET path=/api/previews/preview-18daabfb09b6/mjpeg
2026-04-14T14:28:56.644657954-04:00 INF http server shutdown finished event=runtime.http.shutdown.done reason="context canceled"
2026-04-14T14:28:56.644771938-04:00 INF recording manager shutdown starting event=runtime.recordings.shutdown.begin
2026-04-14T14:28:56.644805741-04:00 INF recording manager shutdown starting active=false event=recording.shutdown.begin session_id=adaptive-preview-measure-before-pre-adaptive state=finished
2026-04-14T14:28:56.644855766-04:00 INF recording manager shutdown finished event=recording.shutdown.done session_id=adaptive-preview-measure-before-pre-adaptive
2026-04-14T14:28:56.644881854-04:00 INF recording manager shutdown finished event=runtime.recordings.shutdown.done
2026-04-14T14:28:56.644903227-04:00 INF preview manager shutdown starting event=runtime.previews.shutdown.begin
2026-04-14T14:28:56.64492484-04:00 INF preview manager shutdown requested with no active previews event=preview.shutdown.noop
2026-04-14T14:28:56.644947562-04:00 INF preview manager shutdown finished event=runtime.previews.shutdown.done
2026-04-14T14:28:56.644967025-04:00 INF waiting for runtime participant to exit event=runtime.participant.wait.begin participant="http server goroutine"
2026-04-14T14:28:56.644991447-04:00 INF runtime participant exited event=runtime.participant.wait.done participant="http server goroutine"
2026-04-14T14:28:56.645016541-04:00 INF waiting for telemetry goroutine to exit event=runtime.telemetry.wait.begin
2026-04-14T14:28:56.645036297-04:00 INF waiting for runtime participant to exit event=runtime.participant.wait.begin participant="telemetry goroutine"
2026-04-14T14:28:56.645060054-04:00 INF runtime participant exited event=runtime.participant.wait.done participant="telemetry goroutine"
2026-04-14T14:28:56.645084407-04:00 INF telemetry goroutine exited event=runtime.telemetry.wait.done
2026-04-14T14:28:56.645107864-04:00 INF runtime shutdown component summary event=runtime.shutdown.components recording_active=false recording_session_id=adaptive-preview-measure-before-pre-adaptive remaining_previews=0
2026-04-14T14:28:56.645167447-04:00 INF server runtime exited cleanly event=runtime.shutdown.summary
