scenario=preview-rate-first-current-plus-recorder
display=:0
root=2880x1920
region=0,960,2880,960
fps=24
duration=6s
preview_enabled=true
preview_label=current
preview_order=rate-first
preview_width=1280
preview_height=427
preview_fps=10
preview_quality=80
output=/home/manuel/code/wesen/2026-04-09--screencast-studio/ttmp/2026/04/13/SCS-0014--fix-preview-regressions-in-screencast-studio-web-ui/scripts/16-go-preview-adaptive-confirmation-matrix/results/20260414-135008/preview-rate-first-current-plus-recorder.mp4
preview_samples_pulled=61
preview_frames_copied=61
preview_bytes_copied=12947250
recorder_samples_pulled=144
recorder_buffers_copied=144
recorder_enqueued=144
recorder_dropped=0
recorder_worker_handled=144
recorder_appsrc_pushed=144
