scenario=preview-scale-first-constrained-plus-recorder
display=:0
root=2880x1920
region=0,960,2880,960
fps=24
duration=6s
preview_enabled=true
preview_label=constrained
preview_order=scale-first
preview_width=640
preview_height=213
preview_fps=4
preview_quality=50
output=/home/manuel/code/wesen/2026-04-09--screencast-studio/ttmp/2026/04/13/SCS-0014--fix-preview-regressions-in-screencast-studio-web-ui/scripts/16-go-preview-adaptive-confirmation-matrix/results/20260414-135008/preview-scale-first-constrained-plus-recorder.mp4
preview_samples_pulled=25
preview_frames_copied=25
preview_bytes_copied=1080526
recorder_samples_pulled=145
recorder_buffers_copied=145
recorder_enqueued=145
recorder_dropped=0
recorder_worker_handled=145
recorder_appsrc_pushed=145
