scenario=recorder-only
display=:0
root=2880x1920
region=0,960,2880,960
fps=24
duration=6s
preview_enabled=false
preview_label=none
preview_order=disabled
preview_width=0
preview_height=0
preview_fps=0
preview_quality=0
output=/home/manuel/code/wesen/2026-04-09--screencast-studio/ttmp/2026/04/13/SCS-0014--fix-preview-regressions-in-screencast-studio-web-ui/scripts/16-go-preview-adaptive-confirmation-matrix/results/20260414-135008/recorder-only.mp4
preview_samples_pulled=0
preview_frames_copied=0
preview_bytes_copied=0
recorder_samples_pulled=144
recorder_buffers_copied=144
recorder_enqueued=144
recorder_dropped=0
recorder_worker_handled=144
recorder_appsrc_pushed=144
