2026-04-14T16:10:34.50418747-04:00 INF recording and preview managers already bound to serve runtime context event=runtime.context.bind
2026-04-14T16:10:34.504268338-04:00 INF telemetry manager starting event=runtime.telemetry.start
2026-04-14T16:10:34.504267368-04:00 INF web server starting addr=:7791 event=runtime.http.start initial_dsl_path= preview_limit=4 shutdown_timeout=5000 static_dir=
2026-04-14T16:10:34.504314661-04:00 INF telemetry manager run loop starting event=telemetry.run.start
2026-04-14T16:10:34.50434662-04:00 INF audio telemetry loop starting event=telemetry.audio.start interval=500
2026-04-14T16:10:34.504346659-04:00 INF disk telemetry loop starting event=telemetry.disk.start interval=2000
2026-04-14T16:10:35.491879782-04:00 INF http request duration=0.155384 method=GET path=/api/healthz
2026-04-14T16:10:35.56398037-04:00 INF preview ensure requested dsl_bytes=507 event=preview.ensure.requested source_id=desktop-1
2026-04-14T16:10:35.564197393-04:00 INF created preview worker event=preview.ensure.created preview_id=preview-909758a3cc65 source_id=desktop-1 source_name="Full Desktop" source_type=display
2026-04-14T16:10:35.575545981-04:00 INF created shared gstreamer video source event=capture.gst.shared.acquire.created signature=type=display|display=:0|device=|window=|size=|cursor=true|mirror=false source_id=desktop-1 source_type=display
2026-04-14T16:10:35.578513814-04:00 INF started shared gstreamer video source pipeline event=capture.gst.shared.start signature=type=display|display=:0|device=|window=|size=|cursor=true|mirror=false source_id=desktop-1 source_type=display
2026-04-14T16:10:35.578582208-04:00 INF attached shared preview consumer consumer_count=1 consumer_id=preview-type-display-display--0--1 event=capture.gst.shared.preview.attach ref_count=1 signature=type=display|display=:0|device=|window=|size=|cursor=true|mirror=false source_id=desktop-1
2026-04-14T16:10:35.578618133-04:00 INF started gstreamer preview session on shared source event=preview.gst.start shared_signature=type=display|display=:0|device=|window=|size=|cursor=true|mirror=false source_id=desktop-1 source_name="Full Desktop" source_type=display
2026-04-14T16:10:35.578709476-04:00 INF http request duration=14.808485 method=POST path=/api/previews/ensure
2026-04-14T16:10:35.578737054-04:00 INF preview session waiting event=preview.run.begin preview_id=preview-909758a3cc65 source_id=desktop-1
2026-04-14T16:10:35.649166569-04:00 INF http request duration=0.068452 method=GET path=/api/previews/preview-909758a3cc65/screenshot
2026-04-14T16:10:35.905059352-04:00 INF http request duration=0.260189 method=GET path=/api/previews/preview-909758a3cc65/screenshot
2026-04-14T16:10:35.917013749-04:00 INF http request duration=0.063296 method=GET path=/metrics
2026-04-14T16:10:35.984948657-04:00 INF http request duration=0.063707 method=GET path=/metrics
2026-04-14T16:10:36.993836875-04:00 INF http request duration=0.075646 method=GET path=/metrics
2026-04-14T16:10:38.00170337-04:00 INF http request duration=0.056506 method=GET path=/metrics
2026-04-14T16:10:39.008933893-04:00 INF http request duration=0.086762 method=GET path=/metrics
2026-04-14T16:10:39.909176891-04:00 INF http request duration=3996.796649 method=GET path=/api/previews/preview-909758a3cc65/mjpeg
2026-04-14T16:10:41.912897425-04:00 INF http request duration=0.094202 method=GET path=/api/previews
2026-04-14T16:10:41.919061767-04:00 INF audio telemetry loop exiting event=telemetry.audio.exit reason="context canceled"
2026-04-14T16:10:41.919064205-04:00 INF disk telemetry loop exiting event=telemetry.disk.exit reason="context canceled"
2026-04-14T16:10:41.919114832-04:00 INF runtime shutdown triggered event=runtime.shutdown.begin reason="context canceled" shutdown_timeout=5000
2026-04-14T16:10:41.919124929-04:00 INF telemetry manager run loop exited event=telemetry.run.exit reason="context canceled"
2026-04-14T16:10:41.919149442-04:00 INF telemetry manager exited event=runtime.telemetry.exit reason="context canceled"
2026-04-14T16:10:41.919139948-04:00 INF http server shutdown starting event=runtime.http.shutdown.begin reason="context canceled"
2026-04-14T16:10:41.919200212-04:00 INF http server exited cleanly addr=:7791 event=runtime.http.exit
2026-04-14T16:10:41.919214902-04:00 INF http server shutdown finished event=runtime.http.shutdown.done reason="context canceled"
2026-04-14T16:10:41.919224361-04:00 INF recording manager shutdown starting event=runtime.recordings.shutdown.begin
2026-04-14T16:10:41.919230031-04:00 INF recording manager shutdown requested with no session event=recording.shutdown.noop
2026-04-14T16:10:41.919236428-04:00 INF recording manager shutdown finished event=runtime.recordings.shutdown.done
2026-04-14T16:10:41.919241015-04:00 INF preview manager shutdown starting event=runtime.previews.shutdown.begin
2026-04-14T16:10:41.91924754-04:00 INF preview manager shutdown starting event=preview.shutdown.begin preview_count=1
2026-04-14T16:10:41.919255346-04:00 INF preview manager requested preview cancellation event=preview.shutdown.cancel preview_id=preview-909758a3cc65 source_id=desktop-1
2026-04-14T16:10:41.919322012-04:00 INF detached shared preview consumer consumer_count=0 consumer_id=preview-type-display-display--0--1 event=capture.gst.shared.preview.detach signature=type=display|display=:0|device=|window=|size=|cursor=true|mirror=false source_id=desktop-1
2026-04-14T16:10:41.91937664-04:00 INF preview finished event=preview.finish preview_id=preview-909758a3cc65 reason="shutdown requested" source_id=desktop-1 state=finished
2026-04-14T16:10:41.919394614-04:00 INF removing preview from manager maps event=preview.cleanup preview_id=preview-909758a3cc65 signature=909758a3cc65bd0e39a108375a740be6a0bc4bd5
2026-04-14T16:10:41.919404394-04:00 INF preview shutdown wait completed event=preview.shutdown.wait.done preview_id=preview-909758a3cc65 remaining=0 source_id=desktop-1
2026-04-14T16:10:41.919413341-04:00 INF preview manager shutdown finished event=preview.shutdown.done preview_count=1
2026-04-14T16:10:41.919419986-04:00 INF preview manager shutdown finished event=runtime.previews.shutdown.done
2026-04-14T16:10:41.919428606-04:00 INF waiting for runtime participant to exit event=runtime.participant.wait.begin participant="http server goroutine"
2026-04-14T16:10:41.919435144-04:00 INF runtime participant exited event=runtime.participant.wait.done participant="http server goroutine"
2026-04-14T16:10:41.919441002-04:00 INF waiting for telemetry goroutine to exit event=runtime.telemetry.wait.begin
2026-04-14T16:10:41.919446281-04:00 INF waiting for runtime participant to exit event=runtime.participant.wait.begin participant="telemetry goroutine"
2026-04-14T16:10:41.919452066-04:00 INF runtime participant exited event=runtime.participant.wait.done participant="telemetry goroutine"
2026-04-14T16:10:41.919466272-04:00 INF telemetry goroutine exited event=runtime.telemetry.wait.done
2026-04-14T16:10:41.919471725-04:00 INF runtime shutdown component summary event=runtime.shutdown.components recording_active=false recording_session_id= remaining_previews=0
2026-04-14T16:10:41.919488749-04:00 INF server runtime exited cleanly event=runtime.shutdown.summary
