2026-04-14T16:32:39.074258601-04:00 INF recording and preview managers already bound to serve runtime context event=runtime.context.bind
2026-04-14T16:32:39.074376351-04:00 INF web server starting addr=:7814 event=runtime.http.start initial_dsl_path= preview_limit=4 shutdown_timeout=5000 static_dir=
2026-04-14T16:32:39.074402221-04:00 INF telemetry manager starting event=runtime.telemetry.start
2026-04-14T16:32:39.074480578-04:00 INF telemetry manager run loop starting event=telemetry.run.start
2026-04-14T16:32:39.074527677-04:00 INF audio telemetry loop starting event=telemetry.audio.start interval=500
2026-04-14T16:32:39.074509001-04:00 INF disk telemetry loop starting event=telemetry.disk.start interval=2000
2026-04-14T16:32:40.069517593-04:00 INF http request duration=0.439426 method=GET path=/api/healthz
2026-04-14T16:32:40.150273492-04:00 INF preview ensure requested dsl_bytes=755 event=preview.ensure.requested source_id=desktop-1
2026-04-14T16:32:40.150460566-04:00 INF created preview worker event=preview.ensure.created preview_id=preview-909758a3cc65 source_id=desktop-1 source_name="Full Desktop" source_type=display
2026-04-14T16:32:40.164647655-04:00 INF created shared gstreamer video source event=capture.gst.shared.acquire.created signature=type=display|display=:0|device=|window=|size=|cursor=true|mirror=false source_id=desktop-1 source_type=display
2026-04-14T16:32:40.16769832-04:00 INF started shared gstreamer video source pipeline event=capture.gst.shared.start signature=type=display|display=:0|device=|window=|size=|cursor=true|mirror=false source_id=desktop-1 source_type=display
2026-04-14T16:32:40.167749712-04:00 INF attached shared preview consumer consumer_count=1 consumer_id=preview-type-display-display--0--1 event=capture.gst.shared.preview.attach ref_count=1 signature=type=display|display=:0|device=|window=|size=|cursor=true|mirror=false source_id=desktop-1
2026-04-14T16:32:40.167771282-04:00 INF started gstreamer preview session on shared source event=preview.gst.start shared_signature=type=display|display=:0|device=|window=|size=|cursor=true|mirror=false source_id=desktop-1 source_name="Full Desktop" source_type=display
2026-04-14T16:32:40.167863923-04:00 INF http request duration=17.664663 method=POST path=/api/previews/ensure
2026-04-14T16:32:40.167891996-04:00 INF preview session waiting event=preview.run.begin preview_id=preview-909758a3cc65 source_id=desktop-1
2026-04-14T16:32:40.238805127-04:00 INF http request duration=0.084912 method=GET path=/api/previews/preview-909758a3cc65/screenshot
2026-04-14T16:32:40.497159275-04:00 INF http request duration=0.240345 method=GET path=/api/previews/preview-909758a3cc65/screenshot
2026-04-14T16:32:40.504320774-04:00 INF recording session starting event=recording.session.start grace_period=0 max_duration=6000 output_count=1 session_id=browser-preview-stream-recording-matrix warning_count=0
2026-04-14T16:32:40.504432522-04:00 INF http request duration=0.312798 method=POST path=/api/recordings/start
2026-04-14T16:32:40.504443334-04:00 INF recording session worker running event=recording.session.run.begin session_id=browser-preview-stream-recording-matrix
2026-04-14T16:32:40.504526146-04:00 INF reused shared gstreamer video source event=capture.gst.shared.acquire.reused ref_count=2 signature=type=display|display=:0|device=|window=|size=|cursor=true|mirror=false source_id=desktop-1 source_type=display
2026-04-14T16:32:40.507770138-04:00 INF http request duration=0.046367 method=GET path=/metrics
2026-04-14T16:32:40.517904795-04:00 INF attached shared raw consumer consumer_id=raw-type-display-display--0--2 event=capture.gst.shared.raw.attach raw_consumer_count=1 ref_count=2 signature=type=display|display=:0|device=|window=|size=|cursor=true|mirror=false source_id=desktop-1
2026-04-14T16:32:40.517957182-04:00 INF started experimental shared video recording bridge event=capture.gst.shared.recording_bridge.start fps=24 output_path="/home/manuel/code/wesen/2026-04-09--screencast-studio/ttmp/2026/04/14/SCS-0015--investigate-browser-preview-streaming-pipeline-and-web-ui-performance-matrix/scripts/05-desktop-preview-http-client-recording-matrix/results/20260414-163154/record-one-client/output/Full Desktop.mov" signature=type=display|display=:0|device=|window=|size=|cursor=true|mirror=false source_id=desktop-1
2026-04-14T16:32:40.517987832-04:00 INF started gstreamer recording pipeline event=recording.gst.start output_path="/home/manuel/code/wesen/2026-04-09--screencast-studio/ttmp/2026/04/14/SCS-0015--investigate-browser-preview-streaming-pipeline-and-web-ui-performance-matrix/scripts/05-desktop-preview-http-client-recording-matrix/results/20260414-163154/record-one-client/output/Full Desktop.mov" process_label="Full Desktop" recording_mode=shared-source-bridge source_type=display
2026-04-14T16:32:40.518015264-04:00 INF recording session state updated active=true event=recording.session.state reason="gstreamer recording session created" session_id=browser-preview-stream-recording-matrix state=starting
2026-04-14T16:32:40.518046599-04:00 INF recording subprocess started event received event=recording.process.started output_path="/home/manuel/code/wesen/2026-04-09--screencast-studio/ttmp/2026/04/14/SCS-0015--investigate-browser-preview-streaming-pipeline-and-web-ui-performance-matrix/scripts/05-desktop-preview-http-client-recording-matrix/results/20260414-163154/record-one-client/output/Full Desktop.mov" process_label="Full Desktop" session_id=browser-preview-stream-recording-matrix
2026-04-14T16:32:40.518059224-04:00 INF recording session state updated active=true event=recording.session.state reason="all gstreamer recording pipelines started" session_id=browser-preview-stream-recording-matrix state=running
2026-04-14T16:32:40.571094716-04:00 INF http request duration=0.086103 method=GET path=/metrics
2026-04-14T16:32:40.592157369-04:00 INF http request duration=0.094959 method=GET path=/api/recordings/current
2026-04-14T16:32:40.643151356-04:00 INF started experimental shared bridge recorder pipeline caps="video/x-raw, width=(int)2880, height=(int)1920, framerate=(fraction)24/1, pixel-aspect-ratio=(fraction)1/1, format=(string)I420" event=capture.gst.shared.bridge_recorder.start fps=24 output_path="/home/manuel/code/wesen/2026-04-09--screencast-studio/ttmp/2026/04/14/SCS-0015--investigate-browser-preview-streaming-pipeline-and-web-ui-performance-matrix/scripts/05-desktop-preview-http-client-recording-matrix/results/20260414-163154/record-one-client/output/Full Desktop.mov"
2026-04-14T16:32:40.643261461-04:00 INF pushed buffer into experimental shared bridge recorder buffer_count=1 duration=41.666666 event=capture.gst.shared.bridge_recorder.push pts=0
2026-04-14T16:32:40.693835727-04:00 INF pushed buffer into experimental shared bridge recorder buffer_count=10 duration=41.666666 event=capture.gst.shared.bridge_recorder.push pts=374.999994
2026-04-14T16:32:40.792916687-04:00 INF http request duration=0.072557 method=GET path=/api/recordings/current
2026-04-14T16:32:40.994142248-04:00 INF http request duration=0.060373 method=GET path=/api/recordings/current
2026-04-14T16:32:41.021222638-04:00 INF pushed buffer into experimental shared bridge recorder buffer_count=20 duration=41.666666 event=capture.gst.shared.bridge_recorder.push pts=791.666654
2026-04-14T16:32:41.194933326-04:00 INF http request duration=0.050853 method=GET path=/api/recordings/current
2026-04-14T16:32:41.395791212-04:00 INF http request duration=0.052542 method=GET path=/api/recordings/current
2026-04-14T16:32:41.439321156-04:00 INF pushed buffer into experimental shared bridge recorder buffer_count=30 duration=41.666666 event=capture.gst.shared.bridge_recorder.push pts=1208.333314
2026-04-14T16:32:41.57883378-04:00 INF http request duration=0.089431 method=GET path=/metrics
2026-04-14T16:32:41.596544192-04:00 INF http request duration=0.049843 method=GET path=/api/recordings/current
2026-04-14T16:32:41.797489821-04:00 INF http request duration=0.069594 method=GET path=/api/recordings/current
2026-04-14T16:32:41.861243712-04:00 INF pushed buffer into experimental shared bridge recorder buffer_count=40 duration=41.666666 event=capture.gst.shared.bridge_recorder.push pts=1624.999974
2026-04-14T16:32:41.998369447-04:00 INF http request duration=0.069499 method=GET path=/api/recordings/current
2026-04-14T16:32:42.19924538-04:00 INF http request duration=0.057617 method=GET path=/api/recordings/current
2026-04-14T16:32:42.271140528-04:00 INF pushed buffer into experimental shared bridge recorder buffer_count=50 duration=41.666666 event=capture.gst.shared.bridge_recorder.push pts=2041.666634
2026-04-14T16:32:42.400000279-04:00 INF http request duration=0.079106 method=GET path=/api/recordings/current
2026-04-14T16:32:42.586637996-04:00 INF http request duration=0.121486 method=GET path=/metrics
2026-04-14T16:32:42.600728444-04:00 INF http request duration=0.053218 method=GET path=/api/recordings/current
2026-04-14T16:32:42.687799774-04:00 INF pushed buffer into experimental shared bridge recorder buffer_count=60 duration=41.666666 event=capture.gst.shared.bridge_recorder.push pts=2458.333294
2026-04-14T16:32:42.801409207-04:00 INF http request duration=0.052197 method=GET path=/api/recordings/current
2026-04-14T16:32:43.002381711-04:00 INF http request duration=0.112772 method=GET path=/api/recordings/current
2026-04-14T16:32:43.104591396-04:00 INF pushed buffer into experimental shared bridge recorder buffer_count=70 duration=41.666666 event=capture.gst.shared.bridge_recorder.push pts=2874.999954
2026-04-14T16:32:43.203241999-04:00 INF http request duration=0.048567 method=GET path=/api/recordings/current
2026-04-14T16:32:43.40409879-04:00 INF http request duration=0.060675 method=GET path=/api/recordings/current
2026-04-14T16:32:43.521132335-04:00 INF pushed buffer into experimental shared bridge recorder buffer_count=80 duration=41.666666 event=capture.gst.shared.bridge_recorder.push pts=3291.666614
2026-04-14T16:32:43.59543787-04:00 INF http request duration=0.089703 method=GET path=/metrics
2026-04-14T16:32:43.6049963-04:00 INF http request duration=0.063651 method=GET path=/api/recordings/current
2026-04-14T16:32:43.805695628-04:00 INF http request duration=0.078508 method=GET path=/api/recordings/current
2026-04-14T16:32:43.937896353-04:00 INF pushed buffer into experimental shared bridge recorder buffer_count=90 duration=41.666666 event=capture.gst.shared.bridge_recorder.push pts=3708.333274
2026-04-14T16:32:44.006488827-04:00 INF http request duration=0.060603 method=GET path=/api/recordings/current
2026-04-14T16:32:44.207257167-04:00 INF http request duration=0.062759 method=GET path=/api/recordings/current
2026-04-14T16:32:44.35448518-04:00 INF pushed buffer into experimental shared bridge recorder buffer_count=100 duration=41.666666 event=capture.gst.shared.bridge_recorder.push pts=4124.999934
2026-04-14T16:32:44.408009907-04:00 INF http request duration=0.053914 method=GET path=/api/recordings/current
2026-04-14T16:32:44.603206612-04:00 INF http request duration=0.087411 method=GET path=/metrics
2026-04-14T16:32:44.608788903-04:00 INF http request duration=0.050004 method=GET path=/api/recordings/current
2026-04-14T16:32:44.771268186-04:00 INF pushed buffer into experimental shared bridge recorder buffer_count=110 duration=41.666666 event=capture.gst.shared.bridge_recorder.push pts=4541.666594
2026-04-14T16:32:44.809725096-04:00 INF http request duration=0.050132 method=GET path=/api/recordings/current
2026-04-14T16:32:45.01055691-04:00 INF http request duration=0.061479 method=GET path=/api/recordings/current
2026-04-14T16:32:45.187906761-04:00 INF pushed buffer into experimental shared bridge recorder buffer_count=120 duration=41.666666 event=capture.gst.shared.bridge_recorder.push pts=4958.333254
2026-04-14T16:32:45.211598093-04:00 INF http request duration=0.089234 method=GET path=/api/recordings/current
2026-04-14T16:32:45.41260732-04:00 INF http request duration=0.056849 method=GET path=/api/recordings/current
2026-04-14T16:32:45.60447475-04:00 INF pushed buffer into experimental shared bridge recorder buffer_count=130 duration=41.666666 event=capture.gst.shared.bridge_recorder.push pts=5374.999914
2026-04-14T16:32:45.610776417-04:00 INF http request duration=0.122896 method=GET path=/metrics
2026-04-14T16:32:45.613369487-04:00 INF http request duration=0.075783 method=GET path=/api/recordings/current
2026-04-14T16:32:45.814157324-04:00 INF http request duration=0.049922 method=GET path=/api/recordings/current
2026-04-14T16:32:46.01495383-04:00 INF http request duration=0.05783 method=GET path=/api/recordings/current
2026-04-14T16:32:46.021138483-04:00 INF pushed buffer into experimental shared bridge recorder buffer_count=140 duration=41.666666 event=capture.gst.shared.bridge_recorder.push pts=5791.666574
2026-04-14T16:32:46.215937927-04:00 INF http request duration=0.054188 method=GET path=/api/recordings/current
2026-04-14T16:32:46.416881877-04:00 INF http request duration=0.054129 method=GET path=/api/recordings/current
2026-04-14T16:32:46.437798501-04:00 INF pushed buffer into experimental shared bridge recorder buffer_count=150 duration=41.666666 event=capture.gst.shared.bridge_recorder.push pts=6208.333234
2026-04-14T16:32:46.505079375-04:00 INF recording session state updated active=true event=recording.session.state reason="max duration reached after 6s" session_id=browser-preview-stream-recording-matrix state=stopping
2026-04-14T16:32:46.521294183-04:00 INF detached shared raw consumer consumer_id=raw-type-display-display--0--2 event=capture.gst.shared.raw.detach raw_consumer_count=0 signature=type=display|display=:0|device=|window=|size=|cursor=true|mirror=false source_id=desktop-1
2026-04-14T16:32:46.521373607-04:00 INF stopping experimental shared bridge recorder buffer_count=151 event=capture.gst.shared.bridge_recorder.stop
2026-04-14T16:32:46.572846286-04:00 ERR preview finished with error error="shared video source pipeline error: Internal data stream error." event=preview.finish preview_id=preview-909758a3cc65 reason="shared video source pipeline error: Internal data stream error." source_id=desktop-1 state=failed
2026-04-14T16:32:46.58411049-04:00 WRN shared gstreamer video source terminated error="shared video source pipeline error: Internal data stream error." event=capture.gst.shared.fail_all signature=type=display|display=:0|device=|window=|size=|cursor=true|mirror=false source_id=desktop-1
2026-04-14T16:32:46.62115721-04:00 INF http request duration=0.118958 method=GET path=/api/recordings/current
2026-04-14T16:32:46.822988969-04:00 INF http request duration=0.091889 method=GET path=/api/recordings/current
2026-04-14T16:32:47.025587083-04:00 INF http request duration=0.09357 method=GET path=/api/recordings/current
2026-04-14T16:32:47.165583648-04:00 INF recording session state updated active=false event=recording.session.state reason="max duration reached after 6s" session_id=browser-preview-stream-recording-matrix state=finished
2026-04-14T16:32:47.165656621-04:00 INF recording session finished event=recording.session.finish finished_at=2026-04-14T16:32:47.165574886-04:00 reason="max duration reached after 6s" session_id=browser-preview-stream-recording-matrix started_at=2026-04-14T16:32:40.518007155-04:00 state=finished
2026-04-14T16:32:47.227278465-04:00 INF http request duration=0.142831 method=GET path=/api/recordings/current
2026-04-14T16:32:47.245582872-04:00 INF http request duration=6741.434789 method=GET path=/api/previews/preview-909758a3cc65/mjpeg
2026-04-14T16:32:49.506957246-04:00 INF http request duration=0.142919 method=GET path=/api/previews/preview-909758a3cc65/screenshot
2026-04-14T16:32:49.514709827-04:00 INF http request duration=0.136044 method=GET path=/api/previews
2026-04-14T16:32:49.633550704-04:00 INF disk telemetry loop exiting event=telemetry.disk.exit reason="context canceled"
2026-04-14T16:32:49.633573815-04:00 INF audio telemetry loop exiting event=telemetry.audio.exit reason="context canceled"
2026-04-14T16:32:49.633631872-04:00 INF telemetry manager run loop exited event=telemetry.run.exit reason="context canceled"
2026-04-14T16:32:49.633646788-04:00 INF telemetry manager exited event=runtime.telemetry.exit reason="context canceled"
2026-04-14T16:32:49.63357092-04:00 INF runtime shutdown triggered event=runtime.shutdown.begin reason="context canceled" shutdown_timeout=5000
2026-04-14T16:32:49.633662358-04:00 INF http server shutdown starting event=runtime.http.shutdown.begin reason="context canceled"
2026-04-14T16:32:49.633709196-04:00 INF http server exited cleanly addr=:7814 event=runtime.http.exit
2026-04-14T16:32:49.633727749-04:00 INF http server shutdown finished event=runtime.http.shutdown.done reason="context canceled"
2026-04-14T16:32:49.633733889-04:00 INF recording manager shutdown starting event=runtime.recordings.shutdown.begin
2026-04-14T16:32:49.633739828-04:00 INF recording manager shutdown starting active=false event=recording.shutdown.begin session_id=browser-preview-stream-recording-matrix state=finished
2026-04-14T16:32:49.633755307-04:00 INF recording manager shutdown finished event=recording.shutdown.done session_id=browser-preview-stream-recording-matrix
2026-04-14T16:32:49.633761328-04:00 INF recording manager shutdown finished event=runtime.recordings.shutdown.done
2026-04-14T16:32:49.633766811-04:00 INF preview manager shutdown starting event=runtime.previews.shutdown.begin
2026-04-14T16:32:49.633776167-04:00 INF preview manager shutdown starting event=preview.shutdown.begin preview_count=1
2026-04-14T16:32:49.633784713-04:00 INF preview manager requested preview cancellation event=preview.shutdown.cancel preview_id=preview-909758a3cc65 source_id=desktop-1
2026-04-14T16:32:49.633792214-04:00 INF preview shutdown wait completed event=preview.shutdown.wait.done preview_id=preview-909758a3cc65 remaining=0 source_id=desktop-1
2026-04-14T16:32:49.633799485-04:00 INF preview manager shutdown finished event=preview.shutdown.done preview_count=1
2026-04-14T16:32:49.633804919-04:00 INF preview manager shutdown finished event=runtime.previews.shutdown.done
2026-04-14T16:32:49.633809573-04:00 INF waiting for runtime participant to exit event=runtime.participant.wait.begin participant="http server goroutine"
2026-04-14T16:32:49.63381538-04:00 INF runtime participant exited event=runtime.participant.wait.done participant="http server goroutine"
2026-04-14T16:32:49.633821098-04:00 INF waiting for telemetry goroutine to exit event=runtime.telemetry.wait.begin
2026-04-14T16:32:49.633826225-04:00 INF waiting for runtime participant to exit event=runtime.participant.wait.begin participant="telemetry goroutine"
2026-04-14T16:32:49.633831969-04:00 INF runtime participant exited event=runtime.participant.wait.done participant="telemetry goroutine"
2026-04-14T16:32:49.6338382-04:00 INF telemetry goroutine exited event=runtime.telemetry.wait.done
2026-04-14T16:32:49.633843653-04:00 INF runtime shutdown component summary event=runtime.shutdown.components recording_active=false recording_session_id=browser-preview-stream-recording-matrix remaining_previews=1
2026-04-14T16:32:49.633854955-04:00 INF server runtime exited cleanly event=runtime.shutdown.summary
